[0.085s] Invoking command in '/Users/dgawade/ros_rviz/build/rviz_plugin_tutorial_msgs': CONDA_PROMPT_MODIFIER=(ros_env) SHLVL=2 _=/usr/bin/env /usr/local/bin/cmake --build /Users/dgawade/ros_rviz/build/rviz_plugin_tutorial_msgs -- -j4 -l4
[0.472s] [  3%] Built target rviz_plugin_tutorial_msgs__cpp
[0.512s] [ 12%] Built target rviz_plugin_tutorial_msgs__rosidl_generator_c
[0.555s] [ 12%] Built target ament_cmake_python_copy_rviz_plugin_tutorial_msgs
[0.773s] [ 22%] Built target rviz_plugin_tutorial_msgs__rosidl_typesupport_fastrtps_cpp
[0.777s] [ 32%] Built target rviz_plugin_tutorial_msgs__rosidl_typesupport_cpp
[0.780s] [ 41%] Built target rviz_plugin_tutorial_msgs__rosidl_typesupport_introspection_cpp
[0.788s] [ 51%] Built target rviz_plugin_tutorial_msgs__rosidl_typesupport_fastrtps_c
[0.949s] [ 61%] Built target rviz_plugin_tutorial_msgs__rosidl_typesupport_introspection_c
[1.008s] [ 70%] Built target rviz_plugin_tutorial_msgs__rosidl_typesupport_c
[1.156s] [ 70%] Built target rviz_plugin_tutorial_msgs
[1.316s] [ 74%] Built target rviz_plugin_tutorial_msgs__py
[1.496s] [ 80%] Built target rviz_plugin_tutorial_msgs__rosidl_generator_py
[1.564s] running egg_info
[1.603s] writing rviz_plugin_tutorial_msgs.egg-info/PKG-INFO
[1.605s] writing dependency_links to rviz_plugin_tutorial_msgs.egg-info/dependency_links.txt
[1.609s] writing top-level names to rviz_plugin_tutorial_msgs.egg-info/top_level.txt
[1.685s] [ 87%] Built target rviz_plugin_tutorial_msgs__rosidl_typesupport_fastrtps_c__pyext
[1.687s] [ 93%] Built target rviz_plugin_tutorial_msgs__rosidl_typesupport_introspection_c__pyext
[1.691s] [100%] Built target rviz_plugin_tutorial_msgs__rosidl_typesupport_c__pyext
[1.779s] reading manifest file 'rviz_plugin_tutorial_msgs.egg-info/SOURCES.txt'
[1.782s] writing manifest file 'rviz_plugin_tutorial_msgs.egg-info/SOURCES.txt'
[1.886s] [100%] Built target ament_cmake_python_build_rviz_plugin_tutorial_msgs_egg
[1.929s] Invoked command in '/Users/dgawade/ros_rviz/build/rviz_plugin_tutorial_msgs' returned '0': CONDA_PROMPT_MODIFIER=(ros_env) SHLVL=2 _=/usr/bin/env /usr/local/bin/cmake --build /Users/dgawade/ros_rviz/build/rviz_plugin_tutorial_msgs -- -j4 -l4
[3.000s] Invoking command in '/Users/dgawade/ros_rviz/build/rviz_plugin_tutorial_msgs': CONDA_PROMPT_MODIFIER=(ros_env) SHLVL=2 _=/usr/bin/env /usr/local/bin/cmake --install /Users/dgawade/ros_rviz/build/rviz_plugin_tutorial_msgs
[3.028s] -- Install configuration: ""
[3.029s] -- Up-to-date: /Users/dgawade/ros_rviz/install/rviz_plugin_tutorial_msgs/share/ament_index/resource_index/rosidl_interfaces/rviz_plugin_tutorial_msgs
[3.029s] -- Up-to-date: /Users/dgawade/ros_rviz/install/rviz_plugin_tutorial_msgs/include/rviz_plugin_tutorial_msgs/rviz_plugin_tutorial_msgs
[3.030s] -- Up-to-date: /Users/dgawade/ros_rviz/install/rviz_plugin_tutorial_msgs/include/rviz_plugin_tutorial_msgs/rviz_plugin_tutorial_msgs/msg
[3.030s] -- Up-to-date: /Users/dgawade/ros_rviz/install/rviz_plugin_tutorial_msgs/include/rviz_plugin_tutorial_msgs/rviz_plugin_tutorial_msgs/msg/rosidl_generator_c__visibility_control.h
[3.030s] -- Up-to-date: /Users/dgawade/ros_rviz/install/rviz_plugin_tutorial_msgs/include/rviz_plugin_tutorial_msgs/rviz_plugin_tutorial_msgs/msg/detail
[3.030s] -- Up-to-date: /Users/dgawade/ros_rviz/install/rviz_plugin_tutorial_msgs/include/rviz_plugin_tutorial_msgs/rviz_plugin_tutorial_msgs/msg/detail/point2_d__functions.h
[3.031s] -- Up-to-date: /Users/dgawade/ros_rviz/install/rviz_plugin_tutorial_msgs/include/rviz_plugin_tutorial_msgs/rviz_plugin_tutorial_msgs/msg/detail/point2_d__type_support.h
[3.031s] -- Up-to-date: /Users/dgawade/ros_rviz/install/rviz_plugin_tutorial_msgs/include/rviz_plugin_tutorial_msgs/rviz_plugin_tutorial_msgs/msg/detail/point2_d__functions.c
[3.031s] -- Up-to-date: /Users/dgawade/ros_rviz/install/rviz_plugin_tutorial_msgs/include/rviz_plugin_tutorial_msgs/rviz_plugin_tutorial_msgs/msg/detail/point2_d__struct.h
[3.031s] -- Up-to-date: /Users/dgawade/ros_rviz/install/rviz_plugin_tutorial_msgs/include/rviz_plugin_tutorial_msgs/rviz_plugin_tutorial_msgs/msg/point2_d.h
[3.031s] -- Up-to-date: /Users/dgawade/ros_rviz/install/rviz_plugin_tutorial_msgs/lib/librviz_plugin_tutorial_msgs__rosidl_generator_c.dylib
[3.031s] -- Up-to-date: /Users/dgawade/ros_rviz/install/rviz_plugin_tutorial_msgs/include/rviz_plugin_tutorial_msgs/rviz_plugin_tutorial_msgs
[3.032s] -- Up-to-date: /Users/dgawade/ros_rviz/install/rviz_plugin_tutorial_msgs/include/rviz_plugin_tutorial_msgs/rviz_plugin_tutorial_msgs/msg
[3.032s] -- Up-to-date: /Users/dgawade/ros_rviz/install/rviz_plugin_tutorial_msgs/include/rviz_plugin_tutorial_msgs/rviz_plugin_tutorial_msgs/msg/detail
[3.033s] -- Up-to-date: /Users/dgawade/ros_rviz/install/rviz_plugin_tutorial_msgs/include/rviz_plugin_tutorial_msgs/rviz_plugin_tutorial_msgs/msg/detail/point2_d__rosidl_typesupport_fastrtps_c.h
[3.033s] -- Up-to-date: /Users/dgawade/ros_rviz/install/rviz_plugin_tutorial_msgs/include/rviz_plugin_tutorial_msgs/rviz_plugin_tutorial_msgs/msg/rosidl_typesupport_fastrtps_c__visibility_control.h
[3.033s] -- Installing: /Users/dgawade/ros_rviz/install/rviz_plugin_tutorial_msgs/lib/librviz_plugin_tutorial_msgs__rosidl_typesupport_fastrtps_c.dylib
[3.061s] -- Up-to-date: /Users/dgawade/ros_rviz/install/rviz_plugin_tutorial_msgs/include/rviz_plugin_tutorial_msgs/rviz_plugin_tutorial_msgs
[3.061s] -- Up-to-date: /Users/dgawade/ros_rviz/install/rviz_plugin_tutorial_msgs/include/rviz_plugin_tutorial_msgs/rviz_plugin_tutorial_msgs/msg
[3.062s] -- Up-to-date: /Users/dgawade/ros_rviz/install/rviz_plugin_tutorial_msgs/include/rviz_plugin_tutorial_msgs/rviz_plugin_tutorial_msgs/msg/detail
[3.062s] -- Up-to-date: /Users/dgawade/ros_rviz/install/rviz_plugin_tutorial_msgs/include/rviz_plugin_tutorial_msgs/rviz_plugin_tutorial_msgs/msg/detail/point2_d__rosidl_typesupport_introspection_c.h
[3.062s] -- Up-to-date: /Users/dgawade/ros_rviz/install/rviz_plugin_tutorial_msgs/include/rviz_plugin_tutorial_msgs/rviz_plugin_tutorial_msgs/msg/detail/point2_d__type_support.c
[3.062s] -- Up-to-date: /Users/dgawade/ros_rviz/install/rviz_plugin_tutorial_msgs/include/rviz_plugin_tutorial_msgs/rviz_plugin_tutorial_msgs/msg/rosidl_typesupport_introspection_c__visibility_control.h
[3.062s] -- Installing: /Users/dgawade/ros_rviz/install/rviz_plugin_tutorial_msgs/lib/librviz_plugin_tutorial_msgs__rosidl_typesupport_introspection_c.dylib
[3.082s] -- Installing: /Users/dgawade/ros_rviz/install/rviz_plugin_tutorial_msgs/lib/librviz_plugin_tutorial_msgs__rosidl_typesupport_c.dylib
[3.102s] -- Up-to-date: /Users/dgawade/ros_rviz/install/rviz_plugin_tutorial_msgs/include/rviz_plugin_tutorial_msgs/rviz_plugin_tutorial_msgs
[3.102s] -- Up-to-date: /Users/dgawade/ros_rviz/install/rviz_plugin_tutorial_msgs/include/rviz_plugin_tutorial_msgs/rviz_plugin_tutorial_msgs/msg
[3.103s] -- Up-to-date: /Users/dgawade/ros_rviz/install/rviz_plugin_tutorial_msgs/include/rviz_plugin_tutorial_msgs/rviz_plugin_tutorial_msgs/msg/detail
[3.103s] -- Up-to-date: /Users/dgawade/ros_rviz/install/rviz_plugin_tutorial_msgs/include/rviz_plugin_tutorial_msgs/rviz_plugin_tutorial_msgs/msg/detail/point2_d__traits.hpp
[3.103s] -- Up-to-date: /Users/dgawade/ros_rviz/install/rviz_plugin_tutorial_msgs/include/rviz_plugin_tutorial_msgs/rviz_plugin_tutorial_msgs/msg/detail/point2_d__type_support.hpp
[3.104s] -- Up-to-date: /Users/dgawade/ros_rviz/install/rviz_plugin_tutorial_msgs/include/rviz_plugin_tutorial_msgs/rviz_plugin_tutorial_msgs/msg/detail/point2_d__struct.hpp
[3.104s] -- Up-to-date: /Users/dgawade/ros_rviz/install/rviz_plugin_tutorial_msgs/include/rviz_plugin_tutorial_msgs/rviz_plugin_tutorial_msgs/msg/detail/point2_d__builder.hpp
[3.104s] -- Up-to-date: /Users/dgawade/ros_rviz/install/rviz_plugin_tutorial_msgs/include/rviz_plugin_tutorial_msgs/rviz_plugin_tutorial_msgs/msg/rosidl_generator_cpp__visibility_control.hpp
[3.105s] -- Up-to-date: /Users/dgawade/ros_rviz/install/rviz_plugin_tutorial_msgs/include/rviz_plugin_tutorial_msgs/rviz_plugin_tutorial_msgs/msg/point2_d.hpp
[3.105s] -- Up-to-date: /Users/dgawade/ros_rviz/install/rviz_plugin_tutorial_msgs/include/rviz_plugin_tutorial_msgs/rviz_plugin_tutorial_msgs
[3.105s] -- Up-to-date: /Users/dgawade/ros_rviz/install/rviz_plugin_tutorial_msgs/include/rviz_plugin_tutorial_msgs/rviz_plugin_tutorial_msgs/msg
[3.106s] -- Up-to-date: /Users/dgawade/ros_rviz/install/rviz_plugin_tutorial_msgs/include/rviz_plugin_tutorial_msgs/rviz_plugin_tutorial_msgs/msg/rosidl_typesupport_fastrtps_cpp__visibility_control.h
[3.106s] -- Up-to-date: /Users/dgawade/ros_rviz/install/rviz_plugin_tutorial_msgs/include/rviz_plugin_tutorial_msgs/rviz_plugin_tutorial_msgs/msg/detail
[3.106s] -- Up-to-date: /Users/dgawade/ros_rviz/install/rviz_plugin_tutorial_msgs/include/rviz_plugin_tutorial_msgs/rviz_plugin_tutorial_msgs/msg/detail/point2_d__rosidl_typesupport_fastrtps_cpp.hpp
[3.106s] -- Up-to-date: /Users/dgawade/ros_rviz/install/rviz_plugin_tutorial_msgs/include/rviz_plugin_tutorial_msgs/rviz_plugin_tutorial_msgs/msg/detail/dds_fastrtps
[3.107s] -- Up-to-date: /Users/dgawade/ros_rviz/install/rviz_plugin_tutorial_msgs/lib/librviz_plugin_tutorial_msgs__rosidl_typesupport_fastrtps_cpp.dylib
[3.107s] -- Up-to-date: /Users/dgawade/ros_rviz/install/rviz_plugin_tutorial_msgs/include/rviz_plugin_tutorial_msgs/rviz_plugin_tutorial_msgs
[3.107s] -- Up-to-date: /Users/dgawade/ros_rviz/install/rviz_plugin_tutorial_msgs/include/rviz_plugin_tutorial_msgs/rviz_plugin_tutorial_msgs/msg
[3.107s] -- Up-to-date: /Users/dgawade/ros_rviz/install/rviz_plugin_tutorial_msgs/include/rviz_plugin_tutorial_msgs/rviz_plugin_tutorial_msgs/msg/detail
[3.107s] -- Up-to-date: /Users/dgawade/ros_rviz/install/rviz_plugin_tutorial_msgs/include/rviz_plugin_tutorial_msgs/rviz_plugin_tutorial_msgs/msg/detail/point2_d__type_support.cpp
[3.107s] -- Up-to-date: /Users/dgawade/ros_rviz/install/rviz_plugin_tutorial_msgs/include/rviz_plugin_tutorial_msgs/rviz_plugin_tutorial_msgs/msg/detail/point2_d__rosidl_typesupport_introspection_cpp.hpp
[3.108s] -- Up-to-date: /Users/dgawade/ros_rviz/install/rviz_plugin_tutorial_msgs/lib/librviz_plugin_tutorial_msgs__rosidl_typesupport_introspection_cpp.dylib
[3.108s] -- Up-to-date: /Users/dgawade/ros_rviz/install/rviz_plugin_tutorial_msgs/lib/librviz_plugin_tutorial_msgs__rosidl_typesupport_cpp.dylib
[3.108s] -- Up-to-date: /Users/dgawade/ros_rviz/install/rviz_plugin_tutorial_msgs/share/rviz_plugin_tutorial_msgs/environment/pythonpath.sh
[3.108s] -- Up-to-date: /Users/dgawade/ros_rviz/install/rviz_plugin_tutorial_msgs/share/rviz_plugin_tutorial_msgs/environment/pythonpath.dsv
[3.108s] -- Up-to-date: /Users/dgawade/ros_rviz/install/rviz_plugin_tutorial_msgs/lib/python3.11/site-packages/rviz_plugin_tutorial_msgs-0.0.0-py3.11.egg-info
[3.108s] -- Installing: /Users/dgawade/ros_rviz/install/rviz_plugin_tutorial_msgs/lib/python3.11/site-packages/rviz_plugin_tutorial_msgs-0.0.0-py3.11.egg-info/PKG-INFO
[3.109s] -- Installing: /Users/dgawade/ros_rviz/install/rviz_plugin_tutorial_msgs/lib/python3.11/site-packages/rviz_plugin_tutorial_msgs-0.0.0-py3.11.egg-info/SOURCES.txt
[3.110s] -- Installing: /Users/dgawade/ros_rviz/install/rviz_plugin_tutorial_msgs/lib/python3.11/site-packages/rviz_plugin_tutorial_msgs-0.0.0-py3.11.egg-info/top_level.txt
[3.111s] -- Installing: /Users/dgawade/ros_rviz/install/rviz_plugin_tutorial_msgs/lib/python3.11/site-packages/rviz_plugin_tutorial_msgs-0.0.0-py3.11.egg-info/dependency_links.txt
[3.113s] -- Up-to-date: /Users/dgawade/ros_rviz/install/rviz_plugin_tutorial_msgs/lib/python3.11/site-packages/rviz_plugin_tutorial_msgs
[3.113s] -- Installing: /Users/dgawade/ros_rviz/install/rviz_plugin_tutorial_msgs/lib/python3.11/site-packages/rviz_plugin_tutorial_msgs/rviz_plugin_tutorial_msgs_s__rosidl_typesupport_introspection_c.cpython-311-darwin.so
[3.115s] -- Up-to-date: /Users/dgawade/ros_rviz/install/rviz_plugin_tutorial_msgs/lib/python3.11/site-packages/rviz_plugin_tutorial_msgs/_rviz_plugin_tutorial_msgs_s.ep.rosidl_typesupport_c.c
[3.116s] -- Up-to-date: /Users/dgawade/ros_rviz/install/rviz_plugin_tutorial_msgs/lib/python3.11/site-packages/rviz_plugin_tutorial_msgs/librviz_plugin_tutorial_msgs__rosidl_generator_py.dylib
[3.116s] -- Up-to-date: /Users/dgawade/ros_rviz/install/rviz_plugin_tutorial_msgs/lib/python3.11/site-packages/rviz_plugin_tutorial_msgs/msg
[3.116s] -- Up-to-date: /Users/dgawade/ros_rviz/install/rviz_plugin_tutorial_msgs/lib/python3.11/site-packages/rviz_plugin_tutorial_msgs/msg/__init__.py
[3.116s] -- Up-to-date: /Users/dgawade/ros_rviz/install/rviz_plugin_tutorial_msgs/lib/python3.11/site-packages/rviz_plugin_tutorial_msgs/msg/_point2_d_s.c
[3.116s] -- Up-to-date: /Users/dgawade/ros_rviz/install/rviz_plugin_tutorial_msgs/lib/python3.11/site-packages/rviz_plugin_tutorial_msgs/msg/_point2_d.py
[3.116s] -- Installing: /Users/dgawade/ros_rviz/install/rviz_plugin_tutorial_msgs/lib/python3.11/site-packages/rviz_plugin_tutorial_msgs/rviz_plugin_tutorial_msgs_s__rosidl_typesupport_fastrtps_c.cpython-311-darwin.so
[3.118s] -- Up-to-date: /Users/dgawade/ros_rviz/install/rviz_plugin_tutorial_msgs/lib/python3.11/site-packages/rviz_plugin_tutorial_msgs/__init__.py
[3.118s] -- Up-to-date: /Users/dgawade/ros_rviz/install/rviz_plugin_tutorial_msgs/lib/python3.11/site-packages/rviz_plugin_tutorial_msgs/_rviz_plugin_tutorial_msgs_s.ep.rosidl_typesupport_fastrtps_c.c
[3.118s] -- Installing: /Users/dgawade/ros_rviz/install/rviz_plugin_tutorial_msgs/lib/python3.11/site-packages/rviz_plugin_tutorial_msgs/rviz_plugin_tutorial_msgs_s__rosidl_typesupport_c.cpython-311-darwin.so
[3.120s] -- Up-to-date: /Users/dgawade/ros_rviz/install/rviz_plugin_tutorial_msgs/lib/python3.11/site-packages/rviz_plugin_tutorial_msgs/_rviz_plugin_tutorial_msgs_s.ep.rosidl_typesupport_introspection_c.c
[3.210s] Listing 'lib/python3.11/site-packages/rviz_plugin_tutorial_msgs'...
[3.211s] Can't list 'lib/python3.11/site-packages/rviz_plugin_tutorial_msgs'
[3.217s] -- Up-to-date: /Users/dgawade/ros_rviz/install/rviz_plugin_tutorial_msgs/lib/python3.11/site-packages/rviz_plugin_tutorial_msgs/rviz_plugin_tutorial_msgs_s__rosidl_typesupport_fastrtps_c.cpython-311-darwin.so
[3.228s] -- Up-to-date: /Users/dgawade/ros_rviz/install/rviz_plugin_tutorial_msgs/lib/python3.11/site-packages/rviz_plugin_tutorial_msgs/rviz_plugin_tutorial_msgs_s__rosidl_typesupport_introspection_c.cpython-311-darwin.so
[3.240s] -- Up-to-date: /Users/dgawade/ros_rviz/install/rviz_plugin_tutorial_msgs/lib/python3.11/site-packages/rviz_plugin_tutorial_msgs/rviz_plugin_tutorial_msgs_s__rosidl_typesupport_c.cpython-311-darwin.so
[3.253s] -- Installing: /Users/dgawade/ros_rviz/install/rviz_plugin_tutorial_msgs/lib/librviz_plugin_tutorial_msgs__rosidl_generator_py.dylib
[3.271s] -- Up-to-date: /Users/dgawade/ros_rviz/install/rviz_plugin_tutorial_msgs/share/rviz_plugin_tutorial_msgs/msg/Point2D.idl
[3.272s] -- Up-to-date: /Users/dgawade/ros_rviz/install/rviz_plugin_tutorial_msgs/share/rviz_plugin_tutorial_msgs/msg/Point2D.msg
[3.272s] -- Up-to-date: /Users/dgawade/ros_rviz/install/rviz_plugin_tutorial_msgs/share/ament_index/resource_index/package_run_dependencies/rviz_plugin_tutorial_msgs
[3.272s] -- Up-to-date: /Users/dgawade/ros_rviz/install/rviz_plugin_tutorial_msgs/share/ament_index/resource_index/parent_prefix_path/rviz_plugin_tutorial_msgs
[3.273s] -- Up-to-date: /Users/dgawade/ros_rviz/install/rviz_plugin_tutorial_msgs/share/rviz_plugin_tutorial_msgs/environment/ament_prefix_path.sh
[3.273s] -- Up-to-date: /Users/dgawade/ros_rviz/install/rviz_plugin_tutorial_msgs/share/rviz_plugin_tutorial_msgs/environment/ament_prefix_path.dsv
[3.274s] -- Up-to-date: /Users/dgawade/ros_rviz/install/rviz_plugin_tutorial_msgs/share/rviz_plugin_tutorial_msgs/environment/path.sh
[3.274s] -- Up-to-date: /Users/dgawade/ros_rviz/install/rviz_plugin_tutorial_msgs/share/rviz_plugin_tutorial_msgs/environment/path.dsv
[3.274s] -- Up-to-date: /Users/dgawade/ros_rviz/install/rviz_plugin_tutorial_msgs/share/rviz_plugin_tutorial_msgs/local_setup.bash
[3.275s] -- Up-to-date: /Users/dgawade/ros_rviz/install/rviz_plugin_tutorial_msgs/share/rviz_plugin_tutorial_msgs/local_setup.sh
[3.275s] -- Up-to-date: /Users/dgawade/ros_rviz/install/rviz_plugin_tutorial_msgs/share/rviz_plugin_tutorial_msgs/local_setup.zsh
[3.275s] -- Up-to-date: /Users/dgawade/ros_rviz/install/rviz_plugin_tutorial_msgs/share/rviz_plugin_tutorial_msgs/local_setup.dsv
[3.275s] -- Installing: /Users/dgawade/ros_rviz/install/rviz_plugin_tutorial_msgs/share/rviz_plugin_tutorial_msgs/package.dsv
[3.277s] -- Up-to-date: /Users/dgawade/ros_rviz/install/rviz_plugin_tutorial_msgs/share/ament_index/resource_index/packages/rviz_plugin_tutorial_msgs
[3.279s] -- Up-to-date: /Users/dgawade/ros_rviz/install/rviz_plugin_tutorial_msgs/share/rviz_plugin_tutorial_msgs/cmake/export_rviz_plugin_tutorial_msgs__rosidl_generator_cExport.cmake
[3.280s] -- Up-to-date: /Users/dgawade/ros_rviz/install/rviz_plugin_tutorial_msgs/share/rviz_plugin_tutorial_msgs/cmake/export_rviz_plugin_tutorial_msgs__rosidl_generator_cExport-noconfig.cmake
[3.282s] -- Up-to-date: /Users/dgawade/ros_rviz/install/rviz_plugin_tutorial_msgs/share/rviz_plugin_tutorial_msgs/cmake/export_rviz_plugin_tutorial_msgs__rosidl_typesupport_fastrtps_cExport.cmake
[3.282s] -- Up-to-date: /Users/dgawade/ros_rviz/install/rviz_plugin_tutorial_msgs/share/rviz_plugin_tutorial_msgs/cmake/export_rviz_plugin_tutorial_msgs__rosidl_typesupport_fastrtps_cExport-noconfig.cmake
[3.285s] -- Up-to-date: /Users/dgawade/ros_rviz/install/rviz_plugin_tutorial_msgs/share/rviz_plugin_tutorial_msgs/cmake/rviz_plugin_tutorial_msgs__rosidl_typesupport_introspection_cExport.cmake
[3.285s] -- Up-to-date: /Users/dgawade/ros_rviz/install/rviz_plugin_tutorial_msgs/share/rviz_plugin_tutorial_msgs/cmake/rviz_plugin_tutorial_msgs__rosidl_typesupport_introspection_cExport-noconfig.cmake
[3.287s] -- Up-to-date: /Users/dgawade/ros_rviz/install/rviz_plugin_tutorial_msgs/share/rviz_plugin_tutorial_msgs/cmake/rviz_plugin_tutorial_msgs__rosidl_typesupport_cExport.cmake
[3.287s] -- Up-to-date: /Users/dgawade/ros_rviz/install/rviz_plugin_tutorial_msgs/share/rviz_plugin_tutorial_msgs/cmake/rviz_plugin_tutorial_msgs__rosidl_typesupport_cExport-noconfig.cmake
[3.289s] -- Up-to-date: /Users/dgawade/ros_rviz/install/rviz_plugin_tutorial_msgs/share/rviz_plugin_tutorial_msgs/cmake/export_rviz_plugin_tutorial_msgs__rosidl_generator_cppExport.cmake
[3.292s] -- Up-to-date: /Users/dgawade/ros_rviz/install/rviz_plugin_tutorial_msgs/share/rviz_plugin_tutorial_msgs/cmake/export_rviz_plugin_tutorial_msgs__rosidl_typesupport_fastrtps_cppExport.cmake
[3.292s] -- Up-to-date: /Users/dgawade/ros_rviz/install/rviz_plugin_tutorial_msgs/share/rviz_plugin_tutorial_msgs/cmake/export_rviz_plugin_tutorial_msgs__rosidl_typesupport_fastrtps_cppExport-noconfig.cmake
[3.294s] -- Up-to-date: /Users/dgawade/ros_rviz/install/rviz_plugin_tutorial_msgs/share/rviz_plugin_tutorial_msgs/cmake/rviz_plugin_tutorial_msgs__rosidl_typesupport_introspection_cppExport.cmake
[3.295s] -- Up-to-date: /Users/dgawade/ros_rviz/install/rviz_plugin_tutorial_msgs/share/rviz_plugin_tutorial_msgs/cmake/rviz_plugin_tutorial_msgs__rosidl_typesupport_introspection_cppExport-noconfig.cmake
[3.297s] -- Up-to-date: /Users/dgawade/ros_rviz/install/rviz_plugin_tutorial_msgs/share/rviz_plugin_tutorial_msgs/cmake/rviz_plugin_tutorial_msgs__rosidl_typesupport_cppExport.cmake
[3.298s] -- Up-to-date: /Users/dgawade/ros_rviz/install/rviz_plugin_tutorial_msgs/share/rviz_plugin_tutorial_msgs/cmake/rviz_plugin_tutorial_msgs__rosidl_typesupport_cppExport-noconfig.cmake
[3.299s] -- Up-to-date: /Users/dgawade/ros_rviz/install/rviz_plugin_tutorial_msgs/share/rviz_plugin_tutorial_msgs/cmake/export_rviz_plugin_tutorial_msgs__rosidl_generator_pyExport.cmake
[3.300s] -- Up-to-date: /Users/dgawade/ros_rviz/install/rviz_plugin_tutorial_msgs/share/rviz_plugin_tutorial_msgs/cmake/export_rviz_plugin_tutorial_msgs__rosidl_generator_pyExport-noconfig.cmake
[3.300s] -- Up-to-date: /Users/dgawade/ros_rviz/install/rviz_plugin_tutorial_msgs/share/rviz_plugin_tutorial_msgs/cmake/rosidl_cmake-extras.cmake
[3.300s] -- Up-to-date: /Users/dgawade/ros_rviz/install/rviz_plugin_tutorial_msgs/share/rviz_plugin_tutorial_msgs/cmake/ament_cmake_export_dependencies-extras.cmake
[3.301s] -- Up-to-date: /Users/dgawade/ros_rviz/install/rviz_plugin_tutorial_msgs/share/rviz_plugin_tutorial_msgs/cmake/ament_cmake_export_include_directories-extras.cmake
[3.302s] -- Up-to-date: /Users/dgawade/ros_rviz/install/rviz_plugin_tutorial_msgs/share/rviz_plugin_tutorial_msgs/cmake/ament_cmake_export_libraries-extras.cmake
[3.302s] -- Up-to-date: /Users/dgawade/ros_rviz/install/rviz_plugin_tutorial_msgs/share/rviz_plugin_tutorial_msgs/cmake/ament_cmake_export_targets-extras.cmake
[3.302s] -- Up-to-date: /Users/dgawade/ros_rviz/install/rviz_plugin_tutorial_msgs/share/rviz_plugin_tutorial_msgs/cmake/rosidl_cmake_export_typesupport_targets-extras.cmake
[3.303s] -- Up-to-date: /Users/dgawade/ros_rviz/install/rviz_plugin_tutorial_msgs/share/rviz_plugin_tutorial_msgs/cmake/rosidl_cmake_export_typesupport_libraries-extras.cmake
[3.303s] -- Up-to-date: /Users/dgawade/ros_rviz/install/rviz_plugin_tutorial_msgs/share/rviz_plugin_tutorial_msgs/cmake/rviz_plugin_tutorial_msgsConfig.cmake
[3.303s] -- Up-to-date: /Users/dgawade/ros_rviz/install/rviz_plugin_tutorial_msgs/share/rviz_plugin_tutorial_msgs/cmake/rviz_plugin_tutorial_msgsConfig-version.cmake
[3.304s] -- Up-to-date: /Users/dgawade/ros_rviz/install/rviz_plugin_tutorial_msgs/share/rviz_plugin_tutorial_msgs/package.xml
[3.307s] Invoked command in '/Users/dgawade/ros_rviz/build/rviz_plugin_tutorial_msgs' returned '0': CONDA_PROMPT_MODIFIER=(ros_env) SHLVL=2 _=/usr/bin/env /usr/local/bin/cmake --install /Users/dgawade/ros_rviz/build/rviz_plugin_tutorial_msgs
