[0.509s] Invoking command in '/home/aashvi/service_ws/src/py_srvcli': PYTHONPATH=/home/aashvi/service_ws/build/py_srvcli/prefix_override:/usr/lib/python3/dist-packages/colcon_core/task/python/colcon_distutils_commands:/home/aashvi/service_ws/install/py_srvcli/lib/python3.10/site-packages:${PYTHONPATH} /usr/bin/python3 -W ignore:setup.py install is deprecated -W ignore:easy_install command is deprecated setup.py egg_info --egg-base ../../build/py_srvcli build --build-base /home/aashvi/service_ws/build/py_srvcli/build install --record /home/aashvi/service_ws/build/py_srvcli/install.log --single-version-externally-managed install_data
[0.662s] running egg_info
[0.662s] creating ../../build/py_srvcli/py_srvcli.egg-info
[0.662s] writing ../../build/py_srvcli/py_srvcli.egg-info/PKG-INFO
[0.662s] writing dependency_links to ../../build/py_srvcli/py_srvcli.egg-info/dependency_links.txt
[0.662s] writing entry points to ../../build/py_srvcli/py_srvcli.egg-info/entry_points.txt
[0.663s] writing requirements to ../../build/py_srvcli/py_srvcli.egg-info/requires.txt
[0.663s] writing top-level names to ../../build/py_srvcli/py_srvcli.egg-info/top_level.txt
[0.663s] writing manifest file '../../build/py_srvcli/py_srvcli.egg-info/SOURCES.txt'
[0.663s] reading manifest file '../../build/py_srvcli/py_srvcli.egg-info/SOURCES.txt'
[0.663s] adding license file 'LICENSE'
[0.664s] writing manifest file '../../build/py_srvcli/py_srvcli.egg-info/SOURCES.txt'
[0.664s] running build
[0.664s] running build_py
[0.664s] creating /home/aashvi/service_ws/build/py_srvcli/build
[0.664s] creating /home/aashvi/service_ws/build/py_srvcli/build/lib
[0.664s] creating /home/aashvi/service_ws/build/py_srvcli/build/lib/py_srvcli
[0.664s] copying py_srvcli/client_member_function.py -> /home/aashvi/service_ws/build/py_srvcli/build/lib/py_srvcli
[0.664s] copying py_srvcli/__init__.py -> /home/aashvi/service_ws/build/py_srvcli/build/lib/py_srvcli
[0.664s] copying py_srvcli/service_member_function.py -> /home/aashvi/service_ws/build/py_srvcli/build/lib/py_srvcli
[0.664s] running install
[0.665s] running install_lib
[0.666s] creating /home/aashvi/service_ws/install/py_srvcli/lib/python3.10/site-packages/py_srvcli
[0.666s] copying /home/aashvi/service_ws/build/py_srvcli/build/lib/py_srvcli/client_member_function.py -> /home/aashvi/service_ws/install/py_srvcli/lib/python3.10/site-packages/py_srvcli
[0.666s] copying /home/aashvi/service_ws/build/py_srvcli/build/lib/py_srvcli/__init__.py -> /home/aashvi/service_ws/install/py_srvcli/lib/python3.10/site-packages/py_srvcli
[0.666s] copying /home/aashvi/service_ws/build/py_srvcli/build/lib/py_srvcli/service_member_function.py -> /home/aashvi/service_ws/install/py_srvcli/lib/python3.10/site-packages/py_srvcli
[0.666s] byte-compiling /home/aashvi/service_ws/install/py_srvcli/lib/python3.10/site-packages/py_srvcli/client_member_function.py to client_member_function.cpython-310.pyc
[0.667s] byte-compiling /home/aashvi/service_ws/install/py_srvcli/lib/python3.10/site-packages/py_srvcli/__init__.py to __init__.cpython-310.pyc
[0.682s] byte-compiling /home/aashvi/service_ws/install/py_srvcli/lib/python3.10/site-packages/py_srvcli/service_member_function.py to service_member_function.cpython-310.pyc
[0.682s] running install_data
[0.682s] creating /home/aashvi/service_ws/install/py_srvcli/share/ament_index
[0.682s] creating /home/aashvi/service_ws/install/py_srvcli/share/ament_index/resource_index
[0.682s] creating /home/aashvi/service_ws/install/py_srvcli/share/ament_index/resource_index/packages
[0.682s] copying resource/py_srvcli -> /home/aashvi/service_ws/install/py_srvcli/share/ament_index/resource_index/packages
[0.682s] copying package.xml -> /home/aashvi/service_ws/install/py_srvcli/share/py_srvcli
[0.682s] running install_egg_info
[0.682s] Copying ../../build/py_srvcli/py_srvcli.egg-info to /home/aashvi/service_ws/install/py_srvcli/lib/python3.10/site-packages/py_srvcli-0.0.0-py3.10.egg-info
[0.682s] running install_scripts
[0.694s] Installing client script to /home/aashvi/service_ws/install/py_srvcli/lib/py_srvcli
[0.694s] Installing service script to /home/aashvi/service_ws/install/py_srvcli/lib/py_srvcli
[0.694s] writing list of installed files to '/home/aashvi/service_ws/build/py_srvcli/install.log'
[0.708s] Invoked command in '/home/aashvi/service_ws/src/py_srvcli' returned '0': PYTHONPATH=/home/aashvi/service_ws/build/py_srvcli/prefix_override:/usr/lib/python3/dist-packages/colcon_core/task/python/colcon_distutils_commands:/home/aashvi/service_ws/install/py_srvcli/lib/python3.10/site-packages:${PYTHONPATH} /usr/bin/python3 -W ignore:setup.py install is deprecated -W ignore:easy_install command is deprecated setup.py egg_info --egg-base ../../build/py_srvcli build --build-base /home/aashvi/service_ws/build/py_srvcli/build install --record /home/aashvi/service_ws/build/py_srvcli/install.log --single-version-externally-managed install_data
