[  0%] Built target demo_panel_autogen_timestamp_deps
[ 14%] Built target demo_panel_autogen
[100%] Built target demo_panel
-- Install configuration: ""
-- Up-to-date: /Users/dgawade/ros_rviz/install/rviz_panel_tutorial/lib/libdemo_panel.dylib
-- Up-to-date: /Users/dgawade/ros_rviz/install/rviz_panel_tutorial/include
-- Up-to-date: /Users/dgawade/ros_rviz/install/rviz_panel_tutorial/include/rviz_panel_tutorial
-- Up-to-date: /Users/dgawade/ros_rviz/install/rviz_panel_tutorial/include/rviz_panel_tutorial/demo_panel.hpp
-- Up-to-date: /Users/dgawade/ros_rviz/install/rviz_panel_tutorial/share/rviz_panel_tutorial/rviz_common_plugins.xml
-- Up-to-date: /Users/dgawade/ros_rviz/install/rviz_panel_tutorial/share/rviz_panel_tutorial/icons/classes/DemoPanel.png
-- Up-to-date: /Users/dgawade/ros_rviz/install/rviz_panel_tutorial/share/rviz_panel_tutorial/rviz_common_plugins.xml
-- Up-to-date: /Users/dgawade/ros_rviz/install/rviz_panel_tutorial/share/ament_index/resource_index/package_run_dependencies/rviz_panel_tutorial
-- Up-to-date: /Users/dgawade/ros_rviz/install/rviz_panel_tutorial/share/ament_index/resource_index/parent_prefix_path/rviz_panel_tutorial
-- Up-to-date: /Users/dgawade/ros_rviz/install/rviz_panel_tutorial/share/rviz_panel_tutorial/environment/ament_prefix_path.sh
-- Up-to-date: /Users/dgawade/ros_rviz/install/rviz_panel_tutorial/share/rviz_panel_tutorial/environment/ament_prefix_path.dsv
-- Up-to-date: /Users/dgawade/ros_rviz/install/rviz_panel_tutorial/share/rviz_panel_tutorial/environment/path.sh
-- Up-to-date: /Users/dgawade/ros_rviz/install/rviz_panel_tutorial/share/rviz_panel_tutorial/environment/path.dsv
-- Up-to-date: /Users/dgawade/ros_rviz/install/rviz_panel_tutorial/share/rviz_panel_tutorial/local_setup.bash
-- Up-to-date: /Users/dgawade/ros_rviz/install/rviz_panel_tutorial/share/rviz_panel_tutorial/local_setup.sh
-- Up-to-date: /Users/dgawade/ros_rviz/install/rviz_panel_tutorial/share/rviz_panel_tutorial/local_setup.zsh
-- Up-to-date: /Users/dgawade/ros_rviz/install/rviz_panel_tutorial/share/rviz_panel_tutorial/local_setup.dsv
-- Installing: /Users/dgawade/ros_rviz/install/rviz_panel_tutorial/share/rviz_panel_tutorial/package.dsv
-- Up-to-date: /Users/dgawade/ros_rviz/install/rviz_panel_tutorial/share/ament_index/resource_index/packages/rviz_panel_tutorial
-- Up-to-date: /Users/dgawade/ros_rviz/install/rviz_panel_tutorial/share/ament_index/resource_index/rviz_common__pluginlib__plugin/rviz_panel_tutorial
-- Up-to-date: /Users/dgawade/ros_rviz/install/rviz_panel_tutorial/share/rviz_panel_tutorial/cmake/export_rviz_panel_tutorialExport.cmake
-- Up-to-date: /Users/dgawade/ros_rviz/install/rviz_panel_tutorial/share/rviz_panel_tutorial/cmake/export_rviz_panel_tutorialExport-noconfig.cmake
-- Up-to-date: /Users/dgawade/ros_rviz/install/rviz_panel_tutorial/share/rviz_panel_tutorial/cmake/ament_cmake_export_include_directories-extras.cmake
-- Up-to-date: /Users/dgawade/ros_rviz/install/rviz_panel_tutorial/share/rviz_panel_tutorial/cmake/ament_cmake_export_targets-extras.cmake
-- Up-to-date: /Users/dgawade/ros_rviz/install/rviz_panel_tutorial/share/rviz_panel_tutorial/cmake/rviz_panel_tutorialConfig.cmake
-- Up-to-date: /Users/dgawade/ros_rviz/install/rviz_panel_tutorial/share/rviz_panel_tutorial/cmake/rviz_panel_tutorialConfig-version.cmake
-- Up-to-date: /Users/dgawade/ros_rviz/install/rviz_panel_tutorial/share/rviz_panel_tutorial/package.xml
