[0.006s] Invoking command in '/home/aashvi/launch_ws/build/learning_tf2_cpp': CMAKE_PREFIX_PATH=${CMAKE_PREFIX_PATH}:/home/aashvi/launch_ws/install/py_launch_example:/home/aashvi/launch_ws/install/learning_tf2_py:/home/aashvi/launch_ws/install/launch_tutorial:/home/aashvi/ros2_ws/install/turtle_mover:/home/aashvi/ros2_ws/install/my_robot_controller:/home/aashvi/ros2_ws/install/py_pubsub:/home/aashvi/ros2_ws/install/my_package:/home/aashvi/polygon_ws/install/polygon_pkg:/home/aashvi/service_ws/install/py_srvcli:/opt/ros/humble /usr/bin/cmake /home/aashvi/launch_ws/src/learning_tf2_cpp -DCMAKE_INSTALL_PREFIX=/home/aashvi/launch_ws/install/learning_tf2_cpp
[0.091s] -- The C compiler identification is GNU 11.4.0
[0.155s] -- The CXX compiler identification is GNU 11.4.0
[0.163s] -- Detecting C compiler ABI info
[0.199s] -- Detecting C compiler ABI info - done
[0.203s] -- Check for working C compiler: /usr/bin/cc - skipped
[0.203s] -- Detecting C compile features
[0.204s] -- Detecting C compile features - done
[0.209s] -- Detecting CXX compiler ABI info
[0.250s] -- Detecting CXX compiler ABI info - done
[0.253s] -- Check for working CXX compiler: /usr/bin/c++ - skipped
[0.254s] -- Detecting CXX compile features
[0.254s] -- Detecting CXX compile features - done
[0.264s] -- Found ament_cmake: 1.3.11 (/opt/ros/humble/share/ament_cmake/cmake)
[0.350s] -- Found Python3: /usr/bin/python3 (found version "3.10.12") found components: Interpreter 
[0.424s] -- Found geometry_msgs: 4.2.4 (/opt/ros/humble/share/geometry_msgs/cmake)
[0.466s] -- Found rosidl_generator_c: 3.1.6 (/opt/ros/humble/share/rosidl_generator_c/cmake)
[0.472s] -- Found rosidl_adapter: 3.1.6 (/opt/ros/humble/share/rosidl_adapter/cmake)
[0.480s] -- Found rosidl_generator_cpp: 3.1.6 (/opt/ros/humble/share/rosidl_generator_cpp/cmake)
[0.491s] -- Using all available rosidl_typesupport_c: rosidl_typesupport_fastrtps_c;rosidl_typesupport_introspection_c
[0.506s] -- Using all available rosidl_typesupport_cpp: rosidl_typesupport_fastrtps_cpp;rosidl_typesupport_introspection_cpp
[0.539s] -- Found rclcpp: 16.0.11 (/opt/ros/humble/share/rclcpp/cmake)
[0.577s] -- Found rmw_implementation_cmake: 6.1.2 (/opt/ros/humble/share/rmw_implementation_cmake/cmake)
[0.581s] -- Found rmw_fastrtps_cpp: 6.2.7 (/opt/ros/humble/share/rmw_fastrtps_cpp/cmake)
[0.639s] -- Found OpenSSL: /usr/lib/aarch64-linux-gnu/libcrypto.so (found version "3.0.2")  
[0.656s] -- Found FastRTPS: /opt/ros/humble/include  
[0.679s] -- Using RMW implementation 'rmw_fastrtps_cpp' as default
[0.691s] -- Looking for pthread.h
[0.733s] -- Looking for pthread.h - found
[0.733s] -- Performing Test CMAKE_HAVE_LIBC_PTHREAD
[0.767s] -- Performing Test CMAKE_HAVE_LIBC_PTHREAD - Success
[0.767s] -- Found Threads: TRUE  
[0.805s] -- Found tf2: 0.25.11 (/opt/ros/humble/share/tf2/cmake)
[0.815s] -- Found tf2_ros: 0.25.11 (/opt/ros/humble/share/tf2_ros/cmake)
[0.898s] -- Found turtlesim: 1.4.2 (/home/aashvi/ros2_ws/install/turtlesim/share/turtlesim/cmake)
[0.912s] -- Found ament_lint_auto: 0.12.11 (/opt/ros/humble/share/ament_lint_auto/cmake)
[0.972s] -- Added test 'cppcheck' to perform static code analysis on C / C++ code
[0.972s] -- Configured cppcheck include dirs: 
[0.972s] -- Configured cppcheck exclude dirs and/or files: 
[0.973s] -- Added test 'lint_cmake' to check CMake code style
[0.973s] -- Added test 'uncrustify' to check C / C++ code style
[0.973s] -- Configured uncrustify additional arguments: 
[0.974s] -- Added test 'xmllint' to check XML markup files
[0.975s] -- Configuring done
[0.981s] -- Generating done
[0.983s] -- Build files have been written to: /home/aashvi/launch_ws/build/learning_tf2_cpp
[0.989s] Invoked command in '/home/aashvi/launch_ws/build/learning_tf2_cpp' returned '0': CMAKE_PREFIX_PATH=${CMAKE_PREFIX_PATH}:/home/aashvi/launch_ws/install/py_launch_example:/home/aashvi/launch_ws/install/learning_tf2_py:/home/aashvi/launch_ws/install/launch_tutorial:/home/aashvi/ros2_ws/install/turtle_mover:/home/aashvi/ros2_ws/install/my_robot_controller:/home/aashvi/ros2_ws/install/py_pubsub:/home/aashvi/ros2_ws/install/my_package:/home/aashvi/polygon_ws/install/polygon_pkg:/home/aashvi/service_ws/install/py_srvcli:/opt/ros/humble /usr/bin/cmake /home/aashvi/launch_ws/src/learning_tf2_cpp -DCMAKE_INSTALL_PREFIX=/home/aashvi/launch_ws/install/learning_tf2_cpp
[0.990s] Invoking command in '/home/aashvi/launch_ws/build/learning_tf2_cpp': CMAKE_PREFIX_PATH=${CMAKE_PREFIX_PATH}:/home/aashvi/launch_ws/install/py_launch_example:/home/aashvi/launch_ws/install/learning_tf2_py:/home/aashvi/launch_ws/install/launch_tutorial:/home/aashvi/ros2_ws/install/turtle_mover:/home/aashvi/ros2_ws/install/my_robot_controller:/home/aashvi/ros2_ws/install/py_pubsub:/home/aashvi/ros2_ws/install/my_package:/home/aashvi/polygon_ws/install/polygon_pkg:/home/aashvi/service_ws/install/py_srvcli:/opt/ros/humble /usr/bin/cmake --build /home/aashvi/launch_ws/build/learning_tf2_cpp -- -j4 -l4
[1.014s] [ 50%] [32mBuilding CXX object CMakeFiles/static_turtle_tf2_broadcaster.dir/src/static_turtle_tf2_broadcaster.cpp.o[0m
[3.154s] [100%] [32m[1mLinking CXX executable static_turtle_tf2_broadcaster[0m
[3.283s] [100%] Built target static_turtle_tf2_broadcaster
[3.301s] Invoked command in '/home/aashvi/launch_ws/build/learning_tf2_cpp' returned '0': CMAKE_PREFIX_PATH=${CMAKE_PREFIX_PATH}:/home/aashvi/launch_ws/install/py_launch_example:/home/aashvi/launch_ws/install/learning_tf2_py:/home/aashvi/launch_ws/install/launch_tutorial:/home/aashvi/ros2_ws/install/turtle_mover:/home/aashvi/ros2_ws/install/my_robot_controller:/home/aashvi/ros2_ws/install/py_pubsub:/home/aashvi/ros2_ws/install/my_package:/home/aashvi/polygon_ws/install/polygon_pkg:/home/aashvi/service_ws/install/py_srvcli:/opt/ros/humble /usr/bin/cmake --build /home/aashvi/launch_ws/build/learning_tf2_cpp -- -j4 -l4
[3.308s] Invoking command in '/home/aashvi/launch_ws/build/learning_tf2_cpp': CMAKE_PREFIX_PATH=${CMAKE_PREFIX_PATH}:/home/aashvi/launch_ws/install/py_launch_example:/home/aashvi/launch_ws/install/learning_tf2_py:/home/aashvi/launch_ws/install/launch_tutorial:/home/aashvi/ros2_ws/install/turtle_mover:/home/aashvi/ros2_ws/install/my_robot_controller:/home/aashvi/ros2_ws/install/py_pubsub:/home/aashvi/ros2_ws/install/my_package:/home/aashvi/polygon_ws/install/polygon_pkg:/home/aashvi/service_ws/install/py_srvcli:/opt/ros/humble /usr/bin/cmake --install /home/aashvi/launch_ws/build/learning_tf2_cpp
[3.311s] -- Install configuration: ""
[3.312s] -- Installing: /home/aashvi/launch_ws/install/learning_tf2_cpp/lib/learning_tf2_cpp/static_turtle_tf2_broadcaster
[3.312s] -- Set runtime path of "/home/aashvi/launch_ws/install/learning_tf2_cpp/lib/learning_tf2_cpp/static_turtle_tf2_broadcaster" to ""
[3.312s] -- Installing: /home/aashvi/launch_ws/install/learning_tf2_cpp/share/ament_index/resource_index/package_run_dependencies/learning_tf2_cpp
[3.312s] -- Installing: /home/aashvi/launch_ws/install/learning_tf2_cpp/share/ament_index/resource_index/parent_prefix_path/learning_tf2_cpp
[3.313s] -- Installing: /home/aashvi/launch_ws/install/learning_tf2_cpp/share/learning_tf2_cpp/environment/ament_prefix_path.sh
[3.313s] -- Installing: /home/aashvi/launch_ws/install/learning_tf2_cpp/share/learning_tf2_cpp/environment/ament_prefix_path.dsv
[3.313s] -- Installing: /home/aashvi/launch_ws/install/learning_tf2_cpp/share/learning_tf2_cpp/environment/path.sh
[3.313s] -- Installing: /home/aashvi/launch_ws/install/learning_tf2_cpp/share/learning_tf2_cpp/environment/path.dsv
[3.313s] -- Installing: /home/aashvi/launch_ws/install/learning_tf2_cpp/share/learning_tf2_cpp/local_setup.bash
[3.313s] -- Installing: /home/aashvi/launch_ws/install/learning_tf2_cpp/share/learning_tf2_cpp/local_setup.sh
[3.313s] -- Installing: /home/aashvi/launch_ws/install/learning_tf2_cpp/share/learning_tf2_cpp/local_setup.zsh
[3.313s] -- Installing: /home/aashvi/launch_ws/install/learning_tf2_cpp/share/learning_tf2_cpp/local_setup.dsv
[3.313s] -- Installing: /home/aashvi/launch_ws/install/learning_tf2_cpp/share/learning_tf2_cpp/package.dsv
[3.313s] -- Installing: /home/aashvi/launch_ws/install/learning_tf2_cpp/share/ament_index/resource_index/packages/learning_tf2_cpp
[3.313s] -- Installing: /home/aashvi/launch_ws/install/learning_tf2_cpp/share/learning_tf2_cpp/cmake/learning_tf2_cppConfig.cmake
[3.314s] -- Installing: /home/aashvi/launch_ws/install/learning_tf2_cpp/share/learning_tf2_cpp/cmake/learning_tf2_cppConfig-version.cmake
[3.314s] -- Installing: /home/aashvi/launch_ws/install/learning_tf2_cpp/share/learning_tf2_cpp/package.xml
[3.316s] Invoked command in '/home/aashvi/launch_ws/build/learning_tf2_cpp' returned '0': CMAKE_PREFIX_PATH=${CMAKE_PREFIX_PATH}:/home/aashvi/launch_ws/install/py_launch_example:/home/aashvi/launch_ws/install/learning_tf2_py:/home/aashvi/launch_ws/install/launch_tutorial:/home/aashvi/ros2_ws/install/turtle_mover:/home/aashvi/ros2_ws/install/my_robot_controller:/home/aashvi/ros2_ws/install/py_pubsub:/home/aashvi/ros2_ws/install/my_package:/home/aashvi/polygon_ws/install/polygon_pkg:/home/aashvi/service_ws/install/py_srvcli:/opt/ros/humble /usr/bin/cmake --install /home/aashvi/launch_ws/build/learning_tf2_cpp
