[0.054s] Invoking command in '/Users/dgawade/ros_rviz/build/rviz_panel_tutorial': CMAKE_PREFIX_PATH=${CMAKE_PREFIX_PATH}:/Users/dgawade/second_ros2_ws/install/urdf_tutorial_r2d2 CONDA_PROMPT_MODIFIER=(ros_env) SHLVL=2 _=/usr/bin/env /usr/local/bin/cmake /Users/dgawade/ros_rviz/src/rviz_panel_tutorial -DCMAKE_INSTALL_PREFIX=/Users/dgawade/ros_rviz/install/rviz_panel_tutorial
[0.130s] CMake Deprecation Warning at CMakeLists.txt:1 (cmake_minimum_required):
[0.131s]   Compatibility with CMake < 3.10 will be removed from a future version of
[0.131s]   CMake.
[0.131s] 
[0.131s]   Update the VERSION argument <min> value.  Or, use the <min>...<max> syntax
[0.131s]   to tell CMake that the project requires at least <min> but has been updated
[0.131s]   to work with policies introduced by <max> or earlier.
[0.131s] 
[0.131s] 
[2.104s] -- The C compiler identification is Clang 18.1.8
[3.641s] -- The CXX compiler identification is Clang 18.1.8
[3.688s] -- Detecting C compiler ABI info
[5.142s] -- Detecting C compiler ABI info - done
[5.161s] -- Check for working C compiler: /Users/dgawade/miniconda3/envs/ros_env/bin/x86_64-apple-darwin13.4.0-clang - skipped
[5.162s] -- Detecting C compile features
[5.164s] -- Detecting C compile features - done
[5.186s] -- Detecting CXX compiler ABI info
[6.497s] -- Detecting CXX compiler ABI info - done
[6.513s] -- Check for working CXX compiler: /Users/dgawade/miniconda3/envs/ros_env/bin/x86_64-apple-darwin13.4.0-clang++ - skipped
[6.513s] -- Detecting CXX compile features
[6.515s] -- Detecting CXX compile features - done
[6.558s] -- Found ament_cmake: 1.3.11 (/Users/dgawade/miniconda3/envs/ros_env/share/ament_cmake/cmake)
[7.022s] -- Found Python3: /Users/dgawade/miniconda3/envs/ros_env/bin/python3 (found version "3.11.8") found components: Interpreter
[7.686s] -- Found ament_cmake_ros: 0.10.0 (/Users/dgawade/miniconda3/envs/ros_env/share/ament_cmake_ros/cmake)
[7.849s] -- Found pluginlib: 5.1.0 (/Users/dgawade/miniconda3/envs/ros_env/share/pluginlib/cmake)
[8.082s] -- Found TinyXML2 via Config file: /Users/dgawade/miniconda3/envs/ros_env/lib/cmake/tinyxml2
[8.111s] -- Found rviz_common: 11.2.15 (/Users/dgawade/miniconda3/envs/ros_env/share/rviz_common/cmake)
[8.333s] -- Setting assimp_DIR to: '/Users/dgawade/miniconda3/envs/ros_env/share/rviz_assimp_vendor/cmake/../../../opt/rviz_assimp_vendor/lib/cmake/assimp-4.1'
[8.369s] -- Setting OGRE_DIR to: '/Users/dgawade/miniconda3/envs/ros_env/share/rviz_ogre_vendor/cmake/../../../opt/rviz_ogre_vendor/CMake'
[8.377s] -- Found OGRE
[8.377s] --   static     : OFF
[8.378s] --   components : MeshLodGenerator;Overlay;Paging;Property;RTShaderSystem;Terrain;Volume
[8.379s] --   plugins    : Plugin_BSPSceneManager;Plugin_OctreeSceneManager;Plugin_PCZSceneManager;Plugin_ParticleFX;RenderSystem_GL;RenderSystem_GL3Plus;Codec_STBI;Codec_FreeImage
[8.379s] --   media      : /Users/dgawade/miniconda3/envs/ros_env/opt/rviz_ogre_vendor/Media
[8.379s] -- OGRE_LIBRARIES: OgreMeshLodGenerator;OgreOverlay;OgrePaging;OgreProperty;OgreRTShaderSystem;OgreTerrain;OgreVolume;OgreMain
[8.379s] -- OGRE_LIBRARY_DIRS: /Users/dgawade/miniconda3/envs/ros_env/opt/rviz_ogre_vendor/lib
[8.380s] -- OGRE_PLUGINS: Plugin_BSPSceneManager;Plugin_OctreeSceneManager;Plugin_PCZSceneManager;Plugin_ParticleFX;RenderSystem_GL;RenderSystem_GL3Plus;Codec_STBI;Codec_FreeImage
[8.380s] -- OGRE_PLUGIN_DIR: /Users/dgawade/miniconda3/envs/ros_env/opt/rviz_ogre_vendor/lib/OGRE
[8.380s] -- rviz_ogre_vendor::OgreOverlay for IMPORTED_LOCATION_RELEASE: /Users/dgawade/miniconda3/envs/ros_env/opt/rviz_ogre_vendor/lib/libOgreOverlay.dylib
[8.381s] -- rviz_ogre_vendor::OgreOverlay for IMPORTED_LOCATION_DEBUG: /Users/dgawade/miniconda3/envs/ros_env/opt/rviz_ogre_vendor/lib/libOgreOverlay.dylib
[8.381s] -- rviz_ogre_vendor::OgreMain for IMPORTED_LOCATION_RELEASE: /Users/dgawade/miniconda3/envs/ros_env/opt/rviz_ogre_vendor/lib/libOgreMain.dylib
[8.381s] -- rviz_ogre_vendor::OgreMain for IMPORTED_LOCATION_DEBUG: /Users/dgawade/miniconda3/envs/ros_env/opt/rviz_ogre_vendor/lib/libOgreMain.dylib
[9.605s] -- Found ZLIB: /Users/dgawade/miniconda3/envs/ros_env/lib/libz.dylib (found version "1.3.1")
[9.737s] -- Found OpenGL: /Library/Developer/CommandLineTools/SDKs/MacOSX.sdk/System/Library/Frameworks/OpenGL.framework
[13.004s] -- library: /Users/dgawade/miniconda3/envs/ros_env/lib/libcurl.dylib
[13.291s] -- Found rosidl_generator_c: 3.1.6 (/Users/dgawade/miniconda3/envs/ros_env/share/rosidl_generator_c/cmake)
[13.357s] -- Found rosidl_adapter: 3.1.6 (/Users/dgawade/miniconda3/envs/ros_env/share/rosidl_adapter/cmake)
[13.430s] -- Found rosidl_generator_cpp: 3.1.6 (/Users/dgawade/miniconda3/envs/ros_env/share/rosidl_generator_cpp/cmake)
[13.556s] -- Using all available rosidl_typesupport_c: rosidl_typesupport_fastrtps_c;rosidl_typesupport_introspection_c
[13.681s] -- Using all available rosidl_typesupport_cpp: rosidl_typesupport_fastrtps_cpp;rosidl_typesupport_introspection_cpp
[14.411s] -- Checking for module 'yaml-0.1'
[15.177s] --   Found yaml-0.1, version 0.2.5
[16.716s] -- Found rmw_implementation_cmake: 6.1.2 (/Users/dgawade/miniconda3/envs/ros_env/share/rmw_implementation_cmake/cmake)
[16.748s] -- Found rmw_fastrtps_cpp: 6.2.7 (/Users/dgawade/miniconda3/envs/ros_env/share/rmw_fastrtps_cpp/cmake)
[16.929s] -- Found TinyXML2 via Config file: /Users/dgawade/miniconda3/envs/ros_env/lib/cmake/tinyxml2
[19.355s] -- Found OpenSSL: /Users/dgawade/miniconda3/envs/ros_env/lib/libcrypto.dylib (found version "3.4.0")
[19.361s] -- Found TinyXML2 via Config file: /Users/dgawade/miniconda3/envs/ros_env/lib/cmake/tinyxml2
[19.576s] -- Found FastRTPS: /Users/dgawade/miniconda3/envs/ros_env/include
[19.583s] -- Found TinyXML2 via Config file: /Users/dgawade/miniconda3/envs/ros_env/lib/cmake/tinyxml2
[19.683s] -- Found TinyXML2 via Config file: /Users/dgawade/miniconda3/envs/ros_env/lib/cmake/tinyxml2
[19.788s] -- Using RMW implementation 'rmw_fastrtps_cpp' as default
[19.849s] -- Performing Test CMAKE_HAVE_LIBC_PTHREAD
[20.913s] -- Performing Test CMAKE_HAVE_LIBC_PTHREAD - Success
[20.914s] -- Found Threads: TRUE
[21.212s] -- Found Eigen3: TRUE (found version "3.4.0")
[21.212s] -- Ensuring Eigen3 include directory is part of orocos-kdl CMake target
[21.864s] -- Configuring done (21.7s)
[22.049s] -- Generating done (0.2s)
[22.052s] -- Build files have been written to: /Users/dgawade/ros_rviz/build/rviz_panel_tutorial
[22.064s] Invoked command in '/Users/dgawade/ros_rviz/build/rviz_panel_tutorial' returned '0': CMAKE_PREFIX_PATH=${CMAKE_PREFIX_PATH}:/Users/dgawade/second_ros2_ws/install/urdf_tutorial_r2d2 CONDA_PROMPT_MODIFIER=(ros_env) SHLVL=2 _=/usr/bin/env /usr/local/bin/cmake /Users/dgawade/ros_rviz/src/rviz_panel_tutorial -DCMAKE_INSTALL_PREFIX=/Users/dgawade/ros_rviz/install/rviz_panel_tutorial
[22.071s] Invoking command in '/Users/dgawade/ros_rviz/build/rviz_panel_tutorial': CMAKE_PREFIX_PATH=${CMAKE_PREFIX_PATH}:/Users/dgawade/second_ros2_ws/install/urdf_tutorial_r2d2 CONDA_PROMPT_MODIFIER=(ros_env) SHLVL=2 _=/usr/bin/env /usr/local/bin/cmake --build /Users/dgawade/ros_rviz/build/rviz_panel_tutorial -- -j4 -l4
[22.311s] [  0%] Built target demo_panel_autogen_timestamp_deps
[22.436s] [ 14%] Automatic MOC for target demo_panel
[22.787s] [ 14%] Built target demo_panel_autogen
[22.838s] [ 28%] Generating include/rviz_panel_tutorial/moc_demo_panel.cpp
[23.031s] [ 57%] Building CXX object CMakeFiles/demo_panel.dir/demo_panel_autogen/mocs_compilation.cpp.o
[23.032s] [ 57%] Building CXX object CMakeFiles/demo_panel.dir/src/demo_panel.cpp.o
[23.420s] [ 71%] Building CXX object CMakeFiles/demo_panel.dir/include/rviz_panel_tutorial/moc_demo_panel.cpp.o
[42.593s] [ 85%] Linking CXX shared library libdemo_panel.dylib
[43.256s] [100%] Built target demo_panel
[43.283s] Invoked command in '/Users/dgawade/ros_rviz/build/rviz_panel_tutorial' returned '0': CMAKE_PREFIX_PATH=${CMAKE_PREFIX_PATH}:/Users/dgawade/second_ros2_ws/install/urdf_tutorial_r2d2 CONDA_PROMPT_MODIFIER=(ros_env) SHLVL=2 _=/usr/bin/env /usr/local/bin/cmake --build /Users/dgawade/ros_rviz/build/rviz_panel_tutorial -- -j4 -l4
[43.678s] Invoking command in '/Users/dgawade/ros_rviz/build/rviz_panel_tutorial': CMAKE_PREFIX_PATH=${CMAKE_PREFIX_PATH}:/Users/dgawade/second_ros2_ws/install/urdf_tutorial_r2d2 CONDA_PROMPT_MODIFIER=(ros_env) SHLVL=2 _=/usr/bin/env /usr/local/bin/cmake --install /Users/dgawade/ros_rviz/build/rviz_panel_tutorial
[43.700s] -- Install configuration: ""
[43.700s] -- Installing: /Users/dgawade/ros_rviz/install/rviz_panel_tutorial/lib/libdemo_panel.dylib
[43.720s] -- Installing: /Users/dgawade/ros_rviz/install/rviz_panel_tutorial/include
[43.720s] -- Installing: /Users/dgawade/ros_rviz/install/rviz_panel_tutorial/include/rviz_panel_tutorial
[43.721s] -- Installing: /Users/dgawade/ros_rviz/install/rviz_panel_tutorial/include/rviz_panel_tutorial/demo_panel.hpp
[43.722s] -- Installing: /Users/dgawade/ros_rviz/install/rviz_panel_tutorial/share/rviz_panel_tutorial/rviz_common_plugins.xml
[43.723s] -- Installing: /Users/dgawade/ros_rviz/install/rviz_panel_tutorial/share/rviz_panel_tutorial/icons/classes/DemoPanel.png
[43.725s] -- Up-to-date: /Users/dgawade/ros_rviz/install/rviz_panel_tutorial/share/rviz_panel_tutorial/rviz_common_plugins.xml
[43.725s] -- Installing: /Users/dgawade/ros_rviz/install/rviz_panel_tutorial/share/ament_index/resource_index/package_run_dependencies/rviz_panel_tutorial
[43.726s] -- Installing: /Users/dgawade/ros_rviz/install/rviz_panel_tutorial/share/ament_index/resource_index/parent_prefix_path/rviz_panel_tutorial
[43.728s] -- Installing: /Users/dgawade/ros_rviz/install/rviz_panel_tutorial/share/rviz_panel_tutorial/environment/ament_prefix_path.sh
[43.729s] -- Installing: /Users/dgawade/ros_rviz/install/rviz_panel_tutorial/share/rviz_panel_tutorial/environment/ament_prefix_path.dsv
[43.730s] -- Installing: /Users/dgawade/ros_rviz/install/rviz_panel_tutorial/share/rviz_panel_tutorial/environment/path.sh
[43.731s] -- Installing: /Users/dgawade/ros_rviz/install/rviz_panel_tutorial/share/rviz_panel_tutorial/environment/path.dsv
[43.732s] -- Installing: /Users/dgawade/ros_rviz/install/rviz_panel_tutorial/share/rviz_panel_tutorial/local_setup.bash
[43.733s] -- Installing: /Users/dgawade/ros_rviz/install/rviz_panel_tutorial/share/rviz_panel_tutorial/local_setup.sh
[43.734s] -- Installing: /Users/dgawade/ros_rviz/install/rviz_panel_tutorial/share/rviz_panel_tutorial/local_setup.zsh
[43.735s] -- Installing: /Users/dgawade/ros_rviz/install/rviz_panel_tutorial/share/rviz_panel_tutorial/local_setup.dsv
[43.735s] -- Installing: /Users/dgawade/ros_rviz/install/rviz_panel_tutorial/share/rviz_panel_tutorial/package.dsv
[43.736s] -- Installing: /Users/dgawade/ros_rviz/install/rviz_panel_tutorial/share/ament_index/resource_index/packages/rviz_panel_tutorial
[43.737s] -- Installing: /Users/dgawade/ros_rviz/install/rviz_panel_tutorial/share/ament_index/resource_index/rviz_common__pluginlib__plugin/rviz_panel_tutorial
[43.738s] -- Installing: /Users/dgawade/ros_rviz/install/rviz_panel_tutorial/share/rviz_panel_tutorial/cmake/export_rviz_panel_tutorialExport.cmake
[43.738s] -- Installing: /Users/dgawade/ros_rviz/install/rviz_panel_tutorial/share/rviz_panel_tutorial/cmake/export_rviz_panel_tutorialExport-noconfig.cmake
[43.739s] -- Installing: /Users/dgawade/ros_rviz/install/rviz_panel_tutorial/share/rviz_panel_tutorial/cmake/ament_cmake_export_include_directories-extras.cmake
[43.740s] -- Installing: /Users/dgawade/ros_rviz/install/rviz_panel_tutorial/share/rviz_panel_tutorial/cmake/ament_cmake_export_targets-extras.cmake
[43.741s] -- Installing: /Users/dgawade/ros_rviz/install/rviz_panel_tutorial/share/rviz_panel_tutorial/cmake/rviz_panel_tutorialConfig.cmake
[43.742s] -- Installing: /Users/dgawade/ros_rviz/install/rviz_panel_tutorial/share/rviz_panel_tutorial/cmake/rviz_panel_tutorialConfig-version.cmake
[43.743s] -- Installing: /Users/dgawade/ros_rviz/install/rviz_panel_tutorial/share/rviz_panel_tutorial/package.xml
[43.746s] Invoked command in '/Users/dgawade/ros_rviz/build/rviz_panel_tutorial' returned '0': CMAKE_PREFIX_PATH=${CMAKE_PREFIX_PATH}:/Users/dgawade/second_ros2_ws/install/urdf_tutorial_r2d2 CONDA_PROMPT_MODIFIER=(ros_env) SHLVL=2 _=/usr/bin/env /usr/local/bin/cmake --install /Users/dgawade/ros_rviz/build/rviz_panel_tutorial
