[0.008s] Invoking command in '/home/aashvi/polygon_srv/build/tutorial_interfaces': CMAKE_PREFIX_PATH=${CMAKE_PREFIX_PATH}:/home/aashvi/ros2_ws/install/turtle_mover:/home/aashvi/ros2_ws/install/my_robot_controller:/home/aashvi/ros2_ws/install/my_package:/home/aashvi/ros2_ws/install/launch_testing_examples:/home/aashvi/ros2_ws/install/examples_rclpy_pointcloud_publisher:/home/aashvi/ros2_ws/install/examples_rclpy_minimal_subscriber:/home/aashvi/ros2_ws/install/examples_rclpy_minimal_service:/home/aashvi/ros2_ws/install/examples_rclpy_minimal_publisher:/home/aashvi/ros2_ws/install/examples_rclpy_minimal_client:/home/aashvi/ros2_ws/install/examples_rclpy_minimal_action_server:/home/aashvi/ros2_ws/install/examples_rclpy_minimal_action_client:/home/aashvi/ros2_ws/install/examples_rclpy_guard_conditions:/home/aashvi/ros2_ws/install/examples_rclpy_executors:/home/aashvi/ros2_ws/src/install/turtle_mover:/opt/ros/humble /usr/bin/cmake /home/aashvi/polygon_srv/src/tutorial_interfaces -DCMAKE_INSTALL_PREFIX=/home/aashvi/polygon_srv/install/tutorial_interfaces
[0.135s] -- The C compiler identification is GNU 11.4.0
[0.203s] -- The CXX compiler identification is GNU 11.4.0
[0.211s] -- Detecting C compiler ABI info
[0.256s] -- Detecting C compiler ABI info - done
[0.260s] -- Check for working C compiler: /usr/bin/cc - skipped
[0.260s] -- Detecting C compile features
[0.261s] -- Detecting C compile features - done
[0.263s] -- Detecting CXX compiler ABI info
[0.307s] -- Detecting CXX compiler ABI info - done
[0.311s] -- Check for working CXX compiler: /usr/bin/c++ - skipped
[0.311s] -- Detecting CXX compile features
[0.311s] -- Detecting CXX compile features - done
[0.321s] -- Found ament_cmake: 1.3.11 (/opt/ros/humble/share/ament_cmake/cmake)
[0.425s] -- Found Python3: /usr/bin/python3 (found version "3.10.12") found components: Interpreter 
[0.514s] -- Found geometry_msgs: 4.2.4 (/opt/ros/humble/share/geometry_msgs/cmake)
[0.568s] -- Found rosidl_generator_c: 3.1.6 (/opt/ros/humble/share/rosidl_generator_c/cmake)
[0.574s] -- Found rosidl_adapter: 3.1.6 (/opt/ros/humble/share/rosidl_adapter/cmake)
[0.583s] -- Found rosidl_generator_cpp: 3.1.6 (/opt/ros/humble/share/rosidl_generator_cpp/cmake)
[0.596s] -- Using all available rosidl_typesupport_c: rosidl_typesupport_fastrtps_c;rosidl_typesupport_introspection_c
[0.612s] -- Using all available rosidl_typesupport_cpp: rosidl_typesupport_fastrtps_cpp;rosidl_typesupport_introspection_cpp
[0.652s] -- Found rosidl_default_generators: 1.2.0 (/opt/ros/humble/share/rosidl_default_generators/cmake)
[0.812s] -- Found ament_cmake_ros: 0.10.0 (/opt/ros/humble/share/ament_cmake_ros/cmake)
[1.007s] -- Using all available rosidl_typesupport_c: rosidl_typesupport_fastrtps_c;rosidl_typesupport_introspection_c
[1.081s] -- Using all available rosidl_typesupport_cpp: rosidl_typesupport_fastrtps_cpp;rosidl_typesupport_introspection_cpp
[1.095s] -- Found PythonInterp: /usr/bin/python3 (found suitable version "3.10.12", minimum required is "3.6") 
[1.098s] -- Found python_cmake_module: 0.10.0 (/opt/ros/humble/share/python_cmake_module/cmake)
[1.117s] -- Found PythonLibs: /usr/lib/aarch64-linux-gnu/libpython3.10.so (found suitable version "3.10.12", minimum required is "3.5") 
[1.117s] -- Using PYTHON_EXECUTABLE: /usr/bin/python3
[1.117s] -- Using PYTHON_INCLUDE_DIRS: /usr/include/python3.10
[1.117s] -- Using PYTHON_LIBRARIES: /usr/lib/aarch64-linux-gnu/libpython3.10.so
[1.130s] -- Found PythonExtra: .so  
[1.162s] -- Found ament_lint_auto: 0.12.11 (/opt/ros/humble/share/ament_lint_auto/cmake)
[1.187s] -- Added test 'lint_cmake' to check CMake code style
[1.188s] -- Added test 'xmllint' to check XML markup files
[1.190s] -- Configuring done
[1.202s] -- Generating done
[1.207s] -- Build files have been written to: /home/aashvi/polygon_srv/build/tutorial_interfaces
[1.211s] Invoked command in '/home/aashvi/polygon_srv/build/tutorial_interfaces' returned '0': CMAKE_PREFIX_PATH=${CMAKE_PREFIX_PATH}:/home/aashvi/ros2_ws/install/turtle_mover:/home/aashvi/ros2_ws/install/my_robot_controller:/home/aashvi/ros2_ws/install/my_package:/home/aashvi/ros2_ws/install/launch_testing_examples:/home/aashvi/ros2_ws/install/examples_rclpy_pointcloud_publisher:/home/aashvi/ros2_ws/install/examples_rclpy_minimal_subscriber:/home/aashvi/ros2_ws/install/examples_rclpy_minimal_service:/home/aashvi/ros2_ws/install/examples_rclpy_minimal_publisher:/home/aashvi/ros2_ws/install/examples_rclpy_minimal_client:/home/aashvi/ros2_ws/install/examples_rclpy_minimal_action_server:/home/aashvi/ros2_ws/install/examples_rclpy_minimal_action_client:/home/aashvi/ros2_ws/install/examples_rclpy_guard_conditions:/home/aashvi/ros2_ws/install/examples_rclpy_executors:/home/aashvi/ros2_ws/src/install/turtle_mover:/opt/ros/humble /usr/bin/cmake /home/aashvi/polygon_srv/src/tutorial_interfaces -DCMAKE_INSTALL_PREFIX=/home/aashvi/polygon_srv/install/tutorial_interfaces
[1.213s] Invoking command in '/home/aashvi/polygon_srv/build/tutorial_interfaces': CMAKE_PREFIX_PATH=${CMAKE_PREFIX_PATH}:/home/aashvi/ros2_ws/install/turtle_mover:/home/aashvi/ros2_ws/install/my_robot_controller:/home/aashvi/ros2_ws/install/my_package:/home/aashvi/ros2_ws/install/launch_testing_examples:/home/aashvi/ros2_ws/install/examples_rclpy_pointcloud_publisher:/home/aashvi/ros2_ws/install/examples_rclpy_minimal_subscriber:/home/aashvi/ros2_ws/install/examples_rclpy_minimal_service:/home/aashvi/ros2_ws/install/examples_rclpy_minimal_publisher:/home/aashvi/ros2_ws/install/examples_rclpy_minimal_client:/home/aashvi/ros2_ws/install/examples_rclpy_minimal_action_server:/home/aashvi/ros2_ws/install/examples_rclpy_minimal_action_client:/home/aashvi/ros2_ws/install/examples_rclpy_guard_conditions:/home/aashvi/ros2_ws/install/examples_rclpy_executors:/home/aashvi/ros2_ws/src/install/turtle_mover:/opt/ros/humble /usr/bin/cmake --build /home/aashvi/polygon_srv/build/tutorial_interfaces -- -j8 -l8
[1.230s] [  3%] [34m[1mGenerating C code for ROS interfaces[0m
[1.235s] [  6%] [34m[1mGenerating C++ code for ROS interfaces[0m
[1.245s] [  6%] Built target ament_cmake_python_copy_tutorial_interfaces
[1.384s] running egg_info
[1.385s] creating tutorial_interfaces.egg-info
[1.385s] writing tutorial_interfaces.egg-info/PKG-INFO
[1.385s] writing dependency_links to tutorial_interfaces.egg-info/dependency_links.txt
[1.385s] writing top-level names to tutorial_interfaces.egg-info/top_level.txt
[1.385s] writing manifest file 'tutorial_interfaces.egg-info/SOURCES.txt'
[1.386s] reading manifest file 'tutorial_interfaces.egg-info/SOURCES.txt'
[1.387s] writing manifest file 'tutorial_interfaces.egg-info/SOURCES.txt'
[1.398s] [  6%] Built target tutorial_interfaces__cpp
[1.403s] [ 12%] [34m[1mGenerating C++ type support for eProsima Fast-RTPS[0m
[1.403s] [ 12%] [34m[1mGenerating C++ type support dispatch for ROS interfaces[0m
[1.404s] [ 16%] [34m[1mGenerating C++ introspection for ROS interfaces[0m
[1.405s] [ 19%] [32mBuilding C object CMakeFiles/tutorial_interfaces__rosidl_generator_c.dir/rosidl_generator_c/tutorial_interfaces/srv/detail/n_sides__functions.c.o[0m
[1.409s] [ 19%] Built target ament_cmake_python_build_tutorial_interfaces_egg
[1.467s] [ 22%] [32m[1mLinking C shared library libtutorial_interfaces__rosidl_generator_c.so[0m
[1.485s] [ 22%] Built target tutorial_interfaces__rosidl_generator_c
[1.490s] [ 25%] [34m[1mGenerating C type support for eProsima Fast-RTPS[0m
[1.492s] [ 29%] [34m[1mGenerating C introspection for ROS interfaces[0m
[1.492s] [ 32%] [34m[1mGenerating C type support dispatch for ROS interfaces[0m
[1.567s] [ 35%] [32mBuilding CXX object CMakeFiles/tutorial_interfaces__rosidl_typesupport_cpp.dir/rosidl_typesupport_cpp/tutorial_interfaces/srv/n_sides__type_support.cpp.o[0m
[1.577s] [ 38%] [32mBuilding CXX object CMakeFiles/tutorial_interfaces__rosidl_typesupport_introspection_cpp.dir/rosidl_typesupport_introspection_cpp/tutorial_interfaces/srv/detail/n_sides__type_support.cpp.o[0m
[1.593s] [ 41%] [32mBuilding CXX object CMakeFiles/tutorial_interfaces__rosidl_typesupport_fastrtps_cpp.dir/rosidl_typesupport_fastrtps_cpp/tutorial_interfaces/srv/detail/dds_fastrtps/n_sides__type_support.cpp.o[0m
[1.664s] [ 45%] [32mBuilding CXX object CMakeFiles/tutorial_interfaces__rosidl_typesupport_c.dir/rosidl_typesupport_c/tutorial_interfaces/srv/n_sides__type_support.cpp.o[0m
[1.686s] [ 48%] [32mBuilding C object CMakeFiles/tutorial_interfaces__rosidl_typesupport_introspection_c.dir/rosidl_typesupport_introspection_c/tutorial_interfaces/srv/detail/n_sides__type_support.c.o[0m
[1.689s] [ 51%] [32m[1mLinking CXX shared library libtutorial_interfaces__rosidl_typesupport_c.so[0m
[1.696s] [ 54%] [32mBuilding CXX object CMakeFiles/tutorial_interfaces__rosidl_typesupport_fastrtps_c.dir/rosidl_typesupport_fastrtps_c/tutorial_interfaces/srv/detail/n_sides__type_support_c.cpp.o[0m
[1.719s] [ 58%] [32m[1mLinking C shared library libtutorial_interfaces__rosidl_typesupport_introspection_c.so[0m
[1.723s] [ 58%] Built target tutorial_interfaces__rosidl_typesupport_c
[1.746s] [ 58%] Built target tutorial_interfaces__rosidl_typesupport_introspection_c
[1.833s] [ 61%] [32m[1mLinking CXX shared library libtutorial_interfaces__rosidl_typesupport_cpp.so[0m
[1.870s] [ 61%] Built target tutorial_interfaces__rosidl_typesupport_cpp
[1.905s] [ 64%] [32m[1mLinking CXX shared library libtutorial_interfaces__rosidl_typesupport_introspection_cpp.so[0m
[1.927s] [ 64%] Built target tutorial_interfaces__rosidl_typesupport_introspection_cpp
[1.927s] [ 67%] [32m[1mLinking CXX shared library libtutorial_interfaces__rosidl_typesupport_fastrtps_cpp.so[0m
[1.934s] [ 70%] [32m[1mLinking CXX shared library libtutorial_interfaces__rosidl_typesupport_fastrtps_c.so[0m
[1.967s] [ 70%] Built target tutorial_interfaces__rosidl_typesupport_fastrtps_cpp
[1.972s] [ 70%] Built target tutorial_interfaces__rosidl_typesupport_fastrtps_c
[1.981s] [ 70%] Built target tutorial_interfaces
[1.989s] [ 74%] [34m[1mGenerating Python code for ROS interfaces[0m
[2.171s] [ 74%] Built target tutorial_interfaces__py
[2.179s] [ 77%] [32mBuilding C object CMakeFiles/tutorial_interfaces__rosidl_generator_py.dir/rosidl_generator_py/tutorial_interfaces/srv/_n_sides_s.c.o[0m
[2.258s] [ 80%] [32m[1mLinking C shared library rosidl_generator_py/tutorial_interfaces/libtutorial_interfaces__rosidl_generator_py.so[0m
[2.275s] [ 80%] Built target tutorial_interfaces__rosidl_generator_py
[2.284s] [ 83%] [32mBuilding C object CMakeFiles/tutorial_interfaces__rosidl_typesupport_introspection_c__pyext.dir/rosidl_generator_py/tutorial_interfaces/_tutorial_interfaces_s.ep.rosidl_typesupport_introspection_c.c.o[0m
[2.284s] [ 87%] [32mBuilding C object CMakeFiles/tutorial_interfaces__rosidl_typesupport_fastrtps_c__pyext.dir/rosidl_generator_py/tutorial_interfaces/_tutorial_interfaces_s.ep.rosidl_typesupport_fastrtps_c.c.o[0m
[2.284s] [ 90%] [32mBuilding C object CMakeFiles/tutorial_interfaces__rosidl_typesupport_c__pyext.dir/rosidl_generator_py/tutorial_interfaces/_tutorial_interfaces_s.ep.rosidl_typesupport_c.c.o[0m
[2.330s] [100%] [32m[1mLinking C shared library rosidl_generator_py/tutorial_interfaces/tutorial_interfaces_s__rosidl_typesupport_c.cpython-310-aarch64-linux-gnu.so[0m
[2.330s] [100%] [32m[1mLinking C shared library rosidl_generator_py/tutorial_interfaces/tutorial_interfaces_s__rosidl_typesupport_fastrtps_c.cpython-310-aarch64-linux-gnu.so[0m
[2.330s] [100%] [32m[1mLinking C shared library rosidl_generator_py/tutorial_interfaces/tutorial_interfaces_s__rosidl_typesupport_introspection_c.cpython-310-aarch64-linux-gnu.so[0m
[2.358s] [100%] Built target tutorial_interfaces__rosidl_typesupport_c__pyext
[2.358s] [100%] Built target tutorial_interfaces__rosidl_typesupport_fastrtps_c__pyext
[2.358s] [100%] Built target tutorial_interfaces__rosidl_typesupport_introspection_c__pyext
[2.363s] Invoked command in '/home/aashvi/polygon_srv/build/tutorial_interfaces' returned '0': CMAKE_PREFIX_PATH=${CMAKE_PREFIX_PATH}:/home/aashvi/ros2_ws/install/turtle_mover:/home/aashvi/ros2_ws/install/my_robot_controller:/home/aashvi/ros2_ws/install/my_package:/home/aashvi/ros2_ws/install/launch_testing_examples:/home/aashvi/ros2_ws/install/examples_rclpy_pointcloud_publisher:/home/aashvi/ros2_ws/install/examples_rclpy_minimal_subscriber:/home/aashvi/ros2_ws/install/examples_rclpy_minimal_service:/home/aashvi/ros2_ws/install/examples_rclpy_minimal_publisher:/home/aashvi/ros2_ws/install/examples_rclpy_minimal_client:/home/aashvi/ros2_ws/install/examples_rclpy_minimal_action_server:/home/aashvi/ros2_ws/install/examples_rclpy_minimal_action_client:/home/aashvi/ros2_ws/install/examples_rclpy_guard_conditions:/home/aashvi/ros2_ws/install/examples_rclpy_executors:/home/aashvi/ros2_ws/src/install/turtle_mover:/opt/ros/humble /usr/bin/cmake --build /home/aashvi/polygon_srv/build/tutorial_interfaces -- -j8 -l8
[2.368s] Invoking command in '/home/aashvi/polygon_srv/build/tutorial_interfaces': CMAKE_PREFIX_PATH=${CMAKE_PREFIX_PATH}:/home/aashvi/ros2_ws/install/turtle_mover:/home/aashvi/ros2_ws/install/my_robot_controller:/home/aashvi/ros2_ws/install/my_package:/home/aashvi/ros2_ws/install/launch_testing_examples:/home/aashvi/ros2_ws/install/examples_rclpy_pointcloud_publisher:/home/aashvi/ros2_ws/install/examples_rclpy_minimal_subscriber:/home/aashvi/ros2_ws/install/examples_rclpy_minimal_service:/home/aashvi/ros2_ws/install/examples_rclpy_minimal_publisher:/home/aashvi/ros2_ws/install/examples_rclpy_minimal_client:/home/aashvi/ros2_ws/install/examples_rclpy_minimal_action_server:/home/aashvi/ros2_ws/install/examples_rclpy_minimal_action_client:/home/aashvi/ros2_ws/install/examples_rclpy_guard_conditions:/home/aashvi/ros2_ws/install/examples_rclpy_executors:/home/aashvi/ros2_ws/src/install/turtle_mover:/opt/ros/humble /usr/bin/cmake --install /home/aashvi/polygon_srv/build/tutorial_interfaces
[2.371s] -- Install configuration: ""
[2.371s] -- Installing: /home/aashvi/polygon_srv/install/tutorial_interfaces/share/ament_index/resource_index/rosidl_interfaces/tutorial_interfaces
[2.371s] -- Installing: /home/aashvi/polygon_srv/install/tutorial_interfaces/include/tutorial_interfaces/tutorial_interfaces
[2.372s] -- Installing: /home/aashvi/polygon_srv/install/tutorial_interfaces/include/tutorial_interfaces/tutorial_interfaces/msg
[2.372s] -- Installing: /home/aashvi/polygon_srv/install/tutorial_interfaces/include/tutorial_interfaces/tutorial_interfaces/msg/rosidl_generator_c__visibility_control.h
[2.372s] -- Installing: /home/aashvi/polygon_srv/install/tutorial_interfaces/include/tutorial_interfaces/tutorial_interfaces/srv
[2.372s] -- Installing: /home/aashvi/polygon_srv/install/tutorial_interfaces/include/tutorial_interfaces/tutorial_interfaces/srv/detail
[2.372s] -- Installing: /home/aashvi/polygon_srv/install/tutorial_interfaces/include/tutorial_interfaces/tutorial_interfaces/srv/detail/n_sides__type_support.h
[2.372s] -- Installing: /home/aashvi/polygon_srv/install/tutorial_interfaces/include/tutorial_interfaces/tutorial_interfaces/srv/detail/n_sides__struct.h
[2.372s] -- Installing: /home/aashvi/polygon_srv/install/tutorial_interfaces/include/tutorial_interfaces/tutorial_interfaces/srv/detail/n_sides__functions.c
[2.372s] -- Installing: /home/aashvi/polygon_srv/install/tutorial_interfaces/include/tutorial_interfaces/tutorial_interfaces/srv/detail/n_sides__functions.h
[2.372s] -- Installing: /home/aashvi/polygon_srv/install/tutorial_interfaces/include/tutorial_interfaces/tutorial_interfaces/srv/n_sides.h
[2.372s] -- Installing: /home/aashvi/polygon_srv/install/tutorial_interfaces/share/tutorial_interfaces/environment/library_path.sh
[2.372s] -- Installing: /home/aashvi/polygon_srv/install/tutorial_interfaces/share/tutorial_interfaces/environment/library_path.dsv
[2.372s] -- Installing: /home/aashvi/polygon_srv/install/tutorial_interfaces/lib/libtutorial_interfaces__rosidl_generator_c.so
[2.372s] -- Set runtime path of "/home/aashvi/polygon_srv/install/tutorial_interfaces/lib/libtutorial_interfaces__rosidl_generator_c.so" to ""
[2.372s] -- Up-to-date: /home/aashvi/polygon_srv/install/tutorial_interfaces/include/tutorial_interfaces/tutorial_interfaces
[2.373s] -- Up-to-date: /home/aashvi/polygon_srv/install/tutorial_interfaces/include/tutorial_interfaces/tutorial_interfaces/msg
[2.373s] -- Installing: /home/aashvi/polygon_srv/install/tutorial_interfaces/include/tutorial_interfaces/tutorial_interfaces/msg/rosidl_typesupport_fastrtps_c__visibility_control.h
[2.373s] -- Up-to-date: /home/aashvi/polygon_srv/install/tutorial_interfaces/include/tutorial_interfaces/tutorial_interfaces/srv
[2.373s] -- Up-to-date: /home/aashvi/polygon_srv/install/tutorial_interfaces/include/tutorial_interfaces/tutorial_interfaces/srv/detail
[2.373s] -- Installing: /home/aashvi/polygon_srv/install/tutorial_interfaces/include/tutorial_interfaces/tutorial_interfaces/srv/detail/n_sides__rosidl_typesupport_fastrtps_c.h
[2.373s] -- Installing: /home/aashvi/polygon_srv/install/tutorial_interfaces/lib/libtutorial_interfaces__rosidl_typesupport_fastrtps_c.so
[2.373s] -- Set runtime path of "/home/aashvi/polygon_srv/install/tutorial_interfaces/lib/libtutorial_interfaces__rosidl_typesupport_fastrtps_c.so" to ""
[2.373s] -- Up-to-date: /home/aashvi/polygon_srv/install/tutorial_interfaces/include/tutorial_interfaces/tutorial_interfaces
[2.373s] -- Up-to-date: /home/aashvi/polygon_srv/install/tutorial_interfaces/include/tutorial_interfaces/tutorial_interfaces/msg
[2.373s] -- Installing: /home/aashvi/polygon_srv/install/tutorial_interfaces/include/tutorial_interfaces/tutorial_interfaces/msg/rosidl_generator_cpp__visibility_control.hpp
[2.373s] -- Up-to-date: /home/aashvi/polygon_srv/install/tutorial_interfaces/include/tutorial_interfaces/tutorial_interfaces/srv
[2.373s] -- Installing: /home/aashvi/polygon_srv/install/tutorial_interfaces/include/tutorial_interfaces/tutorial_interfaces/srv/n_sides.hpp
[2.373s] -- Up-to-date: /home/aashvi/polygon_srv/install/tutorial_interfaces/include/tutorial_interfaces/tutorial_interfaces/srv/detail
[2.373s] -- Installing: /home/aashvi/polygon_srv/install/tutorial_interfaces/include/tutorial_interfaces/tutorial_interfaces/srv/detail/n_sides__struct.hpp
[2.373s] -- Installing: /home/aashvi/polygon_srv/install/tutorial_interfaces/include/tutorial_interfaces/tutorial_interfaces/srv/detail/n_sides__builder.hpp
[2.374s] -- Installing: /home/aashvi/polygon_srv/install/tutorial_interfaces/include/tutorial_interfaces/tutorial_interfaces/srv/detail/n_sides__traits.hpp
[2.374s] -- Installing: /home/aashvi/polygon_srv/install/tutorial_interfaces/include/tutorial_interfaces/tutorial_interfaces/srv/detail/n_sides__type_support.hpp
[2.374s] -- Up-to-date: /home/aashvi/polygon_srv/install/tutorial_interfaces/include/tutorial_interfaces/tutorial_interfaces
[2.374s] -- Up-to-date: /home/aashvi/polygon_srv/install/tutorial_interfaces/include/tutorial_interfaces/tutorial_interfaces/msg
[2.374s] -- Installing: /home/aashvi/polygon_srv/install/tutorial_interfaces/include/tutorial_interfaces/tutorial_interfaces/msg/rosidl_typesupport_fastrtps_cpp__visibility_control.h
[2.374s] -- Up-to-date: /home/aashvi/polygon_srv/install/tutorial_interfaces/include/tutorial_interfaces/tutorial_interfaces/srv
[2.374s] -- Up-to-date: /home/aashvi/polygon_srv/install/tutorial_interfaces/include/tutorial_interfaces/tutorial_interfaces/srv/detail
[2.374s] -- Installing: /home/aashvi/polygon_srv/install/tutorial_interfaces/include/tutorial_interfaces/tutorial_interfaces/srv/detail/n_sides__rosidl_typesupport_fastrtps_cpp.hpp
[2.374s] -- Installing: /home/aashvi/polygon_srv/install/tutorial_interfaces/include/tutorial_interfaces/tutorial_interfaces/srv/detail/dds_fastrtps
[2.374s] -- Installing: /home/aashvi/polygon_srv/install/tutorial_interfaces/lib/libtutorial_interfaces__rosidl_typesupport_fastrtps_cpp.so
[2.374s] -- Set runtime path of "/home/aashvi/polygon_srv/install/tutorial_interfaces/lib/libtutorial_interfaces__rosidl_typesupport_fastrtps_cpp.so" to ""
[2.374s] -- Up-to-date: /home/aashvi/polygon_srv/install/tutorial_interfaces/include/tutorial_interfaces/tutorial_interfaces
[2.374s] -- Up-to-date: /home/aashvi/polygon_srv/install/tutorial_interfaces/include/tutorial_interfaces/tutorial_interfaces/msg
[2.374s] -- Installing: /home/aashvi/polygon_srv/install/tutorial_interfaces/include/tutorial_interfaces/tutorial_interfaces/msg/rosidl_typesupport_introspection_c__visibility_control.h
[2.374s] -- Up-to-date: /home/aashvi/polygon_srv/install/tutorial_interfaces/include/tutorial_interfaces/tutorial_interfaces/srv
[2.374s] -- Up-to-date: /home/aashvi/polygon_srv/install/tutorial_interfaces/include/tutorial_interfaces/tutorial_interfaces/srv/detail
[2.374s] -- Installing: /home/aashvi/polygon_srv/install/tutorial_interfaces/include/tutorial_interfaces/tutorial_interfaces/srv/detail/n_sides__rosidl_typesupport_introspection_c.h
[2.374s] -- Installing: /home/aashvi/polygon_srv/install/tutorial_interfaces/include/tutorial_interfaces/tutorial_interfaces/srv/detail/n_sides__type_support.c
[2.374s] -- Installing: /home/aashvi/polygon_srv/install/tutorial_interfaces/lib/libtutorial_interfaces__rosidl_typesupport_introspection_c.so
[2.375s] -- Set runtime path of "/home/aashvi/polygon_srv/install/tutorial_interfaces/lib/libtutorial_interfaces__rosidl_typesupport_introspection_c.so" to ""
[2.375s] -- Installing: /home/aashvi/polygon_srv/install/tutorial_interfaces/lib/libtutorial_interfaces__rosidl_typesupport_c.so
[2.375s] -- Set runtime path of "/home/aashvi/polygon_srv/install/tutorial_interfaces/lib/libtutorial_interfaces__rosidl_typesupport_c.so" to ""
[2.375s] -- Up-to-date: /home/aashvi/polygon_srv/install/tutorial_interfaces/include/tutorial_interfaces/tutorial_interfaces
[2.375s] -- Up-to-date: /home/aashvi/polygon_srv/install/tutorial_interfaces/include/tutorial_interfaces/tutorial_interfaces/srv
[2.375s] -- Up-to-date: /home/aashvi/polygon_srv/install/tutorial_interfaces/include/tutorial_interfaces/tutorial_interfaces/srv/detail
[2.375s] -- Installing: /home/aashvi/polygon_srv/install/tutorial_interfaces/include/tutorial_interfaces/tutorial_interfaces/srv/detail/n_sides__rosidl_typesupport_introspection_cpp.hpp
[2.375s] -- Installing: /home/aashvi/polygon_srv/install/tutorial_interfaces/include/tutorial_interfaces/tutorial_interfaces/srv/detail/n_sides__type_support.cpp
[2.375s] -- Installing: /home/aashvi/polygon_srv/install/tutorial_interfaces/lib/libtutorial_interfaces__rosidl_typesupport_introspection_cpp.so
[2.375s] -- Set runtime path of "/home/aashvi/polygon_srv/install/tutorial_interfaces/lib/libtutorial_interfaces__rosidl_typesupport_introspection_cpp.so" to ""
[2.375s] -- Installing: /home/aashvi/polygon_srv/install/tutorial_interfaces/lib/libtutorial_interfaces__rosidl_typesupport_cpp.so
[2.375s] -- Set runtime path of "/home/aashvi/polygon_srv/install/tutorial_interfaces/lib/libtutorial_interfaces__rosidl_typesupport_cpp.so" to ""
[2.375s] -- Installing: /home/aashvi/polygon_srv/install/tutorial_interfaces/share/tutorial_interfaces/environment/pythonpath.sh
[2.376s] -- Installing: /home/aashvi/polygon_srv/install/tutorial_interfaces/share/tutorial_interfaces/environment/pythonpath.dsv
[2.376s] -- Installing: /home/aashvi/polygon_srv/install/tutorial_interfaces/local/lib/python3.10/dist-packages/tutorial_interfaces-0.0.0-py3.10.egg-info
[2.376s] -- Installing: /home/aashvi/polygon_srv/install/tutorial_interfaces/local/lib/python3.10/dist-packages/tutorial_interfaces-0.0.0-py3.10.egg-info/SOURCES.txt
[2.376s] -- Installing: /home/aashvi/polygon_srv/install/tutorial_interfaces/local/lib/python3.10/dist-packages/tutorial_interfaces-0.0.0-py3.10.egg-info/top_level.txt
[2.376s] -- Installing: /home/aashvi/polygon_srv/install/tutorial_interfaces/local/lib/python3.10/dist-packages/tutorial_interfaces-0.0.0-py3.10.egg-info/PKG-INFO
[2.376s] -- Installing: /home/aashvi/polygon_srv/install/tutorial_interfaces/local/lib/python3.10/dist-packages/tutorial_interfaces-0.0.0-py3.10.egg-info/dependency_links.txt
[2.376s] -- Installing: /home/aashvi/polygon_srv/install/tutorial_interfaces/local/lib/python3.10/dist-packages/tutorial_interfaces
[2.376s] -- Installing: /home/aashvi/polygon_srv/install/tutorial_interfaces/local/lib/python3.10/dist-packages/tutorial_interfaces/tutorial_interfaces_s__rosidl_typesupport_fastrtps_c.cpython-310-aarch64-linux-gnu.so
[2.376s] -- Installing: /home/aashvi/polygon_srv/install/tutorial_interfaces/local/lib/python3.10/dist-packages/tutorial_interfaces/_tutorial_interfaces_s.ep.rosidl_typesupport_introspection_c.c
[2.376s] -- Installing: /home/aashvi/polygon_srv/install/tutorial_interfaces/local/lib/python3.10/dist-packages/tutorial_interfaces/tutorial_interfaces_s__rosidl_typesupport_introspection_c.cpython-310-aarch64-linux-gnu.so
[2.376s] -- Installing: /home/aashvi/polygon_srv/install/tutorial_interfaces/local/lib/python3.10/dist-packages/tutorial_interfaces/_tutorial_interfaces_s.ep.rosidl_typesupport_fastrtps_c.c
[2.376s] -- Installing: /home/aashvi/polygon_srv/install/tutorial_interfaces/local/lib/python3.10/dist-packages/tutorial_interfaces/libtutorial_interfaces__rosidl_generator_py.so
[2.376s] -- Installing: /home/aashvi/polygon_srv/install/tutorial_interfaces/local/lib/python3.10/dist-packages/tutorial_interfaces/__init__.py
[2.376s] -- Installing: /home/aashvi/polygon_srv/install/tutorial_interfaces/local/lib/python3.10/dist-packages/tutorial_interfaces/tutorial_interfaces_s__rosidl_typesupport_c.cpython-310-aarch64-linux-gnu.so
[2.376s] -- Installing: /home/aashvi/polygon_srv/install/tutorial_interfaces/local/lib/python3.10/dist-packages/tutorial_interfaces/srv
[2.376s] -- Installing: /home/aashvi/polygon_srv/install/tutorial_interfaces/local/lib/python3.10/dist-packages/tutorial_interfaces/srv/_n_sides.py
[2.376s] -- Installing: /home/aashvi/polygon_srv/install/tutorial_interfaces/local/lib/python3.10/dist-packages/tutorial_interfaces/srv/__init__.py
[2.376s] -- Installing: /home/aashvi/polygon_srv/install/tutorial_interfaces/local/lib/python3.10/dist-packages/tutorial_interfaces/srv/_n_sides_s.c
[2.377s] -- Installing: /home/aashvi/polygon_srv/install/tutorial_interfaces/local/lib/python3.10/dist-packages/tutorial_interfaces/_tutorial_interfaces_s.ep.rosidl_typesupport_c.c
[2.399s] Listing '/home/aashvi/polygon_srv/install/tutorial_interfaces/local/lib/python3.10/dist-packages/tutorial_interfaces'...
[2.399s] Compiling '/home/aashvi/polygon_srv/install/tutorial_interfaces/local/lib/python3.10/dist-packages/tutorial_interfaces/__init__.py'...
[2.399s] Listing '/home/aashvi/polygon_srv/install/tutorial_interfaces/local/lib/python3.10/dist-packages/tutorial_interfaces/srv'...
[2.399s] Compiling '/home/aashvi/polygon_srv/install/tutorial_interfaces/local/lib/python3.10/dist-packages/tutorial_interfaces/srv/__init__.py'...
[2.399s] Compiling '/home/aashvi/polygon_srv/install/tutorial_interfaces/local/lib/python3.10/dist-packages/tutorial_interfaces/srv/_n_sides.py'...
[2.402s] -- Installing: /home/aashvi/polygon_srv/install/tutorial_interfaces/local/lib/python3.10/dist-packages/tutorial_interfaces/tutorial_interfaces_s__rosidl_typesupport_fastrtps_c.cpython-310-aarch64-linux-gnu.so
[2.402s] -- Set runtime path of "/home/aashvi/polygon_srv/install/tutorial_interfaces/local/lib/python3.10/dist-packages/tutorial_interfaces/tutorial_interfaces_s__rosidl_typesupport_fastrtps_c.cpython-310-aarch64-linux-gnu.so" to ""
[2.402s] -- Installing: /home/aashvi/polygon_srv/install/tutorial_interfaces/local/lib/python3.10/dist-packages/tutorial_interfaces/tutorial_interfaces_s__rosidl_typesupport_introspection_c.cpython-310-aarch64-linux-gnu.so
[2.402s] -- Set runtime path of "/home/aashvi/polygon_srv/install/tutorial_interfaces/local/lib/python3.10/dist-packages/tutorial_interfaces/tutorial_interfaces_s__rosidl_typesupport_introspection_c.cpython-310-aarch64-linux-gnu.so" to ""
[2.403s] -- Installing: /home/aashvi/polygon_srv/install/tutorial_interfaces/local/lib/python3.10/dist-packages/tutorial_interfaces/tutorial_interfaces_s__rosidl_typesupport_c.cpython-310-aarch64-linux-gnu.so
[2.403s] -- Set runtime path of "/home/aashvi/polygon_srv/install/tutorial_interfaces/local/lib/python3.10/dist-packages/tutorial_interfaces/tutorial_interfaces_s__rosidl_typesupport_c.cpython-310-aarch64-linux-gnu.so" to ""
[2.403s] -- Installing: /home/aashvi/polygon_srv/install/tutorial_interfaces/lib/libtutorial_interfaces__rosidl_generator_py.so
[2.403s] -- Set runtime path of "/home/aashvi/polygon_srv/install/tutorial_interfaces/lib/libtutorial_interfaces__rosidl_generator_py.so" to ""
[2.403s] -- Installing: /home/aashvi/polygon_srv/install/tutorial_interfaces/share/tutorial_interfaces/srv/NSides.idl
[2.403s] -- Installing: /home/aashvi/polygon_srv/install/tutorial_interfaces/share/tutorial_interfaces/srv/NSides.srv
[2.404s] -- Installing: /home/aashvi/polygon_srv/install/tutorial_interfaces/share/tutorial_interfaces/srv/NSides_Request.msg
[2.404s] -- Installing: /home/aashvi/polygon_srv/install/tutorial_interfaces/share/tutorial_interfaces/srv/NSides_Response.msg
[2.404s] -- Installing: /home/aashvi/polygon_srv/install/tutorial_interfaces/share/ament_index/resource_index/package_run_dependencies/tutorial_interfaces
[2.404s] -- Installing: /home/aashvi/polygon_srv/install/tutorial_interfaces/share/ament_index/resource_index/parent_prefix_path/tutorial_interfaces
[2.404s] -- Installing: /home/aashvi/polygon_srv/install/tutorial_interfaces/share/tutorial_interfaces/environment/ament_prefix_path.sh
[2.404s] -- Installing: /home/aashvi/polygon_srv/install/tutorial_interfaces/share/tutorial_interfaces/environment/ament_prefix_path.dsv
[2.404s] -- Installing: /home/aashvi/polygon_srv/install/tutorial_interfaces/share/tutorial_interfaces/environment/path.sh
[2.404s] -- Installing: /home/aashvi/polygon_srv/install/tutorial_interfaces/share/tutorial_interfaces/environment/path.dsv
[2.404s] -- Installing: /home/aashvi/polygon_srv/install/tutorial_interfaces/share/tutorial_interfaces/local_setup.bash
[2.404s] -- Installing: /home/aashvi/polygon_srv/install/tutorial_interfaces/share/tutorial_interfaces/local_setup.sh
[2.404s] -- Installing: /home/aashvi/polygon_srv/install/tutorial_interfaces/share/tutorial_interfaces/local_setup.zsh
[2.404s] -- Installing: /home/aashvi/polygon_srv/install/tutorial_interfaces/share/tutorial_interfaces/local_setup.dsv
[2.405s] -- Installing: /home/aashvi/polygon_srv/install/tutorial_interfaces/share/tutorial_interfaces/package.dsv
[2.405s] -- Installing: /home/aashvi/polygon_srv/install/tutorial_interfaces/share/ament_index/resource_index/packages/tutorial_interfaces
[2.405s] -- Installing: /home/aashvi/polygon_srv/install/tutorial_interfaces/share/tutorial_interfaces/cmake/export_tutorial_interfaces__rosidl_generator_cExport.cmake
[2.405s] -- Installing: /home/aashvi/polygon_srv/install/tutorial_interfaces/share/tutorial_interfaces/cmake/export_tutorial_interfaces__rosidl_generator_cExport-noconfig.cmake
[2.405s] -- Installing: /home/aashvi/polygon_srv/install/tutorial_interfaces/share/tutorial_interfaces/cmake/export_tutorial_interfaces__rosidl_typesupport_fastrtps_cExport.cmake
[2.405s] -- Installing: /home/aashvi/polygon_srv/install/tutorial_interfaces/share/tutorial_interfaces/cmake/export_tutorial_interfaces__rosidl_typesupport_fastrtps_cExport-noconfig.cmake
[2.405s] -- Installing: /home/aashvi/polygon_srv/install/tutorial_interfaces/share/tutorial_interfaces/cmake/export_tutorial_interfaces__rosidl_generator_cppExport.cmake
[2.405s] -- Installing: /home/aashvi/polygon_srv/install/tutorial_interfaces/share/tutorial_interfaces/cmake/export_tutorial_interfaces__rosidl_typesupport_fastrtps_cppExport.cmake
[2.405s] -- Installing: /home/aashvi/polygon_srv/install/tutorial_interfaces/share/tutorial_interfaces/cmake/export_tutorial_interfaces__rosidl_typesupport_fastrtps_cppExport-noconfig.cmake
[2.406s] -- Installing: /home/aashvi/polygon_srv/install/tutorial_interfaces/share/tutorial_interfaces/cmake/tutorial_interfaces__rosidl_typesupport_introspection_cExport.cmake
[2.406s] -- Installing: /home/aashvi/polygon_srv/install/tutorial_interfaces/share/tutorial_interfaces/cmake/tutorial_interfaces__rosidl_typesupport_introspection_cExport-noconfig.cmake
[2.406s] -- Installing: /home/aashvi/polygon_srv/install/tutorial_interfaces/share/tutorial_interfaces/cmake/tutorial_interfaces__rosidl_typesupport_cExport.cmake
[2.406s] -- Installing: /home/aashvi/polygon_srv/install/tutorial_interfaces/share/tutorial_interfaces/cmake/tutorial_interfaces__rosidl_typesupport_cExport-noconfig.cmake
[2.406s] -- Installing: /home/aashvi/polygon_srv/install/tutorial_interfaces/share/tutorial_interfaces/cmake/tutorial_interfaces__rosidl_typesupport_introspection_cppExport.cmake
[2.406s] -- Installing: /home/aashvi/polygon_srv/install/tutorial_interfaces/share/tutorial_interfaces/cmake/tutorial_interfaces__rosidl_typesupport_introspection_cppExport-noconfig.cmake
[2.406s] -- Installing: /home/aashvi/polygon_srv/install/tutorial_interfaces/share/tutorial_interfaces/cmake/tutorial_interfaces__rosidl_typesupport_cppExport.cmake
[2.406s] -- Installing: /home/aashvi/polygon_srv/install/tutorial_interfaces/share/tutorial_interfaces/cmake/tutorial_interfaces__rosidl_typesupport_cppExport-noconfig.cmake
[2.406s] -- Installing: /home/aashvi/polygon_srv/install/tutorial_interfaces/share/tutorial_interfaces/cmake/export_tutorial_interfaces__rosidl_generator_pyExport.cmake
[2.406s] -- Installing: /home/aashvi/polygon_srv/install/tutorial_interfaces/share/tutorial_interfaces/cmake/export_tutorial_interfaces__rosidl_generator_pyExport-noconfig.cmake
[2.406s] -- Installing: /home/aashvi/polygon_srv/install/tutorial_interfaces/share/tutorial_interfaces/cmake/rosidl_cmake-extras.cmake
[2.406s] -- Installing: /home/aashvi/polygon_srv/install/tutorial_interfaces/share/tutorial_interfaces/cmake/ament_cmake_export_include_directories-extras.cmake
[2.406s] -- Installing: /home/aashvi/polygon_srv/install/tutorial_interfaces/share/tutorial_interfaces/cmake/ament_cmake_export_libraries-extras.cmake
[2.406s] -- Installing: /home/aashvi/polygon_srv/install/tutorial_interfaces/share/tutorial_interfaces/cmake/ament_cmake_export_targets-extras.cmake
[2.407s] -- Installing: /home/aashvi/polygon_srv/install/tutorial_interfaces/share/tutorial_interfaces/cmake/rosidl_cmake_export_typesupport_targets-extras.cmake
[2.407s] -- Installing: /home/aashvi/polygon_srv/install/tutorial_interfaces/share/tutorial_interfaces/cmake/ament_cmake_export_dependencies-extras.cmake
[2.407s] -- Installing: /home/aashvi/polygon_srv/install/tutorial_interfaces/share/tutorial_interfaces/cmake/rosidl_cmake_export_typesupport_libraries-extras.cmake
[2.407s] -- Installing: /home/aashvi/polygon_srv/install/tutorial_interfaces/share/tutorial_interfaces/cmake/tutorial_interfacesConfig.cmake
[2.407s] -- Installing: /home/aashvi/polygon_srv/install/tutorial_interfaces/share/tutorial_interfaces/cmake/tutorial_interfacesConfig-version.cmake
[2.407s] -- Installing: /home/aashvi/polygon_srv/install/tutorial_interfaces/share/tutorial_interfaces/package.xml
[2.408s] Invoked command in '/home/aashvi/polygon_srv/build/tutorial_interfaces' returned '0': CMAKE_PREFIX_PATH=${CMAKE_PREFIX_PATH}:/home/aashvi/ros2_ws/install/turtle_mover:/home/aashvi/ros2_ws/install/my_robot_controller:/home/aashvi/ros2_ws/install/my_package:/home/aashvi/ros2_ws/install/launch_testing_examples:/home/aashvi/ros2_ws/install/examples_rclpy_pointcloud_publisher:/home/aashvi/ros2_ws/install/examples_rclpy_minimal_subscriber:/home/aashvi/ros2_ws/install/examples_rclpy_minimal_service:/home/aashvi/ros2_ws/install/examples_rclpy_minimal_publisher:/home/aashvi/ros2_ws/install/examples_rclpy_minimal_client:/home/aashvi/ros2_ws/install/examples_rclpy_minimal_action_server:/home/aashvi/ros2_ws/install/examples_rclpy_minimal_action_client:/home/aashvi/ros2_ws/install/examples_rclpy_guard_conditions:/home/aashvi/ros2_ws/install/examples_rclpy_executors:/home/aashvi/ros2_ws/src/install/turtle_mover:/opt/ros/humble /usr/bin/cmake --install /home/aashvi/polygon_srv/build/tutorial_interfaces
