[0.007s] Invoking command in '/home/aashvi/launch_ws/build/learning_tf2_cpp': CMAKE_PREFIX_PATH=${CMAKE_PREFIX_PATH}:/home/aashvi/ros2_ws/install/turtle_mover:/home/aashvi/ros2_ws/install/my_robot_controller:/home/aashvi/ros2_ws/install/py_pubsub:/home/aashvi/ros2_ws/install/my_package:/home/aashvi/polygon_ws/install/polygon_pkg:/home/aashvi/service_ws/install/py_srvcli:/opt/ros/humble /usr/bin/cmake --build /home/aashvi/launch_ws/build/learning_tf2_cpp -- -j4 -l4
[0.042s] [35m[1mConsolidate compiler generated dependencies of target turtle_tf2_broadcaster[0m
[0.052s] [100%] Built target turtle_tf2_broadcaster
[0.052s] [100%] Built target static_turtle_tf2_broadcaster
[0.057s] Invoked command in '/home/aashvi/launch_ws/build/learning_tf2_cpp' returned '0': CMAKE_PREFIX_PATH=${CMAKE_PREFIX_PATH}:/home/aashvi/ros2_ws/install/turtle_mover:/home/aashvi/ros2_ws/install/my_robot_controller:/home/aashvi/ros2_ws/install/py_pubsub:/home/aashvi/ros2_ws/install/my_package:/home/aashvi/polygon_ws/install/polygon_pkg:/home/aashvi/service_ws/install/py_srvcli:/opt/ros/humble /usr/bin/cmake --build /home/aashvi/launch_ws/build/learning_tf2_cpp -- -j4 -l4
[0.061s] Invoking command in '/home/aashvi/launch_ws/build/learning_tf2_cpp': CMAKE_PREFIX_PATH=${CMAKE_PREFIX_PATH}:/home/aashvi/ros2_ws/install/turtle_mover:/home/aashvi/ros2_ws/install/my_robot_controller:/home/aashvi/ros2_ws/install/py_pubsub:/home/aashvi/ros2_ws/install/my_package:/home/aashvi/polygon_ws/install/polygon_pkg:/home/aashvi/service_ws/install/py_srvcli:/opt/ros/humble /usr/bin/cmake --install /home/aashvi/launch_ws/build/learning_tf2_cpp
[0.063s] -- Install configuration: ""
[0.064s] -- Up-to-date: /home/aashvi/launch_ws/install/learning_tf2_cpp/lib/learning_tf2_cpp/turtle_tf2_broadcaster
[0.064s] -- Up-to-date: /home/aashvi/launch_ws/install/learning_tf2_cpp/lib/learning_tf2_cpp/static_turtle_tf2_broadcaster
[0.064s] -- Up-to-date: /home/aashvi/launch_ws/install/learning_tf2_cpp/share/learning_tf2_cpp/launch
[0.064s] -- Installing: /home/aashvi/launch_ws/install/learning_tf2_cpp/share/learning_tf2_cpp/launch/turtle_tf2_demo.launch.py
[0.064s] -- Up-to-date: /home/aashvi/launch_ws/install/learning_tf2_cpp/share/ament_index/resource_index/package_run_dependencies/learning_tf2_cpp
[0.064s] -- Up-to-date: /home/aashvi/launch_ws/install/learning_tf2_cpp/share/ament_index/resource_index/parent_prefix_path/learning_tf2_cpp
[0.064s] -- Up-to-date: /home/aashvi/launch_ws/install/learning_tf2_cpp/share/learning_tf2_cpp/environment/ament_prefix_path.sh
[0.064s] -- Up-to-date: /home/aashvi/launch_ws/install/learning_tf2_cpp/share/learning_tf2_cpp/environment/ament_prefix_path.dsv
[0.065s] -- Up-to-date: /home/aashvi/launch_ws/install/learning_tf2_cpp/share/learning_tf2_cpp/environment/path.sh
[0.065s] -- Up-to-date: /home/aashvi/launch_ws/install/learning_tf2_cpp/share/learning_tf2_cpp/environment/path.dsv
[0.065s] -- Up-to-date: /home/aashvi/launch_ws/install/learning_tf2_cpp/share/learning_tf2_cpp/local_setup.bash
[0.065s] -- Up-to-date: /home/aashvi/launch_ws/install/learning_tf2_cpp/share/learning_tf2_cpp/local_setup.sh
[0.065s] -- Up-to-date: /home/aashvi/launch_ws/install/learning_tf2_cpp/share/learning_tf2_cpp/local_setup.zsh
[0.065s] -- Up-to-date: /home/aashvi/launch_ws/install/learning_tf2_cpp/share/learning_tf2_cpp/local_setup.dsv
[0.065s] -- Installing: /home/aashvi/launch_ws/install/learning_tf2_cpp/share/learning_tf2_cpp/package.dsv
[0.065s] -- Up-to-date: /home/aashvi/launch_ws/install/learning_tf2_cpp/share/ament_index/resource_index/packages/learning_tf2_cpp
[0.065s] -- Up-to-date: /home/aashvi/launch_ws/install/learning_tf2_cpp/share/learning_tf2_cpp/cmake/learning_tf2_cppConfig.cmake
[0.065s] -- Up-to-date: /home/aashvi/launch_ws/install/learning_tf2_cpp/share/learning_tf2_cpp/cmake/learning_tf2_cppConfig-version.cmake
[0.065s] -- Up-to-date: /home/aashvi/launch_ws/install/learning_tf2_cpp/share/learning_tf2_cpp/package.xml
[0.065s] Invoked command in '/home/aashvi/launch_ws/build/learning_tf2_cpp' returned '0': CMAKE_PREFIX_PATH=${CMAKE_PREFIX_PATH}:/home/aashvi/ros2_ws/install/turtle_mover:/home/aashvi/ros2_ws/install/my_robot_controller:/home/aashvi/ros2_ws/install/py_pubsub:/home/aashvi/ros2_ws/install/my_package:/home/aashvi/polygon_ws/install/polygon_pkg:/home/aashvi/service_ws/install/py_srvcli:/opt/ros/humble /usr/bin/cmake --install /home/aashvi/launch_ws/build/learning_tf2_cpp
