[0.019s] Invoking command in '/home/aashvi/polygon_ws/build/polygon_pkg_cpp': AMENT_PREFIX_PATH=/home/aashvi/polygon_ws/install/tutorial_interfaces:/home/aashvi/polygon_ws/install/turtlesim:${AMENT_PREFIX_PATH} CMAKE_PREFIX_PATH=/home/aashvi/polygon_ws/install/tutorial_interfaces:/home/aashvi/polygon_ws/install/turtlesim:/home/aashvi/ros2_ws/install/turtle_controller:/home/aashvi/ros2_ws/install/draw_d_cpp:/home/aashvi/ros2_ws/install/draw_circle_cpp:/home/aashvi/ros2_ws/install/turtlesim:/home/aashvi/ros2_ws/install/chat_pkg:/home/aashvi/install/draw_circle_cpp:/home/aashvi/ros2_ws/install/turtle_mover:/home/aashvi/ros2_ws/install/my_robot_controller:/home/aashvi/ros2_ws/install/py_pubsub:/home/aashvi/ros2_ws/install/my_package:/opt/ros/humble LD_LIBRARY_PATH=/home/aashvi/polygon_ws/install/tutorial_interfaces/lib:/home/aashvi/polygon_ws/install/turtlesim/lib:${LD_LIBRARY_PATH} PYTHONPATH=/home/aashvi/polygon_ws/install/tutorial_interfaces/local/lib/python3.10/dist-packages:/home/aashvi/polygon_ws/install/turtlesim/local/lib/python3.10/dist-packages:${PYTHONPATH} /usr/bin/cmake /home/aashvi/polygon_ws/src/polygon_pkg_cpp -DCMAKE_INSTALL_PREFIX=/home/aashvi/polygon_ws/install/polygon_pkg_cpp
[0.178s] -- The C compiler identification is GNU 11.4.0
[0.313s] -- The CXX compiler identification is GNU 11.4.0
[0.323s] -- Detecting C compiler ABI info
[0.384s] -- Detecting C compiler ABI info - done
[0.389s] -- Check for working C compiler: /usr/bin/cc - skipped
[0.389s] -- Detecting C compile features
[0.389s] -- Detecting C compile features - done
[0.392s] -- Detecting CXX compiler ABI info
[0.446s] -- Detecting CXX compiler ABI info - done
[0.449s] -- Check for working CXX compiler: /usr/bin/c++ - skipped
[0.449s] -- Detecting CXX compile features
[0.449s] -- Detecting CXX compile features - done
[0.471s] -- Found ament_cmake: 1.3.11 (/opt/ros/humble/share/ament_cmake/cmake)
[0.595s] -- Found Python3: /usr/bin/python3 (found version "3.10.12") found components: Interpreter 
[0.686s] -- Found rclcpp: 16.0.11 (/opt/ros/humble/share/rclcpp/cmake)
[0.751s] -- Found rosidl_generator_c: 3.1.6 (/opt/ros/humble/share/rosidl_generator_c/cmake)
[0.756s] -- Found rosidl_adapter: 3.1.6 (/opt/ros/humble/share/rosidl_adapter/cmake)
[0.767s] -- Found rosidl_generator_cpp: 3.1.6 (/opt/ros/humble/share/rosidl_generator_cpp/cmake)
[0.783s] -- Using all available rosidl_typesupport_c: rosidl_typesupport_fastrtps_c;rosidl_typesupport_introspection_c
[0.802s] -- Using all available rosidl_typesupport_cpp: rosidl_typesupport_fastrtps_cpp;rosidl_typesupport_introspection_cpp
[0.857s] -- Found rmw_implementation_cmake: 6.1.2 (/opt/ros/humble/share/rmw_implementation_cmake/cmake)
[0.863s] -- Found rmw_fastrtps_cpp: 6.2.7 (/opt/ros/humble/share/rmw_fastrtps_cpp/cmake)
[0.944s] -- Found OpenSSL: /usr/lib/aarch64-linux-gnu/libcrypto.so (found version "3.0.2")  
[0.968s] -- Found FastRTPS: /opt/ros/humble/include  
[0.994s] -- Using RMW implementation 'rmw_fastrtps_cpp' as default
[1.005s] -- Looking for pthread.h
[1.044s] -- Looking for pthread.h - found
[1.044s] -- Performing Test CMAKE_HAVE_LIBC_PTHREAD
[1.094s] -- Performing Test CMAKE_HAVE_LIBC_PTHREAD - Success
[1.094s] -- Found Threads: TRUE  
[1.160s] -- Found geometry_msgs: 4.2.4 (/opt/ros/humble/share/geometry_msgs/cmake)
[1.173s] -- Found turtlesim: 1.4.2 (/home/aashvi/polygon_ws/install/turtlesim/share/turtlesim/cmake)
[1.211s] -- Found tutorial_interfaces: 0.0.0 (/home/aashvi/polygon_ws/install/tutorial_interfaces/share/tutorial_interfaces/cmake)
[1.277s] -- Configuring done
[1.287s] -- Generating done
[1.293s] -- Build files have been written to: /home/aashvi/polygon_ws/build/polygon_pkg_cpp
[1.298s] Invoked command in '/home/aashvi/polygon_ws/build/polygon_pkg_cpp' returned '0': AMENT_PREFIX_PATH=/home/aashvi/polygon_ws/install/tutorial_interfaces:/home/aashvi/polygon_ws/install/turtlesim:${AMENT_PREFIX_PATH} CMAKE_PREFIX_PATH=/home/aashvi/polygon_ws/install/tutorial_interfaces:/home/aashvi/polygon_ws/install/turtlesim:/home/aashvi/ros2_ws/install/turtle_controller:/home/aashvi/ros2_ws/install/draw_d_cpp:/home/aashvi/ros2_ws/install/draw_circle_cpp:/home/aashvi/ros2_ws/install/turtlesim:/home/aashvi/ros2_ws/install/chat_pkg:/home/aashvi/install/draw_circle_cpp:/home/aashvi/ros2_ws/install/turtle_mover:/home/aashvi/ros2_ws/install/my_robot_controller:/home/aashvi/ros2_ws/install/py_pubsub:/home/aashvi/ros2_ws/install/my_package:/opt/ros/humble LD_LIBRARY_PATH=/home/aashvi/polygon_ws/install/tutorial_interfaces/lib:/home/aashvi/polygon_ws/install/turtlesim/lib:${LD_LIBRARY_PATH} PYTHONPATH=/home/aashvi/polygon_ws/install/tutorial_interfaces/local/lib/python3.10/dist-packages:/home/aashvi/polygon_ws/install/turtlesim/local/lib/python3.10/dist-packages:${PYTHONPATH} /usr/bin/cmake /home/aashvi/polygon_ws/src/polygon_pkg_cpp -DCMAKE_INSTALL_PREFIX=/home/aashvi/polygon_ws/install/polygon_pkg_cpp
[1.299s] Invoking command in '/home/aashvi/polygon_ws/build/polygon_pkg_cpp': AMENT_PREFIX_PATH=/home/aashvi/polygon_ws/install/tutorial_interfaces:/home/aashvi/polygon_ws/install/turtlesim:${AMENT_PREFIX_PATH} CMAKE_PREFIX_PATH=/home/aashvi/polygon_ws/install/tutorial_interfaces:/home/aashvi/polygon_ws/install/turtlesim:/home/aashvi/ros2_ws/install/turtle_controller:/home/aashvi/ros2_ws/install/draw_d_cpp:/home/aashvi/ros2_ws/install/draw_circle_cpp:/home/aashvi/ros2_ws/install/turtlesim:/home/aashvi/ros2_ws/install/chat_pkg:/home/aashvi/install/draw_circle_cpp:/home/aashvi/ros2_ws/install/turtle_mover:/home/aashvi/ros2_ws/install/my_robot_controller:/home/aashvi/ros2_ws/install/py_pubsub:/home/aashvi/ros2_ws/install/my_package:/opt/ros/humble LD_LIBRARY_PATH=/home/aashvi/polygon_ws/install/tutorial_interfaces/lib:/home/aashvi/polygon_ws/install/turtlesim/lib:${LD_LIBRARY_PATH} PYTHONPATH=/home/aashvi/polygon_ws/install/tutorial_interfaces/local/lib/python3.10/dist-packages:/home/aashvi/polygon_ws/install/turtlesim/local/lib/python3.10/dist-packages:${PYTHONPATH} /usr/bin/cmake --build /home/aashvi/polygon_ws/build/polygon_pkg_cpp -- -j8 -l8
[1.326s] [ 25%] [32mBuilding CXX object CMakeFiles/polygon_client.dir/src/client.cpp.o[0m
[1.327s] [ 50%] [32mBuilding CXX object CMakeFiles/draw_polygon_server.dir/src/service_server.cpp.o[0m
[4.678s] [ 75%] [32m[1mLinking CXX executable polygon_client[0m
[4.905s] [ 75%] Built target polygon_client
[5.563s] [100%] [32m[1mLinking CXX executable draw_polygon_server[0m
[5.752s] [100%] Built target draw_polygon_server
[5.791s] Invoked command in '/home/aashvi/polygon_ws/build/polygon_pkg_cpp' returned '0': AMENT_PREFIX_PATH=/home/aashvi/polygon_ws/install/tutorial_interfaces:/home/aashvi/polygon_ws/install/turtlesim:${AMENT_PREFIX_PATH} CMAKE_PREFIX_PATH=/home/aashvi/polygon_ws/install/tutorial_interfaces:/home/aashvi/polygon_ws/install/turtlesim:/home/aashvi/ros2_ws/install/turtle_controller:/home/aashvi/ros2_ws/install/draw_d_cpp:/home/aashvi/ros2_ws/install/draw_circle_cpp:/home/aashvi/ros2_ws/install/turtlesim:/home/aashvi/ros2_ws/install/chat_pkg:/home/aashvi/install/draw_circle_cpp:/home/aashvi/ros2_ws/install/turtle_mover:/home/aashvi/ros2_ws/install/my_robot_controller:/home/aashvi/ros2_ws/install/py_pubsub:/home/aashvi/ros2_ws/install/my_package:/opt/ros/humble LD_LIBRARY_PATH=/home/aashvi/polygon_ws/install/tutorial_interfaces/lib:/home/aashvi/polygon_ws/install/turtlesim/lib:${LD_LIBRARY_PATH} PYTHONPATH=/home/aashvi/polygon_ws/install/tutorial_interfaces/local/lib/python3.10/dist-packages:/home/aashvi/polygon_ws/install/turtlesim/local/lib/python3.10/dist-packages:${PYTHONPATH} /usr/bin/cmake --build /home/aashvi/polygon_ws/build/polygon_pkg_cpp -- -j8 -l8
[5.835s] Invoking command in '/home/aashvi/polygon_ws/build/polygon_pkg_cpp': AMENT_PREFIX_PATH=/home/aashvi/polygon_ws/install/tutorial_interfaces:/home/aashvi/polygon_ws/install/turtlesim:${AMENT_PREFIX_PATH} CMAKE_PREFIX_PATH=/home/aashvi/polygon_ws/install/tutorial_interfaces:/home/aashvi/polygon_ws/install/turtlesim:/home/aashvi/ros2_ws/install/turtle_controller:/home/aashvi/ros2_ws/install/draw_d_cpp:/home/aashvi/ros2_ws/install/draw_circle_cpp:/home/aashvi/ros2_ws/install/turtlesim:/home/aashvi/ros2_ws/install/chat_pkg:/home/aashvi/install/draw_circle_cpp:/home/aashvi/ros2_ws/install/turtle_mover:/home/aashvi/ros2_ws/install/my_robot_controller:/home/aashvi/ros2_ws/install/py_pubsub:/home/aashvi/ros2_ws/install/my_package:/opt/ros/humble LD_LIBRARY_PATH=/home/aashvi/polygon_ws/install/tutorial_interfaces/lib:/home/aashvi/polygon_ws/install/turtlesim/lib:${LD_LIBRARY_PATH} PYTHONPATH=/home/aashvi/polygon_ws/install/tutorial_interfaces/local/lib/python3.10/dist-packages:/home/aashvi/polygon_ws/install/turtlesim/local/lib/python3.10/dist-packages:${PYTHONPATH} /usr/bin/cmake --install /home/aashvi/polygon_ws/build/polygon_pkg_cpp
[5.836s] -- Install configuration: ""
[5.837s] -- Installing: /home/aashvi/polygon_ws/install/polygon_pkg_cpp/lib/polygon_pkg_cpp/draw_polygon_server
[5.838s] -- Set runtime path of "/home/aashvi/polygon_ws/install/polygon_pkg_cpp/lib/polygon_pkg_cpp/draw_polygon_server" to ""
[5.838s] -- Installing: /home/aashvi/polygon_ws/install/polygon_pkg_cpp/lib/polygon_pkg_cpp/polygon_client
[5.838s] -- Set runtime path of "/home/aashvi/polygon_ws/install/polygon_pkg_cpp/lib/polygon_pkg_cpp/polygon_client" to ""
[5.839s] -- Installing: /home/aashvi/polygon_ws/install/polygon_pkg_cpp/share/ament_index/resource_index/package_run_dependencies/polygon_pkg_cpp
[5.839s] -- Installing: /home/aashvi/polygon_ws/install/polygon_pkg_cpp/share/ament_index/resource_index/parent_prefix_path/polygon_pkg_cpp
[5.840s] -- Installing: /home/aashvi/polygon_ws/install/polygon_pkg_cpp/share/polygon_pkg_cpp/environment/ament_prefix_path.sh
[5.840s] -- Installing: /home/aashvi/polygon_ws/install/polygon_pkg_cpp/share/polygon_pkg_cpp/environment/ament_prefix_path.dsv
[5.840s] -- Installing: /home/aashvi/polygon_ws/install/polygon_pkg_cpp/share/polygon_pkg_cpp/environment/path.sh
[5.840s] -- Installing: /home/aashvi/polygon_ws/install/polygon_pkg_cpp/share/polygon_pkg_cpp/environment/path.dsv
[5.840s] -- Installing: /home/aashvi/polygon_ws/install/polygon_pkg_cpp/share/polygon_pkg_cpp/local_setup.bash
[5.841s] -- Installing: /home/aashvi/polygon_ws/install/polygon_pkg_cpp/share/polygon_pkg_cpp/local_setup.sh
[5.841s] -- Installing: /home/aashvi/polygon_ws/install/polygon_pkg_cpp/share/polygon_pkg_cpp/local_setup.zsh
[5.841s] -- Installing: /home/aashvi/polygon_ws/install/polygon_pkg_cpp/share/polygon_pkg_cpp/local_setup.dsv
[5.841s] -- Installing: /home/aashvi/polygon_ws/install/polygon_pkg_cpp/share/polygon_pkg_cpp/package.dsv
[5.841s] -- Installing: /home/aashvi/polygon_ws/install/polygon_pkg_cpp/share/ament_index/resource_index/packages/polygon_pkg_cpp
[5.841s] -- Installing: /home/aashvi/polygon_ws/install/polygon_pkg_cpp/share/polygon_pkg_cpp/cmake/polygon_pkg_cppConfig.cmake
[5.842s] -- Installing: /home/aashvi/polygon_ws/install/polygon_pkg_cpp/share/polygon_pkg_cpp/cmake/polygon_pkg_cppConfig-version.cmake
[5.842s] -- Installing: /home/aashvi/polygon_ws/install/polygon_pkg_cpp/share/polygon_pkg_cpp/package.xml
[5.846s] Invoked command in '/home/aashvi/polygon_ws/build/polygon_pkg_cpp' returned '0': AMENT_PREFIX_PATH=/home/aashvi/polygon_ws/install/tutorial_interfaces:/home/aashvi/polygon_ws/install/turtlesim:${AMENT_PREFIX_PATH} CMAKE_PREFIX_PATH=/home/aashvi/polygon_ws/install/tutorial_interfaces:/home/aashvi/polygon_ws/install/turtlesim:/home/aashvi/ros2_ws/install/turtle_controller:/home/aashvi/ros2_ws/install/draw_d_cpp:/home/aashvi/ros2_ws/install/draw_circle_cpp:/home/aashvi/ros2_ws/install/turtlesim:/home/aashvi/ros2_ws/install/chat_pkg:/home/aashvi/install/draw_circle_cpp:/home/aashvi/ros2_ws/install/turtle_mover:/home/aashvi/ros2_ws/install/my_robot_controller:/home/aashvi/ros2_ws/install/py_pubsub:/home/aashvi/ros2_ws/install/my_package:/opt/ros/humble LD_LIBRARY_PATH=/home/aashvi/polygon_ws/install/tutorial_interfaces/lib:/home/aashvi/polygon_ws/install/turtlesim/lib:${LD_LIBRARY_PATH} PYTHONPATH=/home/aashvi/polygon_ws/install/tutorial_interfaces/local/lib/python3.10/dist-packages:/home/aashvi/polygon_ws/install/turtlesim/local/lib/python3.10/dist-packages:${PYTHONPATH} /usr/bin/cmake --install /home/aashvi/polygon_ws/build/polygon_pkg_cpp
