[0.007s] Invoking command in '/home/aashvi/polygon_ws/build/tutorial_interfaces': CMAKE_PREFIX_PATH=${CMAKE_PREFIX_PATH}:/home/aashvi/polygon_ws/install/polygon_pkg:/home/aashvi/ros2_ws/install/turtle_mover:/home/aashvi/ros2_ws/install/my_robot_controller:/home/aashvi/ros2_ws/install/my_package:/home/aashvi/ros2_ws/install/launch_testing_examples:/home/aashvi/ros2_ws/install/examples_rclpy_pointcloud_publisher:/home/aashvi/ros2_ws/install/examples_rclpy_minimal_subscriber:/home/aashvi/ros2_ws/install/examples_rclpy_minimal_service:/home/aashvi/ros2_ws/install/examples_rclpy_minimal_publisher:/home/aashvi/ros2_ws/install/examples_rclpy_minimal_client:/home/aashvi/ros2_ws/install/examples_rclpy_minimal_action_server:/home/aashvi/ros2_ws/install/examples_rclpy_minimal_action_client:/home/aashvi/ros2_ws/install/examples_rclpy_guard_conditions:/home/aashvi/ros2_ws/install/examples_rclpy_executors:/home/aashvi/ros2_ws/src/install/turtle_mover:/opt/ros/humble /usr/bin/cmake /home/aashvi/polygon_ws/src/tutorial_interfaces -DAMENT_CMAKE_SYMLINK_INSTALL=1 -DCMAKE_INSTALL_PREFIX=/home/aashvi/polygon_ws/install/tutorial_interfaces
[0.168s] -- The C compiler identification is GNU 11.4.0
[0.242s] -- The CXX compiler identification is GNU 11.4.0
[0.263s] -- Detecting C compiler ABI info
[0.310s] -- Detecting C compiler ABI info - done
[0.314s] -- Check for working C compiler: /usr/bin/cc - skipped
[0.314s] -- Detecting C compile features
[0.315s] -- Detecting C compile features - done
[0.317s] -- Detecting CXX compiler ABI info
[0.370s] -- Detecting CXX compiler ABI info - done
[0.373s] -- Check for working CXX compiler: /usr/bin/c++ - skipped
[0.374s] -- Detecting CXX compile features
[0.374s] -- Detecting CXX compile features - done
[0.379s] -- Found ament_cmake: 1.3.11 (/opt/ros/humble/share/ament_cmake/cmake)
[0.487s] -- Found Python3: /usr/bin/python3 (found version "3.10.12") found components: Interpreter 
[0.537s] -- Override CMake install command with custom implementation using symlinks instead of copying resources
[0.571s] -- Found rosidl_default_generators: 1.2.0 (/opt/ros/humble/share/rosidl_default_generators/cmake)
[0.576s] -- Using all available rosidl_typesupport_c: rosidl_typesupport_fastrtps_c;rosidl_typesupport_introspection_c
[0.585s] -- Found rosidl_adapter: 3.1.6 (/opt/ros/humble/share/rosidl_adapter/cmake)
[0.620s] -- Using all available rosidl_typesupport_cpp: rosidl_typesupport_fastrtps_cpp;rosidl_typesupport_introspection_cpp
[0.656s] -- Found rosidl_default_runtime: 1.2.0 (/opt/ros/humble/share/rosidl_default_runtime/cmake)
[0.659s] -- Found geometry_msgs: 4.2.4 (/opt/ros/humble/share/geometry_msgs/cmake)
[0.866s] -- Found ament_cmake_ros: 0.10.0 (/opt/ros/humble/share/ament_cmake_ros/cmake)
[1.018s] -- Using all available rosidl_typesupport_c: rosidl_typesupport_fastrtps_c;rosidl_typesupport_introspection_c
[1.220s] -- Using all available rosidl_typesupport_cpp: rosidl_typesupport_fastrtps_cpp;rosidl_typesupport_introspection_cpp
[1.245s] -- Found PythonInterp: /usr/bin/python3 (found suitable version "3.10.12", minimum required is "3.6") 
[1.247s] -- Found python_cmake_module: 0.10.0 (/opt/ros/humble/share/python_cmake_module/cmake)
[1.266s] -- Found PythonLibs: /usr/lib/aarch64-linux-gnu/libpython3.10.so (found suitable version "3.10.12", minimum required is "3.5") 
[1.266s] -- Using PYTHON_EXECUTABLE: /usr/bin/python3
[1.266s] -- Using PYTHON_INCLUDE_DIRS: /usr/include/python3.10
[1.266s] -- Using PYTHON_LIBRARIES: /usr/lib/aarch64-linux-gnu/libpython3.10.so
[1.279s] -- Found PythonExtra: .so  
[1.320s] -- Found ament_lint_auto: 0.12.11 (/opt/ros/humble/share/ament_lint_auto/cmake)
[1.347s] -- Added test 'lint_cmake' to check CMake code style
[1.348s] -- Added test 'xmllint' to check XML markup files
[1.351s] -- Configuring done
[1.368s] -- Generating done
[1.373s] -- Build files have been written to: /home/aashvi/polygon_ws/build/tutorial_interfaces
[1.377s] Invoked command in '/home/aashvi/polygon_ws/build/tutorial_interfaces' returned '0': CMAKE_PREFIX_PATH=${CMAKE_PREFIX_PATH}:/home/aashvi/polygon_ws/install/polygon_pkg:/home/aashvi/ros2_ws/install/turtle_mover:/home/aashvi/ros2_ws/install/my_robot_controller:/home/aashvi/ros2_ws/install/my_package:/home/aashvi/ros2_ws/install/launch_testing_examples:/home/aashvi/ros2_ws/install/examples_rclpy_pointcloud_publisher:/home/aashvi/ros2_ws/install/examples_rclpy_minimal_subscriber:/home/aashvi/ros2_ws/install/examples_rclpy_minimal_service:/home/aashvi/ros2_ws/install/examples_rclpy_minimal_publisher:/home/aashvi/ros2_ws/install/examples_rclpy_minimal_client:/home/aashvi/ros2_ws/install/examples_rclpy_minimal_action_server:/home/aashvi/ros2_ws/install/examples_rclpy_minimal_action_client:/home/aashvi/ros2_ws/install/examples_rclpy_guard_conditions:/home/aashvi/ros2_ws/install/examples_rclpy_executors:/home/aashvi/ros2_ws/src/install/turtle_mover:/opt/ros/humble /usr/bin/cmake /home/aashvi/polygon_ws/src/tutorial_interfaces -DAMENT_CMAKE_SYMLINK_INSTALL=1 -DCMAKE_INSTALL_PREFIX=/home/aashvi/polygon_ws/install/tutorial_interfaces
[1.379s] Invoking command in '/home/aashvi/polygon_ws/build/tutorial_interfaces': CMAKE_PREFIX_PATH=${CMAKE_PREFIX_PATH}:/home/aashvi/polygon_ws/install/polygon_pkg:/home/aashvi/ros2_ws/install/turtle_mover:/home/aashvi/ros2_ws/install/my_robot_controller:/home/aashvi/ros2_ws/install/my_package:/home/aashvi/ros2_ws/install/launch_testing_examples:/home/aashvi/ros2_ws/install/examples_rclpy_pointcloud_publisher:/home/aashvi/ros2_ws/install/examples_rclpy_minimal_subscriber:/home/aashvi/ros2_ws/install/examples_rclpy_minimal_service:/home/aashvi/ros2_ws/install/examples_rclpy_minimal_publisher:/home/aashvi/ros2_ws/install/examples_rclpy_minimal_client:/home/aashvi/ros2_ws/install/examples_rclpy_minimal_action_server:/home/aashvi/ros2_ws/install/examples_rclpy_minimal_action_client:/home/aashvi/ros2_ws/install/examples_rclpy_guard_conditions:/home/aashvi/ros2_ws/install/examples_rclpy_executors:/home/aashvi/ros2_ws/src/install/turtle_mover:/opt/ros/humble /usr/bin/cmake --build /home/aashvi/polygon_ws/build/tutorial_interfaces -- -j8 -l8
[1.396s] [  3%] [34m[1mGenerating C code for ROS interfaces[0m
[1.400s] [  6%] [34m[1mGenerating C++ code for ROS interfaces[0m
[1.404s] [  6%] Built target ament_cmake_python_symlink_tutorial_interfaces
[1.558s] running egg_info
[1.558s] creating tutorial_interfaces.egg-info
[1.558s] writing tutorial_interfaces.egg-info/PKG-INFO
[1.559s] writing dependency_links to tutorial_interfaces.egg-info/dependency_links.txt
[1.559s] writing top-level names to tutorial_interfaces.egg-info/top_level.txt
[1.559s] writing manifest file 'tutorial_interfaces.egg-info/SOURCES.txt'
[1.559s] reading manifest file 'tutorial_interfaces.egg-info/SOURCES.txt'
[1.560s] writing manifest file 'tutorial_interfaces.egg-info/SOURCES.txt'
[1.579s] [  6%] Built target ament_cmake_python_build_tutorial_interfaces_egg
[1.579s] [  6%] Built target tutorial_interfaces__cpp
[1.580s] [  9%] [32mBuilding C object CMakeFiles/tutorial_interfaces__rosidl_generator_c.dir/rosidl_generator_c/tutorial_interfaces/srv/detail/polygon__functions.c.o[0m
[1.584s] [ 12%] [34m[1mGenerating C++ type support dispatch for ROS interfaces[0m
[1.584s] [ 16%] [34m[1mGenerating C++ type support for eProsima Fast-RTPS[0m
[1.584s] [ 19%] [34m[1mGenerating C++ introspection for ROS interfaces[0m
[1.633s] [ 22%] [32m[1mLinking C shared library libtutorial_interfaces__rosidl_generator_c.so[0m
[1.732s] [ 22%] Built target tutorial_interfaces__rosidl_generator_c
[1.741s] [ 25%] [34m[1mGenerating C type support for eProsima Fast-RTPS[0m
[1.742s] [ 29%] [34m[1mGenerating C type support dispatch for ROS interfaces[0m
[1.743s] [ 32%] [34m[1mGenerating C introspection for ROS interfaces[0m
[1.812s] [ 35%] [32mBuilding CXX object CMakeFiles/tutorial_interfaces__rosidl_typesupport_cpp.dir/rosidl_typesupport_cpp/tutorial_interfaces/srv/polygon__type_support.cpp.o[0m
[1.855s] [ 38%] [32mBuilding CXX object CMakeFiles/tutorial_interfaces__rosidl_typesupport_fastrtps_cpp.dir/rosidl_typesupport_fastrtps_cpp/tutorial_interfaces/srv/detail/dds_fastrtps/polygon__type_support.cpp.o[0m
[1.855s] [ 41%] [32mBuilding CXX object CMakeFiles/tutorial_interfaces__rosidl_typesupport_introspection_cpp.dir/rosidl_typesupport_introspection_cpp/tutorial_interfaces/srv/detail/polygon__type_support.cpp.o[0m
[1.985s] [ 45%] [32mBuilding CXX object CMakeFiles/tutorial_interfaces__rosidl_typesupport_c.dir/rosidl_typesupport_c/tutorial_interfaces/srv/polygon__type_support.cpp.o[0m
[1.986s] [ 48%] [32mBuilding CXX object CMakeFiles/tutorial_interfaces__rosidl_typesupport_fastrtps_c.dir/rosidl_typesupport_fastrtps_c/tutorial_interfaces/srv/detail/polygon__type_support_c.cpp.o[0m
[1.994s] [ 51%] [32mBuilding C object CMakeFiles/tutorial_interfaces__rosidl_typesupport_introspection_c.dir/rosidl_typesupport_introspection_c/tutorial_interfaces/srv/detail/polygon__type_support.c.o[0m
[2.021s] [ 54%] [32m[1mLinking CXX shared library libtutorial_interfaces__rosidl_typesupport_c.so[0m
[2.036s] [ 58%] [32m[1mLinking C shared library libtutorial_interfaces__rosidl_typesupport_introspection_c.so[0m
[2.091s] [ 58%] Built target tutorial_interfaces__rosidl_typesupport_c
[2.099s] [ 58%] Built target tutorial_interfaces__rosidl_typesupport_introspection_c
[2.104s] [ 61%] [32m[1mLinking CXX shared library libtutorial_interfaces__rosidl_typesupport_cpp.so[0m
[2.136s] [ 61%] Built target tutorial_interfaces__rosidl_typesupport_cpp
[2.177s] [ 64%] [32m[1mLinking CXX shared library libtutorial_interfaces__rosidl_typesupport_introspection_cpp.so[0m
[2.178s] [ 67%] [32m[1mLinking CXX shared library libtutorial_interfaces__rosidl_typesupport_fastrtps_cpp.so[0m
[2.201s] [ 67%] Built target tutorial_interfaces__rosidl_typesupport_introspection_cpp
[2.216s] [ 67%] Built target tutorial_interfaces__rosidl_typesupport_fastrtps_cpp
[2.218s] [ 70%] [32m[1mLinking CXX shared library libtutorial_interfaces__rosidl_typesupport_fastrtps_c.so[0m
[2.263s] [ 70%] Built target tutorial_interfaces__rosidl_typesupport_fastrtps_c
[2.271s] [ 70%] Built target tutorial_interfaces
[2.280s] [ 74%] [34m[1mGenerating Python code for ROS interfaces[0m
[2.471s] [ 74%] Built target tutorial_interfaces__py
[2.479s] [ 77%] [32mBuilding C object CMakeFiles/tutorial_interfaces__rosidl_generator_py.dir/rosidl_generator_py/tutorial_interfaces/srv/_polygon_s.c.o[0m
[2.564s] [ 80%] [32m[1mLinking C shared library rosidl_generator_py/tutorial_interfaces/libtutorial_interfaces__rosidl_generator_py.so[0m
[2.584s] [ 80%] Built target tutorial_interfaces__rosidl_generator_py
[2.593s] [ 83%] [32mBuilding C object CMakeFiles/tutorial_interfaces__rosidl_typesupport_fastrtps_c__pyext.dir/rosidl_generator_py/tutorial_interfaces/_tutorial_interfaces_s.ep.rosidl_typesupport_fastrtps_c.c.o[0m
[2.593s] [ 87%] [32mBuilding C object CMakeFiles/tutorial_interfaces__rosidl_typesupport_introspection_c__pyext.dir/rosidl_generator_py/tutorial_interfaces/_tutorial_interfaces_s.ep.rosidl_typesupport_introspection_c.c.o[0m
[2.593s] [ 90%] [32mBuilding C object CMakeFiles/tutorial_interfaces__rosidl_typesupport_c__pyext.dir/rosidl_generator_py/tutorial_interfaces/_tutorial_interfaces_s.ep.rosidl_typesupport_c.c.o[0m
[2.657s] [100%] [32m[1mLinking C shared library rosidl_generator_py/tutorial_interfaces/tutorial_interfaces_s__rosidl_typesupport_fastrtps_c.cpython-310-aarch64-linux-gnu.so[0m
[2.657s] [100%] [32m[1mLinking C shared library rosidl_generator_py/tutorial_interfaces/tutorial_interfaces_s__rosidl_typesupport_c.cpython-310-aarch64-linux-gnu.so[0m
[2.657s] [100%] [32m[1mLinking C shared library rosidl_generator_py/tutorial_interfaces/tutorial_interfaces_s__rosidl_typesupport_introspection_c.cpython-310-aarch64-linux-gnu.so[0m
[2.679s] [100%] Built target tutorial_interfaces__rosidl_typesupport_c__pyext
[2.679s] [100%] Built target tutorial_interfaces__rosidl_typesupport_fastrtps_c__pyext
[2.680s] [100%] Built target tutorial_interfaces__rosidl_typesupport_introspection_c__pyext
[2.685s] Invoked command in '/home/aashvi/polygon_ws/build/tutorial_interfaces' returned '0': CMAKE_PREFIX_PATH=${CMAKE_PREFIX_PATH}:/home/aashvi/polygon_ws/install/polygon_pkg:/home/aashvi/ros2_ws/install/turtle_mover:/home/aashvi/ros2_ws/install/my_robot_controller:/home/aashvi/ros2_ws/install/my_package:/home/aashvi/ros2_ws/install/launch_testing_examples:/home/aashvi/ros2_ws/install/examples_rclpy_pointcloud_publisher:/home/aashvi/ros2_ws/install/examples_rclpy_minimal_subscriber:/home/aashvi/ros2_ws/install/examples_rclpy_minimal_service:/home/aashvi/ros2_ws/install/examples_rclpy_minimal_publisher:/home/aashvi/ros2_ws/install/examples_rclpy_minimal_client:/home/aashvi/ros2_ws/install/examples_rclpy_minimal_action_server:/home/aashvi/ros2_ws/install/examples_rclpy_minimal_action_client:/home/aashvi/ros2_ws/install/examples_rclpy_guard_conditions:/home/aashvi/ros2_ws/install/examples_rclpy_executors:/home/aashvi/ros2_ws/src/install/turtle_mover:/opt/ros/humble /usr/bin/cmake --build /home/aashvi/polygon_ws/build/tutorial_interfaces -- -j8 -l8
[2.690s] Invoking command in '/home/aashvi/polygon_ws/build/tutorial_interfaces': CMAKE_PREFIX_PATH=${CMAKE_PREFIX_PATH}:/home/aashvi/polygon_ws/install/polygon_pkg:/home/aashvi/ros2_ws/install/turtle_mover:/home/aashvi/ros2_ws/install/my_robot_controller:/home/aashvi/ros2_ws/install/my_package:/home/aashvi/ros2_ws/install/launch_testing_examples:/home/aashvi/ros2_ws/install/examples_rclpy_pointcloud_publisher:/home/aashvi/ros2_ws/install/examples_rclpy_minimal_subscriber:/home/aashvi/ros2_ws/install/examples_rclpy_minimal_service:/home/aashvi/ros2_ws/install/examples_rclpy_minimal_publisher:/home/aashvi/ros2_ws/install/examples_rclpy_minimal_client:/home/aashvi/ros2_ws/install/examples_rclpy_minimal_action_server:/home/aashvi/ros2_ws/install/examples_rclpy_minimal_action_client:/home/aashvi/ros2_ws/install/examples_rclpy_guard_conditions:/home/aashvi/ros2_ws/install/examples_rclpy_executors:/home/aashvi/ros2_ws/src/install/turtle_mover:/opt/ros/humble /usr/bin/cmake --install /home/aashvi/polygon_ws/build/tutorial_interfaces
[2.693s] -- Install configuration: ""
[2.694s] -- Execute custom install script
[2.694s] -- Symlinking: /home/aashvi/polygon_ws/install/tutorial_interfaces/share/ament_index/resource_index/rosidl_interfaces/tutorial_interfaces
[2.698s] -- Symlinking: /home/aashvi/polygon_ws/install/tutorial_interfaces/include/tutorial_interfaces/tutorial_interfaces/msg/rosidl_generator_c__visibility_control.h
[2.701s] -- Symlinking: /home/aashvi/polygon_ws/install/tutorial_interfaces/include/tutorial_interfaces/tutorial_interfaces/srv/detail/polygon__functions.h
[2.704s] -- Symlinking: /home/aashvi/polygon_ws/install/tutorial_interfaces/include/tutorial_interfaces/tutorial_interfaces/srv/detail/polygon__struct.h
[2.707s] -- Symlinking: /home/aashvi/polygon_ws/install/tutorial_interfaces/include/tutorial_interfaces/tutorial_interfaces/srv/detail/polygon__type_support.h
[2.710s] -- Symlinking: /home/aashvi/polygon_ws/install/tutorial_interfaces/include/tutorial_interfaces/tutorial_interfaces/srv/polygon.h
[2.714s] -- Symlinking: /home/aashvi/polygon_ws/install/tutorial_interfaces/share/tutorial_interfaces/environment/library_path.sh
[2.717s] -- Symlinking: /home/aashvi/polygon_ws/install/tutorial_interfaces/share/tutorial_interfaces/environment/library_path.dsv
[2.720s] -- Symlinking: /home/aashvi/polygon_ws/install/tutorial_interfaces/include/tutorial_interfaces/tutorial_interfaces/msg/rosidl_typesupport_fastrtps_c__visibility_control.h
[2.723s] -- Symlinking: /home/aashvi/polygon_ws/install/tutorial_interfaces/include/tutorial_interfaces/tutorial_interfaces/srv/detail/polygon__rosidl_typesupport_fastrtps_c.h
[2.726s] -- Symlinking: /home/aashvi/polygon_ws/install/tutorial_interfaces/include/tutorial_interfaces/tutorial_interfaces/msg/rosidl_typesupport_introspection_c__visibility_control.h
[2.730s] -- Symlinking: /home/aashvi/polygon_ws/install/tutorial_interfaces/include/tutorial_interfaces/tutorial_interfaces/srv/detail/polygon__rosidl_typesupport_introspection_c.h
[2.733s] -- Symlinking: /home/aashvi/polygon_ws/install/tutorial_interfaces/include/tutorial_interfaces/tutorial_interfaces/msg/rosidl_generator_cpp__visibility_control.hpp
[2.736s] -- Symlinking: /home/aashvi/polygon_ws/install/tutorial_interfaces/include/tutorial_interfaces/tutorial_interfaces/srv/detail/polygon__builder.hpp
[2.740s] -- Symlinking: /home/aashvi/polygon_ws/install/tutorial_interfaces/include/tutorial_interfaces/tutorial_interfaces/srv/detail/polygon__struct.hpp
[2.754s] -- Symlinking: /home/aashvi/polygon_ws/install/tutorial_interfaces/include/tutorial_interfaces/tutorial_interfaces/srv/detail/polygon__traits.hpp
[2.757s] -- Symlinking: /home/aashvi/polygon_ws/install/tutorial_interfaces/include/tutorial_interfaces/tutorial_interfaces/srv/detail/polygon__type_support.hpp
[2.761s] -- Symlinking: /home/aashvi/polygon_ws/install/tutorial_interfaces/include/tutorial_interfaces/tutorial_interfaces/srv/polygon.hpp
[2.765s] -- Symlinking: /home/aashvi/polygon_ws/install/tutorial_interfaces/include/tutorial_interfaces/tutorial_interfaces/msg/rosidl_typesupport_fastrtps_cpp__visibility_control.h
[2.768s] -- Symlinking: /home/aashvi/polygon_ws/install/tutorial_interfaces/include/tutorial_interfaces/tutorial_interfaces/srv/detail/polygon__rosidl_typesupport_fastrtps_cpp.hpp
[2.771s] -- Symlinking: /home/aashvi/polygon_ws/install/tutorial_interfaces/include/tutorial_interfaces/tutorial_interfaces/srv/detail/polygon__rosidl_typesupport_introspection_cpp.hpp
[2.774s] -- Symlinking: /home/aashvi/polygon_ws/install/tutorial_interfaces/share/tutorial_interfaces/environment/pythonpath.sh
[2.777s] -- Symlinking: /home/aashvi/polygon_ws/install/tutorial_interfaces/share/tutorial_interfaces/environment/pythonpath.dsv
[2.781s] -- Symlinking: /home/aashvi/polygon_ws/install/tutorial_interfaces/local/lib/python3.10/dist-packages/tutorial_interfaces-0.0.0-py3.10.egg-info/PKG-INFO
[2.784s] -- Symlinking: /home/aashvi/polygon_ws/install/tutorial_interfaces/local/lib/python3.10/dist-packages/tutorial_interfaces-0.0.0-py3.10.egg-info/SOURCES.txt
[2.787s] -- Symlinking: /home/aashvi/polygon_ws/install/tutorial_interfaces/local/lib/python3.10/dist-packages/tutorial_interfaces-0.0.0-py3.10.egg-info/dependency_links.txt
[2.790s] -- Symlinking: /home/aashvi/polygon_ws/install/tutorial_interfaces/local/lib/python3.10/dist-packages/tutorial_interfaces-0.0.0-py3.10.egg-info/top_level.txt
[2.793s] -- Symlinking: /home/aashvi/polygon_ws/install/tutorial_interfaces/local/lib/python3.10/dist-packages/tutorial_interfaces/__init__.py
[2.797s] -- Symlinking: /home/aashvi/polygon_ws/install/tutorial_interfaces/local/lib/python3.10/dist-packages/tutorial_interfaces/_tutorial_interfaces_s.ep.rosidl_typesupport_c.c
[2.800s] -- Symlinking: /home/aashvi/polygon_ws/install/tutorial_interfaces/local/lib/python3.10/dist-packages/tutorial_interfaces/_tutorial_interfaces_s.ep.rosidl_typesupport_fastrtps_c.c
[2.803s] -- Symlinking: /home/aashvi/polygon_ws/install/tutorial_interfaces/local/lib/python3.10/dist-packages/tutorial_interfaces/_tutorial_interfaces_s.ep.rosidl_typesupport_introspection_c.c
[2.806s] -- Symlinking: /home/aashvi/polygon_ws/install/tutorial_interfaces/local/lib/python3.10/dist-packages/tutorial_interfaces/libtutorial_interfaces__rosidl_generator_py.so
[2.809s] -- Symlinking: /home/aashvi/polygon_ws/install/tutorial_interfaces/local/lib/python3.10/dist-packages/tutorial_interfaces/srv/__init__.py
[2.812s] -- Symlinking: /home/aashvi/polygon_ws/install/tutorial_interfaces/local/lib/python3.10/dist-packages/tutorial_interfaces/srv/_polygon.py
[2.815s] -- Symlinking: /home/aashvi/polygon_ws/install/tutorial_interfaces/local/lib/python3.10/dist-packages/tutorial_interfaces/srv/_polygon_s.c
[2.818s] -- Symlinking: /home/aashvi/polygon_ws/install/tutorial_interfaces/local/lib/python3.10/dist-packages/tutorial_interfaces/tutorial_interfaces_s__rosidl_typesupport_c.cpython-310-aarch64-linux-gnu.so
[2.821s] -- Symlinking: /home/aashvi/polygon_ws/install/tutorial_interfaces/local/lib/python3.10/dist-packages/tutorial_interfaces/tutorial_interfaces_s__rosidl_typesupport_fastrtps_c.cpython-310-aarch64-linux-gnu.so
[2.824s] -- Symlinking: /home/aashvi/polygon_ws/install/tutorial_interfaces/local/lib/python3.10/dist-packages/tutorial_interfaces/tutorial_interfaces_s__rosidl_typesupport_introspection_c.cpython-310-aarch64-linux-gnu.so
[2.827s] -- Up-to-date symlink: /home/aashvi/polygon_ws/install/tutorial_interfaces/local/lib/python3.10/dist-packages/tutorial_interfaces/tutorial_interfaces_s__rosidl_typesupport_fastrtps_c.cpython-310-aarch64-linux-gnu.so
[2.828s] -- Up-to-date symlink: /home/aashvi/polygon_ws/install/tutorial_interfaces/local/lib/python3.10/dist-packages/tutorial_interfaces/tutorial_interfaces_s__rosidl_typesupport_introspection_c.cpython-310-aarch64-linux-gnu.so
[2.828s] -- Up-to-date symlink: /home/aashvi/polygon_ws/install/tutorial_interfaces/local/lib/python3.10/dist-packages/tutorial_interfaces/tutorial_interfaces_s__rosidl_typesupport_c.cpython-310-aarch64-linux-gnu.so
[2.828s] -- Symlinking: /home/aashvi/polygon_ws/install/tutorial_interfaces/share/tutorial_interfaces/srv/Polygon.idl
[2.831s] -- Symlinking: /home/aashvi/polygon_ws/install/tutorial_interfaces/share/tutorial_interfaces/srv/Polygon.srv
[2.834s] -- Symlinking: /home/aashvi/polygon_ws/install/tutorial_interfaces/share/tutorial_interfaces/srv/Polygon_Request.msg
[2.838s] -- Symlinking: /home/aashvi/polygon_ws/install/tutorial_interfaces/share/tutorial_interfaces/srv/Polygon_Response.msg
[2.853s] -- Symlinking: /home/aashvi/polygon_ws/install/tutorial_interfaces/share/ament_index/resource_index/package_run_dependencies/tutorial_interfaces
[2.857s] -- Symlinking: /home/aashvi/polygon_ws/install/tutorial_interfaces/share/ament_index/resource_index/parent_prefix_path/tutorial_interfaces
[2.861s] -- Symlinking: /home/aashvi/polygon_ws/install/tutorial_interfaces/share/tutorial_interfaces/environment/ament_prefix_path.sh
[2.864s] -- Symlinking: /home/aashvi/polygon_ws/install/tutorial_interfaces/share/tutorial_interfaces/environment/ament_prefix_path.dsv
[2.867s] -- Symlinking: /home/aashvi/polygon_ws/install/tutorial_interfaces/share/tutorial_interfaces/environment/path.sh
[2.870s] -- Symlinking: /home/aashvi/polygon_ws/install/tutorial_interfaces/share/tutorial_interfaces/environment/path.dsv
[2.873s] -- Symlinking: /home/aashvi/polygon_ws/install/tutorial_interfaces/share/tutorial_interfaces/local_setup.bash
[2.877s] -- Symlinking: /home/aashvi/polygon_ws/install/tutorial_interfaces/share/tutorial_interfaces/local_setup.sh
[2.880s] -- Symlinking: /home/aashvi/polygon_ws/install/tutorial_interfaces/share/tutorial_interfaces/local_setup.zsh
[2.883s] -- Symlinking: /home/aashvi/polygon_ws/install/tutorial_interfaces/share/tutorial_interfaces/local_setup.dsv
[2.886s] -- Symlinking: /home/aashvi/polygon_ws/install/tutorial_interfaces/share/tutorial_interfaces/package.dsv
[2.889s] -- Symlinking: /home/aashvi/polygon_ws/install/tutorial_interfaces/share/ament_index/resource_index/packages/tutorial_interfaces
[2.892s] -- Symlinking: /home/aashvi/polygon_ws/install/tutorial_interfaces/share/tutorial_interfaces/cmake/rosidl_cmake-extras.cmake
[2.895s] -- Symlinking: /home/aashvi/polygon_ws/install/tutorial_interfaces/share/tutorial_interfaces/cmake/ament_cmake_export_dependencies-extras.cmake
[2.898s] -- Symlinking: /home/aashvi/polygon_ws/install/tutorial_interfaces/share/tutorial_interfaces/cmake/ament_cmake_export_include_directories-extras.cmake
[2.902s] -- Symlinking: /home/aashvi/polygon_ws/install/tutorial_interfaces/share/tutorial_interfaces/cmake/ament_cmake_export_libraries-extras.cmake
[2.905s] -- Symlinking: /home/aashvi/polygon_ws/install/tutorial_interfaces/share/tutorial_interfaces/cmake/ament_cmake_export_targets-extras.cmake
[2.908s] -- Symlinking: /home/aashvi/polygon_ws/install/tutorial_interfaces/share/tutorial_interfaces/cmake/rosidl_cmake_export_typesupport_targets-extras.cmake
[2.911s] -- Symlinking: /home/aashvi/polygon_ws/install/tutorial_interfaces/share/tutorial_interfaces/cmake/rosidl_cmake_export_typesupport_libraries-extras.cmake
[2.914s] -- Symlinking: /home/aashvi/polygon_ws/install/tutorial_interfaces/share/tutorial_interfaces/cmake/tutorial_interfacesConfig.cmake
[2.917s] -- Symlinking: /home/aashvi/polygon_ws/install/tutorial_interfaces/share/tutorial_interfaces/cmake/tutorial_interfacesConfig-version.cmake
[2.920s] -- Symlinking: /home/aashvi/polygon_ws/install/tutorial_interfaces/share/tutorial_interfaces/package.xml
[2.923s] -- Installing: /home/aashvi/polygon_ws/install/tutorial_interfaces/lib/libtutorial_interfaces__rosidl_generator_c.so
[2.924s] -- Set runtime path of "/home/aashvi/polygon_ws/install/tutorial_interfaces/lib/libtutorial_interfaces__rosidl_generator_c.so" to ""
[2.924s] -- Installing: /home/aashvi/polygon_ws/install/tutorial_interfaces/lib/libtutorial_interfaces__rosidl_typesupport_fastrtps_c.so
[2.924s] -- Set runtime path of "/home/aashvi/polygon_ws/install/tutorial_interfaces/lib/libtutorial_interfaces__rosidl_typesupport_fastrtps_c.so" to ""
[2.924s] -- Installing: /home/aashvi/polygon_ws/install/tutorial_interfaces/lib/libtutorial_interfaces__rosidl_typesupport_introspection_c.so
[2.924s] -- Set runtime path of "/home/aashvi/polygon_ws/install/tutorial_interfaces/lib/libtutorial_interfaces__rosidl_typesupport_introspection_c.so" to ""
[2.924s] -- Installing: /home/aashvi/polygon_ws/install/tutorial_interfaces/lib/libtutorial_interfaces__rosidl_typesupport_c.so
[2.924s] -- Set runtime path of "/home/aashvi/polygon_ws/install/tutorial_interfaces/lib/libtutorial_interfaces__rosidl_typesupport_c.so" to ""
[2.924s] -- Installing: /home/aashvi/polygon_ws/install/tutorial_interfaces/lib/libtutorial_interfaces__rosidl_typesupport_fastrtps_cpp.so
[2.925s] -- Set runtime path of "/home/aashvi/polygon_ws/install/tutorial_interfaces/lib/libtutorial_interfaces__rosidl_typesupport_fastrtps_cpp.so" to ""
[2.925s] -- Installing: /home/aashvi/polygon_ws/install/tutorial_interfaces/lib/libtutorial_interfaces__rosidl_typesupport_introspection_cpp.so
[2.925s] -- Set runtime path of "/home/aashvi/polygon_ws/install/tutorial_interfaces/lib/libtutorial_interfaces__rosidl_typesupport_introspection_cpp.so" to ""
[2.925s] -- Installing: /home/aashvi/polygon_ws/install/tutorial_interfaces/lib/libtutorial_interfaces__rosidl_typesupport_cpp.so
[2.925s] -- Set runtime path of "/home/aashvi/polygon_ws/install/tutorial_interfaces/lib/libtutorial_interfaces__rosidl_typesupport_cpp.so" to ""
[2.959s] Listing '/home/aashvi/polygon_ws/install/tutorial_interfaces/local/lib/python3.10/dist-packages/tutorial_interfaces'...
[2.959s] Compiling '/home/aashvi/polygon_ws/install/tutorial_interfaces/local/lib/python3.10/dist-packages/tutorial_interfaces/__init__.py'...
[2.959s] Listing '/home/aashvi/polygon_ws/install/tutorial_interfaces/local/lib/python3.10/dist-packages/tutorial_interfaces/srv'...
[2.959s] Compiling '/home/aashvi/polygon_ws/install/tutorial_interfaces/local/lib/python3.10/dist-packages/tutorial_interfaces/srv/__init__.py'...
[2.959s] Compiling '/home/aashvi/polygon_ws/install/tutorial_interfaces/local/lib/python3.10/dist-packages/tutorial_interfaces/srv/_polygon.py'...
[2.961s] -- Installing: /home/aashvi/polygon_ws/install/tutorial_interfaces/lib/libtutorial_interfaces__rosidl_generator_py.so
[2.962s] -- Set runtime path of "/home/aashvi/polygon_ws/install/tutorial_interfaces/lib/libtutorial_interfaces__rosidl_generator_py.so" to ""
[2.962s] -- Installing: /home/aashvi/polygon_ws/install/tutorial_interfaces/share/tutorial_interfaces/cmake/export_tutorial_interfaces__rosidl_generator_cExport.cmake
[2.962s] -- Installing: /home/aashvi/polygon_ws/install/tutorial_interfaces/share/tutorial_interfaces/cmake/export_tutorial_interfaces__rosidl_generator_cExport-noconfig.cmake
[2.962s] -- Installing: /home/aashvi/polygon_ws/install/tutorial_interfaces/share/tutorial_interfaces/cmake/export_tutorial_interfaces__rosidl_typesupport_fastrtps_cExport.cmake
[2.962s] -- Installing: /home/aashvi/polygon_ws/install/tutorial_interfaces/share/tutorial_interfaces/cmake/export_tutorial_interfaces__rosidl_typesupport_fastrtps_cExport-noconfig.cmake
[2.962s] -- Installing: /home/aashvi/polygon_ws/install/tutorial_interfaces/share/tutorial_interfaces/cmake/tutorial_interfaces__rosidl_typesupport_introspection_cExport.cmake
[2.962s] -- Installing: /home/aashvi/polygon_ws/install/tutorial_interfaces/share/tutorial_interfaces/cmake/tutorial_interfaces__rosidl_typesupport_introspection_cExport-noconfig.cmake
[2.962s] -- Installing: /home/aashvi/polygon_ws/install/tutorial_interfaces/share/tutorial_interfaces/cmake/tutorial_interfaces__rosidl_typesupport_cExport.cmake
[2.963s] -- Installing: /home/aashvi/polygon_ws/install/tutorial_interfaces/share/tutorial_interfaces/cmake/tutorial_interfaces__rosidl_typesupport_cExport-noconfig.cmake
[2.963s] -- Installing: /home/aashvi/polygon_ws/install/tutorial_interfaces/share/tutorial_interfaces/cmake/export_tutorial_interfaces__rosidl_generator_cppExport.cmake
[2.963s] -- Installing: /home/aashvi/polygon_ws/install/tutorial_interfaces/share/tutorial_interfaces/cmake/export_tutorial_interfaces__rosidl_typesupport_fastrtps_cppExport.cmake
[2.963s] -- Installing: /home/aashvi/polygon_ws/install/tutorial_interfaces/share/tutorial_interfaces/cmake/export_tutorial_interfaces__rosidl_typesupport_fastrtps_cppExport-noconfig.cmake
[2.963s] -- Installing: /home/aashvi/polygon_ws/install/tutorial_interfaces/share/tutorial_interfaces/cmake/tutorial_interfaces__rosidl_typesupport_introspection_cppExport.cmake
[2.963s] -- Installing: /home/aashvi/polygon_ws/install/tutorial_interfaces/share/tutorial_interfaces/cmake/tutorial_interfaces__rosidl_typesupport_introspection_cppExport-noconfig.cmake
[2.964s] -- Installing: /home/aashvi/polygon_ws/install/tutorial_interfaces/share/tutorial_interfaces/cmake/tutorial_interfaces__rosidl_typesupport_cppExport.cmake
[2.964s] -- Installing: /home/aashvi/polygon_ws/install/tutorial_interfaces/share/tutorial_interfaces/cmake/tutorial_interfaces__rosidl_typesupport_cppExport-noconfig.cmake
[2.964s] -- Installing: /home/aashvi/polygon_ws/install/tutorial_interfaces/share/tutorial_interfaces/cmake/export_tutorial_interfaces__rosidl_generator_pyExport.cmake
[2.964s] -- Installing: /home/aashvi/polygon_ws/install/tutorial_interfaces/share/tutorial_interfaces/cmake/export_tutorial_interfaces__rosidl_generator_pyExport-noconfig.cmake
[2.965s] Invoked command in '/home/aashvi/polygon_ws/build/tutorial_interfaces' returned '0': CMAKE_PREFIX_PATH=${CMAKE_PREFIX_PATH}:/home/aashvi/polygon_ws/install/polygon_pkg:/home/aashvi/ros2_ws/install/turtle_mover:/home/aashvi/ros2_ws/install/my_robot_controller:/home/aashvi/ros2_ws/install/my_package:/home/aashvi/ros2_ws/install/launch_testing_examples:/home/aashvi/ros2_ws/install/examples_rclpy_pointcloud_publisher:/home/aashvi/ros2_ws/install/examples_rclpy_minimal_subscriber:/home/aashvi/ros2_ws/install/examples_rclpy_minimal_service:/home/aashvi/ros2_ws/install/examples_rclpy_minimal_publisher:/home/aashvi/ros2_ws/install/examples_rclpy_minimal_client:/home/aashvi/ros2_ws/install/examples_rclpy_minimal_action_server:/home/aashvi/ros2_ws/install/examples_rclpy_minimal_action_client:/home/aashvi/ros2_ws/install/examples_rclpy_guard_conditions:/home/aashvi/ros2_ws/install/examples_rclpy_executors:/home/aashvi/ros2_ws/src/install/turtle_mover:/opt/ros/humble /usr/bin/cmake --install /home/aashvi/polygon_ws/build/tutorial_interfaces
