[0.361s] Invoking command in '/home/aashvi/launch_ws/src/launch_tutorial': PYTHONPATH=/home/aashvi/launch_ws/build/launch_tutorial/prefix_override:/usr/lib/python3/dist-packages/colcon_core/task/python/colcon_distutils_commands:/home/aashvi/launch_ws/install/launch_tutorial/lib/python3.10/site-packages:${PYTHONPATH} /usr/bin/python3 -W ignore:setup.py install is deprecated -W ignore:easy_install command is deprecated setup.py egg_info --egg-base ../../build/launch_tutorial build --build-base /home/aashvi/launch_ws/build/launch_tutorial/build install --record /home/aashvi/launch_ws/build/launch_tutorial/install.log --single-version-externally-managed install_data
[0.474s] running egg_info
[0.474s] writing ../../build/launch_tutorial/launch_tutorial.egg-info/PKG-INFO
[0.476s] writing dependency_links to ../../build/launch_tutorial/launch_tutorial.egg-info/dependency_links.txt
[0.476s] writing entry points to ../../build/launch_tutorial/launch_tutorial.egg-info/entry_points.txt
[0.476s] writing requirements to ../../build/launch_tutorial/launch_tutorial.egg-info/requires.txt
[0.476s] writing top-level names to ../../build/launch_tutorial/launch_tutorial.egg-info/top_level.txt
[0.477s] reading manifest file '../../build/launch_tutorial/launch_tutorial.egg-info/SOURCES.txt'
[0.478s] adding license file 'LICENSE'
[0.479s] writing manifest file '../../build/launch_tutorial/launch_tutorial.egg-info/SOURCES.txt'
[0.479s] running build
[0.479s] running build_py
[0.479s] running install
[0.479s] running install_lib
[0.479s] running install_data
[0.480s] copying launch/broadcaster_listener.launch.py -> /home/aashvi/launch_ws/install/launch_tutorial/share/launch_tutorial/launch
[0.480s] copying launch/fixer_broadcaster.launch.py -> /home/aashvi/launch_ws/install/launch_tutorial/share/launch_tutorial/launch
[0.480s] copying launch/turtlesim_world_2.launch.py -> /home/aashvi/launch_ws/install/launch_tutorial/share/launch_tutorial/launch
[0.480s] copying launch/launch_turtlesim.launch.py -> /home/aashvi/launch_ws/install/launch_tutorial/share/launch_tutorial/launch
[0.480s] copying launch/mimic.launch.py -> /home/aashvi/launch_ws/install/launch_tutorial/share/launch_tutorial/launch
[0.480s] copying launch/turtlesim_world_3.launch.py -> /home/aashvi/launch_ws/install/launch_tutorial/share/launch_tutorial/launch
[0.480s] copying launch/turtlesim_rviz.launch.py -> /home/aashvi/launch_ws/install/launch_tutorial/share/launch_tutorial/launch
[0.481s] creating /home/aashvi/launch_ws/install/launch_tutorial/share/launch_tutorial/config
[0.481s] copying config/turtlesim.yaml -> /home/aashvi/launch_ws/install/launch_tutorial/share/launch_tutorial/config
[0.481s] creating /home/aashvi/launch_ws/install/launch_tutorial/share/launch_tutorial/rviz
[0.481s] running install_egg_info
[0.482s] removing '/home/aashvi/launch_ws/install/launch_tutorial/lib/python3.10/site-packages/launch_tutorial-0.0.0-py3.10.egg-info' (and everything under it)
[0.482s] Copying ../../build/launch_tutorial/launch_tutorial.egg-info to /home/aashvi/launch_ws/install/launch_tutorial/lib/python3.10/site-packages/launch_tutorial-0.0.0-py3.10.egg-info
[0.482s] running install_scripts
[0.492s] writing list of installed files to '/home/aashvi/launch_ws/build/launch_tutorial/install.log'
[0.504s] Invoked command in '/home/aashvi/launch_ws/src/launch_tutorial' returned '0': PYTHONPATH=/home/aashvi/launch_ws/build/launch_tutorial/prefix_override:/usr/lib/python3/dist-packages/colcon_core/task/python/colcon_distutils_commands:/home/aashvi/launch_ws/install/launch_tutorial/lib/python3.10/site-packages:${PYTHONPATH} /usr/bin/python3 -W ignore:setup.py install is deprecated -W ignore:easy_install command is deprecated setup.py egg_info --egg-base ../../build/launch_tutorial build --build-base /home/aashvi/launch_ws/build/launch_tutorial/build install --record /home/aashvi/launch_ws/build/launch_tutorial/install.log --single-version-externally-managed install_data
