[0.956s] [34mcolcon[0m [1;30mDEBUG[0m [32mCommand line arguments: ['/Users/dgawade/miniconda3/envs/ros_env/bin/colcon', 'build'][0m
[0.956s] [34mcolcon[0m [1;30mDEBUG[0m [32mParsed command line arguments: Namespace(log_base=None, log_level=None, verb_name='build', build_base='build', install_base='install', merge_install=False, symlink_install=False, test_result_base=None, continue_on_error=False, executor='parallel', parallel_workers=4, event_handlers=None, ignore_user_meta=False, metas=['./colcon.meta'], base_paths=['.'], packages_ignore=None, packages_ignore_regex=None, paths=None, packages_up_to=None, packages_up_to_regex=None, packages_above=None, packages_above_and_dependencies=None, packages_above_depth=None, packages_select_by_dep=None, packages_skip_by_dep=None, packages_skip_up_to=None, packages_select_build_failed=False, packages_skip_build_finished=False, packages_select_test_failures=False, packages_skip_test_passed=False, packages_select=None, packages_skip=None, packages_select_regex=None, packages_skip_regex=None, packages_start=None, packages_end=None, cmake_args=None, cmake_target=None, cmake_target_skip_unavailable=False, cmake_clean_cache=False, cmake_clean_first=False, cmake_force_configure=False, ament_cmake_args=None, catkin_cmake_args=None, catkin_skip_building_tests=False, verb_parser=<colcon_defaults.argument_parser.defaults.DefaultArgumentsDecorator object at 0x10b91ba50>, verb_extension=<colcon_core.verb.build.BuildVerb object at 0x10ba05150>, main=<bound method BuildVerb.main of <colcon_core.verb.build.BuildVerb object at 0x10ba05150>>)[0m
[1.104s] [34mcolcon.colcon_core.package_discovery[0m [1;30mLevel 1[0m discover_packages(colcon_meta) check parameters
[1.104s] [34mcolcon.colcon_core.package_discovery[0m [1;30mLevel 1[0m discover_packages(recursive) check parameters
[1.104s] [34mcolcon.colcon_core.package_discovery[0m [1;30mLevel 1[0m discover_packages(ignore) check parameters
[1.104s] [34mcolcon.colcon_core.package_discovery[0m [1;30mLevel 1[0m discover_packages(path) check parameters
[1.105s] [34mcolcon.colcon_core.package_discovery[0m [1;30mLevel 1[0m discover_packages(colcon_meta) discover
[1.105s] [34mcolcon.colcon_core.package_discovery[0m [1;30mLevel 1[0m discover_packages(recursive) discover
[1.105s] [34mcolcon.colcon_core.package_discovery[0m [1;30mINFO[0m Crawling recursively for packages in '/Users/dgawade/ros_rviz'
[1.105s] [34mcolcon.colcon_core.package_identification[0m [1;30mLevel 1[0m _identify(.) by extensions ['ignore', 'ignore_ament_install']
[1.105s] [34mcolcon.colcon_core.package_identification[0m [1;30mLevel 1[0m _identify(.) by extension 'ignore'
[1.105s] [34mcolcon.colcon_core.package_identification[0m [1;30mLevel 1[0m _identify(.) by extension 'ignore_ament_install'
[1.106s] [34mcolcon.colcon_core.package_identification[0m [1;30mLevel 1[0m _identify(.) by extensions ['colcon_pkg']
[1.106s] [34mcolcon.colcon_core.package_identification[0m [1;30mLevel 1[0m _identify(.) by extension 'colcon_pkg'
[1.106s] [34mcolcon.colcon_core.package_identification[0m [1;30mLevel 1[0m _identify(.) by extensions ['colcon_meta']
[1.106s] [34mcolcon.colcon_core.package_identification[0m [1;30mLevel 1[0m _identify(.) by extension 'colcon_meta'
[1.106s] [34mcolcon.colcon_core.package_identification[0m [1;30mLevel 1[0m _identify(.) by extensions ['ros']
[1.106s] [34mcolcon.colcon_core.package_identification[0m [1;30mLevel 1[0m _identify(.) by extension 'ros'
[1.181s] [34mcolcon.colcon_core.package_identification[0m [1;30mLevel 1[0m _identify(.) by extensions ['cmake', 'python']
[1.182s] [34mcolcon.colcon_core.package_identification[0m [1;30mLevel 1[0m _identify(.) by extension 'cmake'
[1.182s] [34mcolcon.colcon_core.package_identification[0m [1;30mLevel 1[0m _identify(.) by extension 'python'
[1.182s] [34mcolcon.colcon_core.package_identification[0m [1;30mLevel 1[0m _identify(.) by extensions ['python_setup_py']
[1.182s] [34mcolcon.colcon_core.package_identification[0m [1;30mLevel 1[0m _identify(.) by extension 'python_setup_py'
[1.183s] [34mcolcon.colcon_core.package_identification[0m [1;30mLevel 1[0m _identify(build) by extensions ['ignore', 'ignore_ament_install']
[1.183s] [34mcolcon.colcon_core.package_identification[0m [1;30mLevel 1[0m _identify(build) by extension 'ignore'
[1.183s] [34mcolcon.colcon_core.package_identification[0m [1;30mLevel 1[0m _identify(build) ignored
[1.183s] [34mcolcon.colcon_core.package_identification[0m [1;30mLevel 1[0m _identify(install) by extensions ['ignore', 'ignore_ament_install']
[1.184s] [34mcolcon.colcon_core.package_identification[0m [1;30mLevel 1[0m _identify(install) by extension 'ignore'
[1.184s] [34mcolcon.colcon_core.package_identification[0m [1;30mLevel 1[0m _identify(install) ignored
[1.184s] [34mcolcon.colcon_core.package_identification[0m [1;30mLevel 1[0m _identify(log) by extensions ['ignore', 'ignore_ament_install']
[1.184s] [34mcolcon.colcon_core.package_identification[0m [1;30mLevel 1[0m _identify(log) by extension 'ignore'
[1.184s] [34mcolcon.colcon_core.package_identification[0m [1;30mLevel 1[0m _identify(log) ignored
[1.185s] [34mcolcon.colcon_core.package_identification[0m [1;30mLevel 1[0m _identify(src) by extensions ['ignore', 'ignore_ament_install']
[1.185s] [34mcolcon.colcon_core.package_identification[0m [1;30mLevel 1[0m _identify(src) by extension 'ignore'
[1.185s] [34mcolcon.colcon_core.package_identification[0m [1;30mLevel 1[0m _identify(src) by extension 'ignore_ament_install'
[1.185s] [34mcolcon.colcon_core.package_identification[0m [1;30mLevel 1[0m _identify(src) by extensions ['colcon_pkg']
[1.185s] [34mcolcon.colcon_core.package_identification[0m [1;30mLevel 1[0m _identify(src) by extension 'colcon_pkg'
[1.185s] [34mcolcon.colcon_core.package_identification[0m [1;30mLevel 1[0m _identify(src) by extensions ['colcon_meta']
[1.185s] [34mcolcon.colcon_core.package_identification[0m [1;30mLevel 1[0m _identify(src) by extension 'colcon_meta'
[1.185s] [34mcolcon.colcon_core.package_identification[0m [1;30mLevel 1[0m _identify(src) by extensions ['ros']
[1.185s] [34mcolcon.colcon_core.package_identification[0m [1;30mLevel 1[0m _identify(src) by extension 'ros'
[1.186s] [34mcolcon.colcon_core.package_identification[0m [1;30mLevel 1[0m _identify(src) by extensions ['cmake', 'python']
[1.186s] [34mcolcon.colcon_core.package_identification[0m [1;30mLevel 1[0m _identify(src) by extension 'cmake'
[1.186s] [34mcolcon.colcon_core.package_identification[0m [1;30mLevel 1[0m _identify(src) by extension 'python'
[1.186s] [34mcolcon.colcon_core.package_identification[0m [1;30mLevel 1[0m _identify(src) by extensions ['python_setup_py']
[1.186s] [34mcolcon.colcon_core.package_identification[0m [1;30mLevel 1[0m _identify(src) by extension 'python_setup_py'
[1.186s] [34mcolcon.colcon_core.package_identification[0m [1;30mLevel 1[0m _identify(src/rviz_panel_tutorial) by extensions ['ignore', 'ignore_ament_install']
[1.186s] [34mcolcon.colcon_core.package_identification[0m [1;30mLevel 1[0m _identify(src/rviz_panel_tutorial) by extension 'ignore'
[1.187s] [34mcolcon.colcon_core.package_identification[0m [1;30mLevel 1[0m _identify(src/rviz_panel_tutorial) by extension 'ignore_ament_install'
[1.187s] [34mcolcon.colcon_core.package_identification[0m [1;30mLevel 1[0m _identify(src/rviz_panel_tutorial) by extensions ['colcon_pkg']
[1.187s] [34mcolcon.colcon_core.package_identification[0m [1;30mLevel 1[0m _identify(src/rviz_panel_tutorial) by extension 'colcon_pkg'
[1.187s] [34mcolcon.colcon_core.package_identification[0m [1;30mLevel 1[0m _identify(src/rviz_panel_tutorial) by extensions ['colcon_meta']
[1.187s] [34mcolcon.colcon_core.package_identification[0m [1;30mLevel 1[0m _identify(src/rviz_panel_tutorial) by extension 'colcon_meta'
[1.187s] [34mcolcon.colcon_core.package_identification[0m [1;30mLevel 1[0m _identify(src/rviz_panel_tutorial) by extensions ['ros']
[1.187s] [34mcolcon.colcon_core.package_identification[0m [1;30mLevel 1[0m _identify(src/rviz_panel_tutorial) by extension 'ros'
[1.196s] [34mcolcon.colcon_core.package_identification[0m [1;30mDEBUG[0m [32mPackage 'src/rviz_panel_tutorial' with type 'ros.ament_cmake' and name 'rviz_panel_tutorial'[0m
[1.197s] [34mcolcon.colcon_core.package_identification[0m [1;30mLevel 1[0m _identify(src/rviz_plugin_tutorial) by extensions ['ignore', 'ignore_ament_install']
[1.197s] [34mcolcon.colcon_core.package_identification[0m [1;30mLevel 1[0m _identify(src/rviz_plugin_tutorial) by extension 'ignore'
[1.197s] [34mcolcon.colcon_core.package_identification[0m [1;30mLevel 1[0m _identify(src/rviz_plugin_tutorial) by extension 'ignore_ament_install'
[1.197s] [34mcolcon.colcon_core.package_identification[0m [1;30mLevel 1[0m _identify(src/rviz_plugin_tutorial) by extensions ['colcon_pkg']
[1.197s] [34mcolcon.colcon_core.package_identification[0m [1;30mLevel 1[0m _identify(src/rviz_plugin_tutorial) by extension 'colcon_pkg'
[1.197s] [34mcolcon.colcon_core.package_identification[0m [1;30mLevel 1[0m _identify(src/rviz_plugin_tutorial) by extensions ['colcon_meta']
[1.197s] [34mcolcon.colcon_core.package_identification[0m [1;30mLevel 1[0m _identify(src/rviz_plugin_tutorial) by extension 'colcon_meta'
[1.198s] [34mcolcon.colcon_core.package_identification[0m [1;30mLevel 1[0m _identify(src/rviz_plugin_tutorial) by extensions ['ros']
[1.198s] [34mcolcon.colcon_core.package_identification[0m [1;30mLevel 1[0m _identify(src/rviz_plugin_tutorial) by extension 'ros'
[1.198s] [34mcolcon.colcon_core.package_identification[0m [1;30mLevel 1[0m _identify(src/rviz_plugin_tutorial) by extensions ['cmake', 'python']
[1.198s] [34mcolcon.colcon_core.package_identification[0m [1;30mLevel 1[0m _identify(src/rviz_plugin_tutorial) by extension 'cmake'
[1.198s] [34mcolcon.colcon_core.package_identification[0m [1;30mLevel 1[0m _identify(src/rviz_plugin_tutorial) by extension 'python'
[1.198s] [34mcolcon.colcon_core.package_identification[0m [1;30mLevel 1[0m _identify(src/rviz_plugin_tutorial) by extensions ['python_setup_py']
[1.198s] [34mcolcon.colcon_core.package_identification[0m [1;30mLevel 1[0m _identify(src/rviz_plugin_tutorial) by extension 'python_setup_py'
[1.199s] [34mcolcon.colcon_core.package_identification[0m [1;30mLevel 1[0m _identify(src/rviz_plugin_tutorial/doc) by extensions ['ignore', 'ignore_ament_install']
[1.199s] [34mcolcon.colcon_core.package_identification[0m [1;30mLevel 1[0m _identify(src/rviz_plugin_tutorial/doc) by extension 'ignore'
[1.199s] [34mcolcon.colcon_core.package_identification[0m [1;30mLevel 1[0m _identify(src/rviz_plugin_tutorial/doc) by extension 'ignore_ament_install'
[1.199s] [34mcolcon.colcon_core.package_identification[0m [1;30mLevel 1[0m _identify(src/rviz_plugin_tutorial/doc) by extensions ['colcon_pkg']
[1.199s] [34mcolcon.colcon_core.package_identification[0m [1;30mLevel 1[0m _identify(src/rviz_plugin_tutorial/doc) by extension 'colcon_pkg'
[1.199s] [34mcolcon.colcon_core.package_identification[0m [1;30mLevel 1[0m _identify(src/rviz_plugin_tutorial/doc) by extensions ['colcon_meta']
[1.199s] [34mcolcon.colcon_core.package_identification[0m [1;30mLevel 1[0m _identify(src/rviz_plugin_tutorial/doc) by extension 'colcon_meta'
[1.199s] [34mcolcon.colcon_core.package_identification[0m [1;30mLevel 1[0m _identify(src/rviz_plugin_tutorial/doc) by extensions ['ros']
[1.199s] [34mcolcon.colcon_core.package_identification[0m [1;30mLevel 1[0m _identify(src/rviz_plugin_tutorial/doc) by extension 'ros'
[1.200s] [34mcolcon.colcon_core.package_identification[0m [1;30mLevel 1[0m _identify(src/rviz_plugin_tutorial/doc) by extensions ['cmake', 'python']
[1.200s] [34mcolcon.colcon_core.package_identification[0m [1;30mLevel 1[0m _identify(src/rviz_plugin_tutorial/doc) by extension 'cmake'
[1.200s] [34mcolcon.colcon_core.package_identification[0m [1;30mLevel 1[0m _identify(src/rviz_plugin_tutorial/doc) by extension 'python'
[1.200s] [34mcolcon.colcon_core.package_identification[0m [1;30mLevel 1[0m _identify(src/rviz_plugin_tutorial/doc) by extensions ['python_setup_py']
[1.200s] [34mcolcon.colcon_core.package_identification[0m [1;30mLevel 1[0m _identify(src/rviz_plugin_tutorial/doc) by extension 'python_setup_py'
[1.200s] [34mcolcon.colcon_core.package_identification[0m [1;30mLevel 1[0m _identify(src/rviz_plugin_tutorial/rviz_plugin_tutorial) by extensions ['ignore', 'ignore_ament_install']
[1.200s] [34mcolcon.colcon_core.package_identification[0m [1;30mLevel 1[0m _identify(src/rviz_plugin_tutorial/rviz_plugin_tutorial) by extension 'ignore'
[1.200s] [34mcolcon.colcon_core.package_identification[0m [1;30mLevel 1[0m _identify(src/rviz_plugin_tutorial/rviz_plugin_tutorial) by extension 'ignore_ament_install'
[1.200s] [34mcolcon.colcon_core.package_identification[0m [1;30mLevel 1[0m _identify(src/rviz_plugin_tutorial/rviz_plugin_tutorial) by extensions ['colcon_pkg']
[1.200s] [34mcolcon.colcon_core.package_identification[0m [1;30mLevel 1[0m _identify(src/rviz_plugin_tutorial/rviz_plugin_tutorial) by extension 'colcon_pkg'
[1.201s] [34mcolcon.colcon_core.package_identification[0m [1;30mLevel 1[0m _identify(src/rviz_plugin_tutorial/rviz_plugin_tutorial) by extensions ['colcon_meta']
[1.201s] [34mcolcon.colcon_core.package_identification[0m [1;30mLevel 1[0m _identify(src/rviz_plugin_tutorial/rviz_plugin_tutorial) by extension 'colcon_meta'
[1.201s] [34mcolcon.colcon_core.package_identification[0m [1;30mLevel 1[0m _identify(src/rviz_plugin_tutorial/rviz_plugin_tutorial) by extensions ['ros']
[1.201s] [34mcolcon.colcon_core.package_identification[0m [1;30mLevel 1[0m _identify(src/rviz_plugin_tutorial/rviz_plugin_tutorial) by extension 'ros'
[1.203s] [34mcolcon.colcon_core.package_identification[0m [1;30mDEBUG[0m [32mPackage 'src/rviz_plugin_tutorial/rviz_plugin_tutorial' with type 'ros.ament_cmake' and name 'rviz_plugin_tutorial'[0m
[1.204s] [34mcolcon.colcon_core.package_identification[0m [1;30mLevel 1[0m _identify(src/rviz_plugin_tutorial/rviz_plugin_tutorial_msgs) by extensions ['ignore', 'ignore_ament_install']
[1.204s] [34mcolcon.colcon_core.package_identification[0m [1;30mLevel 1[0m _identify(src/rviz_plugin_tutorial/rviz_plugin_tutorial_msgs) by extension 'ignore'
[1.204s] [34mcolcon.colcon_core.package_identification[0m [1;30mLevel 1[0m _identify(src/rviz_plugin_tutorial/rviz_plugin_tutorial_msgs) by extension 'ignore_ament_install'
[1.204s] [34mcolcon.colcon_core.package_identification[0m [1;30mLevel 1[0m _identify(src/rviz_plugin_tutorial/rviz_plugin_tutorial_msgs) by extensions ['colcon_pkg']
[1.204s] [34mcolcon.colcon_core.package_identification[0m [1;30mLevel 1[0m _identify(src/rviz_plugin_tutorial/rviz_plugin_tutorial_msgs) by extension 'colcon_pkg'
[1.204s] [34mcolcon.colcon_core.package_identification[0m [1;30mLevel 1[0m _identify(src/rviz_plugin_tutorial/rviz_plugin_tutorial_msgs) by extensions ['colcon_meta']
[1.204s] [34mcolcon.colcon_core.package_identification[0m [1;30mLevel 1[0m _identify(src/rviz_plugin_tutorial/rviz_plugin_tutorial_msgs) by extension 'colcon_meta'
[1.205s] [34mcolcon.colcon_core.package_identification[0m [1;30mLevel 1[0m _identify(src/rviz_plugin_tutorial/rviz_plugin_tutorial_msgs) by extensions ['ros']
[1.205s] [34mcolcon.colcon_core.package_identification[0m [1;30mLevel 1[0m _identify(src/rviz_plugin_tutorial/rviz_plugin_tutorial_msgs) by extension 'ros'
[1.206s] [34mcolcon.colcon_core.package_identification[0m [1;30mDEBUG[0m [32mPackage 'src/rviz_plugin_tutorial/rviz_plugin_tutorial_msgs' with type 'ros.ament_cmake' and name 'rviz_plugin_tutorial_msgs'[0m
[1.207s] [34mcolcon.colcon_core.package_discovery[0m [1;30mLevel 1[0m discover_packages(recursive) using defaults
[1.207s] [34mcolcon.colcon_core.package_discovery[0m [1;30mLevel 1[0m discover_packages(ignore) discover
[1.207s] [34mcolcon.colcon_core.package_discovery[0m [1;30mLevel 1[0m discover_packages(ignore) using defaults
[1.207s] [34mcolcon.colcon_core.package_discovery[0m [1;30mLevel 1[0m discover_packages(path) discover
[1.207s] [34mcolcon.colcon_core.package_discovery[0m [1;30mLevel 1[0m discover_packages(path) using defaults
[1.268s] [34mcolcon.colcon_core.verb[0m [1;30mLevel 5[0m set package 'rviz_panel_tutorial' build argument 'cmake_args' from command line to 'None'
[1.268s] [34mcolcon.colcon_core.verb[0m [1;30mLevel 5[0m set package 'rviz_panel_tutorial' build argument 'cmake_target' from command line to 'None'
[1.268s] [34mcolcon.colcon_core.verb[0m [1;30mLevel 5[0m set package 'rviz_panel_tutorial' build argument 'cmake_target_skip_unavailable' from command line to 'False'
[1.268s] [34mcolcon.colcon_core.verb[0m [1;30mLevel 5[0m set package 'rviz_panel_tutorial' build argument 'cmake_clean_cache' from command line to 'False'
[1.268s] [34mcolcon.colcon_core.verb[0m [1;30mLevel 5[0m set package 'rviz_panel_tutorial' build argument 'cmake_clean_first' from command line to 'False'
[1.268s] [34mcolcon.colcon_core.verb[0m [1;30mLevel 5[0m set package 'rviz_panel_tutorial' build argument 'cmake_force_configure' from command line to 'False'
[1.268s] [34mcolcon.colcon_core.verb[0m [1;30mLevel 5[0m set package 'rviz_panel_tutorial' build argument 'ament_cmake_args' from command line to 'None'
[1.269s] [34mcolcon.colcon_core.verb[0m [1;30mLevel 5[0m set package 'rviz_panel_tutorial' build argument 'catkin_cmake_args' from command line to 'None'
[1.269s] [34mcolcon.colcon_core.verb[0m [1;30mLevel 5[0m set package 'rviz_panel_tutorial' build argument 'catkin_skip_building_tests' from command line to 'False'
[1.269s] [34mcolcon.colcon_core.verb[0m [1;30mDEBUG[0m [32mBuilding package 'rviz_panel_tutorial' with the following arguments: {'ament_cmake_args': None, 'build_base': '/Users/dgawade/ros_rviz/build/rviz_panel_tutorial', 'catkin_cmake_args': None, 'catkin_skip_building_tests': False, 'cmake_args': None, 'cmake_clean_cache': False, 'cmake_clean_first': False, 'cmake_force_configure': False, 'cmake_target': None, 'cmake_target_skip_unavailable': False, 'install_base': '/Users/dgawade/ros_rviz/install/rviz_panel_tutorial', 'merge_install': False, 'path': '/Users/dgawade/ros_rviz/src/rviz_panel_tutorial', 'symlink_install': False, 'test_result_base': None}[0m
[1.269s] [34mcolcon.colcon_core.verb[0m [1;30mLevel 5[0m set package 'rviz_plugin_tutorial_msgs' build argument 'cmake_args' from command line to 'None'
[1.269s] [34mcolcon.colcon_core.verb[0m [1;30mLevel 5[0m set package 'rviz_plugin_tutorial_msgs' build argument 'cmake_target' from command line to 'None'
[1.269s] [34mcolcon.colcon_core.verb[0m [1;30mLevel 5[0m set package 'rviz_plugin_tutorial_msgs' build argument 'cmake_target_skip_unavailable' from command line to 'False'
[1.269s] [34mcolcon.colcon_core.verb[0m [1;30mLevel 5[0m set package 'rviz_plugin_tutorial_msgs' build argument 'cmake_clean_cache' from command line to 'False'
[1.269s] [34mcolcon.colcon_core.verb[0m [1;30mLevel 5[0m set package 'rviz_plugin_tutorial_msgs' build argument 'cmake_clean_first' from command line to 'False'
[1.270s] [34mcolcon.colcon_core.verb[0m [1;30mLevel 5[0m set package 'rviz_plugin_tutorial_msgs' build argument 'cmake_force_configure' from command line to 'False'
[1.270s] [34mcolcon.colcon_core.verb[0m [1;30mLevel 5[0m set package 'rviz_plugin_tutorial_msgs' build argument 'ament_cmake_args' from command line to 'None'
[1.270s] [34mcolcon.colcon_core.verb[0m [1;30mLevel 5[0m set package 'rviz_plugin_tutorial_msgs' build argument 'catkin_cmake_args' from command line to 'None'
[1.270s] [34mcolcon.colcon_core.verb[0m [1;30mLevel 5[0m set package 'rviz_plugin_tutorial_msgs' build argument 'catkin_skip_building_tests' from command line to 'False'
[1.270s] [34mcolcon.colcon_core.verb[0m [1;30mDEBUG[0m [32mBuilding package 'rviz_plugin_tutorial_msgs' with the following arguments: {'ament_cmake_args': None, 'build_base': '/Users/dgawade/ros_rviz/build/rviz_plugin_tutorial_msgs', 'catkin_cmake_args': None, 'catkin_skip_building_tests': False, 'cmake_args': None, 'cmake_clean_cache': False, 'cmake_clean_first': False, 'cmake_force_configure': False, 'cmake_target': None, 'cmake_target_skip_unavailable': False, 'install_base': '/Users/dgawade/ros_rviz/install/rviz_plugin_tutorial_msgs', 'merge_install': False, 'path': '/Users/dgawade/ros_rviz/src/rviz_plugin_tutorial/rviz_plugin_tutorial_msgs', 'symlink_install': False, 'test_result_base': None}[0m
[1.270s] [34mcolcon.colcon_core.verb[0m [1;30mLevel 5[0m set package 'rviz_plugin_tutorial' build argument 'cmake_args' from command line to 'None'
[1.270s] [34mcolcon.colcon_core.verb[0m [1;30mLevel 5[0m set package 'rviz_plugin_tutorial' build argument 'cmake_target' from command line to 'None'
[1.270s] [34mcolcon.colcon_core.verb[0m [1;30mLevel 5[0m set package 'rviz_plugin_tutorial' build argument 'cmake_target_skip_unavailable' from command line to 'False'
[1.270s] [34mcolcon.colcon_core.verb[0m [1;30mLevel 5[0m set package 'rviz_plugin_tutorial' build argument 'cmake_clean_cache' from command line to 'False'
[1.271s] [34mcolcon.colcon_core.verb[0m [1;30mLevel 5[0m set package 'rviz_plugin_tutorial' build argument 'cmake_clean_first' from command line to 'False'
[1.271s] [34mcolcon.colcon_core.verb[0m [1;30mLevel 5[0m set package 'rviz_plugin_tutorial' build argument 'cmake_force_configure' from command line to 'False'
[1.271s] [34mcolcon.colcon_core.verb[0m [1;30mLevel 5[0m set package 'rviz_plugin_tutorial' build argument 'ament_cmake_args' from command line to 'None'
[1.271s] [34mcolcon.colcon_core.verb[0m [1;30mLevel 5[0m set package 'rviz_plugin_tutorial' build argument 'catkin_cmake_args' from command line to 'None'
[1.271s] [34mcolcon.colcon_core.verb[0m [1;30mLevel 5[0m set package 'rviz_plugin_tutorial' build argument 'catkin_skip_building_tests' from command line to 'False'
[1.271s] [34mcolcon.colcon_core.verb[0m [1;30mDEBUG[0m [32mBuilding package 'rviz_plugin_tutorial' with the following arguments: {'ament_cmake_args': None, 'build_base': '/Users/dgawade/ros_rviz/build/rviz_plugin_tutorial', 'catkin_cmake_args': None, 'catkin_skip_building_tests': False, 'cmake_args': None, 'cmake_clean_cache': False, 'cmake_clean_first': False, 'cmake_force_configure': False, 'cmake_target': None, 'cmake_target_skip_unavailable': False, 'install_base': '/Users/dgawade/ros_rviz/install/rviz_plugin_tutorial', 'merge_install': False, 'path': '/Users/dgawade/ros_rviz/src/rviz_plugin_tutorial/rviz_plugin_tutorial', 'symlink_install': False, 'test_result_base': None}[0m
[1.271s] [34mcolcon.colcon_core.executor[0m [1;30mINFO[0m Executing jobs using 'parallel' executor
[1.272s] [34mcolcon.colcon_parallel_executor.executor.parallel[0m [1;30mDEBUG[0m [32mrun_until_complete[0m
[1.273s] [34mcolcon.colcon_ros.task.ament_cmake.build[0m [1;30mINFO[0m Building ROS package in '/Users/dgawade/ros_rviz/src/rviz_plugin_tutorial/rviz_plugin_tutorial_msgs' with build type 'ament_cmake'
[1.273s] [34mcolcon.colcon_cmake.task.cmake.build[0m [1;30mINFO[0m Building CMake package in '/Users/dgawade/ros_rviz/src/rviz_plugin_tutorial/rviz_plugin_tutorial_msgs'
[1.284s] [34mcolcon.colcon_core.plugin_system[0m [1;30mINFO[0m Skipping extension 'colcon_core.shell.bat': Not used on non-Windows systems
[1.284s] [34mcolcon.colcon_core.shell[0m [1;30mINFO[0m Skip shell extension 'powershell' for command environment: Not usable outside of PowerShell
[1.284s] [34mcolcon.colcon_core.shell[0m [1;30mDEBUG[0m [32mSkip shell extension 'dsv' for command environment[0m
[1.312s] [34mcolcon.colcon_ros.task.ament_cmake.build[0m [1;30mINFO[0m Building ROS package in '/Users/dgawade/ros_rviz/src/rviz_panel_tutorial' with build type 'ament_cmake'
[1.313s] [34mcolcon.colcon_cmake.task.cmake.build[0m [1;30mINFO[0m Building CMake package in '/Users/dgawade/ros_rviz/src/rviz_panel_tutorial'
[1.314s] [34mcolcon.colcon_core.shell[0m [1;30mINFO[0m Skip shell extension 'powershell' for command environment: Not usable outside of PowerShell
[1.315s] [34mcolcon.colcon_core.shell[0m [1;30mDEBUG[0m [32mSkip shell extension 'dsv' for command environment[0m
[1.366s] [34mcolcon.colcon_core.event_handler.log_command[0m [1;30mDEBUG[0m [32mInvoking command in '/Users/dgawade/ros_rviz/build/rviz_plugin_tutorial_msgs': CMAKE_PREFIX_PATH=${CMAKE_PREFIX_PATH}:/Users/dgawade/ros_ws2/install/robo_desc:/Users/dgawade/ros_ws2/install/learning_tf2_py:/Users/dgawade/ros_ws2/install/launch_tutorial CONDA_PROMPT_MODIFIER=(ros_env) SHLVL=2 _=/usr/bin/env /usr/local/bin/cmake --build /Users/dgawade/ros_rviz/build/rviz_plugin_tutorial_msgs -- -j4 -l4[0m
[1.382s] [34mcolcon.colcon_core.event_handler.log_command[0m [1;30mDEBUG[0m [32mInvoking command in '/Users/dgawade/ros_rviz/build/rviz_panel_tutorial': CMAKE_PREFIX_PATH=${CMAKE_PREFIX_PATH}:/Users/dgawade/ros_ws2/install/robo_desc:/Users/dgawade/ros_ws2/install/learning_tf2_py:/Users/dgawade/ros_ws2/install/launch_tutorial CONDA_PROMPT_MODIFIER=(ros_env) SHLVL=2 _=/usr/bin/env /usr/local/bin/cmake --build /Users/dgawade/ros_rviz/build/rviz_panel_tutorial -- -j4 -l4[0m
[2.479s] [34mcolcon.colcon_core.event_handler.log_command[0m [1;30mDEBUG[0m [32mInvoked command in '/Users/dgawade/ros_rviz/build/rviz_panel_tutorial' returned '0': CMAKE_PREFIX_PATH=${CMAKE_PREFIX_PATH}:/Users/dgawade/ros_ws2/install/robo_desc:/Users/dgawade/ros_ws2/install/learning_tf2_py:/Users/dgawade/ros_ws2/install/launch_tutorial CONDA_PROMPT_MODIFIER=(ros_env) SHLVL=2 _=/usr/bin/env /usr/local/bin/cmake --build /Users/dgawade/ros_rviz/build/rviz_panel_tutorial -- -j4 -l4[0m
[3.246s] [34mcolcon.colcon_core.event_handler.log_command[0m [1;30mDEBUG[0m [32mInvoking command in '/Users/dgawade/ros_rviz/build/rviz_panel_tutorial': CMAKE_PREFIX_PATH=${CMAKE_PREFIX_PATH}:/Users/dgawade/ros_ws2/install/robo_desc:/Users/dgawade/ros_ws2/install/learning_tf2_py:/Users/dgawade/ros_ws2/install/launch_tutorial CONDA_PROMPT_MODIFIER=(ros_env) SHLVL=2 _=/usr/bin/env /usr/local/bin/cmake --install /Users/dgawade/ros_rviz/build/rviz_panel_tutorial[0m
[3.302s] [34mcolcon.colcon_core.environment[0m [1;30mLevel 1[0m create_environment_scripts_only(rviz_panel_tutorial)
[3.303s] [34mcolcon.colcon_core.event_handler.log_command[0m [1;30mDEBUG[0m [32mInvoked command in '/Users/dgawade/ros_rviz/build/rviz_panel_tutorial' returned '0': CMAKE_PREFIX_PATH=${CMAKE_PREFIX_PATH}:/Users/dgawade/ros_ws2/install/robo_desc:/Users/dgawade/ros_ws2/install/learning_tf2_py:/Users/dgawade/ros_ws2/install/launch_tutorial CONDA_PROMPT_MODIFIER=(ros_env) SHLVL=2 _=/usr/bin/env /usr/local/bin/cmake --install /Users/dgawade/ros_rviz/build/rviz_panel_tutorial[0m
[3.310s] [34mcolcon.colcon_core.environment[0m [1;30mLevel 1[0m checking '/Users/dgawade/ros_rviz/install/rviz_panel_tutorial' for CMake module files
[3.310s] [34mcolcon.colcon_core.environment[0m [1;30mLevel 1[0m checking '/Users/dgawade/ros_rviz/install/rviz_panel_tutorial' for CMake config files
[3.311s] [34mcolcon.colcon_core.shell[0m [1;30mLevel 1[0m create_environment_hook('rviz_panel_tutorial', 'cmake_prefix_path')
[3.311s] [34mcolcon.colcon_core.shell[0m [1;30mINFO[0m Creating environment hook '/Users/dgawade/ros_rviz/install/rviz_panel_tutorial/share/rviz_panel_tutorial/hook/cmake_prefix_path.ps1'
[3.313s] [34mcolcon.colcon_core.shell[0m [1;30mINFO[0m Creating environment descriptor '/Users/dgawade/ros_rviz/install/rviz_panel_tutorial/share/rviz_panel_tutorial/hook/cmake_prefix_path.dsv'
[3.314s] [34mcolcon.colcon_core.shell[0m [1;30mINFO[0m Creating environment hook '/Users/dgawade/ros_rviz/install/rviz_panel_tutorial/share/rviz_panel_tutorial/hook/cmake_prefix_path.sh'
[3.316s] [34mcolcon.colcon_core.environment[0m [1;30mLevel 1[0m checking '/Users/dgawade/ros_rviz/install/rviz_panel_tutorial/lib'
[3.317s] [34mcolcon.colcon_core.shell[0m [1;30mLevel 1[0m create_environment_hook('rviz_panel_tutorial', 'dyld_library_path')
[3.318s] [34mcolcon.colcon_core.shell[0m [1;30mINFO[0m Creating environment hook '/Users/dgawade/ros_rviz/install/rviz_panel_tutorial/share/rviz_panel_tutorial/hook/dyld_library_path.ps1'
[3.318s] [34mcolcon.colcon_core.shell[0m [1;30mINFO[0m Creating environment descriptor '/Users/dgawade/ros_rviz/install/rviz_panel_tutorial/share/rviz_panel_tutorial/hook/dyld_library_path.dsv'
[3.319s] [34mcolcon.colcon_core.shell[0m [1;30mINFO[0m Creating environment hook '/Users/dgawade/ros_rviz/install/rviz_panel_tutorial/share/rviz_panel_tutorial/hook/dyld_library_path.sh'
[3.320s] [34mcolcon.colcon_core.environment[0m [1;30mLevel 1[0m checking '/Users/dgawade/ros_rviz/install/rviz_panel_tutorial/bin'
[3.320s] [34mcolcon.colcon_core.environment[0m [1;30mLevel 1[0m checking '/Users/dgawade/ros_rviz/install/rviz_panel_tutorial/lib/pkgconfig/rviz_panel_tutorial.pc'
[3.321s] [34mcolcon.colcon_core.environment[0m [1;30mLevel 1[0m checking '/Users/dgawade/ros_rviz/install/rviz_panel_tutorial/lib/python3.11/site-packages'
[3.321s] [34mcolcon.colcon_core.environment[0m [1;30mLevel 1[0m checking '/Users/dgawade/ros_rviz/install/rviz_panel_tutorial/bin'
[3.321s] [34mcolcon.colcon_core.shell[0m [1;30mINFO[0m Creating package script '/Users/dgawade/ros_rviz/install/rviz_panel_tutorial/share/rviz_panel_tutorial/package.ps1'
[3.324s] [34mcolcon.colcon_core.shell[0m [1;30mINFO[0m Creating package descriptor '/Users/dgawade/ros_rviz/install/rviz_panel_tutorial/share/rviz_panel_tutorial/package.dsv'
[3.325s] [34mcolcon.colcon_core.shell[0m [1;30mINFO[0m Creating package script '/Users/dgawade/ros_rviz/install/rviz_panel_tutorial/share/rviz_panel_tutorial/package.sh'
[3.326s] [34mcolcon.colcon_core.shell[0m [1;30mINFO[0m Creating package script '/Users/dgawade/ros_rviz/install/rviz_panel_tutorial/share/rviz_panel_tutorial/package.bash'
[3.328s] [34mcolcon.colcon_core.shell[0m [1;30mINFO[0m Creating package script '/Users/dgawade/ros_rviz/install/rviz_panel_tutorial/share/rviz_panel_tutorial/package.zsh'
[3.330s] [34mcolcon.colcon_core.environment[0m [1;30mLevel 1[0m create_file_with_runtime_dependencies(/Users/dgawade/ros_rviz/install/rviz_panel_tutorial/share/colcon-core/packages/rviz_panel_tutorial)
[3.424s] [34mcolcon.colcon_core.event_handler.log_command[0m [1;30mDEBUG[0m [32mInvoked command in '/Users/dgawade/ros_rviz/build/rviz_plugin_tutorial_msgs' returned '0': CMAKE_PREFIX_PATH=${CMAKE_PREFIX_PATH}:/Users/dgawade/ros_ws2/install/robo_desc:/Users/dgawade/ros_ws2/install/learning_tf2_py:/Users/dgawade/ros_ws2/install/launch_tutorial CONDA_PROMPT_MODIFIER=(ros_env) SHLVL=2 _=/usr/bin/env /usr/local/bin/cmake --build /Users/dgawade/ros_rviz/build/rviz_plugin_tutorial_msgs -- -j4 -l4[0m
[3.776s] [34mcolcon.colcon_core.environment[0m [1;30mLevel 1[0m create_environment_scripts_only(rviz_panel_tutorial)
[3.777s] [34mcolcon.colcon_core.environment[0m [1;30mLevel 1[0m checking '/Users/dgawade/ros_rviz/install/rviz_panel_tutorial' for CMake module files
[3.778s] [34mcolcon.colcon_core.environment[0m [1;30mLevel 1[0m checking '/Users/dgawade/ros_rviz/install/rviz_panel_tutorial' for CMake config files
[3.778s] [34mcolcon.colcon_core.shell[0m [1;30mLevel 1[0m create_environment_hook('rviz_panel_tutorial', 'cmake_prefix_path')
[3.778s] [34mcolcon.colcon_core.shell[0m [1;30mINFO[0m Creating environment hook '/Users/dgawade/ros_rviz/install/rviz_panel_tutorial/share/rviz_panel_tutorial/hook/cmake_prefix_path.ps1'
[3.779s] [34mcolcon.colcon_core.shell[0m [1;30mINFO[0m Creating environment descriptor '/Users/dgawade/ros_rviz/install/rviz_panel_tutorial/share/rviz_panel_tutorial/hook/cmake_prefix_path.dsv'
[3.780s] [34mcolcon.colcon_core.shell[0m [1;30mINFO[0m Creating environment hook '/Users/dgawade/ros_rviz/install/rviz_panel_tutorial/share/rviz_panel_tutorial/hook/cmake_prefix_path.sh'
[3.781s] [34mcolcon.colcon_core.environment[0m [1;30mLevel 1[0m checking '/Users/dgawade/ros_rviz/install/rviz_panel_tutorial/lib'
[3.781s] [34mcolcon.colcon_core.shell[0m [1;30mLevel 1[0m create_environment_hook('rviz_panel_tutorial', 'dyld_library_path')
[3.782s] [34mcolcon.colcon_core.shell[0m [1;30mINFO[0m Creating environment hook '/Users/dgawade/ros_rviz/install/rviz_panel_tutorial/share/rviz_panel_tutorial/hook/dyld_library_path.ps1'
[3.783s] [34mcolcon.colcon_core.shell[0m [1;30mINFO[0m Creating environment descriptor '/Users/dgawade/ros_rviz/install/rviz_panel_tutorial/share/rviz_panel_tutorial/hook/dyld_library_path.dsv'
[3.783s] [34mcolcon.colcon_core.shell[0m [1;30mINFO[0m Creating environment hook '/Users/dgawade/ros_rviz/install/rviz_panel_tutorial/share/rviz_panel_tutorial/hook/dyld_library_path.sh'
[3.784s] [34mcolcon.colcon_core.environment[0m [1;30mLevel 1[0m checking '/Users/dgawade/ros_rviz/install/rviz_panel_tutorial/bin'
[3.784s] [34mcolcon.colcon_core.environment[0m [1;30mLevel 1[0m checking '/Users/dgawade/ros_rviz/install/rviz_panel_tutorial/lib/pkgconfig/rviz_panel_tutorial.pc'
[3.785s] [34mcolcon.colcon_core.environment[0m [1;30mLevel 1[0m checking '/Users/dgawade/ros_rviz/install/rviz_panel_tutorial/lib/python3.11/site-packages'
[3.785s] [34mcolcon.colcon_core.environment[0m [1;30mLevel 1[0m checking '/Users/dgawade/ros_rviz/install/rviz_panel_tutorial/bin'
[3.786s] [34mcolcon.colcon_core.shell[0m [1;30mINFO[0m Creating package script '/Users/dgawade/ros_rviz/install/rviz_panel_tutorial/share/rviz_panel_tutorial/package.ps1'
[3.787s] [34mcolcon.colcon_core.shell[0m [1;30mINFO[0m Creating package descriptor '/Users/dgawade/ros_rviz/install/rviz_panel_tutorial/share/rviz_panel_tutorial/package.dsv'
[3.788s] [34mcolcon.colcon_core.shell[0m [1;30mINFO[0m Creating package script '/Users/dgawade/ros_rviz/install/rviz_panel_tutorial/share/rviz_panel_tutorial/package.sh'
[3.789s] [34mcolcon.colcon_core.shell[0m [1;30mINFO[0m Creating package script '/Users/dgawade/ros_rviz/install/rviz_panel_tutorial/share/rviz_panel_tutorial/package.bash'
[3.790s] [34mcolcon.colcon_core.shell[0m [1;30mINFO[0m Creating package script '/Users/dgawade/ros_rviz/install/rviz_panel_tutorial/share/rviz_panel_tutorial/package.zsh'
[3.791s] [34mcolcon.colcon_core.environment[0m [1;30mLevel 1[0m create_file_with_runtime_dependencies(/Users/dgawade/ros_rviz/install/rviz_panel_tutorial/share/colcon-core/packages/rviz_panel_tutorial)
[4.432s] [34mcolcon.colcon_core.event_handler.log_command[0m [1;30mDEBUG[0m [32mInvoking command in '/Users/dgawade/ros_rviz/build/rviz_plugin_tutorial_msgs': CMAKE_PREFIX_PATH=${CMAKE_PREFIX_PATH}:/Users/dgawade/ros_ws2/install/robo_desc:/Users/dgawade/ros_ws2/install/learning_tf2_py:/Users/dgawade/ros_ws2/install/launch_tutorial CONDA_PROMPT_MODIFIER=(ros_env) SHLVL=2 _=/usr/bin/env /usr/local/bin/cmake --install /Users/dgawade/ros_rviz/build/rviz_plugin_tutorial_msgs[0m
[4.689s] [34mcolcon.colcon_core.environment[0m [1;30mLevel 1[0m create_environment_scripts_only(rviz_plugin_tutorial_msgs)
[4.690s] [34mcolcon.colcon_core.event_handler.log_command[0m [1;30mDEBUG[0m [32mInvoked command in '/Users/dgawade/ros_rviz/build/rviz_plugin_tutorial_msgs' returned '0': CMAKE_PREFIX_PATH=${CMAKE_PREFIX_PATH}:/Users/dgawade/ros_ws2/install/robo_desc:/Users/dgawade/ros_ws2/install/learning_tf2_py:/Users/dgawade/ros_ws2/install/launch_tutorial CONDA_PROMPT_MODIFIER=(ros_env) SHLVL=2 _=/usr/bin/env /usr/local/bin/cmake --install /Users/dgawade/ros_rviz/build/rviz_plugin_tutorial_msgs[0m
[4.690s] [34mcolcon.colcon_core.environment[0m [1;30mLevel 1[0m checking '/Users/dgawade/ros_rviz/install/rviz_plugin_tutorial_msgs' for CMake module files
[4.692s] [34mcolcon.colcon_core.environment[0m [1;30mLevel 1[0m checking '/Users/dgawade/ros_rviz/install/rviz_plugin_tutorial_msgs' for CMake config files
[4.694s] [34mcolcon.colcon_core.shell[0m [1;30mLevel 1[0m create_environment_hook('rviz_plugin_tutorial_msgs', 'cmake_prefix_path')
[4.694s] [34mcolcon.colcon_core.shell[0m [1;30mINFO[0m Creating environment hook '/Users/dgawade/ros_rviz/install/rviz_plugin_tutorial_msgs/share/rviz_plugin_tutorial_msgs/hook/cmake_prefix_path.ps1'
[4.695s] [34mcolcon.colcon_core.shell[0m [1;30mINFO[0m Creating environment descriptor '/Users/dgawade/ros_rviz/install/rviz_plugin_tutorial_msgs/share/rviz_plugin_tutorial_msgs/hook/cmake_prefix_path.dsv'
[4.695s] [34mcolcon.colcon_core.shell[0m [1;30mINFO[0m Creating environment hook '/Users/dgawade/ros_rviz/install/rviz_plugin_tutorial_msgs/share/rviz_plugin_tutorial_msgs/hook/cmake_prefix_path.sh'
[4.696s] [34mcolcon.colcon_core.environment[0m [1;30mLevel 1[0m checking '/Users/dgawade/ros_rviz/install/rviz_plugin_tutorial_msgs/lib'
[4.696s] [34mcolcon.colcon_core.shell[0m [1;30mLevel 1[0m create_environment_hook('rviz_plugin_tutorial_msgs', 'dyld_library_path')
[4.696s] [34mcolcon.colcon_core.shell[0m [1;30mINFO[0m Creating environment hook '/Users/dgawade/ros_rviz/install/rviz_plugin_tutorial_msgs/share/rviz_plugin_tutorial_msgs/hook/dyld_library_path.ps1'
[4.697s] [34mcolcon.colcon_core.shell[0m [1;30mINFO[0m Creating environment descriptor '/Users/dgawade/ros_rviz/install/rviz_plugin_tutorial_msgs/share/rviz_plugin_tutorial_msgs/hook/dyld_library_path.dsv'
[4.697s] [34mcolcon.colcon_core.shell[0m [1;30mINFO[0m Creating environment hook '/Users/dgawade/ros_rviz/install/rviz_plugin_tutorial_msgs/share/rviz_plugin_tutorial_msgs/hook/dyld_library_path.sh'
[4.698s] [34mcolcon.colcon_core.environment[0m [1;30mLevel 1[0m checking '/Users/dgawade/ros_rviz/install/rviz_plugin_tutorial_msgs/bin'
[4.698s] [34mcolcon.colcon_core.environment[0m [1;30mLevel 1[0m checking '/Users/dgawade/ros_rviz/install/rviz_plugin_tutorial_msgs/lib/pkgconfig/rviz_plugin_tutorial_msgs.pc'
[4.698s] [34mcolcon.colcon_core.environment[0m [1;30mLevel 1[0m checking '/Users/dgawade/ros_rviz/install/rviz_plugin_tutorial_msgs/lib/python3.11/site-packages'
[4.698s] [34mcolcon.colcon_core.shell[0m [1;30mLevel 1[0m create_environment_hook('rviz_plugin_tutorial_msgs', 'pythonpath')
[4.699s] [34mcolcon.colcon_core.shell[0m [1;30mINFO[0m Creating environment hook '/Users/dgawade/ros_rviz/install/rviz_plugin_tutorial_msgs/share/rviz_plugin_tutorial_msgs/hook/pythonpath.ps1'
[4.699s] [34mcolcon.colcon_core.shell[0m [1;30mINFO[0m Creating environment descriptor '/Users/dgawade/ros_rviz/install/rviz_plugin_tutorial_msgs/share/rviz_plugin_tutorial_msgs/hook/pythonpath.dsv'
[4.700s] [34mcolcon.colcon_core.shell[0m [1;30mINFO[0m Creating environment hook '/Users/dgawade/ros_rviz/install/rviz_plugin_tutorial_msgs/share/rviz_plugin_tutorial_msgs/hook/pythonpath.sh'
[4.701s] [34mcolcon.colcon_core.environment[0m [1;30mLevel 1[0m checking '/Users/dgawade/ros_rviz/install/rviz_plugin_tutorial_msgs/bin'
[4.701s] [34mcolcon.colcon_core.shell[0m [1;30mINFO[0m Creating package script '/Users/dgawade/ros_rviz/install/rviz_plugin_tutorial_msgs/share/rviz_plugin_tutorial_msgs/package.ps1'
[4.702s] [34mcolcon.colcon_core.shell[0m [1;30mINFO[0m Creating package descriptor '/Users/dgawade/ros_rviz/install/rviz_plugin_tutorial_msgs/share/rviz_plugin_tutorial_msgs/package.dsv'
[4.703s] [34mcolcon.colcon_core.shell[0m [1;30mINFO[0m Creating package script '/Users/dgawade/ros_rviz/install/rviz_plugin_tutorial_msgs/share/rviz_plugin_tutorial_msgs/package.sh'
[4.703s] [34mcolcon.colcon_core.shell[0m [1;30mINFO[0m Creating package script '/Users/dgawade/ros_rviz/install/rviz_plugin_tutorial_msgs/share/rviz_plugin_tutorial_msgs/package.bash'
[4.704s] [34mcolcon.colcon_core.shell[0m [1;30mINFO[0m Creating package script '/Users/dgawade/ros_rviz/install/rviz_plugin_tutorial_msgs/share/rviz_plugin_tutorial_msgs/package.zsh'
[4.704s] [34mcolcon.colcon_core.environment[0m [1;30mLevel 1[0m create_file_with_runtime_dependencies(/Users/dgawade/ros_rviz/install/rviz_plugin_tutorial_msgs/share/colcon-core/packages/rviz_plugin_tutorial_msgs)
[5.702s] [34mcolcon.colcon_core.environment[0m [1;30mLevel 1[0m create_environment_scripts_only(rviz_plugin_tutorial_msgs)
[5.703s] [34mcolcon.colcon_core.environment[0m [1;30mLevel 1[0m checking '/Users/dgawade/ros_rviz/install/rviz_plugin_tutorial_msgs' for CMake module files
[5.704s] [34mcolcon.colcon_core.environment[0m [1;30mLevel 1[0m checking '/Users/dgawade/ros_rviz/install/rviz_plugin_tutorial_msgs' for CMake config files
[5.705s] [34mcolcon.colcon_core.shell[0m [1;30mLevel 1[0m create_environment_hook('rviz_plugin_tutorial_msgs', 'cmake_prefix_path')
[5.705s] [34mcolcon.colcon_core.shell[0m [1;30mINFO[0m Creating environment hook '/Users/dgawade/ros_rviz/install/rviz_plugin_tutorial_msgs/share/rviz_plugin_tutorial_msgs/hook/cmake_prefix_path.ps1'
[5.706s] [34mcolcon.colcon_core.shell[0m [1;30mINFO[0m Creating environment descriptor '/Users/dgawade/ros_rviz/install/rviz_plugin_tutorial_msgs/share/rviz_plugin_tutorial_msgs/hook/cmake_prefix_path.dsv'
[5.707s] [34mcolcon.colcon_core.shell[0m [1;30mINFO[0m Creating environment hook '/Users/dgawade/ros_rviz/install/rviz_plugin_tutorial_msgs/share/rviz_plugin_tutorial_msgs/hook/cmake_prefix_path.sh'
[5.708s] [34mcolcon.colcon_core.environment[0m [1;30mLevel 1[0m checking '/Users/dgawade/ros_rviz/install/rviz_plugin_tutorial_msgs/lib'
[5.708s] [34mcolcon.colcon_core.shell[0m [1;30mLevel 1[0m create_environment_hook('rviz_plugin_tutorial_msgs', 'dyld_library_path')
[5.708s] [34mcolcon.colcon_core.shell[0m [1;30mINFO[0m Creating environment hook '/Users/dgawade/ros_rviz/install/rviz_plugin_tutorial_msgs/share/rviz_plugin_tutorial_msgs/hook/dyld_library_path.ps1'
[5.709s] [34mcolcon.colcon_core.shell[0m [1;30mINFO[0m Creating environment descriptor '/Users/dgawade/ros_rviz/install/rviz_plugin_tutorial_msgs/share/rviz_plugin_tutorial_msgs/hook/dyld_library_path.dsv'
[5.709s] [34mcolcon.colcon_core.shell[0m [1;30mINFO[0m Creating environment hook '/Users/dgawade/ros_rviz/install/rviz_plugin_tutorial_msgs/share/rviz_plugin_tutorial_msgs/hook/dyld_library_path.sh'
[5.710s] [34mcolcon.colcon_core.environment[0m [1;30mLevel 1[0m checking '/Users/dgawade/ros_rviz/install/rviz_plugin_tutorial_msgs/bin'
[5.710s] [34mcolcon.colcon_core.environment[0m [1;30mLevel 1[0m checking '/Users/dgawade/ros_rviz/install/rviz_plugin_tutorial_msgs/lib/pkgconfig/rviz_plugin_tutorial_msgs.pc'
[5.710s] [34mcolcon.colcon_core.environment[0m [1;30mLevel 1[0m checking '/Users/dgawade/ros_rviz/install/rviz_plugin_tutorial_msgs/lib/python3.11/site-packages'
[5.711s] [34mcolcon.colcon_core.shell[0m [1;30mLevel 1[0m create_environment_hook('rviz_plugin_tutorial_msgs', 'pythonpath')
[5.711s] [34mcolcon.colcon_core.shell[0m [1;30mINFO[0m Creating environment hook '/Users/dgawade/ros_rviz/install/rviz_plugin_tutorial_msgs/share/rviz_plugin_tutorial_msgs/hook/pythonpath.ps1'
[5.712s] [34mcolcon.colcon_core.shell[0m [1;30mINFO[0m Creating environment descriptor '/Users/dgawade/ros_rviz/install/rviz_plugin_tutorial_msgs/share/rviz_plugin_tutorial_msgs/hook/pythonpath.dsv'
[5.712s] [34mcolcon.colcon_core.shell[0m [1;30mINFO[0m Creating environment hook '/Users/dgawade/ros_rviz/install/rviz_plugin_tutorial_msgs/share/rviz_plugin_tutorial_msgs/hook/pythonpath.sh'
[5.713s] [34mcolcon.colcon_core.environment[0m [1;30mLevel 1[0m checking '/Users/dgawade/ros_rviz/install/rviz_plugin_tutorial_msgs/bin'
[5.713s] [34mcolcon.colcon_core.shell[0m [1;30mINFO[0m Creating package script '/Users/dgawade/ros_rviz/install/rviz_plugin_tutorial_msgs/share/rviz_plugin_tutorial_msgs/package.ps1'
[5.714s] [34mcolcon.colcon_core.shell[0m [1;30mINFO[0m Creating package descriptor '/Users/dgawade/ros_rviz/install/rviz_plugin_tutorial_msgs/share/rviz_plugin_tutorial_msgs/package.dsv'
[5.714s] [34mcolcon.colcon_core.shell[0m [1;30mINFO[0m Creating package script '/Users/dgawade/ros_rviz/install/rviz_plugin_tutorial_msgs/share/rviz_plugin_tutorial_msgs/package.sh'
[5.715s] [34mcolcon.colcon_core.shell[0m [1;30mINFO[0m Creating package script '/Users/dgawade/ros_rviz/install/rviz_plugin_tutorial_msgs/share/rviz_plugin_tutorial_msgs/package.bash'
[5.716s] [34mcolcon.colcon_core.shell[0m [1;30mINFO[0m Creating package script '/Users/dgawade/ros_rviz/install/rviz_plugin_tutorial_msgs/share/rviz_plugin_tutorial_msgs/package.zsh'
[5.716s] [34mcolcon.colcon_core.environment[0m [1;30mLevel 1[0m create_file_with_runtime_dependencies(/Users/dgawade/ros_rviz/install/rviz_plugin_tutorial_msgs/share/colcon-core/packages/rviz_plugin_tutorial_msgs)
[5.717s] [34mcolcon.colcon_ros.task.ament_cmake.build[0m [1;30mINFO[0m Building ROS package in '/Users/dgawade/ros_rviz/src/rviz_plugin_tutorial/rviz_plugin_tutorial' with build type 'ament_cmake'
[5.718s] [34mcolcon.colcon_cmake.task.cmake.build[0m [1;30mINFO[0m Building CMake package in '/Users/dgawade/ros_rviz/src/rviz_plugin_tutorial/rviz_plugin_tutorial'
[5.718s] [34mcolcon.colcon_core.shell[0m [1;30mINFO[0m Skip shell extension 'powershell' for command environment: Not usable outside of PowerShell
[5.718s] [34mcolcon.colcon_core.shell[0m [1;30mDEBUG[0m [32mSkip shell extension 'dsv' for command environment[0m
[5.778s] [34mcolcon.colcon_core.event_handler.log_command[0m [1;30mDEBUG[0m [32mInvoking command in '/Users/dgawade/ros_rviz/build/rviz_plugin_tutorial': AMENT_PREFIX_PATH=/Users/dgawade/ros_rviz/install/rviz_plugin_tutorial_msgs:${AMENT_PREFIX_PATH} CMAKE_PREFIX_PATH=/Users/dgawade/ros_rviz/install/rviz_plugin_tutorial_msgs:/Users/dgawade/ros_ws2/install/urdf_tutorial:/Users/dgawade/ros_ws2/install/urdf_launch:/Users/dgawade/ros_ws2/install/learning_tf2_cpp:/Users/dgawade/miniconda3/envs/ros_env:/Users/dgawade/ros_ws2/install/robo_desc:/Users/dgawade/ros_ws2/install/learning_tf2_py:/Users/dgawade/ros_ws2/install/launch_tutorial CONDA_PROMPT_MODIFIER=(ros_env) PYTHONPATH=/Users/dgawade/ros_rviz/install/rviz_plugin_tutorial_msgs/lib/python3.11/site-packages:${PYTHONPATH} SHLVL=2 _=/usr/bin/env /usr/local/bin/cmake --build /Users/dgawade/ros_rviz/build/rviz_plugin_tutorial -- -j4 -l4[0m
[8.068s] [34mcolcon.colcon_core.event_handler.log_command[0m [1;30mDEBUG[0m [32mInvoked command in '/Users/dgawade/ros_rviz/build/rviz_plugin_tutorial' returned '0': AMENT_PREFIX_PATH=/Users/dgawade/ros_rviz/install/rviz_plugin_tutorial_msgs:${AMENT_PREFIX_PATH} CMAKE_PREFIX_PATH=/Users/dgawade/ros_rviz/install/rviz_plugin_tutorial_msgs:/Users/dgawade/ros_ws2/install/urdf_tutorial:/Users/dgawade/ros_ws2/install/urdf_launch:/Users/dgawade/ros_ws2/install/learning_tf2_cpp:/Users/dgawade/miniconda3/envs/ros_env:/Users/dgawade/ros_ws2/install/robo_desc:/Users/dgawade/ros_ws2/install/learning_tf2_py:/Users/dgawade/ros_ws2/install/launch_tutorial CONDA_PROMPT_MODIFIER=(ros_env) PYTHONPATH=/Users/dgawade/ros_rviz/install/rviz_plugin_tutorial_msgs/lib/python3.11/site-packages:${PYTHONPATH} SHLVL=2 _=/usr/bin/env /usr/local/bin/cmake --build /Users/dgawade/ros_rviz/build/rviz_plugin_tutorial -- -j4 -l4[0m
[8.477s] [34mcolcon.colcon_core.event_handler.log_command[0m [1;30mDEBUG[0m [32mInvoking command in '/Users/dgawade/ros_rviz/build/rviz_plugin_tutorial': AMENT_PREFIX_PATH=/Users/dgawade/ros_rviz/install/rviz_plugin_tutorial_msgs:${AMENT_PREFIX_PATH} CMAKE_PREFIX_PATH=/Users/dgawade/ros_rviz/install/rviz_plugin_tutorial_msgs:/Users/dgawade/ros_ws2/install/urdf_tutorial:/Users/dgawade/ros_ws2/install/urdf_launch:/Users/dgawade/ros_ws2/install/learning_tf2_cpp:/Users/dgawade/miniconda3/envs/ros_env:/Users/dgawade/ros_ws2/install/robo_desc:/Users/dgawade/ros_ws2/install/learning_tf2_py:/Users/dgawade/ros_ws2/install/launch_tutorial CONDA_PROMPT_MODIFIER=(ros_env) PYTHONPATH=/Users/dgawade/ros_rviz/install/rviz_plugin_tutorial_msgs/lib/python3.11/site-packages:${PYTHONPATH} SHLVL=2 _=/usr/bin/env /usr/local/bin/cmake --install /Users/dgawade/ros_rviz/build/rviz_plugin_tutorial[0m
[8.541s] [34mcolcon.colcon_core.environment[0m [1;30mLevel 1[0m create_environment_scripts_only(rviz_plugin_tutorial)
[8.541s] [34mcolcon.colcon_core.environment[0m [1;30mLevel 1[0m checking '/Users/dgawade/ros_rviz/install/rviz_plugin_tutorial' for CMake module files
[8.543s] [34mcolcon.colcon_core.event_handler.log_command[0m [1;30mDEBUG[0m [32mInvoked command in '/Users/dgawade/ros_rviz/build/rviz_plugin_tutorial' returned '0': AMENT_PREFIX_PATH=/Users/dgawade/ros_rviz/install/rviz_plugin_tutorial_msgs:${AMENT_PREFIX_PATH} CMAKE_PREFIX_PATH=/Users/dgawade/ros_rviz/install/rviz_plugin_tutorial_msgs:/Users/dgawade/ros_ws2/install/urdf_tutorial:/Users/dgawade/ros_ws2/install/urdf_launch:/Users/dgawade/ros_ws2/install/learning_tf2_cpp:/Users/dgawade/miniconda3/envs/ros_env:/Users/dgawade/ros_ws2/install/robo_desc:/Users/dgawade/ros_ws2/install/learning_tf2_py:/Users/dgawade/ros_ws2/install/launch_tutorial CONDA_PROMPT_MODIFIER=(ros_env) PYTHONPATH=/Users/dgawade/ros_rviz/install/rviz_plugin_tutorial_msgs/lib/python3.11/site-packages:${PYTHONPATH} SHLVL=2 _=/usr/bin/env /usr/local/bin/cmake --install /Users/dgawade/ros_rviz/build/rviz_plugin_tutorial[0m
[8.543s] [34mcolcon.colcon_core.environment[0m [1;30mLevel 1[0m checking '/Users/dgawade/ros_rviz/install/rviz_plugin_tutorial' for CMake config files
[8.544s] [34mcolcon.colcon_core.shell[0m [1;30mLevel 1[0m create_environment_hook('rviz_plugin_tutorial', 'cmake_prefix_path')
[8.544s] [34mcolcon.colcon_core.shell[0m [1;30mINFO[0m Creating environment hook '/Users/dgawade/ros_rviz/install/rviz_plugin_tutorial/share/rviz_plugin_tutorial/hook/cmake_prefix_path.ps1'
[8.545s] [34mcolcon.colcon_core.shell[0m [1;30mINFO[0m Creating environment descriptor '/Users/dgawade/ros_rviz/install/rviz_plugin_tutorial/share/rviz_plugin_tutorial/hook/cmake_prefix_path.dsv'
[8.545s] [34mcolcon.colcon_core.shell[0m [1;30mINFO[0m Creating environment hook '/Users/dgawade/ros_rviz/install/rviz_plugin_tutorial/share/rviz_plugin_tutorial/hook/cmake_prefix_path.sh'
[8.546s] [34mcolcon.colcon_core.environment[0m [1;30mLevel 1[0m checking '/Users/dgawade/ros_rviz/install/rviz_plugin_tutorial/lib'
[8.546s] [34mcolcon.colcon_core.shell[0m [1;30mLevel 1[0m create_environment_hook('rviz_plugin_tutorial', 'dyld_library_path')
[8.547s] [34mcolcon.colcon_core.shell[0m [1;30mINFO[0m Creating environment hook '/Users/dgawade/ros_rviz/install/rviz_plugin_tutorial/share/rviz_plugin_tutorial/hook/dyld_library_path.ps1'
[8.547s] [34mcolcon.colcon_core.shell[0m [1;30mINFO[0m Creating environment descriptor '/Users/dgawade/ros_rviz/install/rviz_plugin_tutorial/share/rviz_plugin_tutorial/hook/dyld_library_path.dsv'
[8.548s] [34mcolcon.colcon_core.shell[0m [1;30mINFO[0m Creating environment hook '/Users/dgawade/ros_rviz/install/rviz_plugin_tutorial/share/rviz_plugin_tutorial/hook/dyld_library_path.sh'
[8.548s] [34mcolcon.colcon_core.environment[0m [1;30mLevel 1[0m checking '/Users/dgawade/ros_rviz/install/rviz_plugin_tutorial/bin'
[8.548s] [34mcolcon.colcon_core.environment[0m [1;30mLevel 1[0m checking '/Users/dgawade/ros_rviz/install/rviz_plugin_tutorial/lib/pkgconfig/rviz_plugin_tutorial.pc'
[8.549s] [34mcolcon.colcon_core.environment[0m [1;30mLevel 1[0m checking '/Users/dgawade/ros_rviz/install/rviz_plugin_tutorial/lib/python3.11/site-packages'
[8.549s] [34mcolcon.colcon_core.environment[0m [1;30mLevel 1[0m checking '/Users/dgawade/ros_rviz/install/rviz_plugin_tutorial/bin'
[8.549s] [34mcolcon.colcon_core.shell[0m [1;30mINFO[0m Creating package script '/Users/dgawade/ros_rviz/install/rviz_plugin_tutorial/share/rviz_plugin_tutorial/package.ps1'
[8.550s] [34mcolcon.colcon_core.shell[0m [1;30mINFO[0m Creating package descriptor '/Users/dgawade/ros_rviz/install/rviz_plugin_tutorial/share/rviz_plugin_tutorial/package.dsv'
[8.550s] [34mcolcon.colcon_core.shell[0m [1;30mINFO[0m Creating package script '/Users/dgawade/ros_rviz/install/rviz_plugin_tutorial/share/rviz_plugin_tutorial/package.sh'
[8.551s] [34mcolcon.colcon_core.shell[0m [1;30mINFO[0m Creating package script '/Users/dgawade/ros_rviz/install/rviz_plugin_tutorial/share/rviz_plugin_tutorial/package.bash'
[8.551s] [34mcolcon.colcon_core.shell[0m [1;30mINFO[0m Creating package script '/Users/dgawade/ros_rviz/install/rviz_plugin_tutorial/share/rviz_plugin_tutorial/package.zsh'
[8.552s] [34mcolcon.colcon_core.environment[0m [1;30mLevel 1[0m create_file_with_runtime_dependencies(/Users/dgawade/ros_rviz/install/rviz_plugin_tutorial/share/colcon-core/packages/rviz_plugin_tutorial)
[8.966s] [34mcolcon.colcon_core.environment[0m [1;30mLevel 1[0m create_environment_scripts_only(rviz_plugin_tutorial)
[8.966s] [34mcolcon.colcon_core.environment[0m [1;30mLevel 1[0m checking '/Users/dgawade/ros_rviz/install/rviz_plugin_tutorial' for CMake module files
[8.967s] [34mcolcon.colcon_core.environment[0m [1;30mLevel 1[0m checking '/Users/dgawade/ros_rviz/install/rviz_plugin_tutorial' for CMake config files
[8.967s] [34mcolcon.colcon_core.shell[0m [1;30mLevel 1[0m create_environment_hook('rviz_plugin_tutorial', 'cmake_prefix_path')
[8.967s] [34mcolcon.colcon_core.shell[0m [1;30mINFO[0m Creating environment hook '/Users/dgawade/ros_rviz/install/rviz_plugin_tutorial/share/rviz_plugin_tutorial/hook/cmake_prefix_path.ps1'
[8.968s] [34mcolcon.colcon_core.shell[0m [1;30mINFO[0m Creating environment descriptor '/Users/dgawade/ros_rviz/install/rviz_plugin_tutorial/share/rviz_plugin_tutorial/hook/cmake_prefix_path.dsv'
[8.968s] [34mcolcon.colcon_core.shell[0m [1;30mINFO[0m Creating environment hook '/Users/dgawade/ros_rviz/install/rviz_plugin_tutorial/share/rviz_plugin_tutorial/hook/cmake_prefix_path.sh'
[8.969s] [34mcolcon.colcon_core.environment[0m [1;30mLevel 1[0m checking '/Users/dgawade/ros_rviz/install/rviz_plugin_tutorial/lib'
[8.969s] [34mcolcon.colcon_core.shell[0m [1;30mLevel 1[0m create_environment_hook('rviz_plugin_tutorial', 'dyld_library_path')
[8.970s] [34mcolcon.colcon_core.shell[0m [1;30mINFO[0m Creating environment hook '/Users/dgawade/ros_rviz/install/rviz_plugin_tutorial/share/rviz_plugin_tutorial/hook/dyld_library_path.ps1'
[8.970s] [34mcolcon.colcon_core.shell[0m [1;30mINFO[0m Creating environment descriptor '/Users/dgawade/ros_rviz/install/rviz_plugin_tutorial/share/rviz_plugin_tutorial/hook/dyld_library_path.dsv'
[8.971s] [34mcolcon.colcon_core.shell[0m [1;30mINFO[0m Creating environment hook '/Users/dgawade/ros_rviz/install/rviz_plugin_tutorial/share/rviz_plugin_tutorial/hook/dyld_library_path.sh'
[8.971s] [34mcolcon.colcon_core.environment[0m [1;30mLevel 1[0m checking '/Users/dgawade/ros_rviz/install/rviz_plugin_tutorial/bin'
[8.971s] [34mcolcon.colcon_core.environment[0m [1;30mLevel 1[0m checking '/Users/dgawade/ros_rviz/install/rviz_plugin_tutorial/lib/pkgconfig/rviz_plugin_tutorial.pc'
[8.972s] [34mcolcon.colcon_core.environment[0m [1;30mLevel 1[0m checking '/Users/dgawade/ros_rviz/install/rviz_plugin_tutorial/lib/python3.11/site-packages'
[8.972s] [34mcolcon.colcon_core.environment[0m [1;30mLevel 1[0m checking '/Users/dgawade/ros_rviz/install/rviz_plugin_tutorial/bin'
[8.972s] [34mcolcon.colcon_core.shell[0m [1;30mINFO[0m Creating package script '/Users/dgawade/ros_rviz/install/rviz_plugin_tutorial/share/rviz_plugin_tutorial/package.ps1'
[8.973s] [34mcolcon.colcon_core.shell[0m [1;30mINFO[0m Creating package descriptor '/Users/dgawade/ros_rviz/install/rviz_plugin_tutorial/share/rviz_plugin_tutorial/package.dsv'
[8.973s] [34mcolcon.colcon_core.shell[0m [1;30mINFO[0m Creating package script '/Users/dgawade/ros_rviz/install/rviz_plugin_tutorial/share/rviz_plugin_tutorial/package.sh'
[8.974s] [34mcolcon.colcon_core.shell[0m [1;30mINFO[0m Creating package script '/Users/dgawade/ros_rviz/install/rviz_plugin_tutorial/share/rviz_plugin_tutorial/package.bash'
[8.975s] [34mcolcon.colcon_core.shell[0m [1;30mINFO[0m Creating package script '/Users/dgawade/ros_rviz/install/rviz_plugin_tutorial/share/rviz_plugin_tutorial/package.zsh'
[8.975s] [34mcolcon.colcon_core.environment[0m [1;30mLevel 1[0m create_file_with_runtime_dependencies(/Users/dgawade/ros_rviz/install/rviz_plugin_tutorial/share/colcon-core/packages/rviz_plugin_tutorial)
[8.976s] [34mcolcon.colcon_parallel_executor.executor.parallel[0m [1;30mDEBUG[0m [32mclosing loop[0m
[8.977s] [34mcolcon.colcon_parallel_executor.executor.parallel[0m [1;30mDEBUG[0m [32mloop closed[0m
[8.977s] [34mcolcon.colcon_parallel_executor.executor.parallel[0m [1;30mDEBUG[0m [32mrun_until_complete finished with '0'[0m
[8.977s] [34mcolcon.colcon_core.event_reactor[0m [1;30mDEBUG[0m [32mjoining thread[0m
[8.985s] [34mcolcon.colcon_core.plugin_system[0m [1;30mINFO[0m Skipping extension 'colcon_notification.desktop_notification.notify2': 'notify2' not found
[8.985s] [34mcolcon.colcon_core.plugin_system[0m [1;30mINFO[0m Skipping extension 'colcon_notification.desktop_notification.notify_send': Not used on non-Linux systems
[8.985s] [34mcolcon.colcon_core.plugin_system[0m [1;30mINFO[0m Skipping extension 'colcon_notification.desktop_notification.win32': Not used on non-Windows systems
[8.985s] [34mcolcon.colcon_notification.desktop_notification[0m [1;30mINFO[0m Sending desktop notification using 'terminal_notifier'
[9.066s] [34mcolcon.colcon_core.event_reactor[0m [1;30mDEBUG[0m [32mjoined thread[0m
[9.068s] [34mcolcon.colcon_core.shell[0m [1;30mINFO[0m Creating prefix script '/Users/dgawade/ros_rviz/install/local_setup.ps1'
[9.072s] [34mcolcon.colcon_core.shell[0m [1;30mINFO[0m Creating prefix util module '/Users/dgawade/ros_rviz/install/_local_setup_util_ps1.py'
[9.075s] [34mcolcon.colcon_core.shell[0m [1;30mINFO[0m Creating prefix chain script '/Users/dgawade/ros_rviz/install/setup.ps1'
[9.080s] [34mcolcon.colcon_core.shell[0m [1;30mINFO[0m Creating prefix script '/Users/dgawade/ros_rviz/install/local_setup.sh'
[9.085s] [34mcolcon.colcon_core.shell[0m [1;30mINFO[0m Creating prefix util module '/Users/dgawade/ros_rviz/install/_local_setup_util_sh.py'
[9.088s] [34mcolcon.colcon_core.shell[0m [1;30mINFO[0m Creating prefix chain script '/Users/dgawade/ros_rviz/install/setup.sh'
[9.092s] [34mcolcon.colcon_core.shell[0m [1;30mINFO[0m Creating prefix script '/Users/dgawade/ros_rviz/install/local_setup.bash'
[9.094s] [34mcolcon.colcon_core.shell[0m [1;30mINFO[0m Creating prefix chain script '/Users/dgawade/ros_rviz/install/setup.bash'
[9.097s] [34mcolcon.colcon_core.shell[0m [1;30mINFO[0m Creating prefix script '/Users/dgawade/ros_rviz/install/local_setup.zsh'
[9.100s] [34mcolcon.colcon_core.shell[0m [1;30mINFO[0m Creating prefix chain script '/Users/dgawade/ros_rviz/install/setup.zsh'
