[0.184s] Invoking command in '/home/aashvi/polygon_ws/build/tutorial_interfaces': CMAKE_PREFIX_PATH=${CMAKE_PREFIX_PATH}:/home/aashvi/ros2_ws/install/turtle_mover:/home/aashvi/ros2_ws/install/my_robot_controller:/home/aashvi/ros2_ws/install/py_pubsub:/home/aashvi/ros2_ws/install/my_package:/opt/ros/humble /usr/bin/cmake --build /home/aashvi/polygon_ws/build/tutorial_interfaces -- -j8 -l8
[0.215s] [  9%] Built target tutorial_interfaces__rosidl_generator_c
[0.219s] [  9%] Built target ament_cmake_python_symlink_tutorial_interfaces
[0.221s] [ 12%] Built target tutorial_interfaces__cpp
[0.269s] [ 22%] Built target tutorial_interfaces__rosidl_typesupport_introspection_c
[0.274s] [ 32%] Built target tutorial_interfaces__rosidl_typesupport_fastrtps_c
[0.274s] [ 41%] Built target tutorial_interfaces__rosidl_typesupport_c
[0.279s] [ 51%] Built target tutorial_interfaces__rosidl_typesupport_introspection_cpp
[0.282s] [ 61%] Built target tutorial_interfaces__rosidl_typesupport_fastrtps_cpp
[0.310s] [ 70%] Built target tutorial_interfaces__rosidl_typesupport_cpp
[0.331s] [ 70%] Built target tutorial_interfaces
[0.359s] [ 74%] Built target tutorial_interfaces__py
[0.391s] [ 80%] Built target tutorial_interfaces__rosidl_generator_py
[0.411s] [ 87%] Built target tutorial_interfaces__rosidl_typesupport_fastrtps_c__pyext
[0.422s] [ 93%] Built target tutorial_interfaces__rosidl_typesupport_introspection_c__pyext
[0.448s] [100%] Built target tutorial_interfaces__rosidl_typesupport_c__pyext
[0.486s] running egg_info
[0.486s] writing tutorial_interfaces.egg-info/PKG-INFO
[0.486s] writing dependency_links to tutorial_interfaces.egg-info/dependency_links.txt
[0.486s] writing top-level names to tutorial_interfaces.egg-info/top_level.txt
[0.491s] reading manifest file 'tutorial_interfaces.egg-info/SOURCES.txt'
[0.491s] writing manifest file 'tutorial_interfaces.egg-info/SOURCES.txt'
[0.509s] [100%] Built target ament_cmake_python_build_tutorial_interfaces_egg
[0.521s] Invoked command in '/home/aashvi/polygon_ws/build/tutorial_interfaces' returned '0': CMAKE_PREFIX_PATH=${CMAKE_PREFIX_PATH}:/home/aashvi/ros2_ws/install/turtle_mover:/home/aashvi/ros2_ws/install/my_robot_controller:/home/aashvi/ros2_ws/install/py_pubsub:/home/aashvi/ros2_ws/install/my_package:/opt/ros/humble /usr/bin/cmake --build /home/aashvi/polygon_ws/build/tutorial_interfaces -- -j8 -l8
[0.529s] Invoking command in '/home/aashvi/polygon_ws/build/tutorial_interfaces': CMAKE_PREFIX_PATH=${CMAKE_PREFIX_PATH}:/home/aashvi/ros2_ws/install/turtle_mover:/home/aashvi/ros2_ws/install/my_robot_controller:/home/aashvi/ros2_ws/install/py_pubsub:/home/aashvi/ros2_ws/install/my_package:/opt/ros/humble /usr/bin/cmake --install /home/aashvi/polygon_ws/build/tutorial_interfaces
[0.532s] -- Install configuration: ""
[0.533s] -- Execute custom install script
[0.541s] -- Up-to-date symlink: /home/aashvi/polygon_ws/install/tutorial_interfaces/share/ament_index/resource_index/rosidl_interfaces/tutorial_interfaces
[0.542s] -- Up-to-date symlink: /home/aashvi/polygon_ws/install/tutorial_interfaces/include/tutorial_interfaces/tutorial_interfaces/msg/rosidl_generator_c__visibility_control.h
[0.542s] -- Up-to-date symlink: /home/aashvi/polygon_ws/install/tutorial_interfaces/include/tutorial_interfaces/tutorial_interfaces/srv/detail/polygon__functions.h
[0.542s] -- Up-to-date symlink: /home/aashvi/polygon_ws/install/tutorial_interfaces/include/tutorial_interfaces/tutorial_interfaces/srv/detail/polygon__struct.h
[0.542s] -- Up-to-date symlink: /home/aashvi/polygon_ws/install/tutorial_interfaces/include/tutorial_interfaces/tutorial_interfaces/srv/detail/polygon__type_support.h
[0.543s] -- Up-to-date symlink: /home/aashvi/polygon_ws/install/tutorial_interfaces/include/tutorial_interfaces/tutorial_interfaces/srv/polygon.h
[0.543s] -- Up-to-date symlink: /home/aashvi/polygon_ws/install/tutorial_interfaces/share/tutorial_interfaces/environment/library_path.sh
[0.543s] -- Up-to-date symlink: /home/aashvi/polygon_ws/install/tutorial_interfaces/share/tutorial_interfaces/environment/library_path.dsv
[0.543s] -- Up-to-date symlink: /home/aashvi/polygon_ws/install/tutorial_interfaces/include/tutorial_interfaces/tutorial_interfaces/msg/rosidl_typesupport_fastrtps_c__visibility_control.h
[0.544s] -- Up-to-date symlink: /home/aashvi/polygon_ws/install/tutorial_interfaces/include/tutorial_interfaces/tutorial_interfaces/srv/detail/polygon__rosidl_typesupport_fastrtps_c.h
[0.545s] -- Up-to-date symlink: /home/aashvi/polygon_ws/install/tutorial_interfaces/include/tutorial_interfaces/tutorial_interfaces/msg/rosidl_typesupport_introspection_c__visibility_control.h
[0.546s] -- Up-to-date symlink: /home/aashvi/polygon_ws/install/tutorial_interfaces/include/tutorial_interfaces/tutorial_interfaces/srv/detail/polygon__rosidl_typesupport_introspection_c.h
[0.546s] -- Up-to-date symlink: /home/aashvi/polygon_ws/install/tutorial_interfaces/include/tutorial_interfaces/tutorial_interfaces/msg/rosidl_generator_cpp__visibility_control.hpp
[0.546s] -- Up-to-date symlink: /home/aashvi/polygon_ws/install/tutorial_interfaces/include/tutorial_interfaces/tutorial_interfaces/srv/detail/polygon__builder.hpp
[0.546s] -- Up-to-date symlink: /home/aashvi/polygon_ws/install/tutorial_interfaces/include/tutorial_interfaces/tutorial_interfaces/srv/detail/polygon__struct.hpp
[0.547s] -- Up-to-date symlink: /home/aashvi/polygon_ws/install/tutorial_interfaces/include/tutorial_interfaces/tutorial_interfaces/srv/detail/polygon__traits.hpp
[0.547s] -- Up-to-date symlink: /home/aashvi/polygon_ws/install/tutorial_interfaces/include/tutorial_interfaces/tutorial_interfaces/srv/detail/polygon__type_support.hpp
[0.547s] -- Up-to-date symlink: /home/aashvi/polygon_ws/install/tutorial_interfaces/include/tutorial_interfaces/tutorial_interfaces/srv/polygon.hpp
[0.547s] -- Up-to-date symlink: /home/aashvi/polygon_ws/install/tutorial_interfaces/include/tutorial_interfaces/tutorial_interfaces/msg/rosidl_typesupport_fastrtps_cpp__visibility_control.h
[0.547s] -- Up-to-date symlink: /home/aashvi/polygon_ws/install/tutorial_interfaces/include/tutorial_interfaces/tutorial_interfaces/srv/detail/polygon__rosidl_typesupport_fastrtps_cpp.hpp
[0.547s] -- Up-to-date symlink: /home/aashvi/polygon_ws/install/tutorial_interfaces/include/tutorial_interfaces/tutorial_interfaces/srv/detail/polygon__rosidl_typesupport_introspection_cpp.hpp
[0.547s] -- Up-to-date symlink: /home/aashvi/polygon_ws/install/tutorial_interfaces/share/tutorial_interfaces/environment/pythonpath.sh
[0.547s] -- Up-to-date symlink: /home/aashvi/polygon_ws/install/tutorial_interfaces/share/tutorial_interfaces/environment/pythonpath.dsv
[0.547s] -- Up-to-date symlink: /home/aashvi/polygon_ws/install/tutorial_interfaces/local/lib/python3.10/dist-packages/tutorial_interfaces-0.0.0-py3.10.egg-info/PKG-INFO
[0.547s] -- Up-to-date symlink: /home/aashvi/polygon_ws/install/tutorial_interfaces/local/lib/python3.10/dist-packages/tutorial_interfaces-0.0.0-py3.10.egg-info/SOURCES.txt
[0.547s] -- Up-to-date symlink: /home/aashvi/polygon_ws/install/tutorial_interfaces/local/lib/python3.10/dist-packages/tutorial_interfaces-0.0.0-py3.10.egg-info/dependency_links.txt
[0.547s] -- Up-to-date symlink: /home/aashvi/polygon_ws/install/tutorial_interfaces/local/lib/python3.10/dist-packages/tutorial_interfaces-0.0.0-py3.10.egg-info/top_level.txt
[0.547s] -- Up-to-date symlink: /home/aashvi/polygon_ws/install/tutorial_interfaces/local/lib/python3.10/dist-packages/tutorial_interfaces/__init__.py
[0.547s] -- Up-to-date symlink: /home/aashvi/polygon_ws/install/tutorial_interfaces/local/lib/python3.10/dist-packages/tutorial_interfaces/_tutorial_interfaces_s.ep.rosidl_typesupport_c.c
[0.547s] -- Up-to-date symlink: /home/aashvi/polygon_ws/install/tutorial_interfaces/local/lib/python3.10/dist-packages/tutorial_interfaces/_tutorial_interfaces_s.ep.rosidl_typesupport_fastrtps_c.c
[0.547s] -- Up-to-date symlink: /home/aashvi/polygon_ws/install/tutorial_interfaces/local/lib/python3.10/dist-packages/tutorial_interfaces/_tutorial_interfaces_s.ep.rosidl_typesupport_introspection_c.c
[0.547s] -- Up-to-date symlink: /home/aashvi/polygon_ws/install/tutorial_interfaces/local/lib/python3.10/dist-packages/tutorial_interfaces/libtutorial_interfaces__rosidl_generator_py.so
[0.548s] -- Up-to-date symlink: /home/aashvi/polygon_ws/install/tutorial_interfaces/local/lib/python3.10/dist-packages/tutorial_interfaces/srv/__init__.py
[0.548s] -- Up-to-date symlink: /home/aashvi/polygon_ws/install/tutorial_interfaces/local/lib/python3.10/dist-packages/tutorial_interfaces/srv/_polygon.py
[0.548s] -- Up-to-date symlink: /home/aashvi/polygon_ws/install/tutorial_interfaces/local/lib/python3.10/dist-packages/tutorial_interfaces/srv/_polygon_s.c
[0.548s] -- Up-to-date symlink: /home/aashvi/polygon_ws/install/tutorial_interfaces/local/lib/python3.10/dist-packages/tutorial_interfaces/tutorial_interfaces_s__rosidl_typesupport_c.cpython-310-aarch64-linux-gnu.so
[0.548s] -- Up-to-date symlink: /home/aashvi/polygon_ws/install/tutorial_interfaces/local/lib/python3.10/dist-packages/tutorial_interfaces/tutorial_interfaces_s__rosidl_typesupport_fastrtps_c.cpython-310-aarch64-linux-gnu.so
[0.548s] -- Up-to-date symlink: /home/aashvi/polygon_ws/install/tutorial_interfaces/local/lib/python3.10/dist-packages/tutorial_interfaces/tutorial_interfaces_s__rosidl_typesupport_introspection_c.cpython-310-aarch64-linux-gnu.so
[0.548s] -- Up-to-date symlink: /home/aashvi/polygon_ws/install/tutorial_interfaces/local/lib/python3.10/dist-packages/tutorial_interfaces/tutorial_interfaces_s__rosidl_typesupport_fastrtps_c.cpython-310-aarch64-linux-gnu.so
[0.548s] -- Up-to-date symlink: /home/aashvi/polygon_ws/install/tutorial_interfaces/local/lib/python3.10/dist-packages/tutorial_interfaces/tutorial_interfaces_s__rosidl_typesupport_introspection_c.cpython-310-aarch64-linux-gnu.so
[0.548s] -- Up-to-date symlink: /home/aashvi/polygon_ws/install/tutorial_interfaces/local/lib/python3.10/dist-packages/tutorial_interfaces/tutorial_interfaces_s__rosidl_typesupport_c.cpython-310-aarch64-linux-gnu.so
[0.548s] -- Up-to-date symlink: /home/aashvi/polygon_ws/install/tutorial_interfaces/share/tutorial_interfaces/srv/Polygon.idl
[0.548s] -- Up-to-date symlink: /home/aashvi/polygon_ws/install/tutorial_interfaces/share/tutorial_interfaces/srv/Polygon.srv
[0.548s] -- Up-to-date symlink: /home/aashvi/polygon_ws/install/tutorial_interfaces/share/tutorial_interfaces/srv/Polygon_Request.msg
[0.548s] -- Up-to-date symlink: /home/aashvi/polygon_ws/install/tutorial_interfaces/share/tutorial_interfaces/srv/Polygon_Response.msg
[0.548s] -- Up-to-date symlink: /home/aashvi/polygon_ws/install/tutorial_interfaces/share/ament_index/resource_index/package_run_dependencies/tutorial_interfaces
[0.548s] -- Up-to-date symlink: /home/aashvi/polygon_ws/install/tutorial_interfaces/share/ament_index/resource_index/parent_prefix_path/tutorial_interfaces
[0.549s] -- Up-to-date symlink: /home/aashvi/polygon_ws/install/tutorial_interfaces/share/tutorial_interfaces/environment/ament_prefix_path.sh
[0.549s] -- Up-to-date symlink: /home/aashvi/polygon_ws/install/tutorial_interfaces/share/tutorial_interfaces/environment/ament_prefix_path.dsv
[0.549s] -- Up-to-date symlink: /home/aashvi/polygon_ws/install/tutorial_interfaces/share/tutorial_interfaces/environment/path.sh
[0.549s] -- Up-to-date symlink: /home/aashvi/polygon_ws/install/tutorial_interfaces/share/tutorial_interfaces/environment/path.dsv
[0.549s] -- Up-to-date symlink: /home/aashvi/polygon_ws/install/tutorial_interfaces/share/tutorial_interfaces/local_setup.bash
[0.549s] -- Up-to-date symlink: /home/aashvi/polygon_ws/install/tutorial_interfaces/share/tutorial_interfaces/local_setup.sh
[0.549s] -- Up-to-date symlink: /home/aashvi/polygon_ws/install/tutorial_interfaces/share/tutorial_interfaces/local_setup.zsh
[0.549s] -- Up-to-date symlink: /home/aashvi/polygon_ws/install/tutorial_interfaces/share/tutorial_interfaces/local_setup.dsv
[0.549s] -- Symlinking: /home/aashvi/polygon_ws/install/tutorial_interfaces/share/tutorial_interfaces/package.dsv
[0.549s] -- Up-to-date symlink: /home/aashvi/polygon_ws/install/tutorial_interfaces/share/ament_index/resource_index/packages/tutorial_interfaces
[0.549s] -- Up-to-date symlink: /home/aashvi/polygon_ws/install/tutorial_interfaces/share/tutorial_interfaces/cmake/rosidl_cmake-extras.cmake
[0.549s] -- Up-to-date symlink: /home/aashvi/polygon_ws/install/tutorial_interfaces/share/tutorial_interfaces/cmake/ament_cmake_export_dependencies-extras.cmake
[0.549s] -- Up-to-date symlink: /home/aashvi/polygon_ws/install/tutorial_interfaces/share/tutorial_interfaces/cmake/ament_cmake_export_include_directories-extras.cmake
[0.549s] -- Up-to-date symlink: /home/aashvi/polygon_ws/install/tutorial_interfaces/share/tutorial_interfaces/cmake/ament_cmake_export_libraries-extras.cmake
[0.549s] -- Up-to-date symlink: /home/aashvi/polygon_ws/install/tutorial_interfaces/share/tutorial_interfaces/cmake/ament_cmake_export_targets-extras.cmake
[0.550s] -- Up-to-date symlink: /home/aashvi/polygon_ws/install/tutorial_interfaces/share/tutorial_interfaces/cmake/rosidl_cmake_export_typesupport_targets-extras.cmake
[0.550s] -- Up-to-date symlink: /home/aashvi/polygon_ws/install/tutorial_interfaces/share/tutorial_interfaces/cmake/rosidl_cmake_export_typesupport_libraries-extras.cmake
[0.550s] -- Up-to-date symlink: /home/aashvi/polygon_ws/install/tutorial_interfaces/share/tutorial_interfaces/cmake/tutorial_interfacesConfig.cmake
[0.550s] -- Up-to-date symlink: /home/aashvi/polygon_ws/install/tutorial_interfaces/share/tutorial_interfaces/cmake/tutorial_interfacesConfig-version.cmake
[0.550s] -- Up-to-date symlink: /home/aashvi/polygon_ws/install/tutorial_interfaces/share/tutorial_interfaces/package.xml
[0.550s] -- Up-to-date: /home/aashvi/polygon_ws/install/tutorial_interfaces/lib/libtutorial_interfaces__rosidl_generator_c.so
[0.550s] -- Up-to-date: /home/aashvi/polygon_ws/install/tutorial_interfaces/lib/libtutorial_interfaces__rosidl_typesupport_fastrtps_c.so
[0.550s] -- Up-to-date: /home/aashvi/polygon_ws/install/tutorial_interfaces/lib/libtutorial_interfaces__rosidl_typesupport_introspection_c.so
[0.550s] -- Up-to-date: /home/aashvi/polygon_ws/install/tutorial_interfaces/lib/libtutorial_interfaces__rosidl_typesupport_c.so
[0.550s] -- Up-to-date: /home/aashvi/polygon_ws/install/tutorial_interfaces/lib/libtutorial_interfaces__rosidl_typesupport_fastrtps_cpp.so
[0.550s] -- Up-to-date: /home/aashvi/polygon_ws/install/tutorial_interfaces/lib/libtutorial_interfaces__rosidl_typesupport_introspection_cpp.so
[0.550s] -- Up-to-date: /home/aashvi/polygon_ws/install/tutorial_interfaces/lib/libtutorial_interfaces__rosidl_typesupport_cpp.so
[0.573s] Listing '/home/aashvi/polygon_ws/install/tutorial_interfaces/local/lib/python3.10/dist-packages/tutorial_interfaces'...
[0.573s] Listing '/home/aashvi/polygon_ws/install/tutorial_interfaces/local/lib/python3.10/dist-packages/tutorial_interfaces/srv'...
[0.575s] -- Up-to-date: /home/aashvi/polygon_ws/install/tutorial_interfaces/lib/libtutorial_interfaces__rosidl_generator_py.so
[0.576s] -- Up-to-date: /home/aashvi/polygon_ws/install/tutorial_interfaces/share/tutorial_interfaces/cmake/export_tutorial_interfaces__rosidl_generator_cExport.cmake
[0.576s] -- Up-to-date: /home/aashvi/polygon_ws/install/tutorial_interfaces/share/tutorial_interfaces/cmake/export_tutorial_interfaces__rosidl_generator_cExport-noconfig.cmake
[0.576s] -- Up-to-date: /home/aashvi/polygon_ws/install/tutorial_interfaces/share/tutorial_interfaces/cmake/export_tutorial_interfaces__rosidl_typesupport_fastrtps_cExport.cmake
[0.576s] -- Up-to-date: /home/aashvi/polygon_ws/install/tutorial_interfaces/share/tutorial_interfaces/cmake/export_tutorial_interfaces__rosidl_typesupport_fastrtps_cExport-noconfig.cmake
[0.576s] -- Up-to-date: /home/aashvi/polygon_ws/install/tutorial_interfaces/share/tutorial_interfaces/cmake/tutorial_interfaces__rosidl_typesupport_introspection_cExport.cmake
[0.576s] -- Up-to-date: /home/aashvi/polygon_ws/install/tutorial_interfaces/share/tutorial_interfaces/cmake/tutorial_interfaces__rosidl_typesupport_introspection_cExport-noconfig.cmake
[0.576s] -- Up-to-date: /home/aashvi/polygon_ws/install/tutorial_interfaces/share/tutorial_interfaces/cmake/tutorial_interfaces__rosidl_typesupport_cExport.cmake
[0.576s] -- Up-to-date: /home/aashvi/polygon_ws/install/tutorial_interfaces/share/tutorial_interfaces/cmake/tutorial_interfaces__rosidl_typesupport_cExport-noconfig.cmake
[0.576s] -- Up-to-date: /home/aashvi/polygon_ws/install/tutorial_interfaces/share/tutorial_interfaces/cmake/export_tutorial_interfaces__rosidl_generator_cppExport.cmake
[0.576s] -- Up-to-date: /home/aashvi/polygon_ws/install/tutorial_interfaces/share/tutorial_interfaces/cmake/export_tutorial_interfaces__rosidl_typesupport_fastrtps_cppExport.cmake
[0.576s] -- Up-to-date: /home/aashvi/polygon_ws/install/tutorial_interfaces/share/tutorial_interfaces/cmake/export_tutorial_interfaces__rosidl_typesupport_fastrtps_cppExport-noconfig.cmake
[0.576s] -- Up-to-date: /home/aashvi/polygon_ws/install/tutorial_interfaces/share/tutorial_interfaces/cmake/tutorial_interfaces__rosidl_typesupport_introspection_cppExport.cmake
[0.576s] -- Up-to-date: /home/aashvi/polygon_ws/install/tutorial_interfaces/share/tutorial_interfaces/cmake/tutorial_interfaces__rosidl_typesupport_introspection_cppExport-noconfig.cmake
[0.576s] -- Up-to-date: /home/aashvi/polygon_ws/install/tutorial_interfaces/share/tutorial_interfaces/cmake/tutorial_interfaces__rosidl_typesupport_cppExport.cmake
[0.576s] -- Up-to-date: /home/aashvi/polygon_ws/install/tutorial_interfaces/share/tutorial_interfaces/cmake/tutorial_interfaces__rosidl_typesupport_cppExport-noconfig.cmake
[0.576s] -- Up-to-date: /home/aashvi/polygon_ws/install/tutorial_interfaces/share/tutorial_interfaces/cmake/export_tutorial_interfaces__rosidl_generator_pyExport.cmake
[0.576s] -- Up-to-date: /home/aashvi/polygon_ws/install/tutorial_interfaces/share/tutorial_interfaces/cmake/export_tutorial_interfaces__rosidl_generator_pyExport-noconfig.cmake
[0.578s] Invoked command in '/home/aashvi/polygon_ws/build/tutorial_interfaces' returned '0': CMAKE_PREFIX_PATH=${CMAKE_PREFIX_PATH}:/home/aashvi/ros2_ws/install/turtle_mover:/home/aashvi/ros2_ws/install/my_robot_controller:/home/aashvi/ros2_ws/install/py_pubsub:/home/aashvi/ros2_ws/install/my_package:/opt/ros/humble /usr/bin/cmake --install /home/aashvi/polygon_ws/build/tutorial_interfaces
