[0.024s] Invoking command in '/home/aashvi/launch_ws/build/urdf_launch': CMAKE_PREFIX_PATH=${CMAKE_PREFIX_PATH}:/home/aashvi/ros2_ws/install/turtle_mover:/home/aashvi/ros2_ws/install/my_robot_controller:/home/aashvi/ros2_ws/install/py_pubsub:/home/aashvi/ros2_ws/install/my_package:/home/aashvi/polygon_ws/install/polygon_pkg:/home/aashvi/service_ws/install/py_srvcli:/opt/ros/humble /usr/bin/cmake /home/aashvi/launch_ws/src/urdf_launch -DAMENT_CMAKE_SYMLINK_INSTALL=1 -DCMAKE_INSTALL_PREFIX=/home/aashvi/launch_ws/install/urdf_launch
[0.203s] -- The C compiler identification is GNU 11.4.0
[0.261s] -- The CXX compiler identification is GNU 11.4.0
[0.266s] -- Detecting C compiler ABI info
[0.309s] -- Detecting C compiler ABI info - done
[0.309s] -- Check for working C compiler: /usr/bin/cc - skipped
[0.309s] -- Detecting C compile features
[0.309s] -- Detecting C compile features - done
[0.311s] -- Detecting CXX compiler ABI info
[0.354s] -- Detecting CXX compiler ABI info - done
[0.359s] -- Check for working CXX compiler: /usr/bin/c++ - skipped
[0.359s] -- Detecting CXX compile features
[0.359s] -- Detecting CXX compile features - done
[0.364s] -- Found ament_cmake: 1.3.11 (/opt/ros/humble/share/ament_cmake/cmake)
[0.457s] -- Found Python3: /usr/bin/python3 (found version "3.10.12") found components: Interpreter 
[0.500s] -- Override CMake install command with custom implementation using symlinks instead of copying resources
[0.572s] -- Configuring done
[0.574s] -- Generating done
[0.574s] -- Build files have been written to: /home/aashvi/launch_ws/build/urdf_launch
[0.577s] Invoked command in '/home/aashvi/launch_ws/build/urdf_launch' returned '0': CMAKE_PREFIX_PATH=${CMAKE_PREFIX_PATH}:/home/aashvi/ros2_ws/install/turtle_mover:/home/aashvi/ros2_ws/install/my_robot_controller:/home/aashvi/ros2_ws/install/py_pubsub:/home/aashvi/ros2_ws/install/my_package:/home/aashvi/polygon_ws/install/polygon_pkg:/home/aashvi/service_ws/install/py_srvcli:/opt/ros/humble /usr/bin/cmake /home/aashvi/launch_ws/src/urdf_launch -DAMENT_CMAKE_SYMLINK_INSTALL=1 -DCMAKE_INSTALL_PREFIX=/home/aashvi/launch_ws/install/urdf_launch
[0.578s] Invoking command in '/home/aashvi/launch_ws/build/urdf_launch': CMAKE_PREFIX_PATH=${CMAKE_PREFIX_PATH}:/home/aashvi/ros2_ws/install/turtle_mover:/home/aashvi/ros2_ws/install/my_robot_controller:/home/aashvi/ros2_ws/install/py_pubsub:/home/aashvi/ros2_ws/install/my_package:/home/aashvi/polygon_ws/install/polygon_pkg:/home/aashvi/service_ws/install/py_srvcli:/opt/ros/humble /usr/bin/cmake --build /home/aashvi/launch_ws/build/urdf_launch -- -j4 -l4
[0.594s] Invoked command in '/home/aashvi/launch_ws/build/urdf_launch' returned '0': CMAKE_PREFIX_PATH=${CMAKE_PREFIX_PATH}:/home/aashvi/ros2_ws/install/turtle_mover:/home/aashvi/ros2_ws/install/my_robot_controller:/home/aashvi/ros2_ws/install/py_pubsub:/home/aashvi/ros2_ws/install/my_package:/home/aashvi/polygon_ws/install/polygon_pkg:/home/aashvi/service_ws/install/py_srvcli:/opt/ros/humble /usr/bin/cmake --build /home/aashvi/launch_ws/build/urdf_launch -- -j4 -l4
[0.598s] Invoking command in '/home/aashvi/launch_ws/build/urdf_launch': CMAKE_PREFIX_PATH=${CMAKE_PREFIX_PATH}:/home/aashvi/ros2_ws/install/turtle_mover:/home/aashvi/ros2_ws/install/my_robot_controller:/home/aashvi/ros2_ws/install/py_pubsub:/home/aashvi/ros2_ws/install/my_package:/home/aashvi/polygon_ws/install/polygon_pkg:/home/aashvi/service_ws/install/py_srvcli:/opt/ros/humble /usr/bin/cmake --install /home/aashvi/launch_ws/build/urdf_launch
[0.601s] -- Install configuration: ""
[0.601s] -- Execute custom install script
[0.601s] -- Symlinking: /home/aashvi/launch_ws/install/urdf_launch/share/urdf_launch/config/urdf.rviz
[0.604s] -- Symlinking: /home/aashvi/launch_ws/install/urdf_launch/share/urdf_launch/launch/description.launch.py
[0.608s] -- Symlinking: /home/aashvi/launch_ws/install/urdf_launch/share/urdf_launch/launch/display.launch.py
[0.611s] -- Symlinking: /home/aashvi/launch_ws/install/urdf_launch/share/ament_index/resource_index/package_run_dependencies/urdf_launch
[0.615s] -- Symlinking: /home/aashvi/launch_ws/install/urdf_launch/share/ament_index/resource_index/parent_prefix_path/urdf_launch
[0.619s] -- Symlinking: /home/aashvi/launch_ws/install/urdf_launch/share/urdf_launch/environment/ament_prefix_path.sh
[0.623s] -- Symlinking: /home/aashvi/launch_ws/install/urdf_launch/share/urdf_launch/environment/ament_prefix_path.dsv
[0.628s] -- Symlinking: /home/aashvi/launch_ws/install/urdf_launch/share/urdf_launch/environment/path.sh
[0.635s] -- Symlinking: /home/aashvi/launch_ws/install/urdf_launch/share/urdf_launch/environment/path.dsv
[0.640s] -- Symlinking: /home/aashvi/launch_ws/install/urdf_launch/share/urdf_launch/local_setup.bash
[0.643s] -- Symlinking: /home/aashvi/launch_ws/install/urdf_launch/share/urdf_launch/local_setup.sh
[0.647s] -- Symlinking: /home/aashvi/launch_ws/install/urdf_launch/share/urdf_launch/local_setup.zsh
[0.650s] -- Symlinking: /home/aashvi/launch_ws/install/urdf_launch/share/urdf_launch/local_setup.dsv
[0.654s] -- Symlinking: /home/aashvi/launch_ws/install/urdf_launch/share/urdf_launch/package.dsv
[0.658s] -- Symlinking: /home/aashvi/launch_ws/install/urdf_launch/share/ament_index/resource_index/packages/urdf_launch
[0.661s] -- Symlinking: /home/aashvi/launch_ws/install/urdf_launch/share/urdf_launch/cmake/urdf_launchConfig.cmake
[0.670s] -- Symlinking: /home/aashvi/launch_ws/install/urdf_launch/share/urdf_launch/cmake/urdf_launchConfig-version.cmake
[0.674s] -- Symlinking: /home/aashvi/launch_ws/install/urdf_launch/share/urdf_launch/package.xml
[0.679s] Invoked command in '/home/aashvi/launch_ws/build/urdf_launch' returned '0': CMAKE_PREFIX_PATH=${CMAKE_PREFIX_PATH}:/home/aashvi/ros2_ws/install/turtle_mover:/home/aashvi/ros2_ws/install/my_robot_controller:/home/aashvi/ros2_ws/install/py_pubsub:/home/aashvi/ros2_ws/install/my_package:/home/aashvi/polygon_ws/install/polygon_pkg:/home/aashvi/service_ws/install/py_srvcli:/opt/ros/humble /usr/bin/cmake --install /home/aashvi/launch_ws/build/urdf_launch
