[0.012s] Invoking command in '/home/aashvi/launch_ws/build/urdf_tutorial': AMENT_PREFIX_PATH=/home/aashvi/launch_ws/install/urdf_launch:${AMENT_PREFIX_PATH} CMAKE_PREFIX_PATH=/home/aashvi/launch_ws/install/urdf_launch:/home/aashvi/ros2_ws/install/turtle_controller:/home/aashvi/ros2_ws/install/draw_d_cpp:/home/aashvi/ros2_ws/install/draw_circle_cpp:/home/aashvi/ros2_ws/install/turtlesim:/home/aashvi/ros2_ws/install/chat_pkg:/home/aashvi/install/draw_circle_cpp:/home/aashvi/polygon_ws/install/polygon_pkg_cpp:/home/aashvi/polygon_ws/install/tutorial_interfaces:/home/aashvi/polygon_ws/install/turtlesim:/home/aashvi/service_ws/install/turtlesim:/home/aashvi/service_ws/install/cpp_srvcli:/home/aashvi/ros2_ws/install/turtle_mover:/home/aashvi/ros2_ws/install/my_robot_controller:/home/aashvi/ros2_ws/install/py_pubsub:/home/aashvi/ros2_ws/install/my_package:/home/aashvi/polygon_ws/install/polygon_pkg:/home/aashvi/service_ws/install/py_srvcli:/opt/ros/humble /usr/bin/cmake /home/aashvi/launch_ws/src/urdf_tutorial -DAMENT_CMAKE_SYMLINK_INSTALL=1 -DCMAKE_INSTALL_PREFIX=/home/aashvi/launch_ws/install/urdf_tutorial
[0.042s] -- The C compiler identification is GNU 11.4.0
[0.081s] -- The CXX compiler identification is GNU 11.4.0
[0.085s] -- Detecting C compiler ABI info
[0.170s] -- Detecting C compiler ABI info - done
[0.174s] -- Check for working C compiler: /usr/bin/cc - skipped
[0.174s] -- Detecting C compile features
[0.174s] -- Detecting C compile features - done
[0.176s] -- Detecting CXX compiler ABI info
[0.309s] -- Detecting CXX compiler ABI info - done
[0.309s] -- Check for working CXX compiler: /usr/bin/c++ - skipped
[0.310s] -- Detecting CXX compile features
[0.310s] -- Detecting CXX compile features - done
[0.312s] -- Found ament_cmake: 1.3.11 (/opt/ros/humble/share/ament_cmake/cmake)
[0.420s] -- Found Python3: /usr/bin/python3 (found version "3.10.12") found components: Interpreter 
[0.458s] -- Override CMake install command with custom implementation using symlinks instead of copying resources
[0.481s] -- Found ament_lint_auto: 0.12.11 (/opt/ros/humble/share/ament_lint_auto/cmake)
[0.515s] -- Configuring done
[0.516s] -- Generating done
[0.517s] -- Build files have been written to: /home/aashvi/launch_ws/build/urdf_tutorial
