[0.981s] [34mcolcon[0m [1;30mDEBUG[0m [32mCommand line arguments: ['/Users/dgawade/miniconda3/envs/ros_env/bin/colcon', 'build'][0m
[0.981s] [34mcolcon[0m [1;30mDEBUG[0m [32mParsed command line arguments: Namespace(log_base=None, log_level=None, verb_name='build', build_base='build', install_base='install', merge_install=False, symlink_install=False, test_result_base=None, continue_on_error=False, executor='parallel', parallel_workers=4, event_handlers=None, ignore_user_meta=False, metas=['./colcon.meta'], base_paths=['.'], packages_ignore=None, packages_ignore_regex=None, paths=None, packages_up_to=None, packages_up_to_regex=None, packages_above=None, packages_above_and_dependencies=None, packages_above_depth=None, packages_select_by_dep=None, packages_skip_by_dep=None, packages_skip_up_to=None, packages_select_build_failed=False, packages_skip_build_finished=False, packages_select_test_failures=False, packages_skip_test_passed=False, packages_select=None, packages_skip=None, packages_select_regex=None, packages_skip_regex=None, packages_start=None, packages_end=None, cmake_args=None, cmake_target=None, cmake_target_skip_unavailable=False, cmake_clean_cache=False, cmake_clean_first=False, cmake_force_configure=False, ament_cmake_args=None, catkin_cmake_args=None, catkin_skip_building_tests=False, verb_parser=<colcon_defaults.argument_parser.defaults.DefaultArgumentsDecorator object at 0x108b84850>, verb_extension=<colcon_core.verb.build.BuildVerb object at 0x108b7be10>, main=<bound method BuildVerb.main of <colcon_core.verb.build.BuildVerb object at 0x108b7be10>>)[0m
[1.173s] [34mcolcon.colcon_core.package_discovery[0m [1;30mLevel 1[0m discover_packages(colcon_meta) check parameters
[1.173s] [34mcolcon.colcon_core.package_discovery[0m [1;30mLevel 1[0m discover_packages(recursive) check parameters
[1.173s] [34mcolcon.colcon_core.package_discovery[0m [1;30mLevel 1[0m discover_packages(ignore) check parameters
[1.173s] [34mcolcon.colcon_core.package_discovery[0m [1;30mLevel 1[0m discover_packages(path) check parameters
[1.173s] [34mcolcon.colcon_core.package_discovery[0m [1;30mLevel 1[0m discover_packages(colcon_meta) discover
[1.173s] [34mcolcon.colcon_core.package_discovery[0m [1;30mLevel 1[0m discover_packages(recursive) discover
[1.174s] [34mcolcon.colcon_core.package_discovery[0m [1;30mINFO[0m Crawling recursively for packages in '/Users/dgawade/ros_rviz'
[1.174s] [34mcolcon.colcon_core.package_identification[0m [1;30mLevel 1[0m _identify(.) by extensions ['ignore', 'ignore_ament_install']
[1.175s] [34mcolcon.colcon_core.package_identification[0m [1;30mLevel 1[0m _identify(.) by extension 'ignore'
[1.175s] [34mcolcon.colcon_core.package_identification[0m [1;30mLevel 1[0m _identify(.) by extension 'ignore_ament_install'
[1.175s] [34mcolcon.colcon_core.package_identification[0m [1;30mLevel 1[0m _identify(.) by extensions ['colcon_pkg']
[1.175s] [34mcolcon.colcon_core.package_identification[0m [1;30mLevel 1[0m _identify(.) by extension 'colcon_pkg'
[1.175s] [34mcolcon.colcon_core.package_identification[0m [1;30mLevel 1[0m _identify(.) by extensions ['colcon_meta']
[1.175s] [34mcolcon.colcon_core.package_identification[0m [1;30mLevel 1[0m _identify(.) by extension 'colcon_meta'
[1.175s] [34mcolcon.colcon_core.package_identification[0m [1;30mLevel 1[0m _identify(.) by extensions ['ros']
[1.175s] [34mcolcon.colcon_core.package_identification[0m [1;30mLevel 1[0m _identify(.) by extension 'ros'
[1.266s] [34mcolcon.colcon_core.package_identification[0m [1;30mLevel 1[0m _identify(.) by extensions ['cmake', 'python']
[1.267s] [34mcolcon.colcon_core.package_identification[0m [1;30mLevel 1[0m _identify(.) by extension 'cmake'
[1.267s] [34mcolcon.colcon_core.package_identification[0m [1;30mLevel 1[0m _identify(.) by extension 'python'
[1.267s] [34mcolcon.colcon_core.package_identification[0m [1;30mLevel 1[0m _identify(.) by extensions ['python_setup_py']
[1.267s] [34mcolcon.colcon_core.package_identification[0m [1;30mLevel 1[0m _identify(.) by extension 'python_setup_py'
[1.267s] [34mcolcon.colcon_core.package_identification[0m [1;30mLevel 1[0m _identify(build) by extensions ['ignore', 'ignore_ament_install']
[1.267s] [34mcolcon.colcon_core.package_identification[0m [1;30mLevel 1[0m _identify(build) by extension 'ignore'
[1.267s] [34mcolcon.colcon_core.package_identification[0m [1;30mLevel 1[0m _identify(build) ignored
[1.268s] [34mcolcon.colcon_core.package_identification[0m [1;30mLevel 1[0m _identify(install) by extensions ['ignore', 'ignore_ament_install']
[1.268s] [34mcolcon.colcon_core.package_identification[0m [1;30mLevel 1[0m _identify(install) by extension 'ignore'
[1.268s] [34mcolcon.colcon_core.package_identification[0m [1;30mLevel 1[0m _identify(install) ignored
[1.268s] [34mcolcon.colcon_core.package_identification[0m [1;30mLevel 1[0m _identify(log) by extensions ['ignore', 'ignore_ament_install']
[1.268s] [34mcolcon.colcon_core.package_identification[0m [1;30mLevel 1[0m _identify(log) by extension 'ignore'
[1.268s] [34mcolcon.colcon_core.package_identification[0m [1;30mLevel 1[0m _identify(log) ignored
[1.269s] [34mcolcon.colcon_core.package_identification[0m [1;30mLevel 1[0m _identify(src) by extensions ['ignore', 'ignore_ament_install']
[1.269s] [34mcolcon.colcon_core.package_identification[0m [1;30mLevel 1[0m _identify(src) by extension 'ignore'
[1.269s] [34mcolcon.colcon_core.package_identification[0m [1;30mLevel 1[0m _identify(src) by extension 'ignore_ament_install'
[1.269s] [34mcolcon.colcon_core.package_identification[0m [1;30mLevel 1[0m _identify(src) by extensions ['colcon_pkg']
[1.269s] [34mcolcon.colcon_core.package_identification[0m [1;30mLevel 1[0m _identify(src) by extension 'colcon_pkg'
[1.269s] [34mcolcon.colcon_core.package_identification[0m [1;30mLevel 1[0m _identify(src) by extensions ['colcon_meta']
[1.269s] [34mcolcon.colcon_core.package_identification[0m [1;30mLevel 1[0m _identify(src) by extension 'colcon_meta'
[1.269s] [34mcolcon.colcon_core.package_identification[0m [1;30mLevel 1[0m _identify(src) by extensions ['ros']
[1.269s] [34mcolcon.colcon_core.package_identification[0m [1;30mLevel 1[0m _identify(src) by extension 'ros'
[1.269s] [34mcolcon.colcon_core.package_identification[0m [1;30mLevel 1[0m _identify(src) by extensions ['cmake', 'python']
[1.270s] [34mcolcon.colcon_core.package_identification[0m [1;30mLevel 1[0m _identify(src) by extension 'cmake'
[1.270s] [34mcolcon.colcon_core.package_identification[0m [1;30mLevel 1[0m _identify(src) by extension 'python'
[1.270s] [34mcolcon.colcon_core.package_identification[0m [1;30mLevel 1[0m _identify(src) by extensions ['python_setup_py']
[1.270s] [34mcolcon.colcon_core.package_identification[0m [1;30mLevel 1[0m _identify(src) by extension 'python_setup_py'
[1.271s] [34mcolcon.colcon_core.package_identification[0m [1;30mLevel 1[0m _identify(src/rviz_plugin_tutorial) by extensions ['ignore', 'ignore_ament_install']
[1.271s] [34mcolcon.colcon_core.package_identification[0m [1;30mLevel 1[0m _identify(src/rviz_plugin_tutorial) by extension 'ignore'
[1.271s] [34mcolcon.colcon_core.package_identification[0m [1;30mLevel 1[0m _identify(src/rviz_plugin_tutorial) by extension 'ignore_ament_install'
[1.271s] [34mcolcon.colcon_core.package_identification[0m [1;30mLevel 1[0m _identify(src/rviz_plugin_tutorial) by extensions ['colcon_pkg']
[1.271s] [34mcolcon.colcon_core.package_identification[0m [1;30mLevel 1[0m _identify(src/rviz_plugin_tutorial) by extension 'colcon_pkg'
[1.271s] [34mcolcon.colcon_core.package_identification[0m [1;30mLevel 1[0m _identify(src/rviz_plugin_tutorial) by extensions ['colcon_meta']
[1.271s] [34mcolcon.colcon_core.package_identification[0m [1;30mLevel 1[0m _identify(src/rviz_plugin_tutorial) by extension 'colcon_meta'
[1.271s] [34mcolcon.colcon_core.package_identification[0m [1;30mLevel 1[0m _identify(src/rviz_plugin_tutorial) by extensions ['ros']
[1.272s] [34mcolcon.colcon_core.package_identification[0m [1;30mLevel 1[0m _identify(src/rviz_plugin_tutorial) by extension 'ros'
[1.272s] [34mcolcon.colcon_core.package_identification[0m [1;30mLevel 1[0m _identify(src/rviz_plugin_tutorial) by extensions ['cmake', 'python']
[1.272s] [34mcolcon.colcon_core.package_identification[0m [1;30mLevel 1[0m _identify(src/rviz_plugin_tutorial) by extension 'cmake'
[1.272s] [34mcolcon.colcon_core.package_identification[0m [1;30mLevel 1[0m _identify(src/rviz_plugin_tutorial) by extension 'python'
[1.272s] [34mcolcon.colcon_core.package_identification[0m [1;30mLevel 1[0m _identify(src/rviz_plugin_tutorial) by extensions ['python_setup_py']
[1.272s] [34mcolcon.colcon_core.package_identification[0m [1;30mLevel 1[0m _identify(src/rviz_plugin_tutorial) by extension 'python_setup_py'
[1.273s] [34mcolcon.colcon_core.package_identification[0m [1;30mLevel 1[0m _identify(src/rviz_plugin_tutorial/doc) by extensions ['ignore', 'ignore_ament_install']
[1.273s] [34mcolcon.colcon_core.package_identification[0m [1;30mLevel 1[0m _identify(src/rviz_plugin_tutorial/doc) by extension 'ignore'
[1.273s] [34mcolcon.colcon_core.package_identification[0m [1;30mLevel 1[0m _identify(src/rviz_plugin_tutorial/doc) by extension 'ignore_ament_install'
[1.274s] [34mcolcon.colcon_core.package_identification[0m [1;30mLevel 1[0m _identify(src/rviz_plugin_tutorial/doc) by extensions ['colcon_pkg']
[1.274s] [34mcolcon.colcon_core.package_identification[0m [1;30mLevel 1[0m _identify(src/rviz_plugin_tutorial/doc) by extension 'colcon_pkg'
[1.274s] [34mcolcon.colcon_core.package_identification[0m [1;30mLevel 1[0m _identify(src/rviz_plugin_tutorial/doc) by extensions ['colcon_meta']
[1.274s] [34mcolcon.colcon_core.package_identification[0m [1;30mLevel 1[0m _identify(src/rviz_plugin_tutorial/doc) by extension 'colcon_meta'
[1.274s] [34mcolcon.colcon_core.package_identification[0m [1;30mLevel 1[0m _identify(src/rviz_plugin_tutorial/doc) by extensions ['ros']
[1.274s] [34mcolcon.colcon_core.package_identification[0m [1;30mLevel 1[0m _identify(src/rviz_plugin_tutorial/doc) by extension 'ros'
[1.274s] [34mcolcon.colcon_core.package_identification[0m [1;30mLevel 1[0m _identify(src/rviz_plugin_tutorial/doc) by extensions ['cmake', 'python']
[1.274s] [34mcolcon.colcon_core.package_identification[0m [1;30mLevel 1[0m _identify(src/rviz_plugin_tutorial/doc) by extension 'cmake'
[1.274s] [34mcolcon.colcon_core.package_identification[0m [1;30mLevel 1[0m _identify(src/rviz_plugin_tutorial/doc) by extension 'python'
[1.274s] [34mcolcon.colcon_core.package_identification[0m [1;30mLevel 1[0m _identify(src/rviz_plugin_tutorial/doc) by extensions ['python_setup_py']
[1.274s] [34mcolcon.colcon_core.package_identification[0m [1;30mLevel 1[0m _identify(src/rviz_plugin_tutorial/doc) by extension 'python_setup_py'
[1.275s] [34mcolcon.colcon_core.package_identification[0m [1;30mLevel 1[0m _identify(src/rviz_plugin_tutorial/rviz_plugin_tutorial) by extensions ['ignore', 'ignore_ament_install']
[1.275s] [34mcolcon.colcon_core.package_identification[0m [1;30mLevel 1[0m _identify(src/rviz_plugin_tutorial/rviz_plugin_tutorial) by extension 'ignore'
[1.275s] [34mcolcon.colcon_core.package_identification[0m [1;30mLevel 1[0m _identify(src/rviz_plugin_tutorial/rviz_plugin_tutorial) by extension 'ignore_ament_install'
[1.275s] [34mcolcon.colcon_core.package_identification[0m [1;30mLevel 1[0m _identify(src/rviz_plugin_tutorial/rviz_plugin_tutorial) by extensions ['colcon_pkg']
[1.275s] [34mcolcon.colcon_core.package_identification[0m [1;30mLevel 1[0m _identify(src/rviz_plugin_tutorial/rviz_plugin_tutorial) by extension 'colcon_pkg'
[1.275s] [34mcolcon.colcon_core.package_identification[0m [1;30mLevel 1[0m _identify(src/rviz_plugin_tutorial/rviz_plugin_tutorial) by extensions ['colcon_meta']
[1.275s] [34mcolcon.colcon_core.package_identification[0m [1;30mLevel 1[0m _identify(src/rviz_plugin_tutorial/rviz_plugin_tutorial) by extension 'colcon_meta'
[1.275s] [34mcolcon.colcon_core.package_identification[0m [1;30mLevel 1[0m _identify(src/rviz_plugin_tutorial/rviz_plugin_tutorial) by extensions ['ros']
[1.276s] [34mcolcon.colcon_core.package_identification[0m [1;30mLevel 1[0m _identify(src/rviz_plugin_tutorial/rviz_plugin_tutorial) by extension 'ros'
[1.289s] [34mcolcon.colcon_core.package_identification[0m [1;30mDEBUG[0m [32mFound ROS schema reference in package manifest in 'src/rviz_plugin_tutorial/rviz_plugin_tutorial'[0m
[1.289s] [34mcolcon.colcon_core.package_identification[0m [1;30mWARNING[0m [33mFailed to parse ROS package manifest in 'src/rviz_plugin_tutorial/rviz_plugin_tutorial': Error(s) in package 'src/rviz_plugin_tutorial/rviz_plugin_tutorial/package.xml':
Error(s):
- The generic dependency on 'pluginlib' is redundant with: build_depend, build_export_depend, exec_depend
- The generic dependency on 'rviz_common' is redundant with: build_depend, build_export_depend, exec_depend[0m
[1.290s] [34mcolcon.colcon_core.package_identification[0m [1;30mLevel 1[0m _identify(src/rviz_plugin_tutorial/rviz_plugin_tutorial) by extensions ['cmake', 'python']
[1.290s] [34mcolcon.colcon_core.package_identification[0m [1;30mLevel 1[0m _identify(src/rviz_plugin_tutorial/rviz_plugin_tutorial) by extension 'cmake'
[1.295s] [34mcolcon.colcon_core.package_identification[0m [1;30mLevel 1[0m _identify(src/rviz_plugin_tutorial/rviz_plugin_tutorial) by extension 'python'
[1.295s] [34mcolcon.colcon_core.package_identification[0m [1;30mDEBUG[0m [32mPackage 'src/rviz_plugin_tutorial/rviz_plugin_tutorial' with type 'cmake' and name 'rviz_plugin_tutorial'[0m
[1.296s] [34mcolcon.colcon_core.package_identification[0m [1;30mLevel 1[0m _identify(src/rviz_plugin_tutorial/rviz_plugin_tutorial_msgs) by extensions ['ignore', 'ignore_ament_install']
[1.296s] [34mcolcon.colcon_core.package_identification[0m [1;30mLevel 1[0m _identify(src/rviz_plugin_tutorial/rviz_plugin_tutorial_msgs) by extension 'ignore'
[1.296s] [34mcolcon.colcon_core.package_identification[0m [1;30mLevel 1[0m _identify(src/rviz_plugin_tutorial/rviz_plugin_tutorial_msgs) by extension 'ignore_ament_install'
[1.296s] [34mcolcon.colcon_core.package_identification[0m [1;30mLevel 1[0m _identify(src/rviz_plugin_tutorial/rviz_plugin_tutorial_msgs) by extensions ['colcon_pkg']
[1.296s] [34mcolcon.colcon_core.package_identification[0m [1;30mLevel 1[0m _identify(src/rviz_plugin_tutorial/rviz_plugin_tutorial_msgs) by extension 'colcon_pkg'
[1.296s] [34mcolcon.colcon_core.package_identification[0m [1;30mLevel 1[0m _identify(src/rviz_plugin_tutorial/rviz_plugin_tutorial_msgs) by extensions ['colcon_meta']
[1.296s] [34mcolcon.colcon_core.package_identification[0m [1;30mLevel 1[0m _identify(src/rviz_plugin_tutorial/rviz_plugin_tutorial_msgs) by extension 'colcon_meta'
[1.296s] [34mcolcon.colcon_core.package_identification[0m [1;30mLevel 1[0m _identify(src/rviz_plugin_tutorial/rviz_plugin_tutorial_msgs) by extensions ['ros']
[1.297s] [34mcolcon.colcon_core.package_identification[0m [1;30mLevel 1[0m _identify(src/rviz_plugin_tutorial/rviz_plugin_tutorial_msgs) by extension 'ros'
[1.300s] [34mcolcon.colcon_core.package_identification[0m [1;30mDEBUG[0m [32mPackage 'src/rviz_plugin_tutorial/rviz_plugin_tutorial_msgs' with type 'ros.ament_cmake' and name 'rviz_plugin_tutorial_msgs'[0m
[1.301s] [34mcolcon.colcon_core.package_discovery[0m [1;30mLevel 1[0m discover_packages(recursive) using defaults
[1.301s] [34mcolcon.colcon_core.package_discovery[0m [1;30mLevel 1[0m discover_packages(ignore) discover
[1.301s] [34mcolcon.colcon_core.package_discovery[0m [1;30mLevel 1[0m discover_packages(ignore) using defaults
[1.301s] [34mcolcon.colcon_core.package_discovery[0m [1;30mLevel 1[0m discover_packages(path) discover
[1.301s] [34mcolcon.colcon_core.package_discovery[0m [1;30mLevel 1[0m discover_packages(path) using defaults
[1.361s] [34mcolcon.colcon_core.verb[0m [1;30mLevel 5[0m set package 'rviz_plugin_tutorial_msgs' build argument 'cmake_args' from command line to 'None'
[1.361s] [34mcolcon.colcon_core.verb[0m [1;30mLevel 5[0m set package 'rviz_plugin_tutorial_msgs' build argument 'cmake_target' from command line to 'None'
[1.361s] [34mcolcon.colcon_core.verb[0m [1;30mLevel 5[0m set package 'rviz_plugin_tutorial_msgs' build argument 'cmake_target_skip_unavailable' from command line to 'False'
[1.361s] [34mcolcon.colcon_core.verb[0m [1;30mLevel 5[0m set package 'rviz_plugin_tutorial_msgs' build argument 'cmake_clean_cache' from command line to 'False'
[1.361s] [34mcolcon.colcon_core.verb[0m [1;30mLevel 5[0m set package 'rviz_plugin_tutorial_msgs' build argument 'cmake_clean_first' from command line to 'False'
[1.361s] [34mcolcon.colcon_core.verb[0m [1;30mLevel 5[0m set package 'rviz_plugin_tutorial_msgs' build argument 'cmake_force_configure' from command line to 'False'
[1.362s] [34mcolcon.colcon_core.verb[0m [1;30mLevel 5[0m set package 'rviz_plugin_tutorial_msgs' build argument 'ament_cmake_args' from command line to 'None'
[1.362s] [34mcolcon.colcon_core.verb[0m [1;30mLevel 5[0m set package 'rviz_plugin_tutorial_msgs' build argument 'catkin_cmake_args' from command line to 'None'
[1.362s] [34mcolcon.colcon_core.verb[0m [1;30mLevel 5[0m set package 'rviz_plugin_tutorial_msgs' build argument 'catkin_skip_building_tests' from command line to 'False'
[1.362s] [34mcolcon.colcon_core.verb[0m [1;30mDEBUG[0m [32mBuilding package 'rviz_plugin_tutorial_msgs' with the following arguments: {'ament_cmake_args': None, 'build_base': '/Users/dgawade/ros_rviz/build/rviz_plugin_tutorial_msgs', 'catkin_cmake_args': None, 'catkin_skip_building_tests': False, 'cmake_args': None, 'cmake_clean_cache': False, 'cmake_clean_first': False, 'cmake_force_configure': False, 'cmake_target': None, 'cmake_target_skip_unavailable': False, 'install_base': '/Users/dgawade/ros_rviz/install/rviz_plugin_tutorial_msgs', 'merge_install': False, 'path': '/Users/dgawade/ros_rviz/src/rviz_plugin_tutorial/rviz_plugin_tutorial_msgs', 'symlink_install': False, 'test_result_base': None}[0m
[1.363s] [34mcolcon.colcon_core.verb[0m [1;30mLevel 5[0m set package 'rviz_plugin_tutorial' build argument 'cmake_args' from command line to 'None'
[1.363s] [34mcolcon.colcon_core.verb[0m [1;30mLevel 5[0m set package 'rviz_plugin_tutorial' build argument 'cmake_target' from command line to 'None'
[1.363s] [34mcolcon.colcon_core.verb[0m [1;30mLevel 5[0m set package 'rviz_plugin_tutorial' build argument 'cmake_target_skip_unavailable' from command line to 'False'
[1.363s] [34mcolcon.colcon_core.verb[0m [1;30mLevel 5[0m set package 'rviz_plugin_tutorial' build argument 'cmake_clean_cache' from command line to 'False'
[1.363s] [34mcolcon.colcon_core.verb[0m [1;30mLevel 5[0m set package 'rviz_plugin_tutorial' build argument 'cmake_clean_first' from command line to 'False'
[1.363s] [34mcolcon.colcon_core.verb[0m [1;30mLevel 5[0m set package 'rviz_plugin_tutorial' build argument 'cmake_force_configure' from command line to 'False'
[1.363s] [34mcolcon.colcon_core.verb[0m [1;30mLevel 5[0m set package 'rviz_plugin_tutorial' build argument 'ament_cmake_args' from command line to 'None'
[1.363s] [34mcolcon.colcon_core.verb[0m [1;30mLevel 5[0m set package 'rviz_plugin_tutorial' build argument 'catkin_cmake_args' from command line to 'None'
[1.363s] [34mcolcon.colcon_core.verb[0m [1;30mLevel 5[0m set package 'rviz_plugin_tutorial' build argument 'catkin_skip_building_tests' from command line to 'False'
[1.363s] [34mcolcon.colcon_core.verb[0m [1;30mDEBUG[0m [32mBuilding package 'rviz_plugin_tutorial' with the following arguments: {'ament_cmake_args': None, 'build_base': '/Users/dgawade/ros_rviz/build/rviz_plugin_tutorial', 'catkin_cmake_args': None, 'catkin_skip_building_tests': False, 'cmake_args': None, 'cmake_clean_cache': False, 'cmake_clean_first': False, 'cmake_force_configure': False, 'cmake_target': None, 'cmake_target_skip_unavailable': False, 'install_base': '/Users/dgawade/ros_rviz/install/rviz_plugin_tutorial', 'merge_install': False, 'path': '/Users/dgawade/ros_rviz/src/rviz_plugin_tutorial/rviz_plugin_tutorial', 'symlink_install': False, 'test_result_base': None}[0m
[1.364s] [34mcolcon.colcon_core.executor[0m [1;30mINFO[0m Executing jobs using 'parallel' executor
[1.366s] [34mcolcon.colcon_parallel_executor.executor.parallel[0m [1;30mDEBUG[0m [32mrun_until_complete[0m
[1.367s] [34mcolcon.colcon_ros.task.ament_cmake.build[0m [1;30mINFO[0m Building ROS package in '/Users/dgawade/ros_rviz/src/rviz_plugin_tutorial/rviz_plugin_tutorial_msgs' with build type 'ament_cmake'
[1.367s] [34mcolcon.colcon_cmake.task.cmake.build[0m [1;30mINFO[0m Building CMake package in '/Users/dgawade/ros_rviz/src/rviz_plugin_tutorial/rviz_plugin_tutorial_msgs'
[1.377s] [34mcolcon.colcon_core.plugin_system[0m [1;30mINFO[0m Skipping extension 'colcon_core.shell.bat': Not used on non-Windows systems
[1.377s] [34mcolcon.colcon_core.shell[0m [1;30mINFO[0m Skip shell extension 'powershell' for command environment: Not usable outside of PowerShell
[1.377s] [34mcolcon.colcon_core.shell[0m [1;30mDEBUG[0m [32mSkip shell extension 'dsv' for command environment[0m
[1.473s] [34mcolcon.colcon_core.event_handler.log_command[0m [1;30mDEBUG[0m [32mInvoking command in '/Users/dgawade/ros_rviz/build/rviz_plugin_tutorial_msgs': CMAKE_PREFIX_PATH=${CMAKE_PREFIX_PATH}:/Users/dgawade/second_ros2_ws/install/urdf_tutorial_r2d2 CONDA_PROMPT_MODIFIER=(ros_env) SHLVL=2 _=/usr/bin/env /usr/local/bin/cmake --build /Users/dgawade/ros_rviz/build/rviz_plugin_tutorial_msgs -- -j4 -l4[0m
[3.602s] [34mcolcon.colcon_core.event_handler.log_command[0m [1;30mDEBUG[0m [32mInvoked command in '/Users/dgawade/ros_rviz/build/rviz_plugin_tutorial_msgs' returned '0': CMAKE_PREFIX_PATH=${CMAKE_PREFIX_PATH}:/Users/dgawade/second_ros2_ws/install/urdf_tutorial_r2d2 CONDA_PROMPT_MODIFIER=(ros_env) SHLVL=2 _=/usr/bin/env /usr/local/bin/cmake --build /Users/dgawade/ros_rviz/build/rviz_plugin_tutorial_msgs -- -j4 -l4[0m
[4.588s] [34mcolcon.colcon_core.event_handler.log_command[0m [1;30mDEBUG[0m [32mInvoking command in '/Users/dgawade/ros_rviz/build/rviz_plugin_tutorial_msgs': CMAKE_PREFIX_PATH=${CMAKE_PREFIX_PATH}:/Users/dgawade/second_ros2_ws/install/urdf_tutorial_r2d2 CONDA_PROMPT_MODIFIER=(ros_env) SHLVL=2 _=/usr/bin/env /usr/local/bin/cmake --install /Users/dgawade/ros_rviz/build/rviz_plugin_tutorial_msgs[0m
[4.870s] [34mcolcon.colcon_core.environment[0m [1;30mLevel 1[0m create_environment_scripts_only(rviz_plugin_tutorial_msgs)
[4.871s] [34mcolcon.colcon_core.event_handler.log_command[0m [1;30mDEBUG[0m [32mInvoked command in '/Users/dgawade/ros_rviz/build/rviz_plugin_tutorial_msgs' returned '0': CMAKE_PREFIX_PATH=${CMAKE_PREFIX_PATH}:/Users/dgawade/second_ros2_ws/install/urdf_tutorial_r2d2 CONDA_PROMPT_MODIFIER=(ros_env) SHLVL=2 _=/usr/bin/env /usr/local/bin/cmake --install /Users/dgawade/ros_rviz/build/rviz_plugin_tutorial_msgs[0m
[4.884s] [34mcolcon.colcon_core.environment[0m [1;30mLevel 1[0m checking '/Users/dgawade/ros_rviz/install/rviz_plugin_tutorial_msgs' for CMake module files
[4.886s] [34mcolcon.colcon_core.environment[0m [1;30mLevel 1[0m checking '/Users/dgawade/ros_rviz/install/rviz_plugin_tutorial_msgs' for CMake config files
[4.889s] [34mcolcon.colcon_core.shell[0m [1;30mLevel 1[0m create_environment_hook('rviz_plugin_tutorial_msgs', 'cmake_prefix_path')
[4.890s] [34mcolcon.colcon_core.shell[0m [1;30mINFO[0m Creating environment hook '/Users/dgawade/ros_rviz/install/rviz_plugin_tutorial_msgs/share/rviz_plugin_tutorial_msgs/hook/cmake_prefix_path.ps1'
[4.892s] [34mcolcon.colcon_core.shell[0m [1;30mINFO[0m Creating environment descriptor '/Users/dgawade/ros_rviz/install/rviz_plugin_tutorial_msgs/share/rviz_plugin_tutorial_msgs/hook/cmake_prefix_path.dsv'
[4.894s] [34mcolcon.colcon_core.shell[0m [1;30mINFO[0m Creating environment hook '/Users/dgawade/ros_rviz/install/rviz_plugin_tutorial_msgs/share/rviz_plugin_tutorial_msgs/hook/cmake_prefix_path.sh'
[4.896s] [34mcolcon.colcon_core.environment[0m [1;30mLevel 1[0m checking '/Users/dgawade/ros_rviz/install/rviz_plugin_tutorial_msgs/lib'
[4.896s] [34mcolcon.colcon_core.shell[0m [1;30mLevel 1[0m create_environment_hook('rviz_plugin_tutorial_msgs', 'dyld_library_path')
[4.897s] [34mcolcon.colcon_core.shell[0m [1;30mINFO[0m Creating environment hook '/Users/dgawade/ros_rviz/install/rviz_plugin_tutorial_msgs/share/rviz_plugin_tutorial_msgs/hook/dyld_library_path.ps1'
[4.897s] [34mcolcon.colcon_core.shell[0m [1;30mINFO[0m Creating environment descriptor '/Users/dgawade/ros_rviz/install/rviz_plugin_tutorial_msgs/share/rviz_plugin_tutorial_msgs/hook/dyld_library_path.dsv'
[4.898s] [34mcolcon.colcon_core.shell[0m [1;30mINFO[0m Creating environment hook '/Users/dgawade/ros_rviz/install/rviz_plugin_tutorial_msgs/share/rviz_plugin_tutorial_msgs/hook/dyld_library_path.sh'
[4.899s] [34mcolcon.colcon_core.environment[0m [1;30mLevel 1[0m checking '/Users/dgawade/ros_rviz/install/rviz_plugin_tutorial_msgs/bin'
[4.899s] [34mcolcon.colcon_core.environment[0m [1;30mLevel 1[0m checking '/Users/dgawade/ros_rviz/install/rviz_plugin_tutorial_msgs/lib/pkgconfig/rviz_plugin_tutorial_msgs.pc'
[4.899s] [34mcolcon.colcon_core.environment[0m [1;30mLevel 1[0m checking '/Users/dgawade/ros_rviz/install/rviz_plugin_tutorial_msgs/lib/python3.11/site-packages'
[4.900s] [34mcolcon.colcon_core.shell[0m [1;30mLevel 1[0m create_environment_hook('rviz_plugin_tutorial_msgs', 'pythonpath')
[4.900s] [34mcolcon.colcon_core.shell[0m [1;30mINFO[0m Creating environment hook '/Users/dgawade/ros_rviz/install/rviz_plugin_tutorial_msgs/share/rviz_plugin_tutorial_msgs/hook/pythonpath.ps1'
[4.901s] [34mcolcon.colcon_core.shell[0m [1;30mINFO[0m Creating environment descriptor '/Users/dgawade/ros_rviz/install/rviz_plugin_tutorial_msgs/share/rviz_plugin_tutorial_msgs/hook/pythonpath.dsv'
[4.902s] [34mcolcon.colcon_core.shell[0m [1;30mINFO[0m Creating environment hook '/Users/dgawade/ros_rviz/install/rviz_plugin_tutorial_msgs/share/rviz_plugin_tutorial_msgs/hook/pythonpath.sh'
[4.903s] [34mcolcon.colcon_core.environment[0m [1;30mLevel 1[0m checking '/Users/dgawade/ros_rviz/install/rviz_plugin_tutorial_msgs/bin'
[4.903s] [34mcolcon.colcon_core.shell[0m [1;30mINFO[0m Creating package script '/Users/dgawade/ros_rviz/install/rviz_plugin_tutorial_msgs/share/rviz_plugin_tutorial_msgs/package.ps1'
[4.905s] [34mcolcon.colcon_core.shell[0m [1;30mINFO[0m Creating package descriptor '/Users/dgawade/ros_rviz/install/rviz_plugin_tutorial_msgs/share/rviz_plugin_tutorial_msgs/package.dsv'
[4.907s] [34mcolcon.colcon_core.shell[0m [1;30mINFO[0m Creating package script '/Users/dgawade/ros_rviz/install/rviz_plugin_tutorial_msgs/share/rviz_plugin_tutorial_msgs/package.sh'
[4.909s] [34mcolcon.colcon_core.shell[0m [1;30mINFO[0m Creating package script '/Users/dgawade/ros_rviz/install/rviz_plugin_tutorial_msgs/share/rviz_plugin_tutorial_msgs/package.bash'
[4.911s] [34mcolcon.colcon_core.shell[0m [1;30mINFO[0m Creating package script '/Users/dgawade/ros_rviz/install/rviz_plugin_tutorial_msgs/share/rviz_plugin_tutorial_msgs/package.zsh'
[4.913s] [34mcolcon.colcon_core.environment[0m [1;30mLevel 1[0m create_file_with_runtime_dependencies(/Users/dgawade/ros_rviz/install/rviz_plugin_tutorial_msgs/share/colcon-core/packages/rviz_plugin_tutorial_msgs)
[5.976s] [34mcolcon.colcon_core.environment[0m [1;30mLevel 1[0m create_environment_scripts_only(rviz_plugin_tutorial_msgs)
[5.976s] [34mcolcon.colcon_core.environment[0m [1;30mLevel 1[0m checking '/Users/dgawade/ros_rviz/install/rviz_plugin_tutorial_msgs' for CMake module files
[5.979s] [34mcolcon.colcon_core.environment[0m [1;30mLevel 1[0m checking '/Users/dgawade/ros_rviz/install/rviz_plugin_tutorial_msgs' for CMake config files
[5.981s] [34mcolcon.colcon_core.shell[0m [1;30mLevel 1[0m create_environment_hook('rviz_plugin_tutorial_msgs', 'cmake_prefix_path')
[5.983s] [34mcolcon.colcon_core.shell[0m [1;30mINFO[0m Creating environment hook '/Users/dgawade/ros_rviz/install/rviz_plugin_tutorial_msgs/share/rviz_plugin_tutorial_msgs/hook/cmake_prefix_path.ps1'
[5.984s] [34mcolcon.colcon_core.shell[0m [1;30mINFO[0m Creating environment descriptor '/Users/dgawade/ros_rviz/install/rviz_plugin_tutorial_msgs/share/rviz_plugin_tutorial_msgs/hook/cmake_prefix_path.dsv'
[5.985s] [34mcolcon.colcon_core.shell[0m [1;30mINFO[0m Creating environment hook '/Users/dgawade/ros_rviz/install/rviz_plugin_tutorial_msgs/share/rviz_plugin_tutorial_msgs/hook/cmake_prefix_path.sh'
[5.986s] [34mcolcon.colcon_core.environment[0m [1;30mLevel 1[0m checking '/Users/dgawade/ros_rviz/install/rviz_plugin_tutorial_msgs/lib'
[5.987s] [34mcolcon.colcon_core.shell[0m [1;30mLevel 1[0m create_environment_hook('rviz_plugin_tutorial_msgs', 'dyld_library_path')
[5.987s] [34mcolcon.colcon_core.shell[0m [1;30mINFO[0m Creating environment hook '/Users/dgawade/ros_rviz/install/rviz_plugin_tutorial_msgs/share/rviz_plugin_tutorial_msgs/hook/dyld_library_path.ps1'
[5.988s] [34mcolcon.colcon_core.shell[0m [1;30mINFO[0m Creating environment descriptor '/Users/dgawade/ros_rviz/install/rviz_plugin_tutorial_msgs/share/rviz_plugin_tutorial_msgs/hook/dyld_library_path.dsv'
[5.989s] [34mcolcon.colcon_core.shell[0m [1;30mINFO[0m Creating environment hook '/Users/dgawade/ros_rviz/install/rviz_plugin_tutorial_msgs/share/rviz_plugin_tutorial_msgs/hook/dyld_library_path.sh'
[5.989s] [34mcolcon.colcon_core.environment[0m [1;30mLevel 1[0m checking '/Users/dgawade/ros_rviz/install/rviz_plugin_tutorial_msgs/bin'
[5.989s] [34mcolcon.colcon_core.environment[0m [1;30mLevel 1[0m checking '/Users/dgawade/ros_rviz/install/rviz_plugin_tutorial_msgs/lib/pkgconfig/rviz_plugin_tutorial_msgs.pc'
[5.990s] [34mcolcon.colcon_core.environment[0m [1;30mLevel 1[0m checking '/Users/dgawade/ros_rviz/install/rviz_plugin_tutorial_msgs/lib/python3.11/site-packages'
[5.990s] [34mcolcon.colcon_core.shell[0m [1;30mLevel 1[0m create_environment_hook('rviz_plugin_tutorial_msgs', 'pythonpath')
[5.990s] [34mcolcon.colcon_core.shell[0m [1;30mINFO[0m Creating environment hook '/Users/dgawade/ros_rviz/install/rviz_plugin_tutorial_msgs/share/rviz_plugin_tutorial_msgs/hook/pythonpath.ps1'
[5.991s] [34mcolcon.colcon_core.shell[0m [1;30mINFO[0m Creating environment descriptor '/Users/dgawade/ros_rviz/install/rviz_plugin_tutorial_msgs/share/rviz_plugin_tutorial_msgs/hook/pythonpath.dsv'
[5.991s] [34mcolcon.colcon_core.shell[0m [1;30mINFO[0m Creating environment hook '/Users/dgawade/ros_rviz/install/rviz_plugin_tutorial_msgs/share/rviz_plugin_tutorial_msgs/hook/pythonpath.sh'
[5.992s] [34mcolcon.colcon_core.environment[0m [1;30mLevel 1[0m checking '/Users/dgawade/ros_rviz/install/rviz_plugin_tutorial_msgs/bin'
[5.992s] [34mcolcon.colcon_core.shell[0m [1;30mINFO[0m Creating package script '/Users/dgawade/ros_rviz/install/rviz_plugin_tutorial_msgs/share/rviz_plugin_tutorial_msgs/package.ps1'
[5.993s] [34mcolcon.colcon_core.shell[0m [1;30mINFO[0m Creating package descriptor '/Users/dgawade/ros_rviz/install/rviz_plugin_tutorial_msgs/share/rviz_plugin_tutorial_msgs/package.dsv'
[5.994s] [34mcolcon.colcon_core.shell[0m [1;30mINFO[0m Creating package script '/Users/dgawade/ros_rviz/install/rviz_plugin_tutorial_msgs/share/rviz_plugin_tutorial_msgs/package.sh'
[5.994s] [34mcolcon.colcon_core.shell[0m [1;30mINFO[0m Creating package script '/Users/dgawade/ros_rviz/install/rviz_plugin_tutorial_msgs/share/rviz_plugin_tutorial_msgs/package.bash'
[5.995s] [34mcolcon.colcon_core.shell[0m [1;30mINFO[0m Creating package script '/Users/dgawade/ros_rviz/install/rviz_plugin_tutorial_msgs/share/rviz_plugin_tutorial_msgs/package.zsh'
[5.995s] [34mcolcon.colcon_core.environment[0m [1;30mLevel 1[0m create_file_with_runtime_dependencies(/Users/dgawade/ros_rviz/install/rviz_plugin_tutorial_msgs/share/colcon-core/packages/rviz_plugin_tutorial_msgs)
[5.996s] [34mcolcon.colcon_cmake.task.cmake.build[0m [1;30mINFO[0m Building CMake package in '/Users/dgawade/ros_rviz/src/rviz_plugin_tutorial/rviz_plugin_tutorial'
[5.997s] [34mcolcon.colcon_core.shell[0m [1;30mINFO[0m Skip shell extension 'powershell' for command environment: Not usable outside of PowerShell
[5.997s] [34mcolcon.colcon_core.shell[0m [1;30mDEBUG[0m [32mSkip shell extension 'dsv' for command environment[0m
[6.060s] [34mcolcon.colcon_core.event_handler.log_command[0m [1;30mDEBUG[0m [32mInvoking command in '/Users/dgawade/ros_rviz/build/rviz_plugin_tutorial': CMAKE_PREFIX_PATH=/Users/dgawade/ros_rviz/install/rviz_plugin_tutorial_msgs:/Users/dgawade/ros_rviz/install/rviz_plugin_tutorial:/Users/dgawade/second_ros2_ws/install/rviz_plugin_tutorial:/Users/dgawade/miniconda3/envs/ros_env:/Users/dgawade/second_ros2_ws/install/rviz_plugin_tutorial_msgs:/Users/dgawade/second_ros2_ws/install CONDA_PROMPT_MODIFIER=(ros_env) SHLVL=2 _=/usr/bin/env /usr/local/bin/cmake --build /Users/dgawade/ros_rviz/build/rviz_plugin_tutorial -- -j4 -l4[0m
[11.160s] [34mcolcon.colcon_core.event_handler.log_command[0m [1;30mDEBUG[0m [32mInvoked command in '/Users/dgawade/ros_rviz/build/rviz_plugin_tutorial' returned '2': CMAKE_PREFIX_PATH=/Users/dgawade/ros_rviz/install/rviz_plugin_tutorial_msgs:/Users/dgawade/ros_rviz/install/rviz_plugin_tutorial:/Users/dgawade/second_ros2_ws/install/rviz_plugin_tutorial:/Users/dgawade/miniconda3/envs/ros_env:/Users/dgawade/second_ros2_ws/install/rviz_plugin_tutorial_msgs:/Users/dgawade/second_ros2_ws/install CONDA_PROMPT_MODIFIER=(ros_env) SHLVL=2 _=/usr/bin/env /usr/local/bin/cmake --build /Users/dgawade/ros_rviz/build/rviz_plugin_tutorial -- -j4 -l4[0m
[11.160s] [34mcolcon.colcon_parallel_executor.executor.parallel[0m [1;30mDEBUG[0m [32mclosing loop[0m
[11.160s] [34mcolcon.colcon_parallel_executor.executor.parallel[0m [1;30mDEBUG[0m [32mloop closed[0m
[11.160s] [34mcolcon.colcon_parallel_executor.executor.parallel[0m [1;30mDEBUG[0m [32mrun_until_complete finished with '2'[0m
[11.160s] [34mcolcon.colcon_core.event_reactor[0m [1;30mDEBUG[0m [32mjoining thread[0m
[11.168s] [34mcolcon.colcon_core.plugin_system[0m [1;30mINFO[0m Skipping extension 'colcon_notification.desktop_notification.notify2': 'notify2' not found
[11.168s] [34mcolcon.colcon_core.plugin_system[0m [1;30mINFO[0m Skipping extension 'colcon_notification.desktop_notification.notify_send': Not used on non-Linux systems
[11.168s] [34mcolcon.colcon_core.plugin_system[0m [1;30mINFO[0m Skipping extension 'colcon_notification.desktop_notification.win32': Not used on non-Windows systems
[11.168s] [34mcolcon.colcon_notification.desktop_notification[0m [1;30mINFO[0m Sending desktop notification using 'terminal_notifier'
[11.230s] [34mcolcon.colcon_core.event_reactor[0m [1;30mDEBUG[0m [32mjoined thread[0m
[11.232s] [34mcolcon.colcon_core.shell[0m [1;30mINFO[0m Creating prefix script '/Users/dgawade/ros_rviz/install/local_setup.ps1'
[11.234s] [34mcolcon.colcon_core.shell[0m [1;30mINFO[0m Creating prefix util module '/Users/dgawade/ros_rviz/install/_local_setup_util_ps1.py'
[11.238s] [34mcolcon.colcon_core.shell[0m [1;30mINFO[0m Creating prefix chain script '/Users/dgawade/ros_rviz/install/setup.ps1'
[11.241s] [34mcolcon.colcon_core.shell[0m [1;30mINFO[0m Creating prefix script '/Users/dgawade/ros_rviz/install/local_setup.sh'
[11.243s] [34mcolcon.colcon_core.shell[0m [1;30mINFO[0m Creating prefix util module '/Users/dgawade/ros_rviz/install/_local_setup_util_sh.py'
[11.245s] [34mcolcon.colcon_core.shell[0m [1;30mINFO[0m Creating prefix chain script '/Users/dgawade/ros_rviz/install/setup.sh'
[11.248s] [34mcolcon.colcon_core.shell[0m [1;30mINFO[0m Creating prefix script '/Users/dgawade/ros_rviz/install/local_setup.bash'
[11.251s] [34mcolcon.colcon_core.shell[0m [1;30mINFO[0m Creating prefix chain script '/Users/dgawade/ros_rviz/install/setup.bash'
[11.255s] [34mcolcon.colcon_core.shell[0m [1;30mINFO[0m Creating prefix script '/Users/dgawade/ros_rviz/install/local_setup.zsh'
[11.257s] [34mcolcon.colcon_core.shell[0m [1;30mINFO[0m Creating prefix chain script '/Users/dgawade/ros_rviz/install/setup.zsh'
