[0.077s] Invoking command in '/Users/dgawade/ros_rviz/build/rviz_plugin_tutorial': AMENT_PREFIX_PATH=/Users/dgawade/ros_rviz/install/rviz_plugin_tutorial_msgs:${AMENT_PREFIX_PATH} CMAKE_PREFIX_PATH=/Users/dgawade/ros_rviz/install/rviz_plugin_tutorial_msgs${CMAKE_PREFIX_PATH} CONDA_PROMPT_MODIFIER=(ros_env) PYTHONPATH=/Users/dgawade/ros_rviz/install/rviz_plugin_tutorial_msgs/lib/python3.11/site-packages:${PYTHONPATH} SHLVL=2 _=/usr/bin/env /usr/local/bin/cmake --build /Users/dgawade/ros_rviz/build/rviz_plugin_tutorial -- -j4 -l4
[0.350s] [  0%] Built target point_display_autogen_timestamp_deps
[0.507s] [ 14%] Built target point_display_autogen
[0.791s] [ 28%] Linking CXX shared library libpoint_display.dylib
[2.045s] [100%] Built target point_display
[2.077s] Invoked command in '/Users/dgawade/ros_rviz/build/rviz_plugin_tutorial' returned '0': AMENT_PREFIX_PATH=/Users/dgawade/ros_rviz/install/rviz_plugin_tutorial_msgs:${AMENT_PREFIX_PATH} CMAKE_PREFIX_PATH=/Users/dgawade/ros_rviz/install/rviz_plugin_tutorial_msgs${CMAKE_PREFIX_PATH} CONDA_PROMPT_MODIFIER=(ros_env) PYTHONPATH=/Users/dgawade/ros_rviz/install/rviz_plugin_tutorial_msgs/lib/python3.11/site-packages:${PYTHONPATH} SHLVL=2 _=/usr/bin/env /usr/local/bin/cmake --build /Users/dgawade/ros_rviz/build/rviz_plugin_tutorial -- -j4 -l4
[2.520s] Invoking command in '/Users/dgawade/ros_rviz/build/rviz_plugin_tutorial': AMENT_PREFIX_PATH=/Users/dgawade/ros_rviz/install/rviz_plugin_tutorial_msgs:${AMENT_PREFIX_PATH} CMAKE_PREFIX_PATH=/Users/dgawade/ros_rviz/install/rviz_plugin_tutorial_msgs${CMAKE_PREFIX_PATH} CONDA_PROMPT_MODIFIER=(ros_env) PYTHONPATH=/Users/dgawade/ros_rviz/install/rviz_plugin_tutorial_msgs/lib/python3.11/site-packages:${PYTHONPATH} SHLVL=2 _=/usr/bin/env /usr/local/bin/cmake --install /Users/dgawade/ros_rviz/build/rviz_plugin_tutorial
[2.540s] -- Install configuration: ""
[2.540s] -- Installing: /Users/dgawade/ros_rviz/install/rviz_plugin_tutorial/lib/libpoint_display.dylib
[2.558s] -- Up-to-date: /Users/dgawade/ros_rviz/install/rviz_plugin_tutorial/include
[2.559s] -- Up-to-date: /Users/dgawade/ros_rviz/install/rviz_plugin_tutorial/include/rviz_plugin_tutorial
[2.559s] -- Up-to-date: /Users/dgawade/ros_rviz/install/rviz_plugin_tutorial/include/rviz_plugin_tutorial/point_display.hpp
[2.559s] -- Up-to-date: /Users/dgawade/ros_rviz/install/rviz_plugin_tutorial/share/rviz_plugin_tutorial/rviz_common_plugins.xml
[2.559s] -- Up-to-date: /Users/dgawade/ros_rviz/install/rviz_plugin_tutorial/share/rviz_plugin_tutorial/icons/classes/Point2D.png
[2.560s] -- Up-to-date: /Users/dgawade/ros_rviz/install/rviz_plugin_tutorial/share/rviz_plugin_tutorial/rviz_common_plugins.xml
[2.560s] -- Up-to-date: /Users/dgawade/ros_rviz/install/rviz_plugin_tutorial/share/ament_index/resource_index/package_run_dependencies/rviz_plugin_tutorial
[2.560s] -- Up-to-date: /Users/dgawade/ros_rviz/install/rviz_plugin_tutorial/share/ament_index/resource_index/parent_prefix_path/rviz_plugin_tutorial
[2.560s] -- Up-to-date: /Users/dgawade/ros_rviz/install/rviz_plugin_tutorial/share/rviz_plugin_tutorial/environment/ament_prefix_path.sh
[2.561s] -- Up-to-date: /Users/dgawade/ros_rviz/install/rviz_plugin_tutorial/share/rviz_plugin_tutorial/environment/ament_prefix_path.dsv
[2.561s] -- Up-to-date: /Users/dgawade/ros_rviz/install/rviz_plugin_tutorial/share/rviz_plugin_tutorial/environment/path.sh
[2.561s] -- Up-to-date: /Users/dgawade/ros_rviz/install/rviz_plugin_tutorial/share/rviz_plugin_tutorial/environment/path.dsv
[2.561s] -- Up-to-date: /Users/dgawade/ros_rviz/install/rviz_plugin_tutorial/share/rviz_plugin_tutorial/local_setup.bash
[2.561s] -- Up-to-date: /Users/dgawade/ros_rviz/install/rviz_plugin_tutorial/share/rviz_plugin_tutorial/local_setup.sh
[2.561s] -- Up-to-date: /Users/dgawade/ros_rviz/install/rviz_plugin_tutorial/share/rviz_plugin_tutorial/local_setup.zsh
[2.561s] -- Up-to-date: /Users/dgawade/ros_rviz/install/rviz_plugin_tutorial/share/rviz_plugin_tutorial/local_setup.dsv
[2.561s] -- Installing: /Users/dgawade/ros_rviz/install/rviz_plugin_tutorial/share/rviz_plugin_tutorial/package.dsv
[2.562s] -- Up-to-date: /Users/dgawade/ros_rviz/install/rviz_plugin_tutorial/share/ament_index/resource_index/packages/rviz_plugin_tutorial
[2.562s] -- Up-to-date: /Users/dgawade/ros_rviz/install/rviz_plugin_tutorial/share/ament_index/resource_index/rviz_common__pluginlib__plugin/rviz_plugin_tutorial
[2.565s] -- Up-to-date: /Users/dgawade/ros_rviz/install/rviz_plugin_tutorial/share/rviz_plugin_tutorial/cmake/export_rviz_plugin_tutorialExport.cmake
[2.565s] -- Up-to-date: /Users/dgawade/ros_rviz/install/rviz_plugin_tutorial/share/rviz_plugin_tutorial/cmake/export_rviz_plugin_tutorialExport-noconfig.cmake
[2.566s] -- Up-to-date: /Users/dgawade/ros_rviz/install/rviz_plugin_tutorial/share/rviz_plugin_tutorial/cmake/ament_cmake_export_include_directories-extras.cmake
[2.566s] -- Up-to-date: /Users/dgawade/ros_rviz/install/rviz_plugin_tutorial/share/rviz_plugin_tutorial/cmake/ament_cmake_export_targets-extras.cmake
[2.566s] -- Up-to-date: /Users/dgawade/ros_rviz/install/rviz_plugin_tutorial/share/rviz_plugin_tutorial/cmake/rviz_plugin_tutorialConfig.cmake
[2.566s] -- Up-to-date: /Users/dgawade/ros_rviz/install/rviz_plugin_tutorial/share/rviz_plugin_tutorial/cmake/rviz_plugin_tutorialConfig-version.cmake
[2.566s] -- Up-to-date: /Users/dgawade/ros_rviz/install/rviz_plugin_tutorial/share/rviz_plugin_tutorial/package.xml
[2.570s] Invoked command in '/Users/dgawade/ros_rviz/build/rviz_plugin_tutorial' returned '0': AMENT_PREFIX_PATH=/Users/dgawade/ros_rviz/install/rviz_plugin_tutorial_msgs:${AMENT_PREFIX_PATH} CMAKE_PREFIX_PATH=/Users/dgawade/ros_rviz/install/rviz_plugin_tutorial_msgs${CMAKE_PREFIX_PATH} CONDA_PROMPT_MODIFIER=(ros_env) PYTHONPATH=/Users/dgawade/ros_rviz/install/rviz_plugin_tutorial_msgs/lib/python3.11/site-packages:${PYTHONPATH} SHLVL=2 _=/usr/bin/env /usr/local/bin/cmake --install /Users/dgawade/ros_rviz/build/rviz_plugin_tutorial
