[0.144s] Invoking command in '/home/aashvi/polygon_ws/build/turtlesim': CMAKE_PREFIX_PATH=${CMAKE_PREFIX_PATH}:/home/aashvi/polygon_ws/install/polygon_pkg:/home/aashvi/ros2_ws/install/turtle_mover:/home/aashvi/ros2_ws/install/my_robot_controller:/home/aashvi/ros2_ws/install/py_pubsub:/home/aashvi/ros2_ws/install/my_package:/opt/ros/humble /usr/bin/cmake /home/aashvi/polygon_ws/src/ros_tutorials/turtlesim -DAMENT_CMAKE_SYMLINK_INSTALL=1 -DCMAKE_INSTALL_PREFIX=/home/aashvi/polygon_ws/install/turtlesim
[0.288s] -- The C compiler identification is GNU 11.4.0
[0.388s] -- The CXX compiler identification is GNU 11.4.0
[0.397s] -- Detecting C compiler ABI info
[0.440s] -- Detecting C compiler ABI info - done
[0.444s] -- Check for working C compiler: /usr/bin/cc - skipped
[0.444s] -- Detecting C compile features
[0.445s] -- Detecting C compile features - done
[0.447s] -- Detecting CXX compiler ABI info
[0.489s] -- Detecting CXX compiler ABI info - done
[0.495s] -- Check for working CXX compiler: /usr/bin/c++ - skipped
[0.495s] -- Detecting CXX compile features
[0.495s] -- Detecting CXX compile features - done
[0.499s] -- Found ament_cmake: 1.3.11 (/opt/ros/humble/share/ament_cmake/cmake)
[0.588s] -- Found Python3: /usr/bin/python3 (found version "3.10.12") found components: Interpreter 
[0.633s] -- Override CMake install command with custom implementation using symlinks instead of copying resources
[0.661s] -- Found ament_index_cpp: 1.4.0 (/opt/ros/humble/share/ament_index_cpp/cmake)
[0.663s] -- Found geometry_msgs: 4.2.4 (/opt/ros/humble/share/geometry_msgs/cmake)
[0.697s] -- Found rosidl_generator_c: 3.1.6 (/opt/ros/humble/share/rosidl_generator_c/cmake)
[0.701s] -- Found rosidl_adapter: 3.1.6 (/opt/ros/humble/share/rosidl_adapter/cmake)
[0.711s] -- Found rosidl_generator_cpp: 3.1.6 (/opt/ros/humble/share/rosidl_generator_cpp/cmake)
[0.721s] -- Using all available rosidl_typesupport_c: rosidl_typesupport_fastrtps_c;rosidl_typesupport_introspection_c
[0.740s] -- Using all available rosidl_typesupport_cpp: rosidl_typesupport_fastrtps_cpp;rosidl_typesupport_introspection_cpp
[0.786s] -- Found rclcpp: 16.0.11 (/opt/ros/humble/share/rclcpp/cmake)
[0.818s] -- Found rmw_implementation_cmake: 6.1.2 (/opt/ros/humble/share/rmw_implementation_cmake/cmake)
[0.821s] -- Found rmw_fastrtps_cpp: 6.2.7 (/opt/ros/humble/share/rmw_fastrtps_cpp/cmake)
[0.878s] -- Found OpenSSL: /usr/lib/aarch64-linux-gnu/libcrypto.so (found version "3.0.2")  
[0.893s] -- Found FastRTPS: /opt/ros/humble/include  
[0.915s] -- Using RMW implementation 'rmw_fastrtps_cpp' as default
[0.924s] -- Looking for pthread.h
[0.967s] -- Looking for pthread.h - found
[0.967s] -- Performing Test CMAKE_HAVE_LIBC_PTHREAD
[0.998s] -- Performing Test CMAKE_HAVE_LIBC_PTHREAD - Success
[0.999s] -- Found Threads: TRUE  
[1.030s] -- Found rclcpp_action: 16.0.11 (/opt/ros/humble/share/rclcpp_action/cmake)
[1.065s] -- Found rosidl_default_generators: 1.2.0 (/opt/ros/humble/share/rosidl_default_generators/cmake)
[1.072s] -- Found std_srvs: 4.2.4 (/opt/ros/humble/share/std_srvs/cmake)
[1.244s] -- Found ament_cmake_ros: 0.10.0 (/opt/ros/humble/share/ament_cmake_ros/cmake)
[1.410s] -- Using all available rosidl_typesupport_c: rosidl_typesupport_fastrtps_c;rosidl_typesupport_introspection_c
[1.478s] -- Using all available rosidl_typesupport_cpp: rosidl_typesupport_fastrtps_cpp;rosidl_typesupport_introspection_cpp
[1.489s] -- Found PythonInterp: /usr/bin/python3 (found suitable version "3.10.12", minimum required is "3.6") 
[1.491s] -- Found python_cmake_module: 0.10.0 (/opt/ros/humble/share/python_cmake_module/cmake)
[1.505s] -- Found PythonLibs: /usr/lib/aarch64-linux-gnu/libpython3.10.so (found suitable version "3.10.12", minimum required is "3.5") 
[1.505s] -- Using PYTHON_EXECUTABLE: /usr/bin/python3
[1.505s] -- Using PYTHON_INCLUDE_DIRS: /usr/include/python3.10
[1.505s] -- Using PYTHON_LIBRARIES: /usr/lib/aarch64-linux-gnu/libpython3.10.so
[1.516s] -- Found PythonExtra: .so  
[1.558s] -- Configuring done
[1.588s] -- Generating done
[1.597s] -- Build files have been written to: /home/aashvi/polygon_ws/build/turtlesim
[1.603s] Invoked command in '/home/aashvi/polygon_ws/build/turtlesim' returned '0': CMAKE_PREFIX_PATH=${CMAKE_PREFIX_PATH}:/home/aashvi/polygon_ws/install/polygon_pkg:/home/aashvi/ros2_ws/install/turtle_mover:/home/aashvi/ros2_ws/install/my_robot_controller:/home/aashvi/ros2_ws/install/py_pubsub:/home/aashvi/ros2_ws/install/my_package:/opt/ros/humble /usr/bin/cmake /home/aashvi/polygon_ws/src/ros_tutorials/turtlesim -DAMENT_CMAKE_SYMLINK_INSTALL=1 -DCMAKE_INSTALL_PREFIX=/home/aashvi/polygon_ws/install/turtlesim
[1.603s] Invoking command in '/home/aashvi/polygon_ws/build/turtlesim': CMAKE_PREFIX_PATH=${CMAKE_PREFIX_PATH}:/home/aashvi/polygon_ws/install/polygon_pkg:/home/aashvi/ros2_ws/install/turtle_mover:/home/aashvi/ros2_ws/install/my_robot_controller:/home/aashvi/ros2_ws/install/py_pubsub:/home/aashvi/ros2_ws/install/my_package:/opt/ros/humble /usr/bin/cmake --build /home/aashvi/polygon_ws/build/turtlesim -- -j8 -l8
[1.620s] [  1%] [34m[1mGenerating C code for ROS interfaces[0m
[1.624s] [  2%] [34m[1mGenerating C++ code for ROS interfaces[0m
[1.627s] [  2%] Built target ament_cmake_python_symlink_turtlesim
[1.754s] running egg_info
[1.755s] creating turtlesim.egg-info
[1.755s] writing turtlesim.egg-info/PKG-INFO
[1.755s] writing dependency_links to turtlesim.egg-info/dependency_links.txt
[1.755s] writing top-level names to turtlesim.egg-info/top_level.txt
[1.755s] writing manifest file 'turtlesim.egg-info/SOURCES.txt'
[1.756s] reading manifest file 'turtlesim.egg-info/SOURCES.txt'
[1.756s] writing manifest file 'turtlesim.egg-info/SOURCES.txt'
[1.770s] [  2%] Built target ament_cmake_python_build_turtlesim_egg
[2.123s] [  3%] [32mBuilding C object CMakeFiles/turtlesim__rosidl_generator_c.dir/rosidl_generator_c/turtlesim/action/detail/rotate_absolute__functions.c.o[0m
[2.127s] [  4%] [32mBuilding C object CMakeFiles/turtlesim__rosidl_generator_c.dir/rosidl_generator_c/turtlesim/msg/detail/pose__functions.c.o[0m
[2.133s] [  5%] [32mBuilding C object CMakeFiles/turtlesim__rosidl_generator_c.dir/rosidl_generator_c/turtlesim/msg/detail/color__functions.c.o[0m
[2.133s] [  6%] [32mBuilding C object CMakeFiles/turtlesim__rosidl_generator_c.dir/rosidl_generator_c/turtlesim/srv/detail/kill__functions.c.o[0m
[2.133s] [  7%] [32mBuilding C object CMakeFiles/turtlesim__rosidl_generator_c.dir/rosidl_generator_c/turtlesim/srv/detail/set_pen__functions.c.o[0m
[2.133s] [  7%] Built target turtlesim__cpp
[2.134s] [  8%] [32mBuilding C object CMakeFiles/turtlesim__rosidl_generator_c.dir/rosidl_generator_c/turtlesim/srv/detail/spawn__functions.c.o[0m
[2.134s] [  9%] [32mBuilding C object CMakeFiles/turtlesim__rosidl_generator_c.dir/rosidl_generator_c/turtlesim/srv/detail/teleport_absolute__functions.c.o[0m
[2.138s] [ 10%] [34m[1mGenerating C++ type support dispatch for ROS interfaces[0m
[2.205s] [ 11%] [32mBuilding C object CMakeFiles/turtlesim__rosidl_generator_c.dir/rosidl_generator_c/turtlesim/srv/detail/teleport_relative__functions.c.o[0m
[2.208s] [ 12%] [34m[1mGenerating C++ introspection for ROS interfaces[0m
[2.208s] [ 13%] [34m[1mGenerating C++ type support for eProsima Fast-RTPS[0m
[2.251s] [ 14%] [32m[1mLinking C shared library libturtlesim__rosidl_generator_c.so[0m
[2.282s] [ 14%] Built target turtlesim__rosidl_generator_c
[2.287s] [ 15%] [34m[1mGenerating C type support dispatch for ROS interfaces[0m
[2.289s] [ 17%] [34m[1mGenerating C type support for eProsima Fast-RTPS[0m
[2.289s] [ 17%] [34m[1mGenerating C introspection for ROS interfaces[0m
[2.526s] [ 18%] [32mBuilding CXX object CMakeFiles/turtlesim__rosidl_typesupport_cpp.dir/rosidl_typesupport_cpp/turtlesim/msg/pose__type_support.cpp.o[0m
[2.527s] [ 19%] [32mBuilding CXX object CMakeFiles/turtlesim__rosidl_typesupport_cpp.dir/rosidl_typesupport_cpp/turtlesim/msg/color__type_support.cpp.o[0m
[2.527s] [ 20%] [32mBuilding CXX object CMakeFiles/turtlesim__rosidl_typesupport_cpp.dir/rosidl_typesupport_cpp/turtlesim/action/rotate_absolute__type_support.cpp.o[0m
[2.673s] [ 21%] [32mBuilding CXX object CMakeFiles/turtlesim__rosidl_typesupport_c.dir/rosidl_typesupport_c/turtlesim/action/rotate_absolute__type_support.cpp.o[0m
[2.737s] [ 22%] [32mBuilding CXX object CMakeFiles/turtlesim__rosidl_typesupport_introspection_cpp.dir/rosidl_typesupport_introspection_cpp/turtlesim/action/detail/rotate_absolute__type_support.cpp.o[0m
[2.749s] [ 23%] [32mBuilding CXX object CMakeFiles/turtlesim__rosidl_typesupport_c.dir/rosidl_typesupport_c/turtlesim/msg/color__type_support.cpp.o[0m
[2.785s] [ 24%] [32mBuilding CXX object CMakeFiles/turtlesim__rosidl_typesupport_c.dir/rosidl_typesupport_c/turtlesim/msg/pose__type_support.cpp.o[0m
[2.820s] [ 25%] [32mBuilding CXX object CMakeFiles/turtlesim__rosidl_typesupport_c.dir/rosidl_typesupport_c/turtlesim/srv/kill__type_support.cpp.o[0m
[2.844s] [ 26%] [32mBuilding CXX object CMakeFiles/turtlesim__rosidl_typesupport_cpp.dir/rosidl_typesupport_cpp/turtlesim/srv/kill__type_support.cpp.o[0m
[2.847s] [ 27%] [32mBuilding CXX object CMakeFiles/turtlesim__rosidl_typesupport_cpp.dir/rosidl_typesupport_cpp/turtlesim/srv/set_pen__type_support.cpp.o[0m
[2.851s] [ 28%] [32mBuilding CXX object CMakeFiles/turtlesim__rosidl_typesupport_c.dir/rosidl_typesupport_c/turtlesim/srv/set_pen__type_support.cpp.o[0m
[2.853s] [ 29%] [32mBuilding CXX object CMakeFiles/turtlesim__rosidl_typesupport_fastrtps_cpp.dir/rosidl_typesupport_fastrtps_cpp/turtlesim/action/detail/dds_fastrtps/rotate_absolute__type_support.cpp.o[0m
[2.878s] [ 30%] [32mBuilding C object CMakeFiles/turtlesim__rosidl_typesupport_introspection_c.dir/rosidl_typesupport_introspection_c/turtlesim/action/detail/rotate_absolute__type_support.c.o[0m
[2.887s] [ 31%] [32mBuilding CXX object CMakeFiles/turtlesim__rosidl_typesupport_c.dir/rosidl_typesupport_c/turtlesim/srv/spawn__type_support.cpp.o[0m
[2.918s] [ 32%] [32mBuilding CXX object CMakeFiles/turtlesim__rosidl_typesupport_c.dir/rosidl_typesupport_c/turtlesim/srv/teleport_absolute__type_support.cpp.o[0m
[2.929s] [ 33%] [32mBuilding C object CMakeFiles/turtlesim__rosidl_typesupport_introspection_c.dir/rosidl_typesupport_introspection_c/turtlesim/msg/detail/color__type_support.c.o[0m
[2.954s] [ 34%] [32mBuilding C object CMakeFiles/turtlesim__rosidl_typesupport_introspection_c.dir/rosidl_typesupport_introspection_c/turtlesim/msg/detail/pose__type_support.c.o[0m
[2.972s] [ 36%] [32mBuilding CXX object CMakeFiles/turtlesim__rosidl_typesupport_fastrtps_c.dir/rosidl_typesupport_fastrtps_c/turtlesim/action/detail/rotate_absolute__type_support_c.cpp.o[0m
[2.972s] [ 36%] [32mBuilding CXX object CMakeFiles/turtlesim__rosidl_typesupport_c.dir/rosidl_typesupport_c/turtlesim/srv/teleport_relative__type_support.cpp.o[0m
[2.992s] [ 37%] [32mBuilding C object CMakeFiles/turtlesim__rosidl_typesupport_introspection_c.dir/rosidl_typesupport_introspection_c/turtlesim/srv/detail/kill__type_support.c.o[0m
[3.013s] [ 38%] [32m[1mLinking CXX shared library libturtlesim__rosidl_typesupport_c.so[0m
[3.022s] [ 39%] [32mBuilding C object CMakeFiles/turtlesim__rosidl_typesupport_introspection_c.dir/rosidl_typesupport_introspection_c/turtlesim/srv/detail/set_pen__type_support.c.o[0m
[3.050s] [ 40%] [32mBuilding C object CMakeFiles/turtlesim__rosidl_typesupport_introspection_c.dir/rosidl_typesupport_introspection_c/turtlesim/srv/detail/spawn__type_support.c.o[0m
[3.051s] [ 41%] [32mBuilding CXX object CMakeFiles/turtlesim__rosidl_typesupport_cpp.dir/rosidl_typesupport_cpp/turtlesim/srv/spawn__type_support.cpp.o[0m
[3.055s] [ 42%] [32mBuilding CXX object CMakeFiles/turtlesim__rosidl_typesupport_fastrtps_c.dir/rosidl_typesupport_fastrtps_c/turtlesim/msg/detail/color__type_support_c.cpp.o[0m
[3.071s] [ 42%] Built target turtlesim__rosidl_typesupport_c
[3.078s] [ 43%] [32mBuilding CXX object CMakeFiles/turtlesim__rosidl_typesupport_fastrtps_c.dir/rosidl_typesupport_fastrtps_c/turtlesim/msg/detail/pose__type_support_c.cpp.o[0m
[3.085s] [ 44%] [32mBuilding C object CMakeFiles/turtlesim__rosidl_typesupport_introspection_c.dir/rosidl_typesupport_introspection_c/turtlesim/srv/detail/teleport_absolute__type_support.c.o[0m
[3.086s] [ 45%] [32mBuilding CXX object CMakeFiles/turtlesim__rosidl_typesupport_cpp.dir/rosidl_typesupport_cpp/turtlesim/srv/teleport_absolute__type_support.cpp.o[0m
[3.117s] [ 46%] [32mBuilding C object CMakeFiles/turtlesim__rosidl_typesupport_introspection_c.dir/rosidl_typesupport_introspection_c/turtlesim/srv/detail/teleport_relative__type_support.c.o[0m
[3.142s] [ 47%] [32m[1mLinking C shared library libturtlesim__rosidl_typesupport_introspection_c.so[0m
[3.198s] [ 47%] Built target turtlesim__rosidl_typesupport_introspection_c
[3.209s] [ 48%] [32mBuilding CXX object CMakeFiles/turtlesim__rosidl_typesupport_cpp.dir/rosidl_typesupport_cpp/turtlesim/srv/teleport_relative__type_support.cpp.o[0m
[3.320s] [ 49%] [32mBuilding CXX object CMakeFiles/turtlesim__rosidl_typesupport_fastrtps_c.dir/rosidl_typesupport_fastrtps_c/turtlesim/srv/detail/kill__type_support_c.cpp.o[0m
[3.323s] [ 50%] [32mBuilding CXX object CMakeFiles/turtlesim__rosidl_typesupport_fastrtps_c.dir/rosidl_typesupport_fastrtps_c/turtlesim/srv/detail/set_pen__type_support_c.cpp.o[0m
[3.339s] [ 51%] [32mBuilding CXX object CMakeFiles/turtlesim__rosidl_typesupport_introspection_cpp.dir/rosidl_typesupport_introspection_cpp/turtlesim/msg/detail/color__type_support.cpp.o[0m
[3.339s] [ 52%] [32mBuilding CXX object CMakeFiles/turtlesim__rosidl_typesupport_fastrtps_cpp.dir/rosidl_typesupport_fastrtps_cpp/turtlesim/msg/detail/dds_fastrtps/color__type_support.cpp.o[0m
[3.341s] [ 53%] [32mBuilding CXX object CMakeFiles/turtlesim__rosidl_typesupport_fastrtps_c.dir/rosidl_typesupport_fastrtps_c/turtlesim/srv/detail/spawn__type_support_c.cpp.o[0m
[3.341s] [ 54%] [32mBuilding CXX object CMakeFiles/turtlesim__rosidl_typesupport_introspection_cpp.dir/rosidl_typesupport_introspection_cpp/turtlesim/msg/detail/pose__type_support.cpp.o[0m
[3.377s] [ 55%] [32mBuilding CXX object CMakeFiles/turtlesim__rosidl_typesupport_fastrtps_c.dir/rosidl_typesupport_fastrtps_c/turtlesim/srv/detail/teleport_absolute__type_support_c.cpp.o[0m
[3.437s] [ 56%] [32m[1mLinking CXX shared library libturtlesim__rosidl_typesupport_cpp.so[0m
[3.490s] [ 56%] Built target turtlesim__rosidl_typesupport_cpp
[3.496s] [ 57%] [34m[1mGenerating include/turtlesim/moc_turtle_frame.cpp[0m
[3.598s] [ 58%] [32mBuilding CXX object CMakeFiles/turtlesim__rosidl_typesupport_fastrtps_c.dir/rosidl_typesupport_fastrtps_c/turtlesim/srv/detail/teleport_relative__type_support_c.cpp.o[0m
[3.598s] [ 59%] [32mBuilding CXX object CMakeFiles/turtlesim__rosidl_typesupport_introspection_cpp.dir/rosidl_typesupport_introspection_cpp/turtlesim/srv/detail/kill__type_support.cpp.o[0m
[3.601s] [ 60%] [32mBuilding CXX object CMakeFiles/turtlesim__rosidl_typesupport_introspection_cpp.dir/rosidl_typesupport_introspection_cpp/turtlesim/srv/detail/set_pen__type_support.cpp.o[0m
[3.601s] [ 61%] [32mBuilding CXX object CMakeFiles/turtle_teleop_key.dir/tutorials/teleop_turtle_key.cpp.o[0m
[3.627s] [ 62%] [32mBuilding CXX object CMakeFiles/turtlesim__rosidl_typesupport_fastrtps_cpp.dir/rosidl_typesupport_fastrtps_cpp/turtlesim/msg/detail/dds_fastrtps/pose__type_support.cpp.o[0m
[3.628s] [ 63%] [32mBuilding CXX object CMakeFiles/turtlesim__rosidl_typesupport_introspection_cpp.dir/rosidl_typesupport_introspection_cpp/turtlesim/srv/detail/spawn__type_support.cpp.o[0m
[3.630s] [ 64%] [32mBuilding CXX object CMakeFiles/turtlesim_node.dir/src/turtlesim.cpp.o[0m
[3.633s] [ 65%] [32mBuilding CXX object CMakeFiles/turtlesim__rosidl_typesupport_introspection_cpp.dir/rosidl_typesupport_introspection_cpp/turtlesim/srv/detail/teleport_absolute__type_support.cpp.o[0m
[3.849s] [ 66%] [32m[1mLinking CXX shared library libturtlesim__rosidl_typesupport_fastrtps_c.so[0m
[3.876s] [ 67%] [32mBuilding CXX object CMakeFiles/turtlesim_node.dir/src/turtle.cpp.o[0m
[3.878s] [ 68%] [32mBuilding CXX object CMakeFiles/turtlesim__rosidl_typesupport_introspection_cpp.dir/rosidl_typesupport_introspection_cpp/turtlesim/srv/detail/teleport_relative__type_support.cpp.o[0m
[3.904s] [ 69%] [32mBuilding CXX object CMakeFiles/turtlesim__rosidl_typesupport_fastrtps_cpp.dir/rosidl_typesupport_fastrtps_cpp/turtlesim/srv/detail/dds_fastrtps/set_pen__type_support.cpp.o[0m
[3.905s] [ 70%] [32mBuilding CXX object CMakeFiles/turtlesim__rosidl_typesupport_fastrtps_cpp.dir/rosidl_typesupport_fastrtps_cpp/turtlesim/srv/detail/dds_fastrtps/kill__type_support.cpp.o[0m
[3.911s] [ 70%] Built target turtlesim__rosidl_typesupport_fastrtps_c
[3.927s] [ 71%] [32mBuilding CXX object CMakeFiles/draw_square.dir/tutorials/draw_square.cpp.o[0m
[3.944s] [ 72%] [32mBuilding CXX object CMakeFiles/turtlesim__rosidl_typesupport_fastrtps_cpp.dir/rosidl_typesupport_fastrtps_cpp/turtlesim/srv/detail/dds_fastrtps/spawn__type_support.cpp.o[0m
[4.128s] [ 73%] [32m[1mLinking CXX shared library libturtlesim__rosidl_typesupport_introspection_cpp.so[0m
[4.136s] [ 74%] [32mBuilding CXX object CMakeFiles/turtlesim__rosidl_typesupport_fastrtps_cpp.dir/rosidl_typesupport_fastrtps_cpp/turtlesim/srv/detail/dds_fastrtps/teleport_absolute__type_support.cpp.o[0m
[4.177s] [ 75%] [32mBuilding CXX object CMakeFiles/turtlesim__rosidl_typesupport_fastrtps_cpp.dir/rosidl_typesupport_fastrtps_cpp/turtlesim/srv/detail/dds_fastrtps/teleport_relative__type_support.cpp.o[0m
[4.201s] [ 75%] Built target turtlesim__rosidl_typesupport_introspection_cpp
[4.211s] [ 76%] [32mBuilding CXX object CMakeFiles/turtlesim_node.dir/src/turtle_frame.cpp.o[0m
[4.214s] [ 77%] [32mBuilding CXX object CMakeFiles/mimic.dir/tutorials/mimic.cpp.o[0m
[4.449s] [ 78%] [32mBuilding CXX object CMakeFiles/turtlesim_node.dir/include/turtlesim/moc_turtle_frame.cpp.o[0m
[4.518s] [ 79%] [32m[1mLinking CXX shared library libturtlesim__rosidl_typesupport_fastrtps_cpp.so[0m
[4.620s] [ 79%] Built target turtlesim__rosidl_typesupport_fastrtps_cpp
[4.639s] [ 79%] Built target turtlesim
[4.667s] [ 80%] [34m[1mGenerating Python code for ROS interfaces[0m
[7.246s] [ 80%] Built target turtlesim__py
[7.273s] [ 81%] [32mBuilding C object CMakeFiles/turtlesim__rosidl_generator_py.dir/rosidl_generator_py/turtlesim/action/_rotate_absolute_s.c.o[0m
[7.937s] [ 82%] [32mBuilding C object CMakeFiles/turtlesim__rosidl_generator_py.dir/rosidl_generator_py/turtlesim/msg/_color_s.c.o[0m
[8.174s] [ 83%] [32mBuilding C object CMakeFiles/turtlesim__rosidl_generator_py.dir/rosidl_generator_py/turtlesim/msg/_pose_s.c.o[0m
[8.438s] [ 84%] [32mBuilding C object CMakeFiles/turtlesim__rosidl_generator_py.dir/rosidl_generator_py/turtlesim/srv/_kill_s.c.o[0m
[8.723s] [ 85%] [32mBuilding C object CMakeFiles/turtlesim__rosidl_generator_py.dir/rosidl_generator_py/turtlesim/srv/_set_pen_s.c.o[0m
[9.032s] [ 86%] [32mBuilding C object CMakeFiles/turtlesim__rosidl_generator_py.dir/rosidl_generator_py/turtlesim/srv/_spawn_s.c.o[0m
[9.365s] [ 87%] [32mBuilding C object CMakeFiles/turtlesim__rosidl_generator_py.dir/rosidl_generator_py/turtlesim/srv/_teleport_absolute_s.c.o[0m
[9.749s] [ 88%] [32mBuilding C object CMakeFiles/turtlesim__rosidl_generator_py.dir/rosidl_generator_py/turtlesim/srv/_teleport_relative_s.c.o[0m
[10.154s] [ 89%] [32m[1mLinking C shared library rosidl_generator_py/turtlesim/libturtlesim__rosidl_generator_py.so[0m
[10.269s] [ 89%] Built target turtlesim__rosidl_generator_py
[10.320s] [ 90%] [32mBuilding C object CMakeFiles/turtlesim__rosidl_typesupport_fastrtps_c__pyext.dir/rosidl_generator_py/turtlesim/_turtlesim_s.ep.rosidl_typesupport_fastrtps_c.c.o[0m
[10.809s] [ 91%] [32m[1mLinking C shared library rosidl_generator_py/turtlesim/turtlesim_s__rosidl_typesupport_fastrtps_c.cpython-310-aarch64-linux-gnu.so[0m
[10.917s] [ 91%] Built target turtlesim__rosidl_typesupport_fastrtps_c__pyext
[10.966s] [ 92%] [32mBuilding C object CMakeFiles/turtlesim__rosidl_typesupport_introspection_c__pyext.dir/rosidl_generator_py/turtlesim/_turtlesim_s.ep.rosidl_typesupport_introspection_c.c.o[0m
[11.540s] [ 93%] [32m[1mLinking C shared library rosidl_generator_py/turtlesim/turtlesim_s__rosidl_typesupport_introspection_c.cpython-310-aarch64-linux-gnu.so[0m
[11.676s] [ 93%] Built target turtlesim__rosidl_typesupport_introspection_c__pyext
[11.723s] [ 94%] [32mBuilding C object CMakeFiles/turtlesim__rosidl_typesupport_c__pyext.dir/rosidl_generator_py/turtlesim/_turtlesim_s.ep.rosidl_typesupport_c.c.o[0m
[12.228s] [ 95%] [32m[1mLinking C shared library rosidl_generator_py/turtlesim/turtlesim_s__rosidl_typesupport_c.cpython-310-aarch64-linux-gnu.so[0m
[12.350s] [ 95%] Built target turtlesim__rosidl_typesupport_c__pyext
[18.460s] [ 96%] [32m[1mLinking CXX executable turtle_teleop_key[0m
[19.051s] [ 96%] Built target turtle_teleop_key
[25.036s] [ 97%] [32m[1mLinking CXX executable mimic[0m
[25.230s] [ 98%] [32m[1mLinking CXX executable draw_square[0m
[25.535s] [ 98%] Built target mimic
[25.698s] [ 98%] Built target draw_square
[28.085s] [100%] [32m[1mLinking CXX executable turtlesim_node[0m
[29.197s] [100%] Built target turtlesim_node
[29.207s] Invoked command in '/home/aashvi/polygon_ws/build/turtlesim' returned '0': CMAKE_PREFIX_PATH=${CMAKE_PREFIX_PATH}:/home/aashvi/polygon_ws/install/polygon_pkg:/home/aashvi/ros2_ws/install/turtle_mover:/home/aashvi/ros2_ws/install/my_robot_controller:/home/aashvi/ros2_ws/install/py_pubsub:/home/aashvi/ros2_ws/install/my_package:/opt/ros/humble /usr/bin/cmake --build /home/aashvi/polygon_ws/build/turtlesim -- -j8 -l8
[29.209s] Invoking command in '/home/aashvi/polygon_ws/build/turtlesim': CMAKE_PREFIX_PATH=${CMAKE_PREFIX_PATH}:/home/aashvi/polygon_ws/install/polygon_pkg:/home/aashvi/ros2_ws/install/turtle_mover:/home/aashvi/ros2_ws/install/my_robot_controller:/home/aashvi/ros2_ws/install/py_pubsub:/home/aashvi/ros2_ws/install/my_package:/opt/ros/humble /usr/bin/cmake --install /home/aashvi/polygon_ws/build/turtlesim
[29.214s] -- Install configuration: ""
[29.214s] -- Execute custom install script
[29.215s] -- Symlinking: /home/aashvi/polygon_ws/install/turtlesim/share/ament_index/resource_index/rosidl_interfaces/turtlesim
[29.219s] -- Symlinking: /home/aashvi/polygon_ws/install/turtlesim/include/turtlesim/turtlesim/action/detail/rotate_absolute__functions.h
[29.222s] -- Symlinking: /home/aashvi/polygon_ws/install/turtlesim/include/turtlesim/turtlesim/action/detail/rotate_absolute__struct.h
[29.225s] -- Symlinking: /home/aashvi/polygon_ws/install/turtlesim/include/turtlesim/turtlesim/action/detail/rotate_absolute__type_support.h
[29.229s] -- Symlinking: /home/aashvi/polygon_ws/install/turtlesim/include/turtlesim/turtlesim/action/rotate_absolute.h
[29.232s] -- Symlinking: /home/aashvi/polygon_ws/install/turtlesim/include/turtlesim/turtlesim/msg/color.h
[29.235s] -- Symlinking: /home/aashvi/polygon_ws/install/turtlesim/include/turtlesim/turtlesim/msg/detail/color__functions.h
[29.238s] -- Symlinking: /home/aashvi/polygon_ws/install/turtlesim/include/turtlesim/turtlesim/msg/detail/color__struct.h
[29.241s] -- Symlinking: /home/aashvi/polygon_ws/install/turtlesim/include/turtlesim/turtlesim/msg/detail/color__type_support.h
[29.244s] -- Symlinking: /home/aashvi/polygon_ws/install/turtlesim/include/turtlesim/turtlesim/msg/detail/pose__functions.h
[29.247s] -- Symlinking: /home/aashvi/polygon_ws/install/turtlesim/include/turtlesim/turtlesim/msg/detail/pose__struct.h
[29.250s] -- Symlinking: /home/aashvi/polygon_ws/install/turtlesim/include/turtlesim/turtlesim/msg/detail/pose__type_support.h
[29.259s] -- Symlinking: /home/aashvi/polygon_ws/install/turtlesim/include/turtlesim/turtlesim/msg/pose.h
[29.262s] -- Symlinking: /home/aashvi/polygon_ws/install/turtlesim/include/turtlesim/turtlesim/msg/rosidl_generator_c__visibility_control.h
[29.265s] -- Symlinking: /home/aashvi/polygon_ws/install/turtlesim/include/turtlesim/turtlesim/srv/detail/kill__functions.h
[29.268s] -- Symlinking: /home/aashvi/polygon_ws/install/turtlesim/include/turtlesim/turtlesim/srv/detail/kill__struct.h
[29.271s] -- Symlinking: /home/aashvi/polygon_ws/install/turtlesim/include/turtlesim/turtlesim/srv/detail/kill__type_support.h
[29.274s] -- Symlinking: /home/aashvi/polygon_ws/install/turtlesim/include/turtlesim/turtlesim/srv/detail/set_pen__functions.h
[29.277s] -- Symlinking: /home/aashvi/polygon_ws/install/turtlesim/include/turtlesim/turtlesim/srv/detail/set_pen__struct.h
[29.280s] -- Symlinking: /home/aashvi/polygon_ws/install/turtlesim/include/turtlesim/turtlesim/srv/detail/set_pen__type_support.h
[29.283s] -- Symlinking: /home/aashvi/polygon_ws/install/turtlesim/include/turtlesim/turtlesim/srv/detail/spawn__functions.h
[29.286s] -- Symlinking: /home/aashvi/polygon_ws/install/turtlesim/include/turtlesim/turtlesim/srv/detail/spawn__struct.h
[29.289s] -- Symlinking: /home/aashvi/polygon_ws/install/turtlesim/include/turtlesim/turtlesim/srv/detail/spawn__type_support.h
[29.291s] -- Symlinking: /home/aashvi/polygon_ws/install/turtlesim/include/turtlesim/turtlesim/srv/detail/teleport_absolute__functions.h
[29.294s] -- Symlinking: /home/aashvi/polygon_ws/install/turtlesim/include/turtlesim/turtlesim/srv/detail/teleport_absolute__struct.h
[29.297s] -- Symlinking: /home/aashvi/polygon_ws/install/turtlesim/include/turtlesim/turtlesim/srv/detail/teleport_absolute__type_support.h
[29.300s] -- Symlinking: /home/aashvi/polygon_ws/install/turtlesim/include/turtlesim/turtlesim/srv/detail/teleport_relative__functions.h
[29.303s] -- Symlinking: /home/aashvi/polygon_ws/install/turtlesim/include/turtlesim/turtlesim/srv/detail/teleport_relative__struct.h
[29.306s] -- Symlinking: /home/aashvi/polygon_ws/install/turtlesim/include/turtlesim/turtlesim/srv/detail/teleport_relative__type_support.h
[29.309s] -- Symlinking: /home/aashvi/polygon_ws/install/turtlesim/include/turtlesim/turtlesim/srv/kill.h
[29.312s] -- Symlinking: /home/aashvi/polygon_ws/install/turtlesim/include/turtlesim/turtlesim/srv/set_pen.h
[29.314s] -- Symlinking: /home/aashvi/polygon_ws/install/turtlesim/include/turtlesim/turtlesim/srv/spawn.h
[29.318s] -- Symlinking: /home/aashvi/polygon_ws/install/turtlesim/include/turtlesim/turtlesim/srv/teleport_absolute.h
[29.321s] -- Symlinking: /home/aashvi/polygon_ws/install/turtlesim/include/turtlesim/turtlesim/srv/teleport_relative.h
[29.323s] -- Symlinking: /home/aashvi/polygon_ws/install/turtlesim/share/turtlesim/environment/library_path.sh
[29.326s] -- Symlinking: /home/aashvi/polygon_ws/install/turtlesim/share/turtlesim/environment/library_path.dsv
[29.330s] -- Symlinking: /home/aashvi/polygon_ws/install/turtlesim/include/turtlesim/turtlesim/action/detail/rotate_absolute__rosidl_typesupport_fastrtps_c.h
[29.333s] -- Symlinking: /home/aashvi/polygon_ws/install/turtlesim/include/turtlesim/turtlesim/msg/detail/color__rosidl_typesupport_fastrtps_c.h
[29.335s] -- Symlinking: /home/aashvi/polygon_ws/install/turtlesim/include/turtlesim/turtlesim/msg/detail/pose__rosidl_typesupport_fastrtps_c.h
[29.339s] -- Symlinking: /home/aashvi/polygon_ws/install/turtlesim/include/turtlesim/turtlesim/msg/rosidl_typesupport_fastrtps_c__visibility_control.h
[29.343s] -- Symlinking: /home/aashvi/polygon_ws/install/turtlesim/include/turtlesim/turtlesim/srv/detail/kill__rosidl_typesupport_fastrtps_c.h
[29.346s] -- Symlinking: /home/aashvi/polygon_ws/install/turtlesim/include/turtlesim/turtlesim/srv/detail/set_pen__rosidl_typesupport_fastrtps_c.h
[29.349s] -- Symlinking: /home/aashvi/polygon_ws/install/turtlesim/include/turtlesim/turtlesim/srv/detail/spawn__rosidl_typesupport_fastrtps_c.h
[29.352s] -- Symlinking: /home/aashvi/polygon_ws/install/turtlesim/include/turtlesim/turtlesim/srv/detail/teleport_absolute__rosidl_typesupport_fastrtps_c.h
[29.355s] -- Symlinking: /home/aashvi/polygon_ws/install/turtlesim/include/turtlesim/turtlesim/srv/detail/teleport_relative__rosidl_typesupport_fastrtps_c.h
[29.363s] -- Symlinking: /home/aashvi/polygon_ws/install/turtlesim/include/turtlesim/turtlesim/action/detail/rotate_absolute__builder.hpp
[29.366s] -- Symlinking: /home/aashvi/polygon_ws/install/turtlesim/include/turtlesim/turtlesim/action/detail/rotate_absolute__struct.hpp
[29.369s] -- Symlinking: /home/aashvi/polygon_ws/install/turtlesim/include/turtlesim/turtlesim/action/detail/rotate_absolute__traits.hpp
[29.372s] -- Symlinking: /home/aashvi/polygon_ws/install/turtlesim/include/turtlesim/turtlesim/action/detail/rotate_absolute__type_support.hpp
[29.375s] -- Symlinking: /home/aashvi/polygon_ws/install/turtlesim/include/turtlesim/turtlesim/action/rotate_absolute.hpp
[29.378s] -- Symlinking: /home/aashvi/polygon_ws/install/turtlesim/include/turtlesim/turtlesim/msg/color.hpp
[29.381s] -- Symlinking: /home/aashvi/polygon_ws/install/turtlesim/include/turtlesim/turtlesim/msg/detail/color__builder.hpp
[29.384s] -- Symlinking: /home/aashvi/polygon_ws/install/turtlesim/include/turtlesim/turtlesim/msg/detail/color__struct.hpp
[29.386s] -- Symlinking: /home/aashvi/polygon_ws/install/turtlesim/include/turtlesim/turtlesim/msg/detail/color__traits.hpp
[29.389s] -- Symlinking: /home/aashvi/polygon_ws/install/turtlesim/include/turtlesim/turtlesim/msg/detail/color__type_support.hpp
[29.393s] -- Symlinking: /home/aashvi/polygon_ws/install/turtlesim/include/turtlesim/turtlesim/msg/detail/pose__builder.hpp
[29.395s] -- Symlinking: /home/aashvi/polygon_ws/install/turtlesim/include/turtlesim/turtlesim/msg/detail/pose__struct.hpp
[29.398s] -- Symlinking: /home/aashvi/polygon_ws/install/turtlesim/include/turtlesim/turtlesim/msg/detail/pose__traits.hpp
[29.401s] -- Symlinking: /home/aashvi/polygon_ws/install/turtlesim/include/turtlesim/turtlesim/msg/detail/pose__type_support.hpp
[29.404s] -- Symlinking: /home/aashvi/polygon_ws/install/turtlesim/include/turtlesim/turtlesim/msg/pose.hpp
[29.407s] -- Symlinking: /home/aashvi/polygon_ws/install/turtlesim/include/turtlesim/turtlesim/msg/rosidl_generator_cpp__visibility_control.hpp
[29.410s] -- Symlinking: /home/aashvi/polygon_ws/install/turtlesim/include/turtlesim/turtlesim/srv/detail/kill__builder.hpp
[29.412s] -- Symlinking: /home/aashvi/polygon_ws/install/turtlesim/include/turtlesim/turtlesim/srv/detail/kill__struct.hpp
[29.415s] -- Symlinking: /home/aashvi/polygon_ws/install/turtlesim/include/turtlesim/turtlesim/srv/detail/kill__traits.hpp
[29.418s] -- Symlinking: /home/aashvi/polygon_ws/install/turtlesim/include/turtlesim/turtlesim/srv/detail/kill__type_support.hpp
[29.421s] -- Symlinking: /home/aashvi/polygon_ws/install/turtlesim/include/turtlesim/turtlesim/srv/detail/set_pen__builder.hpp
[29.424s] -- Symlinking: /home/aashvi/polygon_ws/install/turtlesim/include/turtlesim/turtlesim/srv/detail/set_pen__struct.hpp
[29.427s] -- Symlinking: /home/aashvi/polygon_ws/install/turtlesim/include/turtlesim/turtlesim/srv/detail/set_pen__traits.hpp
[29.430s] -- Symlinking: /home/aashvi/polygon_ws/install/turtlesim/include/turtlesim/turtlesim/srv/detail/set_pen__type_support.hpp
[29.433s] -- Symlinking: /home/aashvi/polygon_ws/install/turtlesim/include/turtlesim/turtlesim/srv/detail/spawn__builder.hpp
[29.435s] -- Symlinking: /home/aashvi/polygon_ws/install/turtlesim/include/turtlesim/turtlesim/srv/detail/spawn__struct.hpp
[29.438s] -- Symlinking: /home/aashvi/polygon_ws/install/turtlesim/include/turtlesim/turtlesim/srv/detail/spawn__traits.hpp
[29.441s] -- Symlinking: /home/aashvi/polygon_ws/install/turtlesim/include/turtlesim/turtlesim/srv/detail/spawn__type_support.hpp
[29.444s] -- Symlinking: /home/aashvi/polygon_ws/install/turtlesim/include/turtlesim/turtlesim/srv/detail/teleport_absolute__builder.hpp
[29.454s] -- Symlinking: /home/aashvi/polygon_ws/install/turtlesim/include/turtlesim/turtlesim/srv/detail/teleport_absolute__struct.hpp
[29.457s] -- Symlinking: /home/aashvi/polygon_ws/install/turtlesim/include/turtlesim/turtlesim/srv/detail/teleport_absolute__traits.hpp
[29.460s] -- Symlinking: /home/aashvi/polygon_ws/install/turtlesim/include/turtlesim/turtlesim/srv/detail/teleport_absolute__type_support.hpp
[29.463s] -- Symlinking: /home/aashvi/polygon_ws/install/turtlesim/include/turtlesim/turtlesim/srv/detail/teleport_relative__builder.hpp
[29.466s] -- Symlinking: /home/aashvi/polygon_ws/install/turtlesim/include/turtlesim/turtlesim/srv/detail/teleport_relative__struct.hpp
[29.469s] -- Symlinking: /home/aashvi/polygon_ws/install/turtlesim/include/turtlesim/turtlesim/srv/detail/teleport_relative__traits.hpp
[29.472s] -- Symlinking: /home/aashvi/polygon_ws/install/turtlesim/include/turtlesim/turtlesim/srv/detail/teleport_relative__type_support.hpp
[29.475s] -- Symlinking: /home/aashvi/polygon_ws/install/turtlesim/include/turtlesim/turtlesim/srv/kill.hpp
[29.478s] -- Symlinking: /home/aashvi/polygon_ws/install/turtlesim/include/turtlesim/turtlesim/srv/set_pen.hpp
[29.481s] -- Symlinking: /home/aashvi/polygon_ws/install/turtlesim/include/turtlesim/turtlesim/srv/spawn.hpp
[29.484s] -- Symlinking: /home/aashvi/polygon_ws/install/turtlesim/include/turtlesim/turtlesim/srv/teleport_absolute.hpp
[29.487s] -- Symlinking: /home/aashvi/polygon_ws/install/turtlesim/include/turtlesim/turtlesim/srv/teleport_relative.hpp
[29.490s] -- Symlinking: /home/aashvi/polygon_ws/install/turtlesim/include/turtlesim/turtlesim/action/detail/rotate_absolute__rosidl_typesupport_fastrtps_cpp.hpp
[29.493s] -- Symlinking: /home/aashvi/polygon_ws/install/turtlesim/include/turtlesim/turtlesim/msg/detail/color__rosidl_typesupport_fastrtps_cpp.hpp
[29.496s] -- Symlinking: /home/aashvi/polygon_ws/install/turtlesim/include/turtlesim/turtlesim/msg/detail/pose__rosidl_typesupport_fastrtps_cpp.hpp
[29.499s] -- Symlinking: /home/aashvi/polygon_ws/install/turtlesim/include/turtlesim/turtlesim/msg/rosidl_typesupport_fastrtps_cpp__visibility_control.h
[29.502s] -- Symlinking: /home/aashvi/polygon_ws/install/turtlesim/include/turtlesim/turtlesim/srv/detail/kill__rosidl_typesupport_fastrtps_cpp.hpp
[29.505s] -- Symlinking: /home/aashvi/polygon_ws/install/turtlesim/include/turtlesim/turtlesim/srv/detail/set_pen__rosidl_typesupport_fastrtps_cpp.hpp
[29.508s] -- Symlinking: /home/aashvi/polygon_ws/install/turtlesim/include/turtlesim/turtlesim/srv/detail/spawn__rosidl_typesupport_fastrtps_cpp.hpp
[29.511s] -- Symlinking: /home/aashvi/polygon_ws/install/turtlesim/include/turtlesim/turtlesim/srv/detail/teleport_absolute__rosidl_typesupport_fastrtps_cpp.hpp
[29.514s] -- Symlinking: /home/aashvi/polygon_ws/install/turtlesim/include/turtlesim/turtlesim/srv/detail/teleport_relative__rosidl_typesupport_fastrtps_cpp.hpp
[29.517s] -- Symlinking: /home/aashvi/polygon_ws/install/turtlesim/include/turtlesim/turtlesim/action/detail/rotate_absolute__rosidl_typesupport_introspection_c.h
[29.520s] -- Symlinking: /home/aashvi/polygon_ws/install/turtlesim/include/turtlesim/turtlesim/msg/detail/color__rosidl_typesupport_introspection_c.h
[29.523s] -- Symlinking: /home/aashvi/polygon_ws/install/turtlesim/include/turtlesim/turtlesim/msg/detail/pose__rosidl_typesupport_introspection_c.h
[29.525s] -- Symlinking: /home/aashvi/polygon_ws/install/turtlesim/include/turtlesim/turtlesim/msg/rosidl_typesupport_introspection_c__visibility_control.h
[29.529s] -- Symlinking: /home/aashvi/polygon_ws/install/turtlesim/include/turtlesim/turtlesim/srv/detail/kill__rosidl_typesupport_introspection_c.h
[29.531s] -- Symlinking: /home/aashvi/polygon_ws/install/turtlesim/include/turtlesim/turtlesim/srv/detail/set_pen__rosidl_typesupport_introspection_c.h
[29.534s] -- Symlinking: /home/aashvi/polygon_ws/install/turtlesim/include/turtlesim/turtlesim/srv/detail/spawn__rosidl_typesupport_introspection_c.h
[29.537s] -- Symlinking: /home/aashvi/polygon_ws/install/turtlesim/include/turtlesim/turtlesim/srv/detail/teleport_absolute__rosidl_typesupport_introspection_c.h
[29.540s] -- Symlinking: /home/aashvi/polygon_ws/install/turtlesim/include/turtlesim/turtlesim/srv/detail/teleport_relative__rosidl_typesupport_introspection_c.h
[29.543s] -- Symlinking: /home/aashvi/polygon_ws/install/turtlesim/include/turtlesim/turtlesim/action/detail/rotate_absolute__rosidl_typesupport_introspection_cpp.hpp
[29.547s] -- Symlinking: /home/aashvi/polygon_ws/install/turtlesim/include/turtlesim/turtlesim/msg/detail/color__rosidl_typesupport_introspection_cpp.hpp
[29.550s] -- Symlinking: /home/aashvi/polygon_ws/install/turtlesim/include/turtlesim/turtlesim/msg/detail/pose__rosidl_typesupport_introspection_cpp.hpp
[29.558s] -- Symlinking: /home/aashvi/polygon_ws/install/turtlesim/include/turtlesim/turtlesim/srv/detail/kill__rosidl_typesupport_introspection_cpp.hpp
[29.562s] -- Symlinking: /home/aashvi/polygon_ws/install/turtlesim/include/turtlesim/turtlesim/srv/detail/set_pen__rosidl_typesupport_introspection_cpp.hpp
[29.565s] -- Symlinking: /home/aashvi/polygon_ws/install/turtlesim/include/turtlesim/turtlesim/srv/detail/spawn__rosidl_typesupport_introspection_cpp.hpp
[29.568s] -- Symlinking: /home/aashvi/polygon_ws/install/turtlesim/include/turtlesim/turtlesim/srv/detail/teleport_absolute__rosidl_typesupport_introspection_cpp.hpp
[29.571s] -- Symlinking: /home/aashvi/polygon_ws/install/turtlesim/include/turtlesim/turtlesim/srv/detail/teleport_relative__rosidl_typesupport_introspection_cpp.hpp
[29.574s] -- Symlinking: /home/aashvi/polygon_ws/install/turtlesim/share/turtlesim/environment/pythonpath.sh
[29.577s] -- Symlinking: /home/aashvi/polygon_ws/install/turtlesim/share/turtlesim/environment/pythonpath.dsv
[29.580s] -- Symlinking: /home/aashvi/polygon_ws/install/turtlesim/local/lib/python3.10/dist-packages/turtlesim-1.4.2-py3.10.egg-info/PKG-INFO
[29.583s] -- Symlinking: /home/aashvi/polygon_ws/install/turtlesim/local/lib/python3.10/dist-packages/turtlesim-1.4.2-py3.10.egg-info/SOURCES.txt
[29.586s] -- Symlinking: /home/aashvi/polygon_ws/install/turtlesim/local/lib/python3.10/dist-packages/turtlesim-1.4.2-py3.10.egg-info/dependency_links.txt
[29.589s] -- Symlinking: /home/aashvi/polygon_ws/install/turtlesim/local/lib/python3.10/dist-packages/turtlesim-1.4.2-py3.10.egg-info/top_level.txt
[29.592s] -- Symlinking: /home/aashvi/polygon_ws/install/turtlesim/local/lib/python3.10/dist-packages/turtlesim/__init__.py
[29.595s] -- Symlinking: /home/aashvi/polygon_ws/install/turtlesim/local/lib/python3.10/dist-packages/turtlesim/_turtlesim_s.ep.rosidl_typesupport_c.c
[29.598s] -- Symlinking: /home/aashvi/polygon_ws/install/turtlesim/local/lib/python3.10/dist-packages/turtlesim/_turtlesim_s.ep.rosidl_typesupport_fastrtps_c.c
[29.601s] -- Symlinking: /home/aashvi/polygon_ws/install/turtlesim/local/lib/python3.10/dist-packages/turtlesim/_turtlesim_s.ep.rosidl_typesupport_introspection_c.c
[29.604s] -- Symlinking: /home/aashvi/polygon_ws/install/turtlesim/local/lib/python3.10/dist-packages/turtlesim/action/__init__.py
[29.607s] -- Symlinking: /home/aashvi/polygon_ws/install/turtlesim/local/lib/python3.10/dist-packages/turtlesim/action/_rotate_absolute.py
[29.611s] -- Symlinking: /home/aashvi/polygon_ws/install/turtlesim/local/lib/python3.10/dist-packages/turtlesim/action/_rotate_absolute_s.c
[29.615s] -- Symlinking: /home/aashvi/polygon_ws/install/turtlesim/local/lib/python3.10/dist-packages/turtlesim/libturtlesim__rosidl_generator_py.so
[29.618s] -- Symlinking: /home/aashvi/polygon_ws/install/turtlesim/local/lib/python3.10/dist-packages/turtlesim/msg/__init__.py
[29.621s] -- Symlinking: /home/aashvi/polygon_ws/install/turtlesim/local/lib/python3.10/dist-packages/turtlesim/msg/_color.py
[29.624s] -- Symlinking: /home/aashvi/polygon_ws/install/turtlesim/local/lib/python3.10/dist-packages/turtlesim/msg/_color_s.c
[29.627s] -- Symlinking: /home/aashvi/polygon_ws/install/turtlesim/local/lib/python3.10/dist-packages/turtlesim/msg/_pose.py
[29.630s] -- Symlinking: /home/aashvi/polygon_ws/install/turtlesim/local/lib/python3.10/dist-packages/turtlesim/msg/_pose_s.c
[29.633s] -- Symlinking: /home/aashvi/polygon_ws/install/turtlesim/local/lib/python3.10/dist-packages/turtlesim/srv/__init__.py
[29.636s] -- Symlinking: /home/aashvi/polygon_ws/install/turtlesim/local/lib/python3.10/dist-packages/turtlesim/srv/_kill.py
[29.640s] -- Symlinking: /home/aashvi/polygon_ws/install/turtlesim/local/lib/python3.10/dist-packages/turtlesim/srv/_kill_s.c
[29.643s] -- Symlinking: /home/aashvi/polygon_ws/install/turtlesim/local/lib/python3.10/dist-packages/turtlesim/srv/_set_pen.py
[29.646s] -- Symlinking: /home/aashvi/polygon_ws/install/turtlesim/local/lib/python3.10/dist-packages/turtlesim/srv/_set_pen_s.c
[29.649s] -- Symlinking: /home/aashvi/polygon_ws/install/turtlesim/local/lib/python3.10/dist-packages/turtlesim/srv/_spawn.py
[29.653s] -- Symlinking: /home/aashvi/polygon_ws/install/turtlesim/local/lib/python3.10/dist-packages/turtlesim/srv/_spawn_s.c
[29.663s] -- Symlinking: /home/aashvi/polygon_ws/install/turtlesim/local/lib/python3.10/dist-packages/turtlesim/srv/_teleport_absolute.py
[29.667s] -- Symlinking: /home/aashvi/polygon_ws/install/turtlesim/local/lib/python3.10/dist-packages/turtlesim/srv/_teleport_absolute_s.c
[29.670s] -- Symlinking: /home/aashvi/polygon_ws/install/turtlesim/local/lib/python3.10/dist-packages/turtlesim/srv/_teleport_relative.py
[29.673s] -- Symlinking: /home/aashvi/polygon_ws/install/turtlesim/local/lib/python3.10/dist-packages/turtlesim/srv/_teleport_relative_s.c
[29.676s] -- Symlinking: /home/aashvi/polygon_ws/install/turtlesim/local/lib/python3.10/dist-packages/turtlesim/turtlesim_s__rosidl_typesupport_c.cpython-310-aarch64-linux-gnu.so
[29.679s] -- Symlinking: /home/aashvi/polygon_ws/install/turtlesim/local/lib/python3.10/dist-packages/turtlesim/turtlesim_s__rosidl_typesupport_fastrtps_c.cpython-310-aarch64-linux-gnu.so
[29.682s] -- Symlinking: /home/aashvi/polygon_ws/install/turtlesim/local/lib/python3.10/dist-packages/turtlesim/turtlesim_s__rosidl_typesupport_introspection_c.cpython-310-aarch64-linux-gnu.so
[29.685s] -- Up-to-date symlink: /home/aashvi/polygon_ws/install/turtlesim/local/lib/python3.10/dist-packages/turtlesim/turtlesim_s__rosidl_typesupport_fastrtps_c.cpython-310-aarch64-linux-gnu.so
[29.686s] -- Up-to-date symlink: /home/aashvi/polygon_ws/install/turtlesim/local/lib/python3.10/dist-packages/turtlesim/turtlesim_s__rosidl_typesupport_introspection_c.cpython-310-aarch64-linux-gnu.so
[29.686s] -- Up-to-date symlink: /home/aashvi/polygon_ws/install/turtlesim/local/lib/python3.10/dist-packages/turtlesim/turtlesim_s__rosidl_typesupport_c.cpython-310-aarch64-linux-gnu.so
[29.686s] -- Symlinking: /home/aashvi/polygon_ws/install/turtlesim/share/turtlesim/action/RotateAbsolute.idl
[29.689s] -- Symlinking: /home/aashvi/polygon_ws/install/turtlesim/share/turtlesim/msg/Color.idl
[29.692s] -- Symlinking: /home/aashvi/polygon_ws/install/turtlesim/share/turtlesim/msg/Pose.idl
[29.695s] -- Symlinking: /home/aashvi/polygon_ws/install/turtlesim/share/turtlesim/srv/Kill.idl
[29.698s] -- Symlinking: /home/aashvi/polygon_ws/install/turtlesim/share/turtlesim/srv/SetPen.idl
[29.701s] -- Symlinking: /home/aashvi/polygon_ws/install/turtlesim/share/turtlesim/srv/Spawn.idl
[29.703s] -- Symlinking: /home/aashvi/polygon_ws/install/turtlesim/share/turtlesim/srv/TeleportAbsolute.idl
[29.706s] -- Symlinking: /home/aashvi/polygon_ws/install/turtlesim/share/turtlesim/srv/TeleportRelative.idl
[29.709s] -- Symlinking: /home/aashvi/polygon_ws/install/turtlesim/share/turtlesim/action/RotateAbsolute.action
[29.712s] -- Symlinking: /home/aashvi/polygon_ws/install/turtlesim/share/turtlesim/msg/Color.msg
[29.715s] -- Symlinking: /home/aashvi/polygon_ws/install/turtlesim/share/turtlesim/msg/Pose.msg
[29.718s] -- Symlinking: /home/aashvi/polygon_ws/install/turtlesim/share/turtlesim/srv/Kill.srv
[29.721s] -- Symlinking: /home/aashvi/polygon_ws/install/turtlesim/share/turtlesim/srv/Kill_Request.msg
[29.724s] -- Symlinking: /home/aashvi/polygon_ws/install/turtlesim/share/turtlesim/srv/Kill_Response.msg
[29.727s] -- Symlinking: /home/aashvi/polygon_ws/install/turtlesim/share/turtlesim/srv/SetPen.srv
[29.730s] -- Symlinking: /home/aashvi/polygon_ws/install/turtlesim/share/turtlesim/srv/SetPen_Request.msg
[29.733s] -- Symlinking: /home/aashvi/polygon_ws/install/turtlesim/share/turtlesim/srv/SetPen_Response.msg
[29.736s] -- Symlinking: /home/aashvi/polygon_ws/install/turtlesim/share/turtlesim/srv/Spawn.srv
[29.738s] -- Symlinking: /home/aashvi/polygon_ws/install/turtlesim/share/turtlesim/srv/Spawn_Request.msg
[29.741s] -- Symlinking: /home/aashvi/polygon_ws/install/turtlesim/share/turtlesim/srv/Spawn_Response.msg
[29.744s] -- Symlinking: /home/aashvi/polygon_ws/install/turtlesim/share/turtlesim/srv/TeleportAbsolute.srv
[29.753s] -- Symlinking: /home/aashvi/polygon_ws/install/turtlesim/share/turtlesim/srv/TeleportAbsolute_Request.msg
[29.757s] -- Symlinking: /home/aashvi/polygon_ws/install/turtlesim/share/turtlesim/srv/TeleportAbsolute_Response.msg
[29.760s] -- Symlinking: /home/aashvi/polygon_ws/install/turtlesim/share/turtlesim/srv/TeleportRelative.srv
[29.763s] -- Symlinking: /home/aashvi/polygon_ws/install/turtlesim/share/turtlesim/srv/TeleportRelative_Request.msg
[29.766s] -- Symlinking: /home/aashvi/polygon_ws/install/turtlesim/share/turtlesim/srv/TeleportRelative_Response.msg
[29.769s] -- Symlinking: /home/aashvi/polygon_ws/install/turtlesim/lib/turtlesim/turtlesim_node
[29.772s] -- Symlinking: /home/aashvi/polygon_ws/install/turtlesim/lib/turtlesim/turtle_teleop_key
[29.775s] -- Symlinking: /home/aashvi/polygon_ws/install/turtlesim/lib/turtlesim/draw_square
[29.778s] -- Symlinking: /home/aashvi/polygon_ws/install/turtlesim/lib/turtlesim/mimic
[29.782s] -- Symlinking: /home/aashvi/polygon_ws/install/turtlesim/share/turtlesim/launch/multisim.launch.py
[29.785s] -- Symlinking: /home/aashvi/polygon_ws/install/turtlesim/share/ament_index/resource_index/package_run_dependencies/turtlesim
[29.788s] -- Symlinking: /home/aashvi/polygon_ws/install/turtlesim/share/ament_index/resource_index/parent_prefix_path/turtlesim
[29.791s] -- Symlinking: /home/aashvi/polygon_ws/install/turtlesim/share/turtlesim/environment/ament_prefix_path.sh
[29.794s] -- Symlinking: /home/aashvi/polygon_ws/install/turtlesim/share/turtlesim/environment/ament_prefix_path.dsv
[29.797s] -- Symlinking: /home/aashvi/polygon_ws/install/turtlesim/share/turtlesim/environment/path.sh
[29.800s] -- Symlinking: /home/aashvi/polygon_ws/install/turtlesim/share/turtlesim/environment/path.dsv
[29.803s] -- Symlinking: /home/aashvi/polygon_ws/install/turtlesim/share/turtlesim/local_setup.bash
[29.806s] -- Symlinking: /home/aashvi/polygon_ws/install/turtlesim/share/turtlesim/local_setup.sh
[29.809s] -- Symlinking: /home/aashvi/polygon_ws/install/turtlesim/share/turtlesim/local_setup.zsh
[29.811s] -- Symlinking: /home/aashvi/polygon_ws/install/turtlesim/share/turtlesim/local_setup.dsv
[29.814s] -- Symlinking: /home/aashvi/polygon_ws/install/turtlesim/share/turtlesim/package.dsv
[29.817s] -- Symlinking: /home/aashvi/polygon_ws/install/turtlesim/share/ament_index/resource_index/packages/turtlesim
[29.821s] -- Symlinking: /home/aashvi/polygon_ws/install/turtlesim/share/turtlesim/cmake/rosidl_cmake-extras.cmake
[29.823s] -- Symlinking: /home/aashvi/polygon_ws/install/turtlesim/share/turtlesim/cmake/ament_cmake_export_dependencies-extras.cmake
[29.826s] -- Symlinking: /home/aashvi/polygon_ws/install/turtlesim/share/turtlesim/cmake/ament_cmake_export_include_directories-extras.cmake
[29.829s] -- Symlinking: /home/aashvi/polygon_ws/install/turtlesim/share/turtlesim/cmake/ament_cmake_export_libraries-extras.cmake
[29.832s] -- Symlinking: /home/aashvi/polygon_ws/install/turtlesim/share/turtlesim/cmake/ament_cmake_export_targets-extras.cmake
[29.835s] -- Symlinking: /home/aashvi/polygon_ws/install/turtlesim/share/turtlesim/cmake/rosidl_cmake_export_typesupport_targets-extras.cmake
[29.838s] -- Symlinking: /home/aashvi/polygon_ws/install/turtlesim/share/turtlesim/cmake/rosidl_cmake_export_typesupport_libraries-extras.cmake
[29.841s] -- Symlinking: /home/aashvi/polygon_ws/install/turtlesim/share/turtlesim/cmake/turtlesimConfig.cmake
[29.844s] -- Symlinking: /home/aashvi/polygon_ws/install/turtlesim/share/turtlesim/cmake/turtlesimConfig-version.cmake
[29.847s] -- Symlinking: /home/aashvi/polygon_ws/install/turtlesim/share/turtlesim/package.xml
[29.850s] -- Installing: /home/aashvi/polygon_ws/install/turtlesim/lib/libturtlesim__rosidl_generator_c.so
[29.850s] -- Set runtime path of "/home/aashvi/polygon_ws/install/turtlesim/lib/libturtlesim__rosidl_generator_c.so" to ""
[29.850s] -- Installing: /home/aashvi/polygon_ws/install/turtlesim/lib/libturtlesim__rosidl_typesupport_fastrtps_c.so
[29.851s] -- Set runtime path of "/home/aashvi/polygon_ws/install/turtlesim/lib/libturtlesim__rosidl_typesupport_fastrtps_c.so" to ""
[29.851s] -- Installing: /home/aashvi/polygon_ws/install/turtlesim/lib/libturtlesim__rosidl_typesupport_fastrtps_cpp.so
[29.858s] -- Set runtime path of "/home/aashvi/polygon_ws/install/turtlesim/lib/libturtlesim__rosidl_typesupport_fastrtps_cpp.so" to ""
[29.858s] -- Installing: /home/aashvi/polygon_ws/install/turtlesim/lib/libturtlesim__rosidl_typesupport_introspection_c.so
[29.858s] -- Set runtime path of "/home/aashvi/polygon_ws/install/turtlesim/lib/libturtlesim__rosidl_typesupport_introspection_c.so" to ""
[29.858s] -- Installing: /home/aashvi/polygon_ws/install/turtlesim/lib/libturtlesim__rosidl_typesupport_c.so
[29.859s] -- Set runtime path of "/home/aashvi/polygon_ws/install/turtlesim/lib/libturtlesim__rosidl_typesupport_c.so" to ""
[29.859s] -- Installing: /home/aashvi/polygon_ws/install/turtlesim/lib/libturtlesim__rosidl_typesupport_introspection_cpp.so
[29.859s] -- Set runtime path of "/home/aashvi/polygon_ws/install/turtlesim/lib/libturtlesim__rosidl_typesupport_introspection_cpp.so" to ""
[29.859s] -- Installing: /home/aashvi/polygon_ws/install/turtlesim/lib/libturtlesim__rosidl_typesupport_cpp.so
[29.859s] -- Set runtime path of "/home/aashvi/polygon_ws/install/turtlesim/lib/libturtlesim__rosidl_typesupport_cpp.so" to ""
[29.887s] Listing '/home/aashvi/polygon_ws/install/turtlesim/local/lib/python3.10/dist-packages/turtlesim'...
[29.887s] Compiling '/home/aashvi/polygon_ws/install/turtlesim/local/lib/python3.10/dist-packages/turtlesim/__init__.py'...
[29.887s] Listing '/home/aashvi/polygon_ws/install/turtlesim/local/lib/python3.10/dist-packages/turtlesim/action'...
[29.887s] Compiling '/home/aashvi/polygon_ws/install/turtlesim/local/lib/python3.10/dist-packages/turtlesim/action/__init__.py'...
[29.887s] Compiling '/home/aashvi/polygon_ws/install/turtlesim/local/lib/python3.10/dist-packages/turtlesim/action/_rotate_absolute.py'...
[29.887s] Listing '/home/aashvi/polygon_ws/install/turtlesim/local/lib/python3.10/dist-packages/turtlesim/msg'...
[29.887s] Compiling '/home/aashvi/polygon_ws/install/turtlesim/local/lib/python3.10/dist-packages/turtlesim/msg/__init__.py'...
[29.887s] Compiling '/home/aashvi/polygon_ws/install/turtlesim/local/lib/python3.10/dist-packages/turtlesim/msg/_color.py'...
[29.887s] Compiling '/home/aashvi/polygon_ws/install/turtlesim/local/lib/python3.10/dist-packages/turtlesim/msg/_pose.py'...
[29.887s] Listing '/home/aashvi/polygon_ws/install/turtlesim/local/lib/python3.10/dist-packages/turtlesim/srv'...
[29.887s] Compiling '/home/aashvi/polygon_ws/install/turtlesim/local/lib/python3.10/dist-packages/turtlesim/srv/__init__.py'...
[29.887s] Compiling '/home/aashvi/polygon_ws/install/turtlesim/local/lib/python3.10/dist-packages/turtlesim/srv/_kill.py'...
[29.887s] Compiling '/home/aashvi/polygon_ws/install/turtlesim/local/lib/python3.10/dist-packages/turtlesim/srv/_set_pen.py'...
[29.888s] Compiling '/home/aashvi/polygon_ws/install/turtlesim/local/lib/python3.10/dist-packages/turtlesim/srv/_spawn.py'...
[29.888s] Compiling '/home/aashvi/polygon_ws/install/turtlesim/local/lib/python3.10/dist-packages/turtlesim/srv/_teleport_absolute.py'...
[29.888s] Compiling '/home/aashvi/polygon_ws/install/turtlesim/local/lib/python3.10/dist-packages/turtlesim/srv/_teleport_relative.py'...
[29.890s] -- Installing: /home/aashvi/polygon_ws/install/turtlesim/lib/libturtlesim__rosidl_generator_py.so
[29.890s] -- Set runtime path of "/home/aashvi/polygon_ws/install/turtlesim/lib/libturtlesim__rosidl_generator_py.so" to ""
[29.890s] -- Installing: /home/aashvi/polygon_ws/install/turtlesim/share/turtlesim/images
[29.891s] -- Installing: /home/aashvi/polygon_ws/install/turtlesim/share/turtlesim/images/dashing.png
[29.892s] -- Installing: /home/aashvi/polygon_ws/install/turtlesim/share/turtlesim/images/ardent.png
[29.892s] -- Installing: /home/aashvi/polygon_ws/install/turtlesim/share/turtlesim/images/rolling.png
[29.892s] -- Installing: /home/aashvi/polygon_ws/install/turtlesim/share/turtlesim/images/crystal.png
[29.893s] -- Installing: /home/aashvi/polygon_ws/install/turtlesim/share/turtlesim/images/galactic.png
[29.893s] -- Installing: /home/aashvi/polygon_ws/install/turtlesim/share/turtlesim/images/humble.png
[29.893s] -- Installing: /home/aashvi/polygon_ws/install/turtlesim/share/turtlesim/images/foxy.png
[29.893s] -- Installing: /home/aashvi/polygon_ws/install/turtlesim/share/turtlesim/images/bouncy.png
[29.894s] -- Installing: /home/aashvi/polygon_ws/install/turtlesim/share/turtlesim/images/eloquent.png
[29.894s] -- Installing: /home/aashvi/polygon_ws/install/turtlesim/share/turtlesim/cmake/export_turtlesim__rosidl_generator_cExport.cmake
[29.894s] -- Installing: /home/aashvi/polygon_ws/install/turtlesim/share/turtlesim/cmake/export_turtlesim__rosidl_generator_cExport-noconfig.cmake
[29.894s] -- Installing: /home/aashvi/polygon_ws/install/turtlesim/share/turtlesim/cmake/export_turtlesim__rosidl_typesupport_fastrtps_cExport.cmake
[29.894s] -- Installing: /home/aashvi/polygon_ws/install/turtlesim/share/turtlesim/cmake/export_turtlesim__rosidl_typesupport_fastrtps_cExport-noconfig.cmake
[29.894s] -- Installing: /home/aashvi/polygon_ws/install/turtlesim/share/turtlesim/cmake/export_turtlesim__rosidl_generator_cppExport.cmake
[29.894s] -- Installing: /home/aashvi/polygon_ws/install/turtlesim/share/turtlesim/cmake/export_turtlesim__rosidl_typesupport_fastrtps_cppExport.cmake
[29.894s] -- Installing: /home/aashvi/polygon_ws/install/turtlesim/share/turtlesim/cmake/export_turtlesim__rosidl_typesupport_fastrtps_cppExport-noconfig.cmake
[29.895s] -- Installing: /home/aashvi/polygon_ws/install/turtlesim/share/turtlesim/cmake/turtlesim__rosidl_typesupport_introspection_cExport.cmake
[29.895s] -- Installing: /home/aashvi/polygon_ws/install/turtlesim/share/turtlesim/cmake/turtlesim__rosidl_typesupport_introspection_cExport-noconfig.cmake
[29.895s] -- Installing: /home/aashvi/polygon_ws/install/turtlesim/share/turtlesim/cmake/turtlesim__rosidl_typesupport_cExport.cmake
[29.895s] -- Installing: /home/aashvi/polygon_ws/install/turtlesim/share/turtlesim/cmake/turtlesim__rosidl_typesupport_cExport-noconfig.cmake
[29.895s] -- Installing: /home/aashvi/polygon_ws/install/turtlesim/share/turtlesim/cmake/turtlesim__rosidl_typesupport_introspection_cppExport.cmake
[29.895s] -- Installing: /home/aashvi/polygon_ws/install/turtlesim/share/turtlesim/cmake/turtlesim__rosidl_typesupport_introspection_cppExport-noconfig.cmake
[29.895s] -- Installing: /home/aashvi/polygon_ws/install/turtlesim/share/turtlesim/cmake/turtlesim__rosidl_typesupport_cppExport.cmake
[29.895s] -- Installing: /home/aashvi/polygon_ws/install/turtlesim/share/turtlesim/cmake/turtlesim__rosidl_typesupport_cppExport-noconfig.cmake
[29.895s] -- Installing: /home/aashvi/polygon_ws/install/turtlesim/share/turtlesim/cmake/export_turtlesim__rosidl_generator_pyExport.cmake
[29.895s] -- Installing: /home/aashvi/polygon_ws/install/turtlesim/share/turtlesim/cmake/export_turtlesim__rosidl_generator_pyExport-noconfig.cmake
[29.897s] Invoked command in '/home/aashvi/polygon_ws/build/turtlesim' returned '0': CMAKE_PREFIX_PATH=${CMAKE_PREFIX_PATH}:/home/aashvi/polygon_ws/install/polygon_pkg:/home/aashvi/ros2_ws/install/turtle_mover:/home/aashvi/ros2_ws/install/my_robot_controller:/home/aashvi/ros2_ws/install/py_pubsub:/home/aashvi/ros2_ws/install/my_package:/opt/ros/humble /usr/bin/cmake --install /home/aashvi/polygon_ws/build/turtlesim
