[0.006s] Invoking command in '/home/aashvi/service_ws/build/turtlesim': CMAKE_PREFIX_PATH=${CMAKE_PREFIX_PATH}:/home/aashvi/ros2_ws/src/install/py_pubsub:/home/aashvi/ros2_ws/install/py_pubsub:/home/aashvi/ros2_ws/install/turtle_mover:/home/aashvi/ros2_ws/install/my_robot_controller:/home/aashvi/ros2_ws/install/my_package:/home/aashvi/ros2_ws/install/launch_testing_examples:/home/aashvi/ros2_ws/install/examples_rclpy_pointcloud_publisher:/home/aashvi/ros2_ws/install/examples_rclpy_minimal_subscriber:/home/aashvi/ros2_ws/install/examples_rclpy_minimal_service:/home/aashvi/ros2_ws/install/examples_rclpy_minimal_publisher:/home/aashvi/ros2_ws/install/examples_rclpy_minimal_client:/home/aashvi/ros2_ws/install/examples_rclpy_minimal_action_server:/home/aashvi/ros2_ws/install/examples_rclpy_minimal_action_client:/home/aashvi/ros2_ws/install/examples_rclpy_guard_conditions:/home/aashvi/ros2_ws/install/examples_rclpy_executors:/home/aashvi/ros2_ws/src/install/turtle_mover:/opt/ros/humble /usr/bin/cmake /home/aashvi/service_ws/src/ros_tutorials/turtlesim -DCMAKE_INSTALL_PREFIX=/home/aashvi/service_ws/install/turtlesim
[0.103s] -- The C compiler identification is GNU 11.4.0
[0.187s] -- The CXX compiler identification is GNU 11.4.0
[0.192s] -- Detecting C compiler ABI info
[0.231s] -- Detecting C compiler ABI info - done
[0.234s] -- Check for working C compiler: /usr/bin/cc - skipped
[0.235s] -- Detecting C compile features
[0.236s] -- Detecting C compile features - done
[0.250s] -- Detecting CXX compiler ABI info
[0.294s] -- Detecting CXX compiler ABI info - done
[0.298s] -- Check for working CXX compiler: /usr/bin/c++ - skipped
[0.298s] -- Detecting CXX compile features
[0.298s] -- Detecting CXX compile features - done
[0.302s] -- Found ament_cmake: 1.3.11 (/opt/ros/humble/share/ament_cmake/cmake)
[0.414s] -- Found Python3: /usr/bin/python3 (found version "3.10.12") found components: Interpreter 
[0.497s] -- Found ament_index_cpp: 1.4.0 (/opt/ros/humble/share/ament_index_cpp/cmake)
[0.499s] -- Found geometry_msgs: 4.2.4 (/opt/ros/humble/share/geometry_msgs/cmake)
[0.532s] -- Found rosidl_generator_c: 3.1.6 (/opt/ros/humble/share/rosidl_generator_c/cmake)
[0.537s] -- Found rosidl_adapter: 3.1.6 (/opt/ros/humble/share/rosidl_adapter/cmake)
[0.556s] -- Found rosidl_generator_cpp: 3.1.6 (/opt/ros/humble/share/rosidl_generator_cpp/cmake)
[0.566s] -- Using all available rosidl_typesupport_c: rosidl_typesupport_fastrtps_c;rosidl_typesupport_introspection_c
[0.578s] -- Using all available rosidl_typesupport_cpp: rosidl_typesupport_fastrtps_cpp;rosidl_typesupport_introspection_cpp
[0.613s] -- Found rclcpp: 16.0.11 (/opt/ros/humble/share/rclcpp/cmake)
[0.642s] -- Found rmw_implementation_cmake: 6.1.2 (/opt/ros/humble/share/rmw_implementation_cmake/cmake)
[0.645s] -- Found rmw_fastrtps_cpp: 6.2.7 (/opt/ros/humble/share/rmw_fastrtps_cpp/cmake)
[0.707s] -- Found OpenSSL: /usr/lib/aarch64-linux-gnu/libcrypto.so (found version "3.0.2")  
[0.723s] -- Found FastRTPS: /opt/ros/humble/include  
[0.761s] -- Using RMW implementation 'rmw_fastrtps_cpp' as default
[0.770s] -- Looking for pthread.h
[0.810s] -- Looking for pthread.h - found
[0.811s] -- Performing Test CMAKE_HAVE_LIBC_PTHREAD
[0.857s] -- Performing Test CMAKE_HAVE_LIBC_PTHREAD - Success
[0.857s] -- Found Threads: TRUE  
[0.884s] -- Found rclcpp_action: 16.0.11 (/opt/ros/humble/share/rclcpp_action/cmake)
[0.907s] -- Found rosidl_default_generators: 1.2.0 (/opt/ros/humble/share/rosidl_default_generators/cmake)
[0.915s] -- Found std_srvs: 4.2.4 (/opt/ros/humble/share/std_srvs/cmake)
[1.120s] -- Found ament_cmake_ros: 0.10.0 (/opt/ros/humble/share/ament_cmake_ros/cmake)
[1.331s] -- Using all available rosidl_typesupport_c: rosidl_typesupport_fastrtps_c;rosidl_typesupport_introspection_c
[1.415s] -- Using all available rosidl_typesupport_cpp: rosidl_typesupport_fastrtps_cpp;rosidl_typesupport_introspection_cpp
[1.429s] -- Found PythonInterp: /usr/bin/python3 (found suitable version "3.10.12", minimum required is "3.6") 
[1.431s] -- Found python_cmake_module: 0.10.0 (/opt/ros/humble/share/python_cmake_module/cmake)
[1.447s] -- Found PythonLibs: /usr/lib/aarch64-linux-gnu/libpython3.10.so (found suitable version "3.10.12", minimum required is "3.5") 
[1.447s] -- Using PYTHON_EXECUTABLE: /usr/bin/python3
[1.447s] -- Using PYTHON_INCLUDE_DIRS: /usr/include/python3.10
[1.447s] -- Using PYTHON_LIBRARIES: /usr/lib/aarch64-linux-gnu/libpython3.10.so
[1.471s] -- Found PythonExtra: .so  
[1.516s] -- Configuring done
[1.548s] -- Generating done
[1.569s] -- Build files have been written to: /home/aashvi/service_ws/build/turtlesim
[1.577s] Invoked command in '/home/aashvi/service_ws/build/turtlesim' returned '0': CMAKE_PREFIX_PATH=${CMAKE_PREFIX_PATH}:/home/aashvi/ros2_ws/src/install/py_pubsub:/home/aashvi/ros2_ws/install/py_pubsub:/home/aashvi/ros2_ws/install/turtle_mover:/home/aashvi/ros2_ws/install/my_robot_controller:/home/aashvi/ros2_ws/install/my_package:/home/aashvi/ros2_ws/install/launch_testing_examples:/home/aashvi/ros2_ws/install/examples_rclpy_pointcloud_publisher:/home/aashvi/ros2_ws/install/examples_rclpy_minimal_subscriber:/home/aashvi/ros2_ws/install/examples_rclpy_minimal_service:/home/aashvi/ros2_ws/install/examples_rclpy_minimal_publisher:/home/aashvi/ros2_ws/install/examples_rclpy_minimal_client:/home/aashvi/ros2_ws/install/examples_rclpy_minimal_action_server:/home/aashvi/ros2_ws/install/examples_rclpy_minimal_action_client:/home/aashvi/ros2_ws/install/examples_rclpy_guard_conditions:/home/aashvi/ros2_ws/install/examples_rclpy_executors:/home/aashvi/ros2_ws/src/install/turtle_mover:/opt/ros/humble /usr/bin/cmake /home/aashvi/service_ws/src/ros_tutorials/turtlesim -DCMAKE_INSTALL_PREFIX=/home/aashvi/service_ws/install/turtlesim
[1.579s] Invoking command in '/home/aashvi/service_ws/build/turtlesim': CMAKE_PREFIX_PATH=${CMAKE_PREFIX_PATH}:/home/aashvi/ros2_ws/src/install/py_pubsub:/home/aashvi/ros2_ws/install/py_pubsub:/home/aashvi/ros2_ws/install/turtle_mover:/home/aashvi/ros2_ws/install/my_robot_controller:/home/aashvi/ros2_ws/install/my_package:/home/aashvi/ros2_ws/install/launch_testing_examples:/home/aashvi/ros2_ws/install/examples_rclpy_pointcloud_publisher:/home/aashvi/ros2_ws/install/examples_rclpy_minimal_subscriber:/home/aashvi/ros2_ws/install/examples_rclpy_minimal_service:/home/aashvi/ros2_ws/install/examples_rclpy_minimal_publisher:/home/aashvi/ros2_ws/install/examples_rclpy_minimal_client:/home/aashvi/ros2_ws/install/examples_rclpy_minimal_action_server:/home/aashvi/ros2_ws/install/examples_rclpy_minimal_action_client:/home/aashvi/ros2_ws/install/examples_rclpy_guard_conditions:/home/aashvi/ros2_ws/install/examples_rclpy_executors:/home/aashvi/ros2_ws/src/install/turtle_mover:/opt/ros/humble /usr/bin/cmake --build /home/aashvi/service_ws/build/turtlesim -- -j8 -l8
[1.598s] [  1%] [34m[1mGenerating C code for ROS interfaces[0m
[1.603s] [  2%] [34m[1mGenerating C++ code for ROS interfaces[0m
[1.606s] [  2%] Built target ament_cmake_python_copy_turtlesim
[1.747s] running egg_info
[1.748s] creating turtlesim.egg-info
[1.749s] writing turtlesim.egg-info/PKG-INFO
[1.749s] writing dependency_links to turtlesim.egg-info/dependency_links.txt
[1.749s] writing top-level names to turtlesim.egg-info/top_level.txt
[1.749s] writing manifest file 'turtlesim.egg-info/SOURCES.txt'
[1.749s] reading manifest file 'turtlesim.egg-info/SOURCES.txt'
[1.749s] writing manifest file 'turtlesim.egg-info/SOURCES.txt'
[1.776s] [  2%] Built target ament_cmake_python_build_turtlesim_egg
[2.138s] [  2%] Built target turtlesim__cpp
[2.142s] [  3%] [34m[1mGenerating C++ type support dispatch for ROS interfaces[0m
[2.146s] [  4%] [34m[1mGenerating C++ type support for eProsima Fast-RTPS[0m
[2.147s] [  5%] [34m[1mGenerating C++ introspection for ROS interfaces[0m
[2.172s] [  6%] [32mBuilding C object CMakeFiles/turtlesim__rosidl_generator_c.dir/rosidl_generator_c/turtlesim/action/detail/rotate_absolute__functions.c.o[0m
[2.172s] [  7%] [32mBuilding C object CMakeFiles/turtlesim__rosidl_generator_c.dir/rosidl_generator_c/turtlesim/msg/detail/pose__functions.c.o[0m
[2.174s] [  8%] [32mBuilding C object CMakeFiles/turtlesim__rosidl_generator_c.dir/rosidl_generator_c/turtlesim/srv/detail/kill__functions.c.o[0m
[2.177s] [  9%] [32mBuilding C object CMakeFiles/turtlesim__rosidl_generator_c.dir/rosidl_generator_c/turtlesim/msg/detail/color__functions.c.o[0m
[2.177s] [ 10%] [32mBuilding C object CMakeFiles/turtlesim__rosidl_generator_c.dir/rosidl_generator_c/turtlesim/srv/detail/set_pen__functions.c.o[0m
[2.243s] [ 11%] [32mBuilding C object CMakeFiles/turtlesim__rosidl_generator_c.dir/rosidl_generator_c/turtlesim/srv/detail/teleport_relative__functions.c.o[0m
[2.243s] [ 12%] [32mBuilding C object CMakeFiles/turtlesim__rosidl_generator_c.dir/rosidl_generator_c/turtlesim/srv/detail/spawn__functions.c.o[0m
[2.244s] [ 13%] [32mBuilding C object CMakeFiles/turtlesim__rosidl_generator_c.dir/rosidl_generator_c/turtlesim/srv/detail/teleport_absolute__functions.c.o[0m
[2.315s] [ 14%] [32m[1mLinking C shared library libturtlesim__rosidl_generator_c.so[0m
[2.335s] [ 14%] Built target turtlesim__rosidl_generator_c
[2.341s] [ 15%] [34m[1mGenerating C type support dispatch for ROS interfaces[0m
[2.342s] [ 16%] [34m[1mGenerating C type support for eProsima Fast-RTPS[0m
[2.346s] [ 17%] [34m[1mGenerating C introspection for ROS interfaces[0m
[2.577s] [ 18%] [32mBuilding CXX object CMakeFiles/turtlesim__rosidl_typesupport_cpp.dir/rosidl_typesupport_cpp/turtlesim/action/rotate_absolute__type_support.cpp.o[0m
[2.578s] [ 19%] [32mBuilding CXX object CMakeFiles/turtlesim__rosidl_typesupport_cpp.dir/rosidl_typesupport_cpp/turtlesim/msg/pose__type_support.cpp.o[0m
[2.578s] [ 20%] [32mBuilding CXX object CMakeFiles/turtlesim__rosidl_typesupport_cpp.dir/rosidl_typesupport_cpp/turtlesim/msg/color__type_support.cpp.o[0m
[2.730s] [ 21%] [32mBuilding CXX object CMakeFiles/turtlesim__rosidl_typesupport_introspection_cpp.dir/rosidl_typesupport_introspection_cpp/turtlesim/action/detail/rotate_absolute__type_support.cpp.o[0m
[2.743s] [ 22%] [32mBuilding CXX object CMakeFiles/turtlesim__rosidl_typesupport_c.dir/rosidl_typesupport_c/turtlesim/action/rotate_absolute__type_support.cpp.o[0m
[2.835s] [ 23%] [32mBuilding CXX object CMakeFiles/turtlesim__rosidl_typesupport_c.dir/rosidl_typesupport_c/turtlesim/msg/color__type_support.cpp.o[0m
[2.862s] [ 24%] [32mBuilding CXX object CMakeFiles/turtlesim__rosidl_typesupport_fastrtps_cpp.dir/rosidl_typesupport_fastrtps_cpp/turtlesim/action/detail/dds_fastrtps/rotate_absolute__type_support.cpp.o[0m
[2.889s] [ 25%] [32mBuilding CXX object CMakeFiles/turtlesim__rosidl_typesupport_c.dir/rosidl_typesupport_c/turtlesim/msg/pose__type_support.cpp.o[0m
[2.927s] [ 26%] [32mBuilding CXX object CMakeFiles/turtlesim__rosidl_typesupport_c.dir/rosidl_typesupport_c/turtlesim/srv/kill__type_support.cpp.o[0m
[2.943s] [ 27%] [32mBuilding CXX object CMakeFiles/turtlesim__rosidl_typesupport_cpp.dir/rosidl_typesupport_cpp/turtlesim/srv/kill__type_support.cpp.o[0m
[2.958s] [ 28%] [32mBuilding CXX object CMakeFiles/turtlesim__rosidl_typesupport_cpp.dir/rosidl_typesupport_cpp/turtlesim/srv/set_pen__type_support.cpp.o[0m
[2.980s] [ 29%] [32mBuilding CXX object CMakeFiles/turtlesim__rosidl_typesupport_c.dir/rosidl_typesupport_c/turtlesim/srv/set_pen__type_support.cpp.o[0m
[3.005s] [ 30%] [32mBuilding CXX object CMakeFiles/turtlesim__rosidl_typesupport_c.dir/rosidl_typesupport_c/turtlesim/srv/spawn__type_support.cpp.o[0m
[3.031s] [ 31%] [32mBuilding CXX object CMakeFiles/turtlesim__rosidl_typesupport_c.dir/rosidl_typesupport_c/turtlesim/srv/teleport_absolute__type_support.cpp.o[0m
[3.080s] [ 32%] [32mBuilding CXX object CMakeFiles/turtlesim__rosidl_typesupport_c.dir/rosidl_typesupport_c/turtlesim/srv/teleport_relative__type_support.cpp.o[0m
[3.114s] [ 33%] [32mBuilding C object CMakeFiles/turtlesim__rosidl_typesupport_introspection_c.dir/rosidl_typesupport_introspection_c/turtlesim/action/detail/rotate_absolute__type_support.c.o[0m
[3.116s] [ 34%] [32mBuilding CXX object CMakeFiles/turtlesim__rosidl_typesupport_fastrtps_c.dir/rosidl_typesupport_fastrtps_c/turtlesim/action/detail/rotate_absolute__type_support_c.cpp.o[0m
[3.120s] [ 35%] [32m[1mLinking CXX shared library libturtlesim__rosidl_typesupport_c.so[0m
[3.238s] [ 36%] [32mBuilding CXX object CMakeFiles/turtlesim__rosidl_typesupport_cpp.dir/rosidl_typesupport_cpp/turtlesim/srv/spawn__type_support.cpp.o[0m
[3.248s] [ 38%] [32mBuilding CXX object CMakeFiles/turtlesim__rosidl_typesupport_cpp.dir/rosidl_typesupport_cpp/turtlesim/srv/teleport_absolute__type_support.cpp.o[0m
[3.249s] [ 38%] [32mBuilding C object CMakeFiles/turtlesim__rosidl_typesupport_introspection_c.dir/rosidl_typesupport_introspection_c/turtlesim/msg/detail/color__type_support.c.o[0m
[3.250s] [ 38%] Built target turtlesim__rosidl_typesupport_c
[3.280s] [ 39%] [32mBuilding C object CMakeFiles/turtlesim__rosidl_typesupport_introspection_c.dir/rosidl_typesupport_introspection_c/turtlesim/msg/detail/pose__type_support.c.o[0m
[3.285s] [ 40%] [32mBuilding CXX object CMakeFiles/turtlesim__rosidl_typesupport_cpp.dir/rosidl_typesupport_cpp/turtlesim/srv/teleport_relative__type_support.cpp.o[0m
[3.292s] [ 41%] [32mBuilding C object CMakeFiles/turtlesim__rosidl_typesupport_introspection_c.dir/rosidl_typesupport_introspection_c/turtlesim/srv/detail/kill__type_support.c.o[0m
[3.306s] [ 42%] [32mBuilding C object CMakeFiles/turtlesim__rosidl_typesupport_introspection_c.dir/rosidl_typesupport_introspection_c/turtlesim/srv/detail/set_pen__type_support.c.o[0m
[3.321s] [ 43%] [32mBuilding C object CMakeFiles/turtlesim__rosidl_typesupport_introspection_c.dir/rosidl_typesupport_introspection_c/turtlesim/srv/detail/spawn__type_support.c.o[0m
[3.332s] [ 44%] [32mBuilding C object CMakeFiles/turtlesim__rosidl_typesupport_introspection_c.dir/rosidl_typesupport_introspection_c/turtlesim/srv/detail/teleport_absolute__type_support.c.o[0m
[3.373s] [ 45%] [32mBuilding C object CMakeFiles/turtlesim__rosidl_typesupport_introspection_c.dir/rosidl_typesupport_introspection_c/turtlesim/srv/detail/teleport_relative__type_support.c.o[0m
[3.388s] [ 46%] [32mBuilding CXX object CMakeFiles/turtlesim__rosidl_typesupport_fastrtps_c.dir/rosidl_typesupport_fastrtps_c/turtlesim/msg/detail/color__type_support_c.cpp.o[0m
[3.390s] [ 47%] [32mBuilding CXX object CMakeFiles/turtlesim__rosidl_typesupport_introspection_cpp.dir/rosidl_typesupport_introspection_cpp/turtlesim/msg/detail/color__type_support.cpp.o[0m
[3.407s] [ 48%] [32m[1mLinking C shared library libturtlesim__rosidl_typesupport_introspection_c.so[0m
[3.438s] [ 48%] Built target turtlesim__rosidl_typesupport_introspection_c
[3.445s] [ 49%] [32mBuilding CXX object CMakeFiles/turtlesim__rosidl_typesupport_introspection_cpp.dir/rosidl_typesupport_introspection_cpp/turtlesim/msg/detail/pose__type_support.cpp.o[0m
[3.501s] [ 50%] [32mBuilding CXX object CMakeFiles/turtlesim__rosidl_typesupport_fastrtps_c.dir/rosidl_typesupport_fastrtps_c/turtlesim/srv/detail/kill__type_support_c.cpp.o[0m
[3.506s] [ 51%] [32mBuilding CXX object CMakeFiles/turtlesim__rosidl_typesupport_fastrtps_c.dir/rosidl_typesupport_fastrtps_c/turtlesim/msg/detail/pose__type_support_c.cpp.o[0m
[3.511s] [ 52%] [32mBuilding CXX object CMakeFiles/turtlesim__rosidl_typesupport_fastrtps_cpp.dir/rosidl_typesupport_fastrtps_cpp/turtlesim/msg/detail/dds_fastrtps/color__type_support.cpp.o[0m
[3.516s] [ 53%] [32m[1mLinking CXX shared library libturtlesim__rosidl_typesupport_cpp.so[0m
[3.537s] [ 54%] [32mBuilding CXX object CMakeFiles/turtlesim__rosidl_typesupport_fastrtps_c.dir/rosidl_typesupport_fastrtps_c/turtlesim/srv/detail/set_pen__type_support_c.cpp.o[0m
[3.548s] [ 54%] Built target turtlesim__rosidl_typesupport_cpp
[3.554s] [ 55%] [34m[1mGenerating include/turtlesim/moc_turtle_frame.cpp[0m
[3.701s] [ 56%] [32mBuilding CXX object CMakeFiles/turtlesim__rosidl_typesupport_fastrtps_c.dir/rosidl_typesupport_fastrtps_c/turtlesim/srv/detail/spawn__type_support_c.cpp.o[0m
[3.751s] [ 57%] [32mBuilding CXX object CMakeFiles/turtlesim_node.dir/src/turtlesim.cpp.o[0m
[3.783s] [ 58%] [32mBuilding CXX object CMakeFiles/turtlesim__rosidl_typesupport_introspection_cpp.dir/rosidl_typesupport_introspection_cpp/turtlesim/srv/detail/kill__type_support.cpp.o[0m
[3.792s] [ 59%] [32mBuilding CXX object CMakeFiles/turtlesim__rosidl_typesupport_introspection_cpp.dir/rosidl_typesupport_introspection_cpp/turtlesim/srv/detail/set_pen__type_support.cpp.o[0m
[3.802s] [ 60%] [32mBuilding CXX object CMakeFiles/turtlesim__rosidl_typesupport_introspection_cpp.dir/rosidl_typesupport_introspection_cpp/turtlesim/srv/detail/spawn__type_support.cpp.o[0m
[3.817s] [ 61%] [32mBuilding CXX object CMakeFiles/turtlesim__rosidl_typesupport_fastrtps_c.dir/rosidl_typesupport_fastrtps_c/turtlesim/srv/detail/teleport_absolute__type_support_c.cpp.o[0m
[3.830s] [ 62%] [32mBuilding CXX object CMakeFiles/turtlesim__rosidl_typesupport_fastrtps_c.dir/rosidl_typesupport_fastrtps_c/turtlesim/srv/detail/teleport_relative__type_support_c.cpp.o[0m
[3.833s] [ 63%] [32mBuilding CXX object CMakeFiles/turtlesim__rosidl_typesupport_fastrtps_cpp.dir/rosidl_typesupport_fastrtps_cpp/turtlesim/msg/detail/dds_fastrtps/pose__type_support.cpp.o[0m
[4.120s] [ 64%] [32mBuilding CXX object CMakeFiles/turtlesim__rosidl_typesupport_fastrtps_cpp.dir/rosidl_typesupport_fastrtps_cpp/turtlesim/srv/detail/dds_fastrtps/kill__type_support.cpp.o[0m
[4.143s] [ 65%] [32mBuilding CXX object CMakeFiles/turtlesim__rosidl_typesupport_introspection_cpp.dir/rosidl_typesupport_introspection_cpp/turtlesim/srv/detail/teleport_absolute__type_support.cpp.o[0m
[4.160s] [ 66%] [32mBuilding CXX object CMakeFiles/turtlesim__rosidl_typesupport_introspection_cpp.dir/rosidl_typesupport_introspection_cpp/turtlesim/srv/detail/teleport_relative__type_support.cpp.o[0m
[4.189s] [ 67%] [32m[1mLinking CXX shared library libturtlesim__rosidl_typesupport_fastrtps_c.so[0m
[4.190s] [ 68%] [32mBuilding CXX object CMakeFiles/turtlesim__rosidl_typesupport_fastrtps_cpp.dir/rosidl_typesupport_fastrtps_cpp/turtlesim/srv/detail/dds_fastrtps/set_pen__type_support.cpp.o[0m
[4.199s] [ 69%] [32mBuilding CXX object CMakeFiles/turtlesim_node.dir/src/turtle.cpp.o[0m
[4.255s] [ 70%] [32mBuilding CXX object CMakeFiles/turtlesim__rosidl_typesupport_fastrtps_cpp.dir/rosidl_typesupport_fastrtps_cpp/turtlesim/srv/detail/dds_fastrtps/spawn__type_support.cpp.o[0m
[4.260s] [ 70%] Built target turtlesim__rosidl_typesupport_fastrtps_c
[4.292s] [ 71%] [32mBuilding CXX object CMakeFiles/turtle_teleop_key.dir/tutorials/teleop_turtle_key.cpp.o[0m
[4.447s] [ 72%] [32mBuilding CXX object CMakeFiles/turtlesim__rosidl_typesupport_fastrtps_cpp.dir/rosidl_typesupport_fastrtps_cpp/turtlesim/srv/detail/dds_fastrtps/teleport_absolute__type_support.cpp.o[0m
[4.450s] [ 73%] [32m[1mLinking CXX shared library libturtlesim__rosidl_typesupport_introspection_cpp.so[0m
[4.492s] [ 74%] [32mBuilding CXX object CMakeFiles/turtlesim__rosidl_typesupport_fastrtps_cpp.dir/rosidl_typesupport_fastrtps_cpp/turtlesim/srv/detail/dds_fastrtps/teleport_relative__type_support.cpp.o[0m
[4.519s] [ 74%] Built target turtlesim__rosidl_typesupport_introspection_cpp
[4.539s] [ 75%] [32mBuilding CXX object CMakeFiles/draw_square.dir/tutorials/draw_square.cpp.o[0m
[4.539s] [ 76%] [32mBuilding CXX object CMakeFiles/mimic.dir/tutorials/mimic.cpp.o[0m
[4.580s] [ 77%] [32mBuilding CXX object CMakeFiles/turtlesim_node.dir/src/turtle_frame.cpp.o[0m
[4.952s] [ 78%] [32mBuilding CXX object CMakeFiles/turtlesim_node.dir/include/turtlesim/moc_turtle_frame.cpp.o[0m
[5.170s] [ 79%] [32m[1mLinking CXX shared library libturtlesim__rosidl_typesupport_fastrtps_cpp.so[0m
[5.516s] [ 79%] Built target turtlesim__rosidl_typesupport_fastrtps_cpp
[5.763s] [ 79%] Built target turtlesim
[5.913s] [ 80%] [34m[1mGenerating Python code for ROS interfaces[0m
[12.272s] [ 80%] Built target turtlesim__py
[12.465s] [ 81%] [32mBuilding C object CMakeFiles/turtlesim__rosidl_generator_py.dir/rosidl_generator_py/turtlesim/action/_rotate_absolute_s.c.o[0m
[13.928s] [ 82%] [32mBuilding C object CMakeFiles/turtlesim__rosidl_generator_py.dir/rosidl_generator_py/turtlesim/msg/_color_s.c.o[0m
[14.654s] [ 83%] [32mBuilding C object CMakeFiles/turtlesim__rosidl_generator_py.dir/rosidl_generator_py/turtlesim/msg/_pose_s.c.o[0m
[15.325s] [ 84%] [32mBuilding C object CMakeFiles/turtlesim__rosidl_generator_py.dir/rosidl_generator_py/turtlesim/srv/_kill_s.c.o[0m
[15.955s] [ 85%] [32mBuilding C object CMakeFiles/turtlesim__rosidl_generator_py.dir/rosidl_generator_py/turtlesim/srv/_set_pen_s.c.o[0m
[16.568s] [ 86%] [32mBuilding C object CMakeFiles/turtlesim__rosidl_generator_py.dir/rosidl_generator_py/turtlesim/srv/_spawn_s.c.o[0m
[17.229s] [ 87%] [32mBuilding C object CMakeFiles/turtlesim__rosidl_generator_py.dir/rosidl_generator_py/turtlesim/srv/_teleport_absolute_s.c.o[0m
[17.905s] [ 88%] [32mBuilding C object CMakeFiles/turtlesim__rosidl_generator_py.dir/rosidl_generator_py/turtlesim/srv/_teleport_relative_s.c.o[0m
[18.544s] [ 89%] [32m[1mLinking C shared library rosidl_generator_py/turtlesim/libturtlesim__rosidl_generator_py.so[0m
[19.059s] [ 89%] Built target turtlesim__rosidl_generator_py
[19.169s] [ 90%] [32mBuilding C object CMakeFiles/turtlesim__rosidl_typesupport_fastrtps_c__pyext.dir/rosidl_generator_py/turtlesim/_turtlesim_s.ep.rosidl_typesupport_fastrtps_c.c.o[0m
[20.108s] [ 91%] [32m[1mLinking C shared library rosidl_generator_py/turtlesim/turtlesim_s__rosidl_typesupport_fastrtps_c.cpython-310-aarch64-linux-gnu.so[0m
[20.513s] [ 91%] Built target turtlesim__rosidl_typesupport_fastrtps_c__pyext
[20.598s] [ 92%] [32mBuilding C object CMakeFiles/turtlesim__rosidl_typesupport_introspection_c__pyext.dir/rosidl_generator_py/turtlesim/_turtlesim_s.ep.rosidl_typesupport_introspection_c.c.o[0m
[21.417s] [ 93%] [32m[1mLinking C shared library rosidl_generator_py/turtlesim/turtlesim_s__rosidl_typesupport_introspection_c.cpython-310-aarch64-linux-gnu.so[0m
[21.832s] [ 93%] Built target turtlesim__rosidl_typesupport_introspection_c__pyext
[22.030s] [ 94%] [32mBuilding C object CMakeFiles/turtlesim__rosidl_typesupport_c__pyext.dir/rosidl_generator_py/turtlesim/_turtlesim_s.ep.rosidl_typesupport_c.c.o[0m
[22.876s] [ 95%] [32m[1mLinking C shared library rosidl_generator_py/turtlesim/turtlesim_s__rosidl_typesupport_c.cpython-310-aarch64-linux-gnu.so[0m
[23.103s] [ 95%] Built target turtlesim__rosidl_typesupport_c__pyext
[44.086s] [ 96%] [32m[1mLinking CXX executable turtle_teleop_key[0m
[44.934s] [ 96%] Built target turtle_teleop_key
[50.187s] [ 97%] [32m[1mLinking CXX executable mimic[0m
[50.852s] [ 97%] Built target mimic
[51.597s] [ 98%] [32m[1mLinking CXX executable draw_square[0m
[52.160s] [ 98%] Built target draw_square
[55.295s] [100%] [32m[1mLinking CXX executable turtlesim_node[0m
[56.575s] [100%] Built target turtlesim_node
[56.600s] Invoked command in '/home/aashvi/service_ws/build/turtlesim' returned '0': CMAKE_PREFIX_PATH=${CMAKE_PREFIX_PATH}:/home/aashvi/ros2_ws/src/install/py_pubsub:/home/aashvi/ros2_ws/install/py_pubsub:/home/aashvi/ros2_ws/install/turtle_mover:/home/aashvi/ros2_ws/install/my_robot_controller:/home/aashvi/ros2_ws/install/my_package:/home/aashvi/ros2_ws/install/launch_testing_examples:/home/aashvi/ros2_ws/install/examples_rclpy_pointcloud_publisher:/home/aashvi/ros2_ws/install/examples_rclpy_minimal_subscriber:/home/aashvi/ros2_ws/install/examples_rclpy_minimal_service:/home/aashvi/ros2_ws/install/examples_rclpy_minimal_publisher:/home/aashvi/ros2_ws/install/examples_rclpy_minimal_client:/home/aashvi/ros2_ws/install/examples_rclpy_minimal_action_server:/home/aashvi/ros2_ws/install/examples_rclpy_minimal_action_client:/home/aashvi/ros2_ws/install/examples_rclpy_guard_conditions:/home/aashvi/ros2_ws/install/examples_rclpy_executors:/home/aashvi/ros2_ws/src/install/turtle_mover:/opt/ros/humble /usr/bin/cmake --build /home/aashvi/service_ws/build/turtlesim -- -j8 -l8
[56.612s] Invoking command in '/home/aashvi/service_ws/build/turtlesim': CMAKE_PREFIX_PATH=${CMAKE_PREFIX_PATH}:/home/aashvi/ros2_ws/src/install/py_pubsub:/home/aashvi/ros2_ws/install/py_pubsub:/home/aashvi/ros2_ws/install/turtle_mover:/home/aashvi/ros2_ws/install/my_robot_controller:/home/aashvi/ros2_ws/install/my_package:/home/aashvi/ros2_ws/install/launch_testing_examples:/home/aashvi/ros2_ws/install/examples_rclpy_pointcloud_publisher:/home/aashvi/ros2_ws/install/examples_rclpy_minimal_subscriber:/home/aashvi/ros2_ws/install/examples_rclpy_minimal_service:/home/aashvi/ros2_ws/install/examples_rclpy_minimal_publisher:/home/aashvi/ros2_ws/install/examples_rclpy_minimal_client:/home/aashvi/ros2_ws/install/examples_rclpy_minimal_action_server:/home/aashvi/ros2_ws/install/examples_rclpy_minimal_action_client:/home/aashvi/ros2_ws/install/examples_rclpy_guard_conditions:/home/aashvi/ros2_ws/install/examples_rclpy_executors:/home/aashvi/ros2_ws/src/install/turtle_mover:/opt/ros/humble /usr/bin/cmake --install /home/aashvi/service_ws/build/turtlesim
[56.616s] -- Install configuration: ""
[56.618s] -- Installing: /home/aashvi/service_ws/install/turtlesim/share/ament_index/resource_index/rosidl_interfaces/turtlesim
[56.618s] -- Installing: /home/aashvi/service_ws/install/turtlesim/include/turtlesim/turtlesim
[56.618s] -- Installing: /home/aashvi/service_ws/install/turtlesim/include/turtlesim/turtlesim/msg
[56.618s] -- Installing: /home/aashvi/service_ws/install/turtlesim/include/turtlesim/turtlesim/msg/detail
[56.619s] -- Installing: /home/aashvi/service_ws/install/turtlesim/include/turtlesim/turtlesim/msg/detail/color__struct.h
[56.619s] -- Installing: /home/aashvi/service_ws/install/turtlesim/include/turtlesim/turtlesim/msg/detail/pose__functions.c
[56.619s] -- Installing: /home/aashvi/service_ws/install/turtlesim/include/turtlesim/turtlesim/msg/detail/pose__struct.h
[56.619s] -- Installing: /home/aashvi/service_ws/install/turtlesim/include/turtlesim/turtlesim/msg/detail/color__functions.c
[56.619s] -- Installing: /home/aashvi/service_ws/install/turtlesim/include/turtlesim/turtlesim/msg/detail/pose__functions.h
[56.620s] -- Installing: /home/aashvi/service_ws/install/turtlesim/include/turtlesim/turtlesim/msg/detail/color__functions.h
[56.620s] -- Installing: /home/aashvi/service_ws/install/turtlesim/include/turtlesim/turtlesim/msg/detail/color__type_support.h
[56.620s] -- Installing: /home/aashvi/service_ws/install/turtlesim/include/turtlesim/turtlesim/msg/detail/pose__type_support.h
[56.620s] -- Installing: /home/aashvi/service_ws/install/turtlesim/include/turtlesim/turtlesim/msg/rosidl_generator_c__visibility_control.h
[56.620s] -- Installing: /home/aashvi/service_ws/install/turtlesim/include/turtlesim/turtlesim/msg/pose.h
[56.620s] -- Installing: /home/aashvi/service_ws/install/turtlesim/include/turtlesim/turtlesim/msg/color.h
[56.620s] -- Installing: /home/aashvi/service_ws/install/turtlesim/include/turtlesim/turtlesim/action
[56.620s] -- Installing: /home/aashvi/service_ws/install/turtlesim/include/turtlesim/turtlesim/action/detail
[56.620s] -- Installing: /home/aashvi/service_ws/install/turtlesim/include/turtlesim/turtlesim/action/detail/rotate_absolute__functions.c
[56.621s] -- Installing: /home/aashvi/service_ws/install/turtlesim/include/turtlesim/turtlesim/action/detail/rotate_absolute__struct.h
[56.621s] -- Installing: /home/aashvi/service_ws/install/turtlesim/include/turtlesim/turtlesim/action/detail/rotate_absolute__type_support.h
[56.621s] -- Installing: /home/aashvi/service_ws/install/turtlesim/include/turtlesim/turtlesim/action/detail/rotate_absolute__functions.h
[56.622s] -- Installing: /home/aashvi/service_ws/install/turtlesim/include/turtlesim/turtlesim/action/rotate_absolute.h
[56.622s] -- Installing: /home/aashvi/service_ws/install/turtlesim/include/turtlesim/turtlesim/srv
[56.622s] -- Installing: /home/aashvi/service_ws/install/turtlesim/include/turtlesim/turtlesim/srv/kill.h
[56.622s] -- Installing: /home/aashvi/service_ws/install/turtlesim/include/turtlesim/turtlesim/srv/detail
[56.622s] -- Installing: /home/aashvi/service_ws/install/turtlesim/include/turtlesim/turtlesim/srv/detail/spawn__struct.h
[56.622s] -- Installing: /home/aashvi/service_ws/install/turtlesim/include/turtlesim/turtlesim/srv/detail/teleport_absolute__functions.h
[56.622s] -- Installing: /home/aashvi/service_ws/install/turtlesim/include/turtlesim/turtlesim/srv/detail/teleport_relative__struct.h
[56.622s] -- Installing: /home/aashvi/service_ws/install/turtlesim/include/turtlesim/turtlesim/srv/detail/teleport_relative__functions.h
[56.622s] -- Installing: /home/aashvi/service_ws/install/turtlesim/include/turtlesim/turtlesim/srv/detail/kill__functions.h
[56.623s] -- Installing: /home/aashvi/service_ws/install/turtlesim/include/turtlesim/turtlesim/srv/detail/set_pen__functions.h
[56.623s] -- Installing: /home/aashvi/service_ws/install/turtlesim/include/turtlesim/turtlesim/srv/detail/spawn__functions.c
[56.623s] -- Installing: /home/aashvi/service_ws/install/turtlesim/include/turtlesim/turtlesim/srv/detail/teleport_relative__type_support.h
[56.623s] -- Installing: /home/aashvi/service_ws/install/turtlesim/include/turtlesim/turtlesim/srv/detail/set_pen__type_support.h
[56.623s] -- Installing: /home/aashvi/service_ws/install/turtlesim/include/turtlesim/turtlesim/srv/detail/kill__type_support.h
[56.623s] -- Installing: /home/aashvi/service_ws/install/turtlesim/include/turtlesim/turtlesim/srv/detail/kill__struct.h
[56.623s] -- Installing: /home/aashvi/service_ws/install/turtlesim/include/turtlesim/turtlesim/srv/detail/set_pen__struct.h
[56.623s] -- Installing: /home/aashvi/service_ws/install/turtlesim/include/turtlesim/turtlesim/srv/detail/kill__functions.c
[56.623s] -- Installing: /home/aashvi/service_ws/install/turtlesim/include/turtlesim/turtlesim/srv/detail/teleport_relative__functions.c
[56.623s] -- Installing: /home/aashvi/service_ws/install/turtlesim/include/turtlesim/turtlesim/srv/detail/spawn__functions.h
[56.624s] -- Installing: /home/aashvi/service_ws/install/turtlesim/include/turtlesim/turtlesim/srv/detail/teleport_absolute__type_support.h
[56.624s] -- Installing: /home/aashvi/service_ws/install/turtlesim/include/turtlesim/turtlesim/srv/detail/teleport_absolute__struct.h
[56.624s] -- Installing: /home/aashvi/service_ws/install/turtlesim/include/turtlesim/turtlesim/srv/detail/set_pen__functions.c
[56.624s] -- Installing: /home/aashvi/service_ws/install/turtlesim/include/turtlesim/turtlesim/srv/detail/spawn__type_support.h
[56.624s] -- Installing: /home/aashvi/service_ws/install/turtlesim/include/turtlesim/turtlesim/srv/detail/teleport_absolute__functions.c
[56.624s] -- Installing: /home/aashvi/service_ws/install/turtlesim/include/turtlesim/turtlesim/srv/set_pen.h
[56.624s] -- Installing: /home/aashvi/service_ws/install/turtlesim/include/turtlesim/turtlesim/srv/teleport_absolute.h
[56.624s] -- Installing: /home/aashvi/service_ws/install/turtlesim/include/turtlesim/turtlesim/srv/spawn.h
[56.625s] -- Installing: /home/aashvi/service_ws/install/turtlesim/include/turtlesim/turtlesim/srv/teleport_relative.h
[56.626s] -- Installing: /home/aashvi/service_ws/install/turtlesim/share/turtlesim/environment/library_path.sh
[56.626s] -- Installing: /home/aashvi/service_ws/install/turtlesim/share/turtlesim/environment/library_path.dsv
[56.627s] -- Installing: /home/aashvi/service_ws/install/turtlesim/lib/libturtlesim__rosidl_generator_c.so
[56.627s] -- Set runtime path of "/home/aashvi/service_ws/install/turtlesim/lib/libturtlesim__rosidl_generator_c.so" to ""
[56.627s] -- Up-to-date: /home/aashvi/service_ws/install/turtlesim/include/turtlesim/turtlesim
[56.628s] -- Up-to-date: /home/aashvi/service_ws/install/turtlesim/include/turtlesim/turtlesim/msg
[56.628s] -- Up-to-date: /home/aashvi/service_ws/install/turtlesim/include/turtlesim/turtlesim/msg/detail
[56.628s] -- Installing: /home/aashvi/service_ws/install/turtlesim/include/turtlesim/turtlesim/msg/detail/color__rosidl_typesupport_fastrtps_c.h
[56.628s] -- Installing: /home/aashvi/service_ws/install/turtlesim/include/turtlesim/turtlesim/msg/detail/pose__rosidl_typesupport_fastrtps_c.h
[56.628s] -- Installing: /home/aashvi/service_ws/install/turtlesim/include/turtlesim/turtlesim/msg/rosidl_typesupport_fastrtps_c__visibility_control.h
[56.628s] -- Up-to-date: /home/aashvi/service_ws/install/turtlesim/include/turtlesim/turtlesim/action
[56.629s] -- Up-to-date: /home/aashvi/service_ws/install/turtlesim/include/turtlesim/turtlesim/action/detail
[56.629s] -- Installing: /home/aashvi/service_ws/install/turtlesim/include/turtlesim/turtlesim/action/detail/rotate_absolute__rosidl_typesupport_fastrtps_c.h
[56.629s] -- Up-to-date: /home/aashvi/service_ws/install/turtlesim/include/turtlesim/turtlesim/srv
[56.629s] -- Up-to-date: /home/aashvi/service_ws/install/turtlesim/include/turtlesim/turtlesim/srv/detail
[56.629s] -- Installing: /home/aashvi/service_ws/install/turtlesim/include/turtlesim/turtlesim/srv/detail/teleport_relative__rosidl_typesupport_fastrtps_c.h
[56.630s] -- Installing: /home/aashvi/service_ws/install/turtlesim/include/turtlesim/turtlesim/srv/detail/set_pen__rosidl_typesupport_fastrtps_c.h
[56.630s] -- Installing: /home/aashvi/service_ws/install/turtlesim/include/turtlesim/turtlesim/srv/detail/kill__rosidl_typesupport_fastrtps_c.h
[56.630s] -- Installing: /home/aashvi/service_ws/install/turtlesim/include/turtlesim/turtlesim/srv/detail/teleport_absolute__rosidl_typesupport_fastrtps_c.h
[56.630s] -- Installing: /home/aashvi/service_ws/install/turtlesim/include/turtlesim/turtlesim/srv/detail/spawn__rosidl_typesupport_fastrtps_c.h
[56.630s] -- Installing: /home/aashvi/service_ws/install/turtlesim/lib/libturtlesim__rosidl_typesupport_fastrtps_c.so
[56.631s] -- Set runtime path of "/home/aashvi/service_ws/install/turtlesim/lib/libturtlesim__rosidl_typesupport_fastrtps_c.so" to ""
[56.631s] -- Up-to-date: /home/aashvi/service_ws/install/turtlesim/include/turtlesim/turtlesim
[56.631s] -- Up-to-date: /home/aashvi/service_ws/install/turtlesim/include/turtlesim/turtlesim/msg
[56.631s] -- Installing: /home/aashvi/service_ws/install/turtlesim/include/turtlesim/turtlesim/msg/color.hpp
[56.632s] -- Up-to-date: /home/aashvi/service_ws/install/turtlesim/include/turtlesim/turtlesim/msg/detail
[56.632s] -- Installing: /home/aashvi/service_ws/install/turtlesim/include/turtlesim/turtlesim/msg/detail/color__builder.hpp
[56.632s] -- Installing: /home/aashvi/service_ws/install/turtlesim/include/turtlesim/turtlesim/msg/detail/color__struct.hpp
[56.632s] -- Installing: /home/aashvi/service_ws/install/turtlesim/include/turtlesim/turtlesim/msg/detail/pose__type_support.hpp
[56.632s] -- Installing: /home/aashvi/service_ws/install/turtlesim/include/turtlesim/turtlesim/msg/detail/pose__traits.hpp
[56.632s] -- Installing: /home/aashvi/service_ws/install/turtlesim/include/turtlesim/turtlesim/msg/detail/pose__struct.hpp
[56.632s] -- Installing: /home/aashvi/service_ws/install/turtlesim/include/turtlesim/turtlesim/msg/detail/pose__builder.hpp
[56.633s] -- Installing: /home/aashvi/service_ws/install/turtlesim/include/turtlesim/turtlesim/msg/detail/color__type_support.hpp
[56.633s] -- Installing: /home/aashvi/service_ws/install/turtlesim/include/turtlesim/turtlesim/msg/detail/color__traits.hpp
[56.633s] -- Installing: /home/aashvi/service_ws/install/turtlesim/include/turtlesim/turtlesim/msg/rosidl_generator_cpp__visibility_control.hpp
[56.633s] -- Installing: /home/aashvi/service_ws/install/turtlesim/include/turtlesim/turtlesim/msg/pose.hpp
[56.633s] -- Up-to-date: /home/aashvi/service_ws/install/turtlesim/include/turtlesim/turtlesim/action
[56.634s] -- Up-to-date: /home/aashvi/service_ws/install/turtlesim/include/turtlesim/turtlesim/action/detail
[56.634s] -- Installing: /home/aashvi/service_ws/install/turtlesim/include/turtlesim/turtlesim/action/detail/rotate_absolute__builder.hpp
[56.634s] -- Installing: /home/aashvi/service_ws/install/turtlesim/include/turtlesim/turtlesim/action/detail/rotate_absolute__traits.hpp
[56.634s] -- Installing: /home/aashvi/service_ws/install/turtlesim/include/turtlesim/turtlesim/action/detail/rotate_absolute__struct.hpp
[56.635s] -- Installing: /home/aashvi/service_ws/install/turtlesim/include/turtlesim/turtlesim/action/detail/rotate_absolute__type_support.hpp
[56.635s] -- Installing: /home/aashvi/service_ws/install/turtlesim/include/turtlesim/turtlesim/action/rotate_absolute.hpp
[56.635s] -- Up-to-date: /home/aashvi/service_ws/install/turtlesim/include/turtlesim/turtlesim/srv
[56.635s] -- Up-to-date: /home/aashvi/service_ws/install/turtlesim/include/turtlesim/turtlesim/srv/detail
[56.635s] -- Installing: /home/aashvi/service_ws/install/turtlesim/include/turtlesim/turtlesim/srv/detail/set_pen__builder.hpp
[56.635s] -- Installing: /home/aashvi/service_ws/install/turtlesim/include/turtlesim/turtlesim/srv/detail/spawn__struct.hpp
[56.636s] -- Installing: /home/aashvi/service_ws/install/turtlesim/include/turtlesim/turtlesim/srv/detail/kill__struct.hpp
[56.636s] -- Installing: /home/aashvi/service_ws/install/turtlesim/include/turtlesim/turtlesim/srv/detail/teleport_relative__type_support.hpp
[56.636s] -- Installing: /home/aashvi/service_ws/install/turtlesim/include/turtlesim/turtlesim/srv/detail/set_pen__traits.hpp
[56.636s] -- Installing: /home/aashvi/service_ws/install/turtlesim/include/turtlesim/turtlesim/srv/detail/teleport_relative__traits.hpp
[56.636s] -- Installing: /home/aashvi/service_ws/install/turtlesim/include/turtlesim/turtlesim/srv/detail/spawn__traits.hpp
[56.636s] -- Installing: /home/aashvi/service_ws/install/turtlesim/include/turtlesim/turtlesim/srv/detail/kill__traits.hpp
[56.636s] -- Installing: /home/aashvi/service_ws/install/turtlesim/include/turtlesim/turtlesim/srv/detail/teleport_relative__struct.hpp
[56.637s] -- Installing: /home/aashvi/service_ws/install/turtlesim/include/turtlesim/turtlesim/srv/detail/kill__type_support.hpp
[56.637s] -- Installing: /home/aashvi/service_ws/install/turtlesim/include/turtlesim/turtlesim/srv/detail/teleport_absolute__struct.hpp
[56.637s] -- Installing: /home/aashvi/service_ws/install/turtlesim/include/turtlesim/turtlesim/srv/detail/spawn__builder.hpp
[56.637s] -- Installing: /home/aashvi/service_ws/install/turtlesim/include/turtlesim/turtlesim/srv/detail/set_pen__type_support.hpp
[56.637s] -- Installing: /home/aashvi/service_ws/install/turtlesim/include/turtlesim/turtlesim/srv/detail/spawn__type_support.hpp
[56.637s] -- Installing: /home/aashvi/service_ws/install/turtlesim/include/turtlesim/turtlesim/srv/detail/teleport_relative__builder.hpp
[56.637s] -- Installing: /home/aashvi/service_ws/install/turtlesim/include/turtlesim/turtlesim/srv/detail/kill__builder.hpp
[56.638s] -- Installing: /home/aashvi/service_ws/install/turtlesim/include/turtlesim/turtlesim/srv/detail/set_pen__struct.hpp
[56.638s] -- Installing: /home/aashvi/service_ws/install/turtlesim/include/turtlesim/turtlesim/srv/detail/teleport_absolute__traits.hpp
[56.638s] -- Installing: /home/aashvi/service_ws/install/turtlesim/include/turtlesim/turtlesim/srv/detail/teleport_absolute__builder.hpp
[56.638s] -- Installing: /home/aashvi/service_ws/install/turtlesim/include/turtlesim/turtlesim/srv/detail/teleport_absolute__type_support.hpp
[56.638s] -- Installing: /home/aashvi/service_ws/install/turtlesim/include/turtlesim/turtlesim/srv/teleport_relative.hpp
[56.638s] -- Installing: /home/aashvi/service_ws/install/turtlesim/include/turtlesim/turtlesim/srv/kill.hpp
[56.638s] -- Installing: /home/aashvi/service_ws/install/turtlesim/include/turtlesim/turtlesim/srv/set_pen.hpp
[56.638s] -- Installing: /home/aashvi/service_ws/install/turtlesim/include/turtlesim/turtlesim/srv/teleport_absolute.hpp
[56.639s] -- Installing: /home/aashvi/service_ws/install/turtlesim/include/turtlesim/turtlesim/srv/spawn.hpp
[56.639s] -- Up-to-date: /home/aashvi/service_ws/install/turtlesim/include/turtlesim/turtlesim
[56.639s] -- Up-to-date: /home/aashvi/service_ws/install/turtlesim/include/turtlesim/turtlesim/msg
[56.639s] -- Installing: /home/aashvi/service_ws/install/turtlesim/include/turtlesim/turtlesim/msg/rosidl_typesupport_fastrtps_cpp__visibility_control.h
[56.639s] -- Up-to-date: /home/aashvi/service_ws/install/turtlesim/include/turtlesim/turtlesim/msg/detail
[56.640s] -- Installing: /home/aashvi/service_ws/install/turtlesim/include/turtlesim/turtlesim/msg/detail/color__rosidl_typesupport_fastrtps_cpp.hpp
[56.640s] -- Installing: /home/aashvi/service_ws/install/turtlesim/include/turtlesim/turtlesim/msg/detail/pose__rosidl_typesupport_fastrtps_cpp.hpp
[56.640s] -- Installing: /home/aashvi/service_ws/install/turtlesim/include/turtlesim/turtlesim/msg/detail/dds_fastrtps
[56.640s] -- Up-to-date: /home/aashvi/service_ws/install/turtlesim/include/turtlesim/turtlesim/action
[56.641s] -- Up-to-date: /home/aashvi/service_ws/install/turtlesim/include/turtlesim/turtlesim/action/detail
[56.641s] -- Installing: /home/aashvi/service_ws/install/turtlesim/include/turtlesim/turtlesim/action/detail/rotate_absolute__rosidl_typesupport_fastrtps_cpp.hpp
[56.641s] -- Installing: /home/aashvi/service_ws/install/turtlesim/include/turtlesim/turtlesim/action/detail/dds_fastrtps
[56.641s] -- Up-to-date: /home/aashvi/service_ws/install/turtlesim/include/turtlesim/turtlesim/srv
[56.641s] -- Up-to-date: /home/aashvi/service_ws/install/turtlesim/include/turtlesim/turtlesim/srv/detail
[56.641s] -- Installing: /home/aashvi/service_ws/install/turtlesim/include/turtlesim/turtlesim/srv/detail/kill__rosidl_typesupport_fastrtps_cpp.hpp
[56.641s] -- Installing: /home/aashvi/service_ws/install/turtlesim/include/turtlesim/turtlesim/srv/detail/set_pen__rosidl_typesupport_fastrtps_cpp.hpp
[56.642s] -- Installing: /home/aashvi/service_ws/install/turtlesim/include/turtlesim/turtlesim/srv/detail/teleport_absolute__rosidl_typesupport_fastrtps_cpp.hpp
[56.642s] -- Installing: /home/aashvi/service_ws/install/turtlesim/include/turtlesim/turtlesim/srv/detail/dds_fastrtps
[56.642s] -- Installing: /home/aashvi/service_ws/install/turtlesim/include/turtlesim/turtlesim/srv/detail/spawn__rosidl_typesupport_fastrtps_cpp.hpp
[56.642s] -- Installing: /home/aashvi/service_ws/install/turtlesim/include/turtlesim/turtlesim/srv/detail/teleport_relative__rosidl_typesupport_fastrtps_cpp.hpp
[56.643s] -- Installing: /home/aashvi/service_ws/install/turtlesim/lib/libturtlesim__rosidl_typesupport_fastrtps_cpp.so
[56.644s] -- Set runtime path of "/home/aashvi/service_ws/install/turtlesim/lib/libturtlesim__rosidl_typesupport_fastrtps_cpp.so" to ""
[56.644s] -- Up-to-date: /home/aashvi/service_ws/install/turtlesim/include/turtlesim/turtlesim
[56.644s] -- Up-to-date: /home/aashvi/service_ws/install/turtlesim/include/turtlesim/turtlesim/msg
[56.645s] -- Installing: /home/aashvi/service_ws/install/turtlesim/include/turtlesim/turtlesim/msg/rosidl_typesupport_introspection_c__visibility_control.h
[56.645s] -- Up-to-date: /home/aashvi/service_ws/install/turtlesim/include/turtlesim/turtlesim/msg/detail
[56.645s] -- Installing: /home/aashvi/service_ws/install/turtlesim/include/turtlesim/turtlesim/msg/detail/color__type_support.c
[56.645s] -- Installing: /home/aashvi/service_ws/install/turtlesim/include/turtlesim/turtlesim/msg/detail/pose__rosidl_typesupport_introspection_c.h
[56.645s] -- Installing: /home/aashvi/service_ws/install/turtlesim/include/turtlesim/turtlesim/msg/detail/color__rosidl_typesupport_introspection_c.h
[56.645s] -- Installing: /home/aashvi/service_ws/install/turtlesim/include/turtlesim/turtlesim/msg/detail/pose__type_support.c
[56.646s] -- Up-to-date: /home/aashvi/service_ws/install/turtlesim/include/turtlesim/turtlesim/action
[56.646s] -- Up-to-date: /home/aashvi/service_ws/install/turtlesim/include/turtlesim/turtlesim/action/detail
[56.646s] -- Installing: /home/aashvi/service_ws/install/turtlesim/include/turtlesim/turtlesim/action/detail/rotate_absolute__rosidl_typesupport_introspection_c.h
[56.646s] -- Installing: /home/aashvi/service_ws/install/turtlesim/include/turtlesim/turtlesim/action/detail/rotate_absolute__type_support.c
[56.646s] -- Up-to-date: /home/aashvi/service_ws/install/turtlesim/include/turtlesim/turtlesim/srv
[56.646s] -- Up-to-date: /home/aashvi/service_ws/install/turtlesim/include/turtlesim/turtlesim/srv/detail
[56.646s] -- Installing: /home/aashvi/service_ws/install/turtlesim/include/turtlesim/turtlesim/srv/detail/teleport_absolute__rosidl_typesupport_introspection_c.h
[56.647s] -- Installing: /home/aashvi/service_ws/install/turtlesim/include/turtlesim/turtlesim/srv/detail/spawn__rosidl_typesupport_introspection_c.h
[56.647s] -- Installing: /home/aashvi/service_ws/install/turtlesim/include/turtlesim/turtlesim/srv/detail/set_pen__type_support.c
[56.647s] -- Installing: /home/aashvi/service_ws/install/turtlesim/include/turtlesim/turtlesim/srv/detail/kill__type_support.c
[56.647s] -- Installing: /home/aashvi/service_ws/install/turtlesim/include/turtlesim/turtlesim/srv/detail/teleport_absolute__type_support.c
[56.647s] -- Installing: /home/aashvi/service_ws/install/turtlesim/include/turtlesim/turtlesim/srv/detail/kill__rosidl_typesupport_introspection_c.h
[56.647s] -- Installing: /home/aashvi/service_ws/install/turtlesim/include/turtlesim/turtlesim/srv/detail/set_pen__rosidl_typesupport_introspection_c.h
[56.648s] -- Installing: /home/aashvi/service_ws/install/turtlesim/include/turtlesim/turtlesim/srv/detail/spawn__type_support.c
[56.648s] -- Installing: /home/aashvi/service_ws/install/turtlesim/include/turtlesim/turtlesim/srv/detail/teleport_relative__type_support.c
[56.648s] -- Installing: /home/aashvi/service_ws/install/turtlesim/include/turtlesim/turtlesim/srv/detail/teleport_relative__rosidl_typesupport_introspection_c.h
[56.648s] -- Installing: /home/aashvi/service_ws/install/turtlesim/lib/libturtlesim__rosidl_typesupport_introspection_c.so
[56.649s] -- Set runtime path of "/home/aashvi/service_ws/install/turtlesim/lib/libturtlesim__rosidl_typesupport_introspection_c.so" to ""
[56.649s] -- Installing: /home/aashvi/service_ws/install/turtlesim/lib/libturtlesim__rosidl_typesupport_c.so
[56.649s] -- Set runtime path of "/home/aashvi/service_ws/install/turtlesim/lib/libturtlesim__rosidl_typesupport_c.so" to ""
[56.649s] -- Up-to-date: /home/aashvi/service_ws/install/turtlesim/include/turtlesim/turtlesim
[56.649s] -- Up-to-date: /home/aashvi/service_ws/install/turtlesim/include/turtlesim/turtlesim/msg
[56.649s] -- Up-to-date: /home/aashvi/service_ws/install/turtlesim/include/turtlesim/turtlesim/msg/detail
[56.649s] -- Installing: /home/aashvi/service_ws/install/turtlesim/include/turtlesim/turtlesim/msg/detail/pose__rosidl_typesupport_introspection_cpp.hpp
[56.650s] -- Installing: /home/aashvi/service_ws/install/turtlesim/include/turtlesim/turtlesim/msg/detail/color__rosidl_typesupport_introspection_cpp.hpp
[56.650s] -- Installing: /home/aashvi/service_ws/install/turtlesim/include/turtlesim/turtlesim/msg/detail/color__type_support.cpp
[56.650s] -- Installing: /home/aashvi/service_ws/install/turtlesim/include/turtlesim/turtlesim/msg/detail/pose__type_support.cpp
[56.650s] -- Up-to-date: /home/aashvi/service_ws/install/turtlesim/include/turtlesim/turtlesim/action
[56.650s] -- Up-to-date: /home/aashvi/service_ws/install/turtlesim/include/turtlesim/turtlesim/action/detail
[56.650s] -- Installing: /home/aashvi/service_ws/install/turtlesim/include/turtlesim/turtlesim/action/detail/rotate_absolute__rosidl_typesupport_introspection_cpp.hpp
[56.650s] -- Installing: /home/aashvi/service_ws/install/turtlesim/include/turtlesim/turtlesim/action/detail/rotate_absolute__type_support.cpp
[56.651s] -- Up-to-date: /home/aashvi/service_ws/install/turtlesim/include/turtlesim/turtlesim/srv
[56.651s] -- Up-to-date: /home/aashvi/service_ws/install/turtlesim/include/turtlesim/turtlesim/srv/detail
[56.651s] -- Installing: /home/aashvi/service_ws/install/turtlesim/include/turtlesim/turtlesim/srv/detail/teleport_absolute__type_support.cpp
[56.651s] -- Installing: /home/aashvi/service_ws/install/turtlesim/include/turtlesim/turtlesim/srv/detail/set_pen__type_support.cpp
[56.651s] -- Installing: /home/aashvi/service_ws/install/turtlesim/include/turtlesim/turtlesim/srv/detail/spawn__rosidl_typesupport_introspection_cpp.hpp
[56.651s] -- Installing: /home/aashvi/service_ws/install/turtlesim/include/turtlesim/turtlesim/srv/detail/teleport_absolute__rosidl_typesupport_introspection_cpp.hpp
[56.652s] -- Installing: /home/aashvi/service_ws/install/turtlesim/include/turtlesim/turtlesim/srv/detail/teleport_relative__rosidl_typesupport_introspection_cpp.hpp
[56.652s] -- Installing: /home/aashvi/service_ws/install/turtlesim/include/turtlesim/turtlesim/srv/detail/set_pen__rosidl_typesupport_introspection_cpp.hpp
[56.652s] -- Installing: /home/aashvi/service_ws/install/turtlesim/include/turtlesim/turtlesim/srv/detail/spawn__type_support.cpp
[56.652s] -- Installing: /home/aashvi/service_ws/install/turtlesim/include/turtlesim/turtlesim/srv/detail/teleport_relative__type_support.cpp
[56.652s] -- Installing: /home/aashvi/service_ws/install/turtlesim/include/turtlesim/turtlesim/srv/detail/kill__type_support.cpp
[56.652s] -- Installing: /home/aashvi/service_ws/install/turtlesim/include/turtlesim/turtlesim/srv/detail/kill__rosidl_typesupport_introspection_cpp.hpp
[56.653s] -- Installing: /home/aashvi/service_ws/install/turtlesim/lib/libturtlesim__rosidl_typesupport_introspection_cpp.so
[56.653s] -- Set runtime path of "/home/aashvi/service_ws/install/turtlesim/lib/libturtlesim__rosidl_typesupport_introspection_cpp.so" to ""
[56.654s] -- Installing: /home/aashvi/service_ws/install/turtlesim/lib/libturtlesim__rosidl_typesupport_cpp.so
[56.654s] -- Set runtime path of "/home/aashvi/service_ws/install/turtlesim/lib/libturtlesim__rosidl_typesupport_cpp.so" to ""
[56.654s] -- Installing: /home/aashvi/service_ws/install/turtlesim/share/turtlesim/environment/pythonpath.sh
[56.654s] -- Installing: /home/aashvi/service_ws/install/turtlesim/share/turtlesim/environment/pythonpath.dsv
[56.655s] -- Installing: /home/aashvi/service_ws/install/turtlesim/local/lib/python3.10/dist-packages/turtlesim-1.4.2-py3.10.egg-info
[56.655s] -- Installing: /home/aashvi/service_ws/install/turtlesim/local/lib/python3.10/dist-packages/turtlesim-1.4.2-py3.10.egg-info/SOURCES.txt
[56.655s] -- Installing: /home/aashvi/service_ws/install/turtlesim/local/lib/python3.10/dist-packages/turtlesim-1.4.2-py3.10.egg-info/top_level.txt
[56.655s] -- Installing: /home/aashvi/service_ws/install/turtlesim/local/lib/python3.10/dist-packages/turtlesim-1.4.2-py3.10.egg-info/PKG-INFO
[56.655s] -- Installing: /home/aashvi/service_ws/install/turtlesim/local/lib/python3.10/dist-packages/turtlesim-1.4.2-py3.10.egg-info/dependency_links.txt
[56.655s] -- Installing: /home/aashvi/service_ws/install/turtlesim/local/lib/python3.10/dist-packages/turtlesim
[56.656s] -- Installing: /home/aashvi/service_ws/install/turtlesim/local/lib/python3.10/dist-packages/turtlesim/_turtlesim_s.ep.rosidl_typesupport_c.c
[56.656s] -- Installing: /home/aashvi/service_ws/install/turtlesim/local/lib/python3.10/dist-packages/turtlesim/msg
[56.656s] -- Installing: /home/aashvi/service_ws/install/turtlesim/local/lib/python3.10/dist-packages/turtlesim/msg/_pose.py
[56.656s] -- Installing: /home/aashvi/service_ws/install/turtlesim/local/lib/python3.10/dist-packages/turtlesim/msg/_color_s.c
[56.656s] -- Installing: /home/aashvi/service_ws/install/turtlesim/local/lib/python3.10/dist-packages/turtlesim/msg/__init__.py
[56.656s] -- Installing: /home/aashvi/service_ws/install/turtlesim/local/lib/python3.10/dist-packages/turtlesim/msg/_color.py
[56.657s] -- Installing: /home/aashvi/service_ws/install/turtlesim/local/lib/python3.10/dist-packages/turtlesim/msg/_pose_s.c
[56.657s] -- Installing: /home/aashvi/service_ws/install/turtlesim/local/lib/python3.10/dist-packages/turtlesim/__init__.py
[56.657s] -- Installing: /home/aashvi/service_ws/install/turtlesim/local/lib/python3.10/dist-packages/turtlesim/libturtlesim__rosidl_generator_py.so
[56.658s] -- Installing: /home/aashvi/service_ws/install/turtlesim/local/lib/python3.10/dist-packages/turtlesim/action
[56.658s] -- Installing: /home/aashvi/service_ws/install/turtlesim/local/lib/python3.10/dist-packages/turtlesim/action/__init__.py
[56.658s] -- Installing: /home/aashvi/service_ws/install/turtlesim/local/lib/python3.10/dist-packages/turtlesim/action/_rotate_absolute.py
[56.659s] -- Installing: /home/aashvi/service_ws/install/turtlesim/local/lib/python3.10/dist-packages/turtlesim/action/_rotate_absolute_s.c
[56.660s] -- Installing: /home/aashvi/service_ws/install/turtlesim/local/lib/python3.10/dist-packages/turtlesim/_turtlesim_s.ep.rosidl_typesupport_fastrtps_c.c
[56.660s] -- Installing: /home/aashvi/service_ws/install/turtlesim/local/lib/python3.10/dist-packages/turtlesim/turtlesim_s__rosidl_typesupport_introspection_c.cpython-310-aarch64-linux-gnu.so
[56.661s] -- Installing: /home/aashvi/service_ws/install/turtlesim/local/lib/python3.10/dist-packages/turtlesim/turtlesim_s__rosidl_typesupport_fastrtps_c.cpython-310-aarch64-linux-gnu.so
[56.662s] -- Installing: /home/aashvi/service_ws/install/turtlesim/local/lib/python3.10/dist-packages/turtlesim/_turtlesim_s.ep.rosidl_typesupport_introspection_c.c
[56.662s] -- Installing: /home/aashvi/service_ws/install/turtlesim/local/lib/python3.10/dist-packages/turtlesim/srv
[56.662s] -- Installing: /home/aashvi/service_ws/install/turtlesim/local/lib/python3.10/dist-packages/turtlesim/srv/_kill_s.c
[56.662s] -- Installing: /home/aashvi/service_ws/install/turtlesim/local/lib/python3.10/dist-packages/turtlesim/srv/_teleport_relative.py
[56.663s] -- Installing: /home/aashvi/service_ws/install/turtlesim/local/lib/python3.10/dist-packages/turtlesim/srv/_kill.py
[56.663s] -- Installing: /home/aashvi/service_ws/install/turtlesim/local/lib/python3.10/dist-packages/turtlesim/srv/_teleport_absolute.py
[56.663s] -- Installing: /home/aashvi/service_ws/install/turtlesim/local/lib/python3.10/dist-packages/turtlesim/srv/_set_pen_s.c
[56.663s] -- Installing: /home/aashvi/service_ws/install/turtlesim/local/lib/python3.10/dist-packages/turtlesim/srv/_spawn.py
[56.663s] -- Installing: /home/aashvi/service_ws/install/turtlesim/local/lib/python3.10/dist-packages/turtlesim/srv/__init__.py
[56.663s] -- Installing: /home/aashvi/service_ws/install/turtlesim/local/lib/python3.10/dist-packages/turtlesim/srv/_teleport_relative_s.c
[56.663s] -- Installing: /home/aashvi/service_ws/install/turtlesim/local/lib/python3.10/dist-packages/turtlesim/srv/_spawn_s.c
[56.663s] -- Installing: /home/aashvi/service_ws/install/turtlesim/local/lib/python3.10/dist-packages/turtlesim/srv/_set_pen.py
[56.664s] -- Installing: /home/aashvi/service_ws/install/turtlesim/local/lib/python3.10/dist-packages/turtlesim/srv/_teleport_absolute_s.c
[56.664s] -- Installing: /home/aashvi/service_ws/install/turtlesim/local/lib/python3.10/dist-packages/turtlesim/turtlesim_s__rosidl_typesupport_c.cpython-310-aarch64-linux-gnu.so
[56.742s] Listing '/home/aashvi/service_ws/install/turtlesim/local/lib/python3.10/dist-packages/turtlesim'...
[56.743s] Compiling '/home/aashvi/service_ws/install/turtlesim/local/lib/python3.10/dist-packages/turtlesim/__init__.py'...
[56.743s] Listing '/home/aashvi/service_ws/install/turtlesim/local/lib/python3.10/dist-packages/turtlesim/action'...
[56.743s] Compiling '/home/aashvi/service_ws/install/turtlesim/local/lib/python3.10/dist-packages/turtlesim/action/__init__.py'...
[56.743s] Compiling '/home/aashvi/service_ws/install/turtlesim/local/lib/python3.10/dist-packages/turtlesim/action/_rotate_absolute.py'...
[56.743s] Listing '/home/aashvi/service_ws/install/turtlesim/local/lib/python3.10/dist-packages/turtlesim/msg'...
[56.743s] Compiling '/home/aashvi/service_ws/install/turtlesim/local/lib/python3.10/dist-packages/turtlesim/msg/__init__.py'...
[56.743s] Compiling '/home/aashvi/service_ws/install/turtlesim/local/lib/python3.10/dist-packages/turtlesim/msg/_color.py'...
[56.743s] Compiling '/home/aashvi/service_ws/install/turtlesim/local/lib/python3.10/dist-packages/turtlesim/msg/_pose.py'...
[56.743s] Listing '/home/aashvi/service_ws/install/turtlesim/local/lib/python3.10/dist-packages/turtlesim/srv'...
[56.743s] Compiling '/home/aashvi/service_ws/install/turtlesim/local/lib/python3.10/dist-packages/turtlesim/srv/__init__.py'...
[56.743s] Compiling '/home/aashvi/service_ws/install/turtlesim/local/lib/python3.10/dist-packages/turtlesim/srv/_kill.py'...
[56.743s] Compiling '/home/aashvi/service_ws/install/turtlesim/local/lib/python3.10/dist-packages/turtlesim/srv/_set_pen.py'...
[56.743s] Compiling '/home/aashvi/service_ws/install/turtlesim/local/lib/python3.10/dist-packages/turtlesim/srv/_spawn.py'...
[56.743s] Compiling '/home/aashvi/service_ws/install/turtlesim/local/lib/python3.10/dist-packages/turtlesim/srv/_teleport_absolute.py'...
[56.743s] Compiling '/home/aashvi/service_ws/install/turtlesim/local/lib/python3.10/dist-packages/turtlesim/srv/_teleport_relative.py'...
[56.745s] -- Installing: /home/aashvi/service_ws/install/turtlesim/local/lib/python3.10/dist-packages/turtlesim/turtlesim_s__rosidl_typesupport_fastrtps_c.cpython-310-aarch64-linux-gnu.so
[56.745s] -- Set runtime path of "/home/aashvi/service_ws/install/turtlesim/local/lib/python3.10/dist-packages/turtlesim/turtlesim_s__rosidl_typesupport_fastrtps_c.cpython-310-aarch64-linux-gnu.so" to ""
[56.745s] -- Installing: /home/aashvi/service_ws/install/turtlesim/local/lib/python3.10/dist-packages/turtlesim/turtlesim_s__rosidl_typesupport_introspection_c.cpython-310-aarch64-linux-gnu.so
[56.746s] -- Set runtime path of "/home/aashvi/service_ws/install/turtlesim/local/lib/python3.10/dist-packages/turtlesim/turtlesim_s__rosidl_typesupport_introspection_c.cpython-310-aarch64-linux-gnu.so" to ""
[56.746s] -- Installing: /home/aashvi/service_ws/install/turtlesim/local/lib/python3.10/dist-packages/turtlesim/turtlesim_s__rosidl_typesupport_c.cpython-310-aarch64-linux-gnu.so
[56.746s] -- Set runtime path of "/home/aashvi/service_ws/install/turtlesim/local/lib/python3.10/dist-packages/turtlesim/turtlesim_s__rosidl_typesupport_c.cpython-310-aarch64-linux-gnu.so" to ""
[56.746s] -- Installing: /home/aashvi/service_ws/install/turtlesim/lib/libturtlesim__rosidl_generator_py.so
[56.746s] -- Set runtime path of "/home/aashvi/service_ws/install/turtlesim/lib/libturtlesim__rosidl_generator_py.so" to ""
[56.746s] -- Installing: /home/aashvi/service_ws/install/turtlesim/share/turtlesim/action/RotateAbsolute.idl
[56.747s] -- Installing: /home/aashvi/service_ws/install/turtlesim/share/turtlesim/msg/Color.idl
[56.747s] -- Installing: /home/aashvi/service_ws/install/turtlesim/share/turtlesim/msg/Pose.idl
[56.747s] -- Installing: /home/aashvi/service_ws/install/turtlesim/share/turtlesim/srv/Kill.idl
[56.747s] -- Installing: /home/aashvi/service_ws/install/turtlesim/share/turtlesim/srv/SetPen.idl
[56.747s] -- Installing: /home/aashvi/service_ws/install/turtlesim/share/turtlesim/srv/Spawn.idl
[56.748s] -- Installing: /home/aashvi/service_ws/install/turtlesim/share/turtlesim/srv/TeleportAbsolute.idl
[56.748s] -- Installing: /home/aashvi/service_ws/install/turtlesim/share/turtlesim/srv/TeleportRelative.idl
[56.748s] -- Installing: /home/aashvi/service_ws/install/turtlesim/share/turtlesim/action/RotateAbsolute.action
[56.749s] -- Installing: /home/aashvi/service_ws/install/turtlesim/share/turtlesim/msg/Color.msg
[56.749s] -- Installing: /home/aashvi/service_ws/install/turtlesim/share/turtlesim/msg/Pose.msg
[56.749s] -- Installing: /home/aashvi/service_ws/install/turtlesim/share/turtlesim/srv/Kill.srv
[56.750s] -- Installing: /home/aashvi/service_ws/install/turtlesim/share/turtlesim/srv/Kill_Request.msg
[56.750s] -- Installing: /home/aashvi/service_ws/install/turtlesim/share/turtlesim/srv/Kill_Response.msg
[56.750s] -- Installing: /home/aashvi/service_ws/install/turtlesim/share/turtlesim/srv/SetPen.srv
[56.750s] -- Installing: /home/aashvi/service_ws/install/turtlesim/share/turtlesim/srv/SetPen_Request.msg
[56.750s] -- Installing: /home/aashvi/service_ws/install/turtlesim/share/turtlesim/srv/SetPen_Response.msg
[56.750s] -- Installing: /home/aashvi/service_ws/install/turtlesim/share/turtlesim/srv/Spawn.srv
[56.751s] -- Installing: /home/aashvi/service_ws/install/turtlesim/share/turtlesim/srv/Spawn_Request.msg
[56.751s] -- Installing: /home/aashvi/service_ws/install/turtlesim/share/turtlesim/srv/Spawn_Response.msg
[56.751s] -- Installing: /home/aashvi/service_ws/install/turtlesim/share/turtlesim/srv/TeleportAbsolute.srv
[56.751s] -- Installing: /home/aashvi/service_ws/install/turtlesim/share/turtlesim/srv/TeleportAbsolute_Request.msg
[56.751s] -- Installing: /home/aashvi/service_ws/install/turtlesim/share/turtlesim/srv/TeleportAbsolute_Response.msg
[56.751s] -- Installing: /home/aashvi/service_ws/install/turtlesim/share/turtlesim/srv/TeleportRelative.srv
[56.752s] -- Installing: /home/aashvi/service_ws/install/turtlesim/share/turtlesim/srv/TeleportRelative_Request.msg
[56.752s] -- Installing: /home/aashvi/service_ws/install/turtlesim/share/turtlesim/srv/TeleportRelative_Response.msg
[56.752s] -- Installing: /home/aashvi/service_ws/install/turtlesim/lib/turtlesim/turtlesim_node
[56.756s] -- Set runtime path of "/home/aashvi/service_ws/install/turtlesim/lib/turtlesim/turtlesim_node" to ""
[56.756s] -- Installing: /home/aashvi/service_ws/install/turtlesim/lib/turtlesim/turtle_teleop_key
[56.758s] -- Set runtime path of "/home/aashvi/service_ws/install/turtlesim/lib/turtlesim/turtle_teleop_key" to ""
[56.758s] -- Installing: /home/aashvi/service_ws/install/turtlesim/lib/turtlesim/draw_square
[56.761s] -- Set runtime path of "/home/aashvi/service_ws/install/turtlesim/lib/turtlesim/draw_square" to ""
[56.761s] -- Installing: /home/aashvi/service_ws/install/turtlesim/lib/turtlesim/mimic
[56.764s] -- Set runtime path of "/home/aashvi/service_ws/install/turtlesim/lib/turtlesim/mimic" to ""
[56.764s] -- Installing: /home/aashvi/service_ws/install/turtlesim/share/turtlesim/images
[56.764s] -- Installing: /home/aashvi/service_ws/install/turtlesim/share/turtlesim/images/dashing.png
[56.765s] -- Installing: /home/aashvi/service_ws/install/turtlesim/share/turtlesim/images/ardent.png
[56.765s] -- Installing: /home/aashvi/service_ws/install/turtlesim/share/turtlesim/images/rolling.png
[56.765s] -- Installing: /home/aashvi/service_ws/install/turtlesim/share/turtlesim/images/crystal.png
[56.765s] -- Installing: /home/aashvi/service_ws/install/turtlesim/share/turtlesim/images/galactic.png
[56.765s] -- Installing: /home/aashvi/service_ws/install/turtlesim/share/turtlesim/images/humble.png
[56.766s] -- Installing: /home/aashvi/service_ws/install/turtlesim/share/turtlesim/images/foxy.png
[56.766s] -- Installing: /home/aashvi/service_ws/install/turtlesim/share/turtlesim/images/bouncy.png
[56.766s] -- Installing: /home/aashvi/service_ws/install/turtlesim/share/turtlesim/images/eloquent.png
[56.766s] -- Installing: /home/aashvi/service_ws/install/turtlesim/share/turtlesim/launch
[56.766s] -- Installing: /home/aashvi/service_ws/install/turtlesim/share/turtlesim/launch/multisim.launch.py
[56.767s] -- Installing: /home/aashvi/service_ws/install/turtlesim/share/ament_index/resource_index/package_run_dependencies/turtlesim
[56.767s] -- Installing: /home/aashvi/service_ws/install/turtlesim/share/ament_index/resource_index/parent_prefix_path/turtlesim
[56.769s] -- Installing: /home/aashvi/service_ws/install/turtlesim/share/turtlesim/environment/ament_prefix_path.sh
[56.781s] -- Installing: /home/aashvi/service_ws/install/turtlesim/share/turtlesim/environment/ament_prefix_path.dsv
[56.781s] -- Installing: /home/aashvi/service_ws/install/turtlesim/share/turtlesim/environment/path.sh
[56.781s] -- Installing: /home/aashvi/service_ws/install/turtlesim/share/turtlesim/environment/path.dsv
[56.781s] -- Installing: /home/aashvi/service_ws/install/turtlesim/share/turtlesim/local_setup.bash
[56.782s] -- Installing: /home/aashvi/service_ws/install/turtlesim/share/turtlesim/local_setup.sh
[56.782s] -- Installing: /home/aashvi/service_ws/install/turtlesim/share/turtlesim/local_setup.zsh
[56.782s] -- Installing: /home/aashvi/service_ws/install/turtlesim/share/turtlesim/local_setup.dsv
[56.782s] -- Installing: /home/aashvi/service_ws/install/turtlesim/share/turtlesim/package.dsv
[56.783s] -- Installing: /home/aashvi/service_ws/install/turtlesim/share/ament_index/resource_index/packages/turtlesim
[56.783s] -- Installing: /home/aashvi/service_ws/install/turtlesim/share/turtlesim/cmake/export_turtlesim__rosidl_generator_cExport.cmake
[56.783s] -- Installing: /home/aashvi/service_ws/install/turtlesim/share/turtlesim/cmake/export_turtlesim__rosidl_generator_cExport-noconfig.cmake
[56.784s] -- Installing: /home/aashvi/service_ws/install/turtlesim/share/turtlesim/cmake/export_turtlesim__rosidl_typesupport_fastrtps_cExport.cmake
[56.784s] -- Installing: /home/aashvi/service_ws/install/turtlesim/share/turtlesim/cmake/export_turtlesim__rosidl_typesupport_fastrtps_cExport-noconfig.cmake
[56.784s] -- Installing: /home/aashvi/service_ws/install/turtlesim/share/turtlesim/cmake/export_turtlesim__rosidl_generator_cppExport.cmake
[56.784s] -- Installing: /home/aashvi/service_ws/install/turtlesim/share/turtlesim/cmake/export_turtlesim__rosidl_typesupport_fastrtps_cppExport.cmake
[56.784s] -- Installing: /home/aashvi/service_ws/install/turtlesim/share/turtlesim/cmake/export_turtlesim__rosidl_typesupport_fastrtps_cppExport-noconfig.cmake
[56.784s] -- Installing: /home/aashvi/service_ws/install/turtlesim/share/turtlesim/cmake/turtlesim__rosidl_typesupport_introspection_cExport.cmake
[56.785s] -- Installing: /home/aashvi/service_ws/install/turtlesim/share/turtlesim/cmake/turtlesim__rosidl_typesupport_introspection_cExport-noconfig.cmake
[56.785s] -- Installing: /home/aashvi/service_ws/install/turtlesim/share/turtlesim/cmake/turtlesim__rosidl_typesupport_cExport.cmake
[56.785s] -- Installing: /home/aashvi/service_ws/install/turtlesim/share/turtlesim/cmake/turtlesim__rosidl_typesupport_cExport-noconfig.cmake
[56.785s] -- Installing: /home/aashvi/service_ws/install/turtlesim/share/turtlesim/cmake/turtlesim__rosidl_typesupport_introspection_cppExport.cmake
[56.785s] -- Installing: /home/aashvi/service_ws/install/turtlesim/share/turtlesim/cmake/turtlesim__rosidl_typesupport_introspection_cppExport-noconfig.cmake
[56.786s] -- Installing: /home/aashvi/service_ws/install/turtlesim/share/turtlesim/cmake/turtlesim__rosidl_typesupport_cppExport.cmake
[56.786s] -- Installing: /home/aashvi/service_ws/install/turtlesim/share/turtlesim/cmake/turtlesim__rosidl_typesupport_cppExport-noconfig.cmake
[56.786s] -- Installing: /home/aashvi/service_ws/install/turtlesim/share/turtlesim/cmake/export_turtlesim__rosidl_generator_pyExport.cmake
[56.786s] -- Installing: /home/aashvi/service_ws/install/turtlesim/share/turtlesim/cmake/export_turtlesim__rosidl_generator_pyExport-noconfig.cmake
[56.786s] -- Installing: /home/aashvi/service_ws/install/turtlesim/share/turtlesim/cmake/rosidl_cmake-extras.cmake
[56.787s] -- Installing: /home/aashvi/service_ws/install/turtlesim/share/turtlesim/cmake/ament_cmake_export_dependencies-extras.cmake
[56.787s] -- Installing: /home/aashvi/service_ws/install/turtlesim/share/turtlesim/cmake/ament_cmake_export_include_directories-extras.cmake
[56.787s] -- Installing: /home/aashvi/service_ws/install/turtlesim/share/turtlesim/cmake/ament_cmake_export_libraries-extras.cmake
[56.787s] -- Installing: /home/aashvi/service_ws/install/turtlesim/share/turtlesim/cmake/ament_cmake_export_targets-extras.cmake
[56.788s] -- Installing: /home/aashvi/service_ws/install/turtlesim/share/turtlesim/cmake/rosidl_cmake_export_typesupport_targets-extras.cmake
[56.788s] -- Installing: /home/aashvi/service_ws/install/turtlesim/share/turtlesim/cmake/rosidl_cmake_export_typesupport_libraries-extras.cmake
[56.788s] -- Installing: /home/aashvi/service_ws/install/turtlesim/share/turtlesim/cmake/turtlesimConfig.cmake
[56.788s] -- Installing: /home/aashvi/service_ws/install/turtlesim/share/turtlesim/cmake/turtlesimConfig-version.cmake
[56.788s] -- Installing: /home/aashvi/service_ws/install/turtlesim/share/turtlesim/package.xml
[56.791s] Invoked command in '/home/aashvi/service_ws/build/turtlesim' returned '0': CMAKE_PREFIX_PATH=${CMAKE_PREFIX_PATH}:/home/aashvi/ros2_ws/src/install/py_pubsub:/home/aashvi/ros2_ws/install/py_pubsub:/home/aashvi/ros2_ws/install/turtle_mover:/home/aashvi/ros2_ws/install/my_robot_controller:/home/aashvi/ros2_ws/install/my_package:/home/aashvi/ros2_ws/install/launch_testing_examples:/home/aashvi/ros2_ws/install/examples_rclpy_pointcloud_publisher:/home/aashvi/ros2_ws/install/examples_rclpy_minimal_subscriber:/home/aashvi/ros2_ws/install/examples_rclpy_minimal_service:/home/aashvi/ros2_ws/install/examples_rclpy_minimal_publisher:/home/aashvi/ros2_ws/install/examples_rclpy_minimal_client:/home/aashvi/ros2_ws/install/examples_rclpy_minimal_action_server:/home/aashvi/ros2_ws/install/examples_rclpy_minimal_action_client:/home/aashvi/ros2_ws/install/examples_rclpy_guard_conditions:/home/aashvi/ros2_ws/install/examples_rclpy_executors:/home/aashvi/ros2_ws/src/install/turtle_mover:/opt/ros/humble /usr/bin/cmake --install /home/aashvi/service_ws/build/turtlesim
