-- Found ament_cmake: 1.3.11 (/opt/ros/humble/share/ament_cmake/cmake)
-- Override CMake install command with custom implementation using symlinks instead of copying resources
-- Found rclcpp: 16.0.11 (/opt/ros/humble/share/rclcpp/cmake)
-- Found rosidl_generator_c: 3.1.6 (/opt/ros/humble/share/rosidl_generator_c/cmake)
-- Found rosidl_adapter: 3.1.6 (/opt/ros/humble/share/rosidl_adapter/cmake)
-- Found rosidl_generator_cpp: 3.1.6 (/opt/ros/humble/share/rosidl_generator_cpp/cmake)
-- Using all available rosidl_typesupport_c: rosidl_typesupport_fastrtps_c;rosidl_typesupport_introspection_c
-- Using all available rosidl_typesupport_cpp: rosidl_typesupport_fastrtps_cpp;rosidl_typesupport_introspection_cpp
-- Found rmw_implementation_cmake: 6.1.2 (/opt/ros/humble/share/rmw_implementation_cmake/cmake)
-- Found rmw_fastrtps_cpp: 6.2.7 (/opt/ros/humble/share/rmw_fastrtps_cpp/cmake)
-- Using RMW implementation 'rmw_fastrtps_cpp' as default
-- Found geometry_msgs: 4.2.4 (/opt/ros/humble/share/geometry_msgs/cmake)
-- Found turtlesim: 1.4.2 (/home/aashvi/polygon_ws/install/turtlesim/share/turtlesim/cmake)
-- Found tutorial_interfaces: 0.0.0 (/home/aashvi/polygon_ws/install/tutorial_interfaces/share/tutorial_interfaces/cmake)
-- Configuring done
-- Generating done
-- Build files have been written to: /home/aashvi/polygon_ws/build/polygon_pkg_cpp
[35m[1mConsolidate compiler generated dependencies of target polygon_client[0m
[35m[1mConsolidate compiler generated dependencies of target draw_polygon_server[0m
[ 25%] [32mBuilding CXX object CMakeFiles/draw_polygon_server.dir/src/service_server.cpp.o[0m
[ 50%] [32m[1mLinking CXX executable polygon_client[0m
[ 75%] Built target polygon_client
[100%] [32m[1mLinking CXX executable draw_polygon_server[0m
[100%] Built target draw_polygon_server
-- Install configuration: ""
-- Execute custom install script
-- Symlinking: /home/aashvi/polygon_ws/install/polygon_pkg_cpp/lib/polygon_pkg_cpp/draw_polygon_server
-- Symlinking: /home/aashvi/polygon_ws/install/polygon_pkg_cpp/lib/polygon_pkg_cpp/polygon_client
-- Symlinking: /home/aashvi/polygon_ws/install/polygon_pkg_cpp/share/ament_index/resource_index/package_run_dependencies/polygon_pkg_cpp
-- Symlinking: /home/aashvi/polygon_ws/install/polygon_pkg_cpp/share/ament_index/resource_index/parent_prefix_path/polygon_pkg_cpp
-- Symlinking: /home/aashvi/polygon_ws/install/polygon_pkg_cpp/share/polygon_pkg_cpp/environment/ament_prefix_path.sh
-- Symlinking: /home/aashvi/polygon_ws/install/polygon_pkg_cpp/share/polygon_pkg_cpp/environment/ament_prefix_path.dsv
-- Symlinking: /home/aashvi/polygon_ws/install/polygon_pkg_cpp/share/polygon_pkg_cpp/environment/path.sh
-- Symlinking: /home/aashvi/polygon_ws/install/polygon_pkg_cpp/share/polygon_pkg_cpp/environment/path.dsv
-- Symlinking: /home/aashvi/polygon_ws/install/polygon_pkg_cpp/share/polygon_pkg_cpp/local_setup.bash
-- Symlinking: /home/aashvi/polygon_ws/install/polygon_pkg_cpp/share/polygon_pkg_cpp/local_setup.sh
-- Symlinking: /home/aashvi/polygon_ws/install/polygon_pkg_cpp/share/polygon_pkg_cpp/local_setup.zsh
-- Symlinking: /home/aashvi/polygon_ws/install/polygon_pkg_cpp/share/polygon_pkg_cpp/local_setup.dsv
-- Symlinking: /home/aashvi/polygon_ws/install/polygon_pkg_cpp/share/polygon_pkg_cpp/package.dsv
-- Symlinking: /home/aashvi/polygon_ws/install/polygon_pkg_cpp/share/ament_index/resource_index/packages/polygon_pkg_cpp
-- Symlinking: /home/aashvi/polygon_ws/install/polygon_pkg_cpp/share/polygon_pkg_cpp/cmake/polygon_pkg_cppConfig.cmake
-- Symlinking: /home/aashvi/polygon_ws/install/polygon_pkg_cpp/share/polygon_pkg_cpp/cmake/polygon_pkg_cppConfig-version.cmake
-- Symlinking: /home/aashvi/polygon_ws/install/polygon_pkg_cpp/share/polygon_pkg_cpp/package.xml
