[0.008s] Invoking command in '/home/aashvi/launch_ws/build/learning_tf2_cpp': CMAKE_PREFIX_PATH=${CMAKE_PREFIX_PATH}:/home/aashvi/launch_ws/install/py_launch_example:/home/aashvi/launch_ws/install/learning_tf2_py:/home/aashvi/launch_ws/install/launch_tutorial:/home/aashvi/ros2_ws/install/turtle_mover:/home/aashvi/ros2_ws/install/my_robot_controller:/home/aashvi/ros2_ws/install/py_pubsub:/home/aashvi/ros2_ws/install/my_package:/home/aashvi/polygon_ws/install/polygon_pkg:/home/aashvi/service_ws/install/py_srvcli:/opt/ros/humble /usr/bin/cmake --build /home/aashvi/launch_ws/build/learning_tf2_cpp -- -j4 -l4
[0.070s] -- Found ament_cmake: 1.3.11 (/opt/ros/humble/share/ament_cmake/cmake)
[0.154s] -- Override CMake install command with custom implementation using symlinks instead of copying resources
[0.163s] -- Found geometry_msgs: 4.2.4 (/opt/ros/humble/share/geometry_msgs/cmake)
[0.186s] -- Found rosidl_generator_c: 3.1.6 (/opt/ros/humble/share/rosidl_generator_c/cmake)
[0.188s] -- Found rosidl_adapter: 3.1.6 (/opt/ros/humble/share/rosidl_adapter/cmake)
[0.193s] -- Found rosidl_generator_cpp: 3.1.6 (/opt/ros/humble/share/rosidl_generator_cpp/cmake)
[0.201s] -- Using all available rosidl_typesupport_c: rosidl_typesupport_fastrtps_c;rosidl_typesupport_introspection_c
[0.210s] -- Using all available rosidl_typesupport_cpp: rosidl_typesupport_fastrtps_cpp;rosidl_typesupport_introspection_cpp
[0.234s] -- Found rclcpp: 16.0.11 (/opt/ros/humble/share/rclcpp/cmake)
[0.254s] -- Found rmw_implementation_cmake: 6.1.2 (/opt/ros/humble/share/rmw_implementation_cmake/cmake)
[0.256s] -- Found rmw_fastrtps_cpp: 6.2.7 (/opt/ros/humble/share/rmw_fastrtps_cpp/cmake)
[0.321s] -- Using RMW implementation 'rmw_fastrtps_cpp' as default
[0.350s] -- Found tf2: 0.25.11 (/opt/ros/humble/share/tf2/cmake)
[0.353s] -- Found tf2_ros: 0.25.11 (/opt/ros/humble/share/tf2_ros/cmake)
[0.407s] -- Found turtlesim: 1.4.2 (/home/aashvi/ros2_ws/install/turtlesim/share/turtlesim/cmake)
[0.421s] -- Found ament_lint_auto: 0.12.11 (/opt/ros/humble/share/ament_lint_auto/cmake)
[0.467s] -- Added test 'cppcheck' to perform static code analysis on C / C++ code
[0.467s] -- Configured cppcheck include dirs: 
[0.467s] -- Configured cppcheck exclude dirs and/or files: 
[0.467s] -- Added test 'flake8' to check Python code syntax and style conventions
[0.468s] -- Added test 'lint_cmake' to check CMake code style
[0.468s] -- Added test 'pep257' to check Python code against some of the docstring style conventions in PEP 257
[0.468s] -- Added test 'uncrustify' to check C / C++ code style
[0.468s] -- Configured uncrustify additional arguments: 
[0.468s] -- Added test 'xmllint' to check XML markup files
[0.469s] -- Configuring done
[0.488s] -- Generating done
[0.494s] -- Build files have been written to: /home/aashvi/launch_ws/build/learning_tf2_cpp
[0.508s] [35m[1mConsolidate compiler generated dependencies of target turtle_tf2_broadcaster[0m
[0.508s] [35m[1mConsolidate compiler generated dependencies of target static_turtle_tf2_broadcaster[0m
[0.508s] [35m[1mConsolidate compiler generated dependencies of target turtle_tf2_listener[0m
[0.519s] [ 10%] [32mBuilding CXX object CMakeFiles/fixed_frame_tf2_broadcaster.dir/src/fixed_frame_tf2_broadcaster.cpp.o[0m
[0.519s] [ 30%] Built target static_turtle_tf2_broadcaster
[0.520s] [ 50%] Built target turtle_tf2_broadcaster
[0.521s] [ 70%] Built target turtle_tf2_listener
[0.528s] [ 80%] [32mBuilding CXX object CMakeFiles/dynamic_frame_tf2_broadcaster.dir/src/dynamic_frame_tf2_broadcaster.cpp.o[0m
[3.141s] [100%] [32m[1mLinking CXX executable dynamic_frame_tf2_broadcaster[0m
[3.142s] [100%] [32m[1mLinking CXX executable fixed_frame_tf2_broadcaster[0m
[3.272s] [100%] Built target fixed_frame_tf2_broadcaster
[3.272s] [100%] Built target dynamic_frame_tf2_broadcaster
[3.286s] Invoked command in '/home/aashvi/launch_ws/build/learning_tf2_cpp' returned '0': CMAKE_PREFIX_PATH=${CMAKE_PREFIX_PATH}:/home/aashvi/launch_ws/install/py_launch_example:/home/aashvi/launch_ws/install/learning_tf2_py:/home/aashvi/launch_ws/install/launch_tutorial:/home/aashvi/ros2_ws/install/turtle_mover:/home/aashvi/ros2_ws/install/my_robot_controller:/home/aashvi/ros2_ws/install/py_pubsub:/home/aashvi/ros2_ws/install/my_package:/home/aashvi/polygon_ws/install/polygon_pkg:/home/aashvi/service_ws/install/py_srvcli:/opt/ros/humble /usr/bin/cmake --build /home/aashvi/launch_ws/build/learning_tf2_cpp -- -j4 -l4
[3.292s] Invoking command in '/home/aashvi/launch_ws/build/learning_tf2_cpp': CMAKE_PREFIX_PATH=${CMAKE_PREFIX_PATH}:/home/aashvi/launch_ws/install/py_launch_example:/home/aashvi/launch_ws/install/learning_tf2_py:/home/aashvi/launch_ws/install/launch_tutorial:/home/aashvi/ros2_ws/install/turtle_mover:/home/aashvi/ros2_ws/install/my_robot_controller:/home/aashvi/ros2_ws/install/py_pubsub:/home/aashvi/ros2_ws/install/my_package:/home/aashvi/polygon_ws/install/polygon_pkg:/home/aashvi/service_ws/install/py_srvcli:/opt/ros/humble /usr/bin/cmake --install /home/aashvi/launch_ws/build/learning_tf2_cpp
[3.297s] -- Install configuration: ""
[3.297s] -- Execute custom install script
[3.298s] -- Up-to-date symlink: /home/aashvi/launch_ws/install/learning_tf2_cpp/lib/learning_tf2_cpp/turtle_tf2_broadcaster
[3.298s] -- Up-to-date symlink: /home/aashvi/launch_ws/install/learning_tf2_cpp/lib/learning_tf2_cpp/static_turtle_tf2_broadcaster
[3.299s] -- Up-to-date symlink: /home/aashvi/launch_ws/install/learning_tf2_cpp/share/learning_tf2_cpp/launch/turtle_tf2_demo.launch.py
[3.299s] -- Symlinking: /home/aashvi/launch_ws/install/learning_tf2_cpp/share/learning_tf2_cpp/launch/turtle_tf2_dynamic_frame_demo.launch.py
[3.304s] -- Symlinking: /home/aashvi/launch_ws/install/learning_tf2_cpp/share/learning_tf2_cpp/launch/turtle_tf2_fixed_frame_demo.launch.py
[3.308s] -- Up-to-date symlink: /home/aashvi/launch_ws/install/learning_tf2_cpp/lib/learning_tf2_cpp/turtle_tf2_listener
[3.308s] -- Symlinking: /home/aashvi/launch_ws/install/learning_tf2_cpp/lib/learning_tf2_cpp/fixed_frame_tf2_broadcaster
[3.311s] -- Symlinking: /home/aashvi/launch_ws/install/learning_tf2_cpp/lib/learning_tf2_cpp/dynamic_frame_tf2_broadcaster
[3.314s] -- Up-to-date symlink: /home/aashvi/launch_ws/install/learning_tf2_cpp/share/ament_index/resource_index/package_run_dependencies/learning_tf2_cpp
[3.315s] -- Up-to-date symlink: /home/aashvi/launch_ws/install/learning_tf2_cpp/share/ament_index/resource_index/parent_prefix_path/learning_tf2_cpp
[3.315s] -- Up-to-date symlink: /home/aashvi/launch_ws/install/learning_tf2_cpp/share/learning_tf2_cpp/environment/ament_prefix_path.sh
[3.315s] -- Up-to-date symlink: /home/aashvi/launch_ws/install/learning_tf2_cpp/share/learning_tf2_cpp/environment/ament_prefix_path.dsv
[3.315s] -- Up-to-date symlink: /home/aashvi/launch_ws/install/learning_tf2_cpp/share/learning_tf2_cpp/environment/path.sh
[3.315s] -- Up-to-date symlink: /home/aashvi/launch_ws/install/learning_tf2_cpp/share/learning_tf2_cpp/environment/path.dsv
[3.315s] -- Up-to-date symlink: /home/aashvi/launch_ws/install/learning_tf2_cpp/share/learning_tf2_cpp/local_setup.bash
[3.316s] -- Up-to-date symlink: /home/aashvi/launch_ws/install/learning_tf2_cpp/share/learning_tf2_cpp/local_setup.sh
[3.316s] -- Up-to-date symlink: /home/aashvi/launch_ws/install/learning_tf2_cpp/share/learning_tf2_cpp/local_setup.zsh
[3.316s] -- Up-to-date symlink: /home/aashvi/launch_ws/install/learning_tf2_cpp/share/learning_tf2_cpp/local_setup.dsv
[3.316s] -- Symlinking: /home/aashvi/launch_ws/install/learning_tf2_cpp/share/learning_tf2_cpp/package.dsv
[3.319s] -- Up-to-date symlink: /home/aashvi/launch_ws/install/learning_tf2_cpp/share/ament_index/resource_index/packages/learning_tf2_cpp
[3.320s] -- Up-to-date symlink: /home/aashvi/launch_ws/install/learning_tf2_cpp/share/learning_tf2_cpp/cmake/learning_tf2_cppConfig.cmake
[3.320s] -- Up-to-date symlink: /home/aashvi/launch_ws/install/learning_tf2_cpp/share/learning_tf2_cpp/cmake/learning_tf2_cppConfig-version.cmake
[3.320s] -- Up-to-date symlink: /home/aashvi/launch_ws/install/learning_tf2_cpp/share/learning_tf2_cpp/package.xml
[3.321s] Invoked command in '/home/aashvi/launch_ws/build/learning_tf2_cpp' returned '0': CMAKE_PREFIX_PATH=${CMAKE_PREFIX_PATH}:/home/aashvi/launch_ws/install/py_launch_example:/home/aashvi/launch_ws/install/learning_tf2_py:/home/aashvi/launch_ws/install/launch_tutorial:/home/aashvi/ros2_ws/install/turtle_mover:/home/aashvi/ros2_ws/install/my_robot_controller:/home/aashvi/ros2_ws/install/py_pubsub:/home/aashvi/ros2_ws/install/my_package:/home/aashvi/polygon_ws/install/polygon_pkg:/home/aashvi/service_ws/install/py_srvcli:/opt/ros/humble /usr/bin/cmake --install /home/aashvi/launch_ws/build/learning_tf2_cpp
