[0.006s] Invoking command in '/home/aashvi/service_ws/build/cpp_srvcli': CMAKE_PREFIX_PATH=${CMAKE_PREFIX_PATH}:/home/aashvi/service_ws/install/py_srvcli:/home/aashvi/ros2_ws/install/turtle_mover:/home/aashvi/ros2_ws/install/my_robot_controller:/home/aashvi/ros2_ws/install/py_pubsub:/home/aashvi/ros2_ws/install/my_package:/opt/ros/humble /usr/bin/cmake --build /home/aashvi/service_ws/build/cpp_srvcli -- -j8 -l8
[0.037s] -- Found ament_cmake: 1.3.11 (/opt/ros/humble/share/ament_cmake/cmake)
[0.118s] -- Found rclcpp: 16.0.11 (/opt/ros/humble/share/rclcpp/cmake)
[0.150s] -- Found rosidl_generator_c: 3.1.6 (/opt/ros/humble/share/rosidl_generator_c/cmake)
[0.151s] -- Found rosidl_adapter: 3.1.6 (/opt/ros/humble/share/rosidl_adapter/cmake)
[0.164s] -- Found rosidl_generator_cpp: 3.1.6 (/opt/ros/humble/share/rosidl_generator_cpp/cmake)
[0.168s] -- Using all available rosidl_typesupport_c: rosidl_typesupport_fastrtps_c;rosidl_typesupport_introspection_c
[0.175s] -- Using all available rosidl_typesupport_cpp: rosidl_typesupport_fastrtps_cpp;rosidl_typesupport_introspection_cpp
[0.190s] -- Found rmw_implementation_cmake: 6.1.2 (/opt/ros/humble/share/rmw_implementation_cmake/cmake)
[0.191s] -- Found rmw_fastrtps_cpp: 6.2.7 (/opt/ros/humble/share/rmw_fastrtps_cpp/cmake)
[0.259s] -- Using RMW implementation 'rmw_fastrtps_cpp' as default
[0.284s] -- Found example_interfaces: 0.9.3 (/opt/ros/humble/share/example_interfaces/cmake)
[0.349s] -- Configuring done
[0.357s] -- Generating done
[0.360s] -- Build files have been written to: /home/aashvi/service_ws/build/cpp_srvcli
[0.372s] [35m[1mConsolidate compiler generated dependencies of target server[0m
[0.372s] [35m[1mConsolidate compiler generated dependencies of target client[0m
[0.376s] [ 25%] [32mBuilding CXX object CMakeFiles/server.dir/src/add_two_ints_server.cpp.o[0m
[0.382s] [ 50%] [32mBuilding CXX object CMakeFiles/client.dir/src/add_two_ints_client.cpp.o[0m
[2.825s] [ 75%] [32m[1mLinking CXX executable server[0m
[2.921s] [ 75%] Built target server
[2.924s] [100%] [32m[1mLinking CXX executable client[0m
[3.010s] [100%] Built target client
[3.024s] Invoked command in '/home/aashvi/service_ws/build/cpp_srvcli' returned '0': CMAKE_PREFIX_PATH=${CMAKE_PREFIX_PATH}:/home/aashvi/service_ws/install/py_srvcli:/home/aashvi/ros2_ws/install/turtle_mover:/home/aashvi/ros2_ws/install/my_robot_controller:/home/aashvi/ros2_ws/install/py_pubsub:/home/aashvi/ros2_ws/install/my_package:/opt/ros/humble /usr/bin/cmake --build /home/aashvi/service_ws/build/cpp_srvcli -- -j8 -l8
[3.033s] Invoking command in '/home/aashvi/service_ws/build/cpp_srvcli': CMAKE_PREFIX_PATH=${CMAKE_PREFIX_PATH}:/home/aashvi/service_ws/install/py_srvcli:/home/aashvi/ros2_ws/install/turtle_mover:/home/aashvi/ros2_ws/install/my_robot_controller:/home/aashvi/ros2_ws/install/py_pubsub:/home/aashvi/ros2_ws/install/my_package:/opt/ros/humble /usr/bin/cmake --install /home/aashvi/service_ws/build/cpp_srvcli
[3.036s] -- Install configuration: ""
[3.036s] -- Installing: /home/aashvi/service_ws/install/cpp_srvcli/lib/cpp_srvcli/server
[3.037s] -- Set runtime path of "/home/aashvi/service_ws/install/cpp_srvcli/lib/cpp_srvcli/server" to ""
[3.037s] -- Installing: /home/aashvi/service_ws/install/cpp_srvcli/lib/cpp_srvcli/client
[3.037s] -- Set runtime path of "/home/aashvi/service_ws/install/cpp_srvcli/lib/cpp_srvcli/client" to ""
[3.037s] -- Installing: /home/aashvi/service_ws/install/cpp_srvcli/share/ament_index/resource_index/package_run_dependencies/cpp_srvcli
[3.037s] -- Installing: /home/aashvi/service_ws/install/cpp_srvcli/share/ament_index/resource_index/parent_prefix_path/cpp_srvcli
[3.038s] -- Installing: /home/aashvi/service_ws/install/cpp_srvcli/share/cpp_srvcli/environment/ament_prefix_path.sh
[3.038s] -- Installing: /home/aashvi/service_ws/install/cpp_srvcli/share/cpp_srvcli/environment/ament_prefix_path.dsv
[3.038s] -- Installing: /home/aashvi/service_ws/install/cpp_srvcli/share/cpp_srvcli/environment/path.sh
[3.038s] -- Installing: /home/aashvi/service_ws/install/cpp_srvcli/share/cpp_srvcli/environment/path.dsv
[3.038s] -- Installing: /home/aashvi/service_ws/install/cpp_srvcli/share/cpp_srvcli/local_setup.bash
[3.038s] -- Installing: /home/aashvi/service_ws/install/cpp_srvcli/share/cpp_srvcli/local_setup.sh
[3.038s] -- Installing: /home/aashvi/service_ws/install/cpp_srvcli/share/cpp_srvcli/local_setup.zsh
[3.038s] -- Installing: /home/aashvi/service_ws/install/cpp_srvcli/share/cpp_srvcli/local_setup.dsv
[3.038s] -- Installing: /home/aashvi/service_ws/install/cpp_srvcli/share/cpp_srvcli/package.dsv
[3.038s] -- Installing: /home/aashvi/service_ws/install/cpp_srvcli/share/ament_index/resource_index/packages/cpp_srvcli
[3.038s] -- Installing: /home/aashvi/service_ws/install/cpp_srvcli/share/cpp_srvcli/cmake/cpp_srvcliConfig.cmake
[3.039s] -- Installing: /home/aashvi/service_ws/install/cpp_srvcli/share/cpp_srvcli/cmake/cpp_srvcliConfig-version.cmake
[3.039s] -- Installing: /home/aashvi/service_ws/install/cpp_srvcli/share/cpp_srvcli/package.xml
[3.040s] Invoked command in '/home/aashvi/service_ws/build/cpp_srvcli' returned '0': CMAKE_PREFIX_PATH=${CMAKE_PREFIX_PATH}:/home/aashvi/service_ws/install/py_srvcli:/home/aashvi/ros2_ws/install/turtle_mover:/home/aashvi/ros2_ws/install/my_robot_controller:/home/aashvi/ros2_ws/install/py_pubsub:/home/aashvi/ros2_ws/install/my_package:/opt/ros/humble /usr/bin/cmake --install /home/aashvi/service_ws/build/cpp_srvcli
