[  3%] Built target rviz_plugin_tutorial_msgs__cpp
[  3%] Built target ament_cmake_python_copy_rviz_plugin_tutorial_msgs
[ 12%] Built target rviz_plugin_tutorial_msgs__rosidl_typesupport_fastrtps_cpp
[ 22%] Built target rviz_plugin_tutorial_msgs__rosidl_typesupport_introspection_cpp
running egg_info
writing rviz_plugin_tutorial_msgs.egg-info/PKG-INFO
writing dependency_links to rviz_plugin_tutorial_msgs.egg-info/dependency_links.txt
writing top-level names to rviz_plugin_tutorial_msgs.egg-info/top_level.txt
reading manifest file 'rviz_plugin_tutorial_msgs.egg-info/SOURCES.txt'
writing manifest file 'rviz_plugin_tutorial_msgs.egg-info/SOURCES.txt'
[ 22%] Built target ament_cmake_python_build_rviz_plugin_tutorial_msgs_egg
[ 32%] Built target rviz_plugin_tutorial_msgs__rosidl_typesupport_cpp
[ 41%] Built target rviz_plugin_tutorial_msgs__rosidl_generator_c
[ 51%] Built target rviz_plugin_tutorial_msgs__rosidl_typesupport_fastrtps_c
[ 61%] Built target rviz_plugin_tutorial_msgs__rosidl_typesupport_c
[ 70%] Built target rviz_plugin_tutorial_msgs__rosidl_typesupport_introspection_c
[ 70%] Built target rviz_plugin_tutorial_msgs
[ 74%] Built target rviz_plugin_tutorial_msgs__py
[ 80%] Built target rviz_plugin_tutorial_msgs__rosidl_generator_py
[ 87%] Built target rviz_plugin_tutorial_msgs__rosidl_typesupport_fastrtps_c__pyext
[ 93%] Built target rviz_plugin_tutorial_msgs__rosidl_typesupport_c__pyext
[100%] Built target rviz_plugin_tutorial_msgs__rosidl_typesupport_introspection_c__pyext
-- Install configuration: ""
-- Up-to-date: /Users/dgawade/ros_rviz/install/rviz_plugin_tutorial_msgs/share/ament_index/resource_index/rosidl_interfaces/rviz_plugin_tutorial_msgs
-- Up-to-date: /Users/dgawade/ros_rviz/install/rviz_plugin_tutorial_msgs/include/rviz_plugin_tutorial_msgs/rviz_plugin_tutorial_msgs
-- Up-to-date: /Users/dgawade/ros_rviz/install/rviz_plugin_tutorial_msgs/include/rviz_plugin_tutorial_msgs/rviz_plugin_tutorial_msgs/msg
-- Up-to-date: /Users/dgawade/ros_rviz/install/rviz_plugin_tutorial_msgs/include/rviz_plugin_tutorial_msgs/rviz_plugin_tutorial_msgs/msg/rosidl_generator_c__visibility_control.h
-- Up-to-date: /Users/dgawade/ros_rviz/install/rviz_plugin_tutorial_msgs/include/rviz_plugin_tutorial_msgs/rviz_plugin_tutorial_msgs/msg/detail
-- Up-to-date: /Users/dgawade/ros_rviz/install/rviz_plugin_tutorial_msgs/include/rviz_plugin_tutorial_msgs/rviz_plugin_tutorial_msgs/msg/detail/point2_d__functions.h
-- Up-to-date: /Users/dgawade/ros_rviz/install/rviz_plugin_tutorial_msgs/include/rviz_plugin_tutorial_msgs/rviz_plugin_tutorial_msgs/msg/detail/point2_d__type_support.h
-- Up-to-date: /Users/dgawade/ros_rviz/install/rviz_plugin_tutorial_msgs/include/rviz_plugin_tutorial_msgs/rviz_plugin_tutorial_msgs/msg/detail/point2_d__functions.c
-- Up-to-date: /Users/dgawade/ros_rviz/install/rviz_plugin_tutorial_msgs/include/rviz_plugin_tutorial_msgs/rviz_plugin_tutorial_msgs/msg/detail/point2_d__struct.h
-- Up-to-date: /Users/dgawade/ros_rviz/install/rviz_plugin_tutorial_msgs/include/rviz_plugin_tutorial_msgs/rviz_plugin_tutorial_msgs/msg/point2_d.h
-- Up-to-date: /Users/dgawade/ros_rviz/install/rviz_plugin_tutorial_msgs/lib/librviz_plugin_tutorial_msgs__rosidl_generator_c.dylib
-- Up-to-date: /Users/dgawade/ros_rviz/install/rviz_plugin_tutorial_msgs/include/rviz_plugin_tutorial_msgs/rviz_plugin_tutorial_msgs
-- Up-to-date: /Users/dgawade/ros_rviz/install/rviz_plugin_tutorial_msgs/include/rviz_plugin_tutorial_msgs/rviz_plugin_tutorial_msgs/msg
-- Up-to-date: /Users/dgawade/ros_rviz/install/rviz_plugin_tutorial_msgs/include/rviz_plugin_tutorial_msgs/rviz_plugin_tutorial_msgs/msg/detail
-- Up-to-date: /Users/dgawade/ros_rviz/install/rviz_plugin_tutorial_msgs/include/rviz_plugin_tutorial_msgs/rviz_plugin_tutorial_msgs/msg/detail/point2_d__rosidl_typesupport_fastrtps_c.h
-- Up-to-date: /Users/dgawade/ros_rviz/install/rviz_plugin_tutorial_msgs/include/rviz_plugin_tutorial_msgs/rviz_plugin_tutorial_msgs/msg/rosidl_typesupport_fastrtps_c__visibility_control.h
-- Installing: /Users/dgawade/ros_rviz/install/rviz_plugin_tutorial_msgs/lib/librviz_plugin_tutorial_msgs__rosidl_typesupport_fastrtps_c.dylib
-- Up-to-date: /Users/dgawade/ros_rviz/install/rviz_plugin_tutorial_msgs/include/rviz_plugin_tutorial_msgs/rviz_plugin_tutorial_msgs
-- Up-to-date: /Users/dgawade/ros_rviz/install/rviz_plugin_tutorial_msgs/include/rviz_plugin_tutorial_msgs/rviz_plugin_tutorial_msgs/msg
-- Up-to-date: /Users/dgawade/ros_rviz/install/rviz_plugin_tutorial_msgs/include/rviz_plugin_tutorial_msgs/rviz_plugin_tutorial_msgs/msg/detail
-- Up-to-date: /Users/dgawade/ros_rviz/install/rviz_plugin_tutorial_msgs/include/rviz_plugin_tutorial_msgs/rviz_plugin_tutorial_msgs/msg/detail/point2_d__rosidl_typesupport_introspection_c.h
-- Up-to-date: /Users/dgawade/ros_rviz/install/rviz_plugin_tutorial_msgs/include/rviz_plugin_tutorial_msgs/rviz_plugin_tutorial_msgs/msg/detail/point2_d__type_support.c
-- Up-to-date: /Users/dgawade/ros_rviz/install/rviz_plugin_tutorial_msgs/include/rviz_plugin_tutorial_msgs/rviz_plugin_tutorial_msgs/msg/rosidl_typesupport_introspection_c__visibility_control.h
-- Installing: /Users/dgawade/ros_rviz/install/rviz_plugin_tutorial_msgs/lib/librviz_plugin_tutorial_msgs__rosidl_typesupport_introspection_c.dylib
-- Installing: /Users/dgawade/ros_rviz/install/rviz_plugin_tutorial_msgs/lib/librviz_plugin_tutorial_msgs__rosidl_typesupport_c.dylib
-- Up-to-date: /Users/dgawade/ros_rviz/install/rviz_plugin_tutorial_msgs/include/rviz_plugin_tutorial_msgs/rviz_plugin_tutorial_msgs
-- Up-to-date: /Users/dgawade/ros_rviz/install/rviz_plugin_tutorial_msgs/include/rviz_plugin_tutorial_msgs/rviz_plugin_tutorial_msgs/msg
-- Up-to-date: /Users/dgawade/ros_rviz/install/rviz_plugin_tutorial_msgs/include/rviz_plugin_tutorial_msgs/rviz_plugin_tutorial_msgs/msg/detail
-- Up-to-date: /Users/dgawade/ros_rviz/install/rviz_plugin_tutorial_msgs/include/rviz_plugin_tutorial_msgs/rviz_plugin_tutorial_msgs/msg/detail/point2_d__traits.hpp
-- Up-to-date: /Users/dgawade/ros_rviz/install/rviz_plugin_tutorial_msgs/include/rviz_plugin_tutorial_msgs/rviz_plugin_tutorial_msgs/msg/detail/point2_d__type_support.hpp
-- Up-to-date: /Users/dgawade/ros_rviz/install/rviz_plugin_tutorial_msgs/include/rviz_plugin_tutorial_msgs/rviz_plugin_tutorial_msgs/msg/detail/point2_d__struct.hpp
-- Up-to-date: /Users/dgawade/ros_rviz/install/rviz_plugin_tutorial_msgs/include/rviz_plugin_tutorial_msgs/rviz_plugin_tutorial_msgs/msg/detail/point2_d__builder.hpp
-- Up-to-date: /Users/dgawade/ros_rviz/install/rviz_plugin_tutorial_msgs/include/rviz_plugin_tutorial_msgs/rviz_plugin_tutorial_msgs/msg/rosidl_generator_cpp__visibility_control.hpp
-- Up-to-date: /Users/dgawade/ros_rviz/install/rviz_plugin_tutorial_msgs/include/rviz_plugin_tutorial_msgs/rviz_plugin_tutorial_msgs/msg/point2_d.hpp
-- Up-to-date: /Users/dgawade/ros_rviz/install/rviz_plugin_tutorial_msgs/include/rviz_plugin_tutorial_msgs/rviz_plugin_tutorial_msgs
-- Up-to-date: /Users/dgawade/ros_rviz/install/rviz_plugin_tutorial_msgs/include/rviz_plugin_tutorial_msgs/rviz_plugin_tutorial_msgs/msg
-- Up-to-date: /Users/dgawade/ros_rviz/install/rviz_plugin_tutorial_msgs/include/rviz_plugin_tutorial_msgs/rviz_plugin_tutorial_msgs/msg/rosidl_typesupport_fastrtps_cpp__visibility_control.h
-- Up-to-date: /Users/dgawade/ros_rviz/install/rviz_plugin_tutorial_msgs/include/rviz_plugin_tutorial_msgs/rviz_plugin_tutorial_msgs/msg/detail
-- Up-to-date: /Users/dgawade/ros_rviz/install/rviz_plugin_tutorial_msgs/include/rviz_plugin_tutorial_msgs/rviz_plugin_tutorial_msgs/msg/detail/point2_d__rosidl_typesupport_fastrtps_cpp.hpp
-- Up-to-date: /Users/dgawade/ros_rviz/install/rviz_plugin_tutorial_msgs/include/rviz_plugin_tutorial_msgs/rviz_plugin_tutorial_msgs/msg/detail/dds_fastrtps
-- Up-to-date: /Users/dgawade/ros_rviz/install/rviz_plugin_tutorial_msgs/lib/librviz_plugin_tutorial_msgs__rosidl_typesupport_fastrtps_cpp.dylib
-- Up-to-date: /Users/dgawade/ros_rviz/install/rviz_plugin_tutorial_msgs/include/rviz_plugin_tutorial_msgs/rviz_plugin_tutorial_msgs
-- Up-to-date: /Users/dgawade/ros_rviz/install/rviz_plugin_tutorial_msgs/include/rviz_plugin_tutorial_msgs/rviz_plugin_tutorial_msgs/msg
-- Up-to-date: /Users/dgawade/ros_rviz/install/rviz_plugin_tutorial_msgs/include/rviz_plugin_tutorial_msgs/rviz_plugin_tutorial_msgs/msg/detail
-- Up-to-date: /Users/dgawade/ros_rviz/install/rviz_plugin_tutorial_msgs/include/rviz_plugin_tutorial_msgs/rviz_plugin_tutorial_msgs/msg/detail/point2_d__type_support.cpp
-- Up-to-date: /Users/dgawade/ros_rviz/install/rviz_plugin_tutorial_msgs/include/rviz_plugin_tutorial_msgs/rviz_plugin_tutorial_msgs/msg/detail/point2_d__rosidl_typesupport_introspection_cpp.hpp
-- Up-to-date: /Users/dgawade/ros_rviz/install/rviz_plugin_tutorial_msgs/lib/librviz_plugin_tutorial_msgs__rosidl_typesupport_introspection_cpp.dylib
-- Up-to-date: /Users/dgawade/ros_rviz/install/rviz_plugin_tutorial_msgs/lib/librviz_plugin_tutorial_msgs__rosidl_typesupport_cpp.dylib
-- Up-to-date: /Users/dgawade/ros_rviz/install/rviz_plugin_tutorial_msgs/share/rviz_plugin_tutorial_msgs/environment/pythonpath.sh
-- Up-to-date: /Users/dgawade/ros_rviz/install/rviz_plugin_tutorial_msgs/share/rviz_plugin_tutorial_msgs/environment/pythonpath.dsv
-- Up-to-date: /Users/dgawade/ros_rviz/install/rviz_plugin_tutorial_msgs/lib/python3.11/site-packages/rviz_plugin_tutorial_msgs-0.0.0-py3.11.egg-info
-- Installing: /Users/dgawade/ros_rviz/install/rviz_plugin_tutorial_msgs/lib/python3.11/site-packages/rviz_plugin_tutorial_msgs-0.0.0-py3.11.egg-info/PKG-INFO
-- Installing: /Users/dgawade/ros_rviz/install/rviz_plugin_tutorial_msgs/lib/python3.11/site-packages/rviz_plugin_tutorial_msgs-0.0.0-py3.11.egg-info/SOURCES.txt
-- Installing: /Users/dgawade/ros_rviz/install/rviz_plugin_tutorial_msgs/lib/python3.11/site-packages/rviz_plugin_tutorial_msgs-0.0.0-py3.11.egg-info/top_level.txt
-- Installing: /Users/dgawade/ros_rviz/install/rviz_plugin_tutorial_msgs/lib/python3.11/site-packages/rviz_plugin_tutorial_msgs-0.0.0-py3.11.egg-info/dependency_links.txt
-- Up-to-date: /Users/dgawade/ros_rviz/install/rviz_plugin_tutorial_msgs/lib/python3.11/site-packages/rviz_plugin_tutorial_msgs
-- Installing: /Users/dgawade/ros_rviz/install/rviz_plugin_tutorial_msgs/lib/python3.11/site-packages/rviz_plugin_tutorial_msgs/rviz_plugin_tutorial_msgs_s__rosidl_typesupport_introspection_c.cpython-311-darwin.so
-- Up-to-date: /Users/dgawade/ros_rviz/install/rviz_plugin_tutorial_msgs/lib/python3.11/site-packages/rviz_plugin_tutorial_msgs/_rviz_plugin_tutorial_msgs_s.ep.rosidl_typesupport_c.c
-- Up-to-date: /Users/dgawade/ros_rviz/install/rviz_plugin_tutorial_msgs/lib/python3.11/site-packages/rviz_plugin_tutorial_msgs/librviz_plugin_tutorial_msgs__rosidl_generator_py.dylib
-- Up-to-date: /Users/dgawade/ros_rviz/install/rviz_plugin_tutorial_msgs/lib/python3.11/site-packages/rviz_plugin_tutorial_msgs/msg
-- Up-to-date: /Users/dgawade/ros_rviz/install/rviz_plugin_tutorial_msgs/lib/python3.11/site-packages/rviz_plugin_tutorial_msgs/msg/__init__.py
-- Up-to-date: /Users/dgawade/ros_rviz/install/rviz_plugin_tutorial_msgs/lib/python3.11/site-packages/rviz_plugin_tutorial_msgs/msg/_point2_d_s.c
-- Up-to-date: /Users/dgawade/ros_rviz/install/rviz_plugin_tutorial_msgs/lib/python3.11/site-packages/rviz_plugin_tutorial_msgs/msg/_point2_d.py
-- Installing: /Users/dgawade/ros_rviz/install/rviz_plugin_tutorial_msgs/lib/python3.11/site-packages/rviz_plugin_tutorial_msgs/rviz_plugin_tutorial_msgs_s__rosidl_typesupport_fastrtps_c.cpython-311-darwin.so
-- Up-to-date: /Users/dgawade/ros_rviz/install/rviz_plugin_tutorial_msgs/lib/python3.11/site-packages/rviz_plugin_tutorial_msgs/__init__.py
-- Up-to-date: /Users/dgawade/ros_rviz/install/rviz_plugin_tutorial_msgs/lib/python3.11/site-packages/rviz_plugin_tutorial_msgs/_rviz_plugin_tutorial_msgs_s.ep.rosidl_typesupport_fastrtps_c.c
-- Installing: /Users/dgawade/ros_rviz/install/rviz_plugin_tutorial_msgs/lib/python3.11/site-packages/rviz_plugin_tutorial_msgs/rviz_plugin_tutorial_msgs_s__rosidl_typesupport_c.cpython-311-darwin.so
-- Up-to-date: /Users/dgawade/ros_rviz/install/rviz_plugin_tutorial_msgs/lib/python3.11/site-packages/rviz_plugin_tutorial_msgs/_rviz_plugin_tutorial_msgs_s.ep.rosidl_typesupport_introspection_c.c
Listing 'lib/python3.11/site-packages/rviz_plugin_tutorial_msgs'...
Can't list 'lib/python3.11/site-packages/rviz_plugin_tutorial_msgs'
-- Up-to-date: /Users/dgawade/ros_rviz/install/rviz_plugin_tutorial_msgs/lib/python3.11/site-packages/rviz_plugin_tutorial_msgs/rviz_plugin_tutorial_msgs_s__rosidl_typesupport_fastrtps_c.cpython-311-darwin.so
-- Up-to-date: /Users/dgawade/ros_rviz/install/rviz_plugin_tutorial_msgs/lib/python3.11/site-packages/rviz_plugin_tutorial_msgs/rviz_plugin_tutorial_msgs_s__rosidl_typesupport_introspection_c.cpython-311-darwin.so
-- Up-to-date: /Users/dgawade/ros_rviz/install/rviz_plugin_tutorial_msgs/lib/python3.11/site-packages/rviz_plugin_tutorial_msgs/rviz_plugin_tutorial_msgs_s__rosidl_typesupport_c.cpython-311-darwin.so
-- Installing: /Users/dgawade/ros_rviz/install/rviz_plugin_tutorial_msgs/lib/librviz_plugin_tutorial_msgs__rosidl_generator_py.dylib
-- Up-to-date: /Users/dgawade/ros_rviz/install/rviz_plugin_tutorial_msgs/share/rviz_plugin_tutorial_msgs/msg/Point2D.idl
-- Up-to-date: /Users/dgawade/ros_rviz/install/rviz_plugin_tutorial_msgs/share/rviz_plugin_tutorial_msgs/msg/Point2D.msg
-- Up-to-date: /Users/dgawade/ros_rviz/install/rviz_plugin_tutorial_msgs/share/ament_index/resource_index/package_run_dependencies/rviz_plugin_tutorial_msgs
-- Up-to-date: /Users/dgawade/ros_rviz/install/rviz_plugin_tutorial_msgs/share/ament_index/resource_index/parent_prefix_path/rviz_plugin_tutorial_msgs
-- Up-to-date: /Users/dgawade/ros_rviz/install/rviz_plugin_tutorial_msgs/share/rviz_plugin_tutorial_msgs/environment/ament_prefix_path.sh
-- Up-to-date: /Users/dgawade/ros_rviz/install/rviz_plugin_tutorial_msgs/share/rviz_plugin_tutorial_msgs/environment/ament_prefix_path.dsv
-- Up-to-date: /Users/dgawade/ros_rviz/install/rviz_plugin_tutorial_msgs/share/rviz_plugin_tutorial_msgs/environment/path.sh
-- Up-to-date: /Users/dgawade/ros_rviz/install/rviz_plugin_tutorial_msgs/share/rviz_plugin_tutorial_msgs/environment/path.dsv
-- Up-to-date: /Users/dgawade/ros_rviz/install/rviz_plugin_tutorial_msgs/share/rviz_plugin_tutorial_msgs/local_setup.bash
-- Up-to-date: /Users/dgawade/ros_rviz/install/rviz_plugin_tutorial_msgs/share/rviz_plugin_tutorial_msgs/local_setup.sh
-- Up-to-date: /Users/dgawade/ros_rviz/install/rviz_plugin_tutorial_msgs/share/rviz_plugin_tutorial_msgs/local_setup.zsh
-- Up-to-date: /Users/dgawade/ros_rviz/install/rviz_plugin_tutorial_msgs/share/rviz_plugin_tutorial_msgs/local_setup.dsv
-- Installing: /Users/dgawade/ros_rviz/install/rviz_plugin_tutorial_msgs/share/rviz_plugin_tutorial_msgs/package.dsv
-- Up-to-date: /Users/dgawade/ros_rviz/install/rviz_plugin_tutorial_msgs/share/ament_index/resource_index/packages/rviz_plugin_tutorial_msgs
-- Up-to-date: /Users/dgawade/ros_rviz/install/rviz_plugin_tutorial_msgs/share/rviz_plugin_tutorial_msgs/cmake/export_rviz_plugin_tutorial_msgs__rosidl_generator_cExport.cmake
-- Up-to-date: /Users/dgawade/ros_rviz/install/rviz_plugin_tutorial_msgs/share/rviz_plugin_tutorial_msgs/cmake/export_rviz_plugin_tutorial_msgs__rosidl_generator_cExport-noconfig.cmake
-- Up-to-date: /Users/dgawade/ros_rviz/install/rviz_plugin_tutorial_msgs/share/rviz_plugin_tutorial_msgs/cmake/export_rviz_plugin_tutorial_msgs__rosidl_typesupport_fastrtps_cExport.cmake
-- Up-to-date: /Users/dgawade/ros_rviz/install/rviz_plugin_tutorial_msgs/share/rviz_plugin_tutorial_msgs/cmake/export_rviz_plugin_tutorial_msgs__rosidl_typesupport_fastrtps_cExport-noconfig.cmake
-- Up-to-date: /Users/dgawade/ros_rviz/install/rviz_plugin_tutorial_msgs/share/rviz_plugin_tutorial_msgs/cmake/rviz_plugin_tutorial_msgs__rosidl_typesupport_introspection_cExport.cmake
-- Up-to-date: /Users/dgawade/ros_rviz/install/rviz_plugin_tutorial_msgs/share/rviz_plugin_tutorial_msgs/cmake/rviz_plugin_tutorial_msgs__rosidl_typesupport_introspection_cExport-noconfig.cmake
-- Up-to-date: /Users/dgawade/ros_rviz/install/rviz_plugin_tutorial_msgs/share/rviz_plugin_tutorial_msgs/cmake/rviz_plugin_tutorial_msgs__rosidl_typesupport_cExport.cmake
-- Up-to-date: /Users/dgawade/ros_rviz/install/rviz_plugin_tutorial_msgs/share/rviz_plugin_tutorial_msgs/cmake/rviz_plugin_tutorial_msgs__rosidl_typesupport_cExport-noconfig.cmake
-- Up-to-date: /Users/dgawade/ros_rviz/install/rviz_plugin_tutorial_msgs/share/rviz_plugin_tutorial_msgs/cmake/export_rviz_plugin_tutorial_msgs__rosidl_generator_cppExport.cmake
-- Up-to-date: /Users/dgawade/ros_rviz/install/rviz_plugin_tutorial_msgs/share/rviz_plugin_tutorial_msgs/cmake/export_rviz_plugin_tutorial_msgs__rosidl_typesupport_fastrtps_cppExport.cmake
-- Up-to-date: /Users/dgawade/ros_rviz/install/rviz_plugin_tutorial_msgs/share/rviz_plugin_tutorial_msgs/cmake/export_rviz_plugin_tutorial_msgs__rosidl_typesupport_fastrtps_cppExport-noconfig.cmake
-- Up-to-date: /Users/dgawade/ros_rviz/install/rviz_plugin_tutorial_msgs/share/rviz_plugin_tutorial_msgs/cmake/rviz_plugin_tutorial_msgs__rosidl_typesupport_introspection_cppExport.cmake
-- Up-to-date: /Users/dgawade/ros_rviz/install/rviz_plugin_tutorial_msgs/share/rviz_plugin_tutorial_msgs/cmake/rviz_plugin_tutorial_msgs__rosidl_typesupport_introspection_cppExport-noconfig.cmake
-- Up-to-date: /Users/dgawade/ros_rviz/install/rviz_plugin_tutorial_msgs/share/rviz_plugin_tutorial_msgs/cmake/rviz_plugin_tutorial_msgs__rosidl_typesupport_cppExport.cmake
-- Up-to-date: /Users/dgawade/ros_rviz/install/rviz_plugin_tutorial_msgs/share/rviz_plugin_tutorial_msgs/cmake/rviz_plugin_tutorial_msgs__rosidl_typesupport_cppExport-noconfig.cmake
-- Up-to-date: /Users/dgawade/ros_rviz/install/rviz_plugin_tutorial_msgs/share/rviz_plugin_tutorial_msgs/cmake/export_rviz_plugin_tutorial_msgs__rosidl_generator_pyExport.cmake
-- Up-to-date: /Users/dgawade/ros_rviz/install/rviz_plugin_tutorial_msgs/share/rviz_plugin_tutorial_msgs/cmake/export_rviz_plugin_tutorial_msgs__rosidl_generator_pyExport-noconfig.cmake
-- Up-to-date: /Users/dgawade/ros_rviz/install/rviz_plugin_tutorial_msgs/share/rviz_plugin_tutorial_msgs/cmake/rosidl_cmake-extras.cmake
-- Up-to-date: /Users/dgawade/ros_rviz/install/rviz_plugin_tutorial_msgs/share/rviz_plugin_tutorial_msgs/cmake/ament_cmake_export_dependencies-extras.cmake
-- Up-to-date: /Users/dgawade/ros_rviz/install/rviz_plugin_tutorial_msgs/share/rviz_plugin_tutorial_msgs/cmake/ament_cmake_export_include_directories-extras.cmake
-- Up-to-date: /Users/dgawade/ros_rviz/install/rviz_plugin_tutorial_msgs/share/rviz_plugin_tutorial_msgs/cmake/ament_cmake_export_libraries-extras.cmake
-- Up-to-date: /Users/dgawade/ros_rviz/install/rviz_plugin_tutorial_msgs/share/rviz_plugin_tutorial_msgs/cmake/ament_cmake_export_targets-extras.cmake
-- Up-to-date: /Users/dgawade/ros_rviz/install/rviz_plugin_tutorial_msgs/share/rviz_plugin_tutorial_msgs/cmake/rosidl_cmake_export_typesupport_targets-extras.cmake
-- Up-to-date: /Users/dgawade/ros_rviz/install/rviz_plugin_tutorial_msgs/share/rviz_plugin_tutorial_msgs/cmake/rosidl_cmake_export_typesupport_libraries-extras.cmake
-- Up-to-date: /Users/dgawade/ros_rviz/install/rviz_plugin_tutorial_msgs/share/rviz_plugin_tutorial_msgs/cmake/rviz_plugin_tutorial_msgsConfig.cmake
-- Up-to-date: /Users/dgawade/ros_rviz/install/rviz_plugin_tutorial_msgs/share/rviz_plugin_tutorial_msgs/cmake/rviz_plugin_tutorial_msgsConfig-version.cmake
-- Up-to-date: /Users/dgawade/ros_rviz/install/rviz_plugin_tutorial_msgs/share/rviz_plugin_tutorial_msgs/package.xml
