[0.346s] Invoking command in '/home/aashvi/launch_ws/src/learning_tf2_py': PYTHONPATH=/home/aashvi/launch_ws/build/learning_tf2_py/prefix_override:/usr/lib/python3/dist-packages/colcon_core/task/python/colcon_distutils_commands:/home/aashvi/launch_ws/install/learning_tf2_py/lib/python3.10/site-packages:${PYTHONPATH} /usr/bin/python3 -W ignore:setup.py install is deprecated -W ignore:easy_install command is deprecated setup.py egg_info --egg-base ../../build/learning_tf2_py build --build-base /home/aashvi/launch_ws/build/learning_tf2_py/build install --record /home/aashvi/launch_ws/build/learning_tf2_py/install.log --single-version-externally-managed install_data
[0.451s] running egg_info
[0.452s] creating ../../build/learning_tf2_py/learning_tf2_py.egg-info
[0.452s] writing ../../build/learning_tf2_py/learning_tf2_py.egg-info/PKG-INFO
[0.452s] writing dependency_links to ../../build/learning_tf2_py/learning_tf2_py.egg-info/dependency_links.txt
[0.452s] writing entry points to ../../build/learning_tf2_py/learning_tf2_py.egg-info/entry_points.txt
[0.452s] writing requirements to ../../build/learning_tf2_py/learning_tf2_py.egg-info/requires.txt
[0.452s] writing top-level names to ../../build/learning_tf2_py/learning_tf2_py.egg-info/top_level.txt
[0.452s] writing manifest file '../../build/learning_tf2_py/learning_tf2_py.egg-info/SOURCES.txt'
[0.453s] reading manifest file '../../build/learning_tf2_py/learning_tf2_py.egg-info/SOURCES.txt'
[0.453s] adding license file 'LICENSE'
[0.453s] writing manifest file '../../build/learning_tf2_py/learning_tf2_py.egg-info/SOURCES.txt'
[0.453s] running build
[0.453s] running build_py
[0.454s] creating /home/aashvi/launch_ws/build/learning_tf2_py/build
[0.454s] creating /home/aashvi/launch_ws/build/learning_tf2_py/build/lib
[0.454s] creating /home/aashvi/launch_ws/build/learning_tf2_py/build/lib/learning_tf2_py
[0.454s] copying learning_tf2_py/__init__.py -> /home/aashvi/launch_ws/build/learning_tf2_py/build/lib/learning_tf2_py
[0.454s] copying learning_tf2_py/static_turtle_tf2_broadcaster.py -> /home/aashvi/launch_ws/build/learning_tf2_py/build/lib/learning_tf2_py
[0.454s] running install
[0.455s] running install_lib
[0.455s] creating /home/aashvi/launch_ws/install/learning_tf2_py/lib/python3.10/site-packages/learning_tf2_py
[0.455s] copying /home/aashvi/launch_ws/build/learning_tf2_py/build/lib/learning_tf2_py/__init__.py -> /home/aashvi/launch_ws/install/learning_tf2_py/lib/python3.10/site-packages/learning_tf2_py
[0.455s] copying /home/aashvi/launch_ws/build/learning_tf2_py/build/lib/learning_tf2_py/static_turtle_tf2_broadcaster.py -> /home/aashvi/launch_ws/install/learning_tf2_py/lib/python3.10/site-packages/learning_tf2_py
[0.455s] byte-compiling /home/aashvi/launch_ws/install/learning_tf2_py/lib/python3.10/site-packages/learning_tf2_py/__init__.py to __init__.cpython-310.pyc
[0.456s] byte-compiling /home/aashvi/launch_ws/install/learning_tf2_py/lib/python3.10/site-packages/learning_tf2_py/static_turtle_tf2_broadcaster.py to static_turtle_tf2_broadcaster.cpython-310.pyc
[0.456s] running install_data
[0.456s] creating /home/aashvi/launch_ws/install/learning_tf2_py/share/ament_index
[0.456s] creating /home/aashvi/launch_ws/install/learning_tf2_py/share/ament_index/resource_index
[0.456s] creating /home/aashvi/launch_ws/install/learning_tf2_py/share/ament_index/resource_index/packages
[0.456s] copying resource/learning_tf2_py -> /home/aashvi/launch_ws/install/learning_tf2_py/share/ament_index/resource_index/packages
[0.456s] copying package.xml -> /home/aashvi/launch_ws/install/learning_tf2_py/share/learning_tf2_py
[0.457s] running install_egg_info
[0.457s] Copying ../../build/learning_tf2_py/learning_tf2_py.egg-info to /home/aashvi/launch_ws/install/learning_tf2_py/lib/python3.10/site-packages/learning_tf2_py-0.0.0-py3.10.egg-info
[0.458s] running install_scripts
[0.467s] Installing static_turtle_tf2_broadcaster script to /home/aashvi/launch_ws/install/learning_tf2_py/lib/learning_tf2_py
[0.467s] writing list of installed files to '/home/aashvi/launch_ws/build/learning_tf2_py/install.log'
[0.478s] Invoked command in '/home/aashvi/launch_ws/src/learning_tf2_py' returned '0': PYTHONPATH=/home/aashvi/launch_ws/build/learning_tf2_py/prefix_override:/usr/lib/python3/dist-packages/colcon_core/task/python/colcon_distutils_commands:/home/aashvi/launch_ws/install/learning_tf2_py/lib/python3.10/site-packages:${PYTHONPATH} /usr/bin/python3 -W ignore:setup.py install is deprecated -W ignore:easy_install command is deprecated setup.py egg_info --egg-base ../../build/learning_tf2_py build --build-base /home/aashvi/launch_ws/build/learning_tf2_py/build install --record /home/aashvi/launch_ws/build/learning_tf2_py/install.log --single-version-externally-managed install_data
