[0.944s] [34mcolcon[0m [1;30mDEBUG[0m [32mCommand line arguments: ['/Users/dgawade/miniconda3/envs/ros_env/bin/colcon', 'build'][0m
[0.945s] [34mcolcon[0m [1;30mDEBUG[0m [32mParsed command line arguments: Namespace(log_base=None, log_level=None, verb_name='build', build_base='build', install_base='install', merge_install=False, symlink_install=False, test_result_base=None, continue_on_error=False, executor='parallel', parallel_workers=4, event_handlers=None, ignore_user_meta=False, metas=['./colcon.meta'], base_paths=['.'], packages_ignore=None, packages_ignore_regex=None, paths=None, packages_up_to=None, packages_up_to_regex=None, packages_above=None, packages_above_and_dependencies=None, packages_above_depth=None, packages_select_by_dep=None, packages_skip_by_dep=None, packages_skip_up_to=None, packages_select_build_failed=False, packages_skip_build_finished=False, packages_select_test_failures=False, packages_skip_test_passed=False, packages_select=None, packages_skip=None, packages_select_regex=None, packages_skip_regex=None, packages_start=None, packages_end=None, cmake_args=None, cmake_target=None, cmake_target_skip_unavailable=False, cmake_clean_cache=False, cmake_clean_first=False, cmake_force_configure=False, ament_cmake_args=None, catkin_cmake_args=None, catkin_skip_building_tests=False, verb_parser=<colcon_defaults.argument_parser.defaults.DefaultArgumentsDecorator object at 0x10d7ec550>, verb_extension=<colcon_core.verb.build.BuildVerb object at 0x10d7e3e10>, main=<bound method BuildVerb.main of <colcon_core.verb.build.BuildVerb object at 0x10d7e3e10>>)[0m
[1.152s] [34mcolcon.colcon_core.package_discovery[0m [1;30mLevel 1[0m discover_packages(colcon_meta) check parameters
[1.153s] [34mcolcon.colcon_core.package_discovery[0m [1;30mLevel 1[0m discover_packages(recursive) check parameters
[1.153s] [34mcolcon.colcon_core.package_discovery[0m [1;30mLevel 1[0m discover_packages(ignore) check parameters
[1.153s] [34mcolcon.colcon_core.package_discovery[0m [1;30mLevel 1[0m discover_packages(path) check parameters
[1.153s] [34mcolcon.colcon_core.package_discovery[0m [1;30mLevel 1[0m discover_packages(colcon_meta) discover
[1.153s] [34mcolcon.colcon_core.package_discovery[0m [1;30mLevel 1[0m discover_packages(recursive) discover
[1.153s] [34mcolcon.colcon_core.package_discovery[0m [1;30mINFO[0m Crawling recursively for packages in '/Users/dgawade/ros_rviz'
[1.154s] [34mcolcon.colcon_core.package_identification[0m [1;30mLevel 1[0m _identify(.) by extensions ['ignore', 'ignore_ament_install']
[1.154s] [34mcolcon.colcon_core.package_identification[0m [1;30mLevel 1[0m _identify(.) by extension 'ignore'
[1.154s] [34mcolcon.colcon_core.package_identification[0m [1;30mLevel 1[0m _identify(.) by extension 'ignore_ament_install'
[1.154s] [34mcolcon.colcon_core.package_identification[0m [1;30mLevel 1[0m _identify(.) by extensions ['colcon_pkg']
[1.154s] [34mcolcon.colcon_core.package_identification[0m [1;30mLevel 1[0m _identify(.) by extension 'colcon_pkg'
[1.154s] [34mcolcon.colcon_core.package_identification[0m [1;30mLevel 1[0m _identify(.) by extensions ['colcon_meta']
[1.154s] [34mcolcon.colcon_core.package_identification[0m [1;30mLevel 1[0m _identify(.) by extension 'colcon_meta'
[1.155s] [34mcolcon.colcon_core.package_identification[0m [1;30mLevel 1[0m _identify(.) by extensions ['ros']
[1.155s] [34mcolcon.colcon_core.package_identification[0m [1;30mLevel 1[0m _identify(.) by extension 'ros'
[1.254s] [34mcolcon.colcon_core.package_identification[0m [1;30mLevel 1[0m _identify(.) by extensions ['cmake', 'python']
[1.255s] [34mcolcon.colcon_core.package_identification[0m [1;30mLevel 1[0m _identify(.) by extension 'cmake'
[1.255s] [34mcolcon.colcon_core.package_identification[0m [1;30mLevel 1[0m _identify(.) by extension 'python'
[1.255s] [34mcolcon.colcon_core.package_identification[0m [1;30mLevel 1[0m _identify(.) by extensions ['python_setup_py']
[1.255s] [34mcolcon.colcon_core.package_identification[0m [1;30mLevel 1[0m _identify(.) by extension 'python_setup_py'
[1.256s] [34mcolcon.colcon_core.package_identification[0m [1;30mLevel 1[0m _identify(build) by extensions ['ignore', 'ignore_ament_install']
[1.256s] [34mcolcon.colcon_core.package_identification[0m [1;30mLevel 1[0m _identify(build) by extension 'ignore'
[1.256s] [34mcolcon.colcon_core.package_identification[0m [1;30mLevel 1[0m _identify(build) ignored
[1.257s] [34mcolcon.colcon_core.package_identification[0m [1;30mLevel 1[0m _identify(install) by extensions ['ignore', 'ignore_ament_install']
[1.257s] [34mcolcon.colcon_core.package_identification[0m [1;30mLevel 1[0m _identify(install) by extension 'ignore'
[1.257s] [34mcolcon.colcon_core.package_identification[0m [1;30mLevel 1[0m _identify(install) ignored
[1.257s] [34mcolcon.colcon_core.package_identification[0m [1;30mLevel 1[0m _identify(log) by extensions ['ignore', 'ignore_ament_install']
[1.258s] [34mcolcon.colcon_core.package_identification[0m [1;30mLevel 1[0m _identify(log) by extension 'ignore'
[1.258s] [34mcolcon.colcon_core.package_identification[0m [1;30mLevel 1[0m _identify(log) ignored
[1.258s] [34mcolcon.colcon_core.package_identification[0m [1;30mLevel 1[0m _identify(src) by extensions ['ignore', 'ignore_ament_install']
[1.258s] [34mcolcon.colcon_core.package_identification[0m [1;30mLevel 1[0m _identify(src) by extension 'ignore'
[1.258s] [34mcolcon.colcon_core.package_identification[0m [1;30mLevel 1[0m _identify(src) by extension 'ignore_ament_install'
[1.259s] [34mcolcon.colcon_core.package_identification[0m [1;30mLevel 1[0m _identify(src) by extensions ['colcon_pkg']
[1.259s] [34mcolcon.colcon_core.package_identification[0m [1;30mLevel 1[0m _identify(src) by extension 'colcon_pkg'
[1.259s] [34mcolcon.colcon_core.package_identification[0m [1;30mLevel 1[0m _identify(src) by extensions ['colcon_meta']
[1.259s] [34mcolcon.colcon_core.package_identification[0m [1;30mLevel 1[0m _identify(src) by extension 'colcon_meta'
[1.259s] [34mcolcon.colcon_core.package_identification[0m [1;30mLevel 1[0m _identify(src) by extensions ['ros']
[1.259s] [34mcolcon.colcon_core.package_identification[0m [1;30mLevel 1[0m _identify(src) by extension 'ros'
[1.259s] [34mcolcon.colcon_core.package_identification[0m [1;30mLevel 1[0m _identify(src) by extensions ['cmake', 'python']
[1.259s] [34mcolcon.colcon_core.package_identification[0m [1;30mLevel 1[0m _identify(src) by extension 'cmake'
[1.260s] [34mcolcon.colcon_core.package_identification[0m [1;30mLevel 1[0m _identify(src) by extension 'python'
[1.260s] [34mcolcon.colcon_core.package_identification[0m [1;30mLevel 1[0m _identify(src) by extensions ['python_setup_py']
[1.260s] [34mcolcon.colcon_core.package_identification[0m [1;30mLevel 1[0m _identify(src) by extension 'python_setup_py'
[1.260s] [34mcolcon.colcon_core.package_identification[0m [1;30mLevel 1[0m _identify(src/rviz_panel_tutorial) by extensions ['ignore', 'ignore_ament_install']
[1.260s] [34mcolcon.colcon_core.package_identification[0m [1;30mLevel 1[0m _identify(src/rviz_panel_tutorial) by extension 'ignore'
[1.261s] [34mcolcon.colcon_core.package_identification[0m [1;30mLevel 1[0m _identify(src/rviz_panel_tutorial) by extension 'ignore_ament_install'
[1.261s] [34mcolcon.colcon_core.package_identification[0m [1;30mLevel 1[0m _identify(src/rviz_panel_tutorial) by extensions ['colcon_pkg']
[1.261s] [34mcolcon.colcon_core.package_identification[0m [1;30mLevel 1[0m _identify(src/rviz_panel_tutorial) by extension 'colcon_pkg'
[1.261s] [34mcolcon.colcon_core.package_identification[0m [1;30mLevel 1[0m _identify(src/rviz_panel_tutorial) by extensions ['colcon_meta']
[1.261s] [34mcolcon.colcon_core.package_identification[0m [1;30mLevel 1[0m _identify(src/rviz_panel_tutorial) by extension 'colcon_meta'
[1.261s] [34mcolcon.colcon_core.package_identification[0m [1;30mLevel 1[0m _identify(src/rviz_panel_tutorial) by extensions ['ros']
[1.261s] [34mcolcon.colcon_core.package_identification[0m [1;30mLevel 1[0m _identify(src/rviz_panel_tutorial) by extension 'ros'
[1.272s] [34mcolcon.colcon_core.package_identification[0m [1;30mDEBUG[0m [32mPackage 'src/rviz_panel_tutorial' with type 'ros.ament_cmake' and name 'rviz_panel_tutorial'[0m
[1.273s] [34mcolcon.colcon_core.package_identification[0m [1;30mLevel 1[0m _identify(src/rviz_plugin_tutorial) by extensions ['ignore', 'ignore_ament_install']
[1.274s] [34mcolcon.colcon_core.package_identification[0m [1;30mLevel 1[0m _identify(src/rviz_plugin_tutorial) by extension 'ignore'
[1.274s] [34mcolcon.colcon_core.package_identification[0m [1;30mLevel 1[0m _identify(src/rviz_plugin_tutorial) by extension 'ignore_ament_install'
[1.274s] [34mcolcon.colcon_core.package_identification[0m [1;30mLevel 1[0m _identify(src/rviz_plugin_tutorial) by extensions ['colcon_pkg']
[1.274s] [34mcolcon.colcon_core.package_identification[0m [1;30mLevel 1[0m _identify(src/rviz_plugin_tutorial) by extension 'colcon_pkg'
[1.274s] [34mcolcon.colcon_core.package_identification[0m [1;30mLevel 1[0m _identify(src/rviz_plugin_tutorial) by extensions ['colcon_meta']
[1.274s] [34mcolcon.colcon_core.package_identification[0m [1;30mLevel 1[0m _identify(src/rviz_plugin_tutorial) by extension 'colcon_meta'
[1.274s] [34mcolcon.colcon_core.package_identification[0m [1;30mLevel 1[0m _identify(src/rviz_plugin_tutorial) by extensions ['ros']
[1.274s] [34mcolcon.colcon_core.package_identification[0m [1;30mLevel 1[0m _identify(src/rviz_plugin_tutorial) by extension 'ros'
[1.275s] [34mcolcon.colcon_core.package_identification[0m [1;30mLevel 1[0m _identify(src/rviz_plugin_tutorial) by extensions ['cmake', 'python']
[1.275s] [34mcolcon.colcon_core.package_identification[0m [1;30mLevel 1[0m _identify(src/rviz_plugin_tutorial) by extension 'cmake'
[1.275s] [34mcolcon.colcon_core.package_identification[0m [1;30mLevel 1[0m _identify(src/rviz_plugin_tutorial) by extension 'python'
[1.275s] [34mcolcon.colcon_core.package_identification[0m [1;30mLevel 1[0m _identify(src/rviz_plugin_tutorial) by extensions ['python_setup_py']
[1.275s] [34mcolcon.colcon_core.package_identification[0m [1;30mLevel 1[0m _identify(src/rviz_plugin_tutorial) by extension 'python_setup_py'
[1.275s] [34mcolcon.colcon_core.package_identification[0m [1;30mLevel 1[0m _identify(src/rviz_plugin_tutorial/doc) by extensions ['ignore', 'ignore_ament_install']
[1.275s] [34mcolcon.colcon_core.package_identification[0m [1;30mLevel 1[0m _identify(src/rviz_plugin_tutorial/doc) by extension 'ignore'
[1.276s] [34mcolcon.colcon_core.package_identification[0m [1;30mLevel 1[0m _identify(src/rviz_plugin_tutorial/doc) by extension 'ignore_ament_install'
[1.276s] [34mcolcon.colcon_core.package_identification[0m [1;30mLevel 1[0m _identify(src/rviz_plugin_tutorial/doc) by extensions ['colcon_pkg']
[1.276s] [34mcolcon.colcon_core.package_identification[0m [1;30mLevel 1[0m _identify(src/rviz_plugin_tutorial/doc) by extension 'colcon_pkg'
[1.276s] [34mcolcon.colcon_core.package_identification[0m [1;30mLevel 1[0m _identify(src/rviz_plugin_tutorial/doc) by extensions ['colcon_meta']
[1.276s] [34mcolcon.colcon_core.package_identification[0m [1;30mLevel 1[0m _identify(src/rviz_plugin_tutorial/doc) by extension 'colcon_meta'
[1.276s] [34mcolcon.colcon_core.package_identification[0m [1;30mLevel 1[0m _identify(src/rviz_plugin_tutorial/doc) by extensions ['ros']
[1.276s] [34mcolcon.colcon_core.package_identification[0m [1;30mLevel 1[0m _identify(src/rviz_plugin_tutorial/doc) by extension 'ros'
[1.276s] [34mcolcon.colcon_core.package_identification[0m [1;30mLevel 1[0m _identify(src/rviz_plugin_tutorial/doc) by extensions ['cmake', 'python']
[1.276s] [34mcolcon.colcon_core.package_identification[0m [1;30mLevel 1[0m _identify(src/rviz_plugin_tutorial/doc) by extension 'cmake'
[1.277s] [34mcolcon.colcon_core.package_identification[0m [1;30mLevel 1[0m _identify(src/rviz_plugin_tutorial/doc) by extension 'python'
[1.277s] [34mcolcon.colcon_core.package_identification[0m [1;30mLevel 1[0m _identify(src/rviz_plugin_tutorial/doc) by extensions ['python_setup_py']
[1.277s] [34mcolcon.colcon_core.package_identification[0m [1;30mLevel 1[0m _identify(src/rviz_plugin_tutorial/doc) by extension 'python_setup_py'
[1.277s] [34mcolcon.colcon_core.package_identification[0m [1;30mLevel 1[0m _identify(src/rviz_plugin_tutorial/rviz_plugin_tutorial) by extensions ['ignore', 'ignore_ament_install']
[1.277s] [34mcolcon.colcon_core.package_identification[0m [1;30mLevel 1[0m _identify(src/rviz_plugin_tutorial/rviz_plugin_tutorial) by extension 'ignore'
[1.277s] [34mcolcon.colcon_core.package_identification[0m [1;30mLevel 1[0m _identify(src/rviz_plugin_tutorial/rviz_plugin_tutorial) by extension 'ignore_ament_install'
[1.277s] [34mcolcon.colcon_core.package_identification[0m [1;30mLevel 1[0m _identify(src/rviz_plugin_tutorial/rviz_plugin_tutorial) by extensions ['colcon_pkg']
[1.277s] [34mcolcon.colcon_core.package_identification[0m [1;30mLevel 1[0m _identify(src/rviz_plugin_tutorial/rviz_plugin_tutorial) by extension 'colcon_pkg'
[1.278s] [34mcolcon.colcon_core.package_identification[0m [1;30mLevel 1[0m _identify(src/rviz_plugin_tutorial/rviz_plugin_tutorial) by extensions ['colcon_meta']
[1.278s] [34mcolcon.colcon_core.package_identification[0m [1;30mLevel 1[0m _identify(src/rviz_plugin_tutorial/rviz_plugin_tutorial) by extension 'colcon_meta'
[1.278s] [34mcolcon.colcon_core.package_identification[0m [1;30mLevel 1[0m _identify(src/rviz_plugin_tutorial/rviz_plugin_tutorial) by extensions ['ros']
[1.278s] [34mcolcon.colcon_core.package_identification[0m [1;30mLevel 1[0m _identify(src/rviz_plugin_tutorial/rviz_plugin_tutorial) by extension 'ros'
[1.280s] [34mcolcon.colcon_core.package_identification[0m [1;30mDEBUG[0m [32mPackage 'src/rviz_plugin_tutorial/rviz_plugin_tutorial' with type 'ros.ament_cmake' and name 'rviz_plugin_tutorial'[0m
[1.281s] [34mcolcon.colcon_core.package_identification[0m [1;30mLevel 1[0m _identify(src/rviz_plugin_tutorial/rviz_plugin_tutorial_msgs) by extensions ['ignore', 'ignore_ament_install']
[1.281s] [34mcolcon.colcon_core.package_identification[0m [1;30mLevel 1[0m _identify(src/rviz_plugin_tutorial/rviz_plugin_tutorial_msgs) by extension 'ignore'
[1.281s] [34mcolcon.colcon_core.package_identification[0m [1;30mLevel 1[0m _identify(src/rviz_plugin_tutorial/rviz_plugin_tutorial_msgs) by extension 'ignore_ament_install'
[1.281s] [34mcolcon.colcon_core.package_identification[0m [1;30mLevel 1[0m _identify(src/rviz_plugin_tutorial/rviz_plugin_tutorial_msgs) by extensions ['colcon_pkg']
[1.281s] [34mcolcon.colcon_core.package_identification[0m [1;30mLevel 1[0m _identify(src/rviz_plugin_tutorial/rviz_plugin_tutorial_msgs) by extension 'colcon_pkg'
[1.281s] [34mcolcon.colcon_core.package_identification[0m [1;30mLevel 1[0m _identify(src/rviz_plugin_tutorial/rviz_plugin_tutorial_msgs) by extensions ['colcon_meta']
[1.281s] [34mcolcon.colcon_core.package_identification[0m [1;30mLevel 1[0m _identify(src/rviz_plugin_tutorial/rviz_plugin_tutorial_msgs) by extension 'colcon_meta'
[1.281s] [34mcolcon.colcon_core.package_identification[0m [1;30mLevel 1[0m _identify(src/rviz_plugin_tutorial/rviz_plugin_tutorial_msgs) by extensions ['ros']
[1.281s] [34mcolcon.colcon_core.package_identification[0m [1;30mLevel 1[0m _identify(src/rviz_plugin_tutorial/rviz_plugin_tutorial_msgs) by extension 'ros'
[1.284s] [34mcolcon.colcon_core.package_identification[0m [1;30mDEBUG[0m [32mPackage 'src/rviz_plugin_tutorial/rviz_plugin_tutorial_msgs' with type 'ros.ament_cmake' and name 'rviz_plugin_tutorial_msgs'[0m
[1.284s] [34mcolcon.colcon_core.package_discovery[0m [1;30mLevel 1[0m discover_packages(recursive) using defaults
[1.284s] [34mcolcon.colcon_core.package_discovery[0m [1;30mLevel 1[0m discover_packages(ignore) discover
[1.284s] [34mcolcon.colcon_core.package_discovery[0m [1;30mLevel 1[0m discover_packages(ignore) using defaults
[1.284s] [34mcolcon.colcon_core.package_discovery[0m [1;30mLevel 1[0m discover_packages(path) discover
[1.284s] [34mcolcon.colcon_core.package_discovery[0m [1;30mLevel 1[0m discover_packages(path) using defaults
[1.340s] [34mcolcon.colcon_core.verb[0m [1;30mLevel 5[0m set package 'rviz_panel_tutorial' build argument 'cmake_args' from command line to 'None'
[1.340s] [34mcolcon.colcon_core.verb[0m [1;30mLevel 5[0m set package 'rviz_panel_tutorial' build argument 'cmake_target' from command line to 'None'
[1.340s] [34mcolcon.colcon_core.verb[0m [1;30mLevel 5[0m set package 'rviz_panel_tutorial' build argument 'cmake_target_skip_unavailable' from command line to 'False'
[1.340s] [34mcolcon.colcon_core.verb[0m [1;30mLevel 5[0m set package 'rviz_panel_tutorial' build argument 'cmake_clean_cache' from command line to 'False'
[1.341s] [34mcolcon.colcon_core.verb[0m [1;30mLevel 5[0m set package 'rviz_panel_tutorial' build argument 'cmake_clean_first' from command line to 'False'
[1.341s] [34mcolcon.colcon_core.verb[0m [1;30mLevel 5[0m set package 'rviz_panel_tutorial' build argument 'cmake_force_configure' from command line to 'False'
[1.341s] [34mcolcon.colcon_core.verb[0m [1;30mLevel 5[0m set package 'rviz_panel_tutorial' build argument 'ament_cmake_args' from command line to 'None'
[1.341s] [34mcolcon.colcon_core.verb[0m [1;30mLevel 5[0m set package 'rviz_panel_tutorial' build argument 'catkin_cmake_args' from command line to 'None'
[1.341s] [34mcolcon.colcon_core.verb[0m [1;30mLevel 5[0m set package 'rviz_panel_tutorial' build argument 'catkin_skip_building_tests' from command line to 'False'
[1.341s] [34mcolcon.colcon_core.verb[0m [1;30mDEBUG[0m [32mBuilding package 'rviz_panel_tutorial' with the following arguments: {'ament_cmake_args': None, 'build_base': '/Users/dgawade/ros_rviz/build/rviz_panel_tutorial', 'catkin_cmake_args': None, 'catkin_skip_building_tests': False, 'cmake_args': None, 'cmake_clean_cache': False, 'cmake_clean_first': False, 'cmake_force_configure': False, 'cmake_target': None, 'cmake_target_skip_unavailable': False, 'install_base': '/Users/dgawade/ros_rviz/install/rviz_panel_tutorial', 'merge_install': False, 'path': '/Users/dgawade/ros_rviz/src/rviz_panel_tutorial', 'symlink_install': False, 'test_result_base': None}[0m
[1.341s] [34mcolcon.colcon_core.verb[0m [1;30mLevel 5[0m set package 'rviz_plugin_tutorial_msgs' build argument 'cmake_args' from command line to 'None'
[1.341s] [34mcolcon.colcon_core.verb[0m [1;30mLevel 5[0m set package 'rviz_plugin_tutorial_msgs' build argument 'cmake_target' from command line to 'None'
[1.341s] [34mcolcon.colcon_core.verb[0m [1;30mLevel 5[0m set package 'rviz_plugin_tutorial_msgs' build argument 'cmake_target_skip_unavailable' from command line to 'False'
[1.341s] [34mcolcon.colcon_core.verb[0m [1;30mLevel 5[0m set package 'rviz_plugin_tutorial_msgs' build argument 'cmake_clean_cache' from command line to 'False'
[1.341s] [34mcolcon.colcon_core.verb[0m [1;30mLevel 5[0m set package 'rviz_plugin_tutorial_msgs' build argument 'cmake_clean_first' from command line to 'False'
[1.341s] [34mcolcon.colcon_core.verb[0m [1;30mLevel 5[0m set package 'rviz_plugin_tutorial_msgs' build argument 'cmake_force_configure' from command line to 'False'
[1.341s] [34mcolcon.colcon_core.verb[0m [1;30mLevel 5[0m set package 'rviz_plugin_tutorial_msgs' build argument 'ament_cmake_args' from command line to 'None'
[1.341s] [34mcolcon.colcon_core.verb[0m [1;30mLevel 5[0m set package 'rviz_plugin_tutorial_msgs' build argument 'catkin_cmake_args' from command line to 'None'
[1.341s] [34mcolcon.colcon_core.verb[0m [1;30mLevel 5[0m set package 'rviz_plugin_tutorial_msgs' build argument 'catkin_skip_building_tests' from command line to 'False'
[1.341s] [34mcolcon.colcon_core.verb[0m [1;30mDEBUG[0m [32mBuilding package 'rviz_plugin_tutorial_msgs' with the following arguments: {'ament_cmake_args': None, 'build_base': '/Users/dgawade/ros_rviz/build/rviz_plugin_tutorial_msgs', 'catkin_cmake_args': None, 'catkin_skip_building_tests': False, 'cmake_args': None, 'cmake_clean_cache': False, 'cmake_clean_first': False, 'cmake_force_configure': False, 'cmake_target': None, 'cmake_target_skip_unavailable': False, 'install_base': '/Users/dgawade/ros_rviz/install/rviz_plugin_tutorial_msgs', 'merge_install': False, 'path': '/Users/dgawade/ros_rviz/src/rviz_plugin_tutorial/rviz_plugin_tutorial_msgs', 'symlink_install': False, 'test_result_base': None}[0m
[1.342s] [34mcolcon.colcon_core.verb[0m [1;30mLevel 5[0m set package 'rviz_plugin_tutorial' build argument 'cmake_args' from command line to 'None'
[1.342s] [34mcolcon.colcon_core.verb[0m [1;30mLevel 5[0m set package 'rviz_plugin_tutorial' build argument 'cmake_target' from command line to 'None'
[1.342s] [34mcolcon.colcon_core.verb[0m [1;30mLevel 5[0m set package 'rviz_plugin_tutorial' build argument 'cmake_target_skip_unavailable' from command line to 'False'
[1.342s] [34mcolcon.colcon_core.verb[0m [1;30mLevel 5[0m set package 'rviz_plugin_tutorial' build argument 'cmake_clean_cache' from command line to 'False'
[1.342s] [34mcolcon.colcon_core.verb[0m [1;30mLevel 5[0m set package 'rviz_plugin_tutorial' build argument 'cmake_clean_first' from command line to 'False'
[1.342s] [34mcolcon.colcon_core.verb[0m [1;30mLevel 5[0m set package 'rviz_plugin_tutorial' build argument 'cmake_force_configure' from command line to 'False'
[1.342s] [34mcolcon.colcon_core.verb[0m [1;30mLevel 5[0m set package 'rviz_plugin_tutorial' build argument 'ament_cmake_args' from command line to 'None'
[1.342s] [34mcolcon.colcon_core.verb[0m [1;30mLevel 5[0m set package 'rviz_plugin_tutorial' build argument 'catkin_cmake_args' from command line to 'None'
[1.342s] [34mcolcon.colcon_core.verb[0m [1;30mLevel 5[0m set package 'rviz_plugin_tutorial' build argument 'catkin_skip_building_tests' from command line to 'False'
[1.342s] [34mcolcon.colcon_core.verb[0m [1;30mDEBUG[0m [32mBuilding package 'rviz_plugin_tutorial' with the following arguments: {'ament_cmake_args': None, 'build_base': '/Users/dgawade/ros_rviz/build/rviz_plugin_tutorial', 'catkin_cmake_args': None, 'catkin_skip_building_tests': False, 'cmake_args': None, 'cmake_clean_cache': False, 'cmake_clean_first': False, 'cmake_force_configure': False, 'cmake_target': None, 'cmake_target_skip_unavailable': False, 'install_base': '/Users/dgawade/ros_rviz/install/rviz_plugin_tutorial', 'merge_install': False, 'path': '/Users/dgawade/ros_rviz/src/rviz_plugin_tutorial/rviz_plugin_tutorial', 'symlink_install': False, 'test_result_base': None}[0m
[1.343s] [34mcolcon.colcon_core.executor[0m [1;30mINFO[0m Executing jobs using 'parallel' executor
[1.343s] [34mcolcon.colcon_parallel_executor.executor.parallel[0m [1;30mDEBUG[0m [32mrun_until_complete[0m
[1.344s] [34mcolcon.colcon_ros.task.ament_cmake.build[0m [1;30mINFO[0m Building ROS package in '/Users/dgawade/ros_rviz/src/rviz_plugin_tutorial/rviz_plugin_tutorial_msgs' with build type 'ament_cmake'
[1.344s] [34mcolcon.colcon_cmake.task.cmake.build[0m [1;30mINFO[0m Building CMake package in '/Users/dgawade/ros_rviz/src/rviz_plugin_tutorial/rviz_plugin_tutorial_msgs'
[1.352s] [34mcolcon.colcon_core.plugin_system[0m [1;30mINFO[0m Skipping extension 'colcon_core.shell.bat': Not used on non-Windows systems
[1.352s] [34mcolcon.colcon_core.shell[0m [1;30mINFO[0m Skip shell extension 'powershell' for command environment: Not usable outside of PowerShell
[1.353s] [34mcolcon.colcon_core.shell[0m [1;30mDEBUG[0m [32mSkip shell extension 'dsv' for command environment[0m
[1.384s] [34mcolcon.colcon_ros.task.ament_cmake.build[0m [1;30mINFO[0m Building ROS package in '/Users/dgawade/ros_rviz/src/rviz_panel_tutorial' with build type 'ament_cmake'
[1.385s] [34mcolcon.colcon_cmake.task.cmake.build[0m [1;30mINFO[0m Building CMake package in '/Users/dgawade/ros_rviz/src/rviz_panel_tutorial'
[1.386s] [34mcolcon.colcon_core.shell[0m [1;30mINFO[0m Skip shell extension 'powershell' for command environment: Not usable outside of PowerShell
[1.386s] [34mcolcon.colcon_core.shell[0m [1;30mDEBUG[0m [32mSkip shell extension 'dsv' for command environment[0m
[1.428s] [34mcolcon.colcon_core.event_handler.log_command[0m [1;30mDEBUG[0m [32mInvoking command in '/Users/dgawade/ros_rviz/build/rviz_plugin_tutorial_msgs': CMAKE_PREFIX_PATH=${CMAKE_PREFIX_PATH}:/Users/dgawade/second_ros2_ws/install/urdf_tutorial_r2d2 CONDA_PROMPT_MODIFIER=(ros_env) SHLVL=2 _=/usr/bin/env /usr/local/bin/cmake --build /Users/dgawade/ros_rviz/build/rviz_plugin_tutorial_msgs -- -j4 -l4[0m
[1.440s] [34mcolcon.colcon_core.event_handler.log_command[0m [1;30mDEBUG[0m [32mInvoking command in '/Users/dgawade/ros_rviz/build/rviz_panel_tutorial': CMAKE_PREFIX_PATH=${CMAKE_PREFIX_PATH}:/Users/dgawade/second_ros2_ws/install/urdf_tutorial_r2d2 CONDA_PROMPT_MODIFIER=(ros_env) SHLVL=2 _=/usr/bin/env /usr/local/bin/cmake /Users/dgawade/ros_rviz/src/rviz_panel_tutorial -DCMAKE_INSTALL_PREFIX=/Users/dgawade/ros_rviz/install/rviz_panel_tutorial[0m
[3.106s] [34mcolcon.colcon_core.event_handler.log_command[0m [1;30mDEBUG[0m [32mInvoked command in '/Users/dgawade/ros_rviz/build/rviz_plugin_tutorial_msgs' returned '0': CMAKE_PREFIX_PATH=${CMAKE_PREFIX_PATH}:/Users/dgawade/second_ros2_ws/install/urdf_tutorial_r2d2 CONDA_PROMPT_MODIFIER=(ros_env) SHLVL=2 _=/usr/bin/env /usr/local/bin/cmake --build /Users/dgawade/ros_rviz/build/rviz_plugin_tutorial_msgs -- -j4 -l4[0m
[4.381s] [34mcolcon.colcon_core.event_handler.log_command[0m [1;30mDEBUG[0m [32mInvoking command in '/Users/dgawade/ros_rviz/build/rviz_plugin_tutorial_msgs': CMAKE_PREFIX_PATH=${CMAKE_PREFIX_PATH}:/Users/dgawade/second_ros2_ws/install/urdf_tutorial_r2d2 CONDA_PROMPT_MODIFIER=(ros_env) SHLVL=2 _=/usr/bin/env /usr/local/bin/cmake --install /Users/dgawade/ros_rviz/build/rviz_plugin_tutorial_msgs[0m
[4.765s] [34mcolcon.colcon_core.environment[0m [1;30mLevel 1[0m create_environment_scripts_only(rviz_plugin_tutorial_msgs)
[4.766s] [34mcolcon.colcon_core.event_handler.log_command[0m [1;30mDEBUG[0m [32mInvoked command in '/Users/dgawade/ros_rviz/build/rviz_plugin_tutorial_msgs' returned '0': CMAKE_PREFIX_PATH=${CMAKE_PREFIX_PATH}:/Users/dgawade/second_ros2_ws/install/urdf_tutorial_r2d2 CONDA_PROMPT_MODIFIER=(ros_env) SHLVL=2 _=/usr/bin/env /usr/local/bin/cmake --install /Users/dgawade/ros_rviz/build/rviz_plugin_tutorial_msgs[0m
[4.777s] [34mcolcon.colcon_core.environment[0m [1;30mLevel 1[0m checking '/Users/dgawade/ros_rviz/install/rviz_plugin_tutorial_msgs' for CMake module files
[4.778s] [34mcolcon.colcon_core.environment[0m [1;30mLevel 1[0m checking '/Users/dgawade/ros_rviz/install/rviz_plugin_tutorial_msgs' for CMake config files
[4.781s] [34mcolcon.colcon_core.shell[0m [1;30mLevel 1[0m create_environment_hook('rviz_plugin_tutorial_msgs', 'cmake_prefix_path')
[4.781s] [34mcolcon.colcon_core.shell[0m [1;30mINFO[0m Creating environment hook '/Users/dgawade/ros_rviz/install/rviz_plugin_tutorial_msgs/share/rviz_plugin_tutorial_msgs/hook/cmake_prefix_path.ps1'
[4.783s] [34mcolcon.colcon_core.shell[0m [1;30mINFO[0m Creating environment descriptor '/Users/dgawade/ros_rviz/install/rviz_plugin_tutorial_msgs/share/rviz_plugin_tutorial_msgs/hook/cmake_prefix_path.dsv'
[4.785s] [34mcolcon.colcon_core.shell[0m [1;30mINFO[0m Creating environment hook '/Users/dgawade/ros_rviz/install/rviz_plugin_tutorial_msgs/share/rviz_plugin_tutorial_msgs/hook/cmake_prefix_path.sh'
[4.787s] [34mcolcon.colcon_core.environment[0m [1;30mLevel 1[0m checking '/Users/dgawade/ros_rviz/install/rviz_plugin_tutorial_msgs/lib'
[4.788s] [34mcolcon.colcon_core.shell[0m [1;30mLevel 1[0m create_environment_hook('rviz_plugin_tutorial_msgs', 'dyld_library_path')
[4.788s] [34mcolcon.colcon_core.shell[0m [1;30mINFO[0m Creating environment hook '/Users/dgawade/ros_rviz/install/rviz_plugin_tutorial_msgs/share/rviz_plugin_tutorial_msgs/hook/dyld_library_path.ps1'
[4.789s] [34mcolcon.colcon_core.shell[0m [1;30mINFO[0m Creating environment descriptor '/Users/dgawade/ros_rviz/install/rviz_plugin_tutorial_msgs/share/rviz_plugin_tutorial_msgs/hook/dyld_library_path.dsv'
[4.791s] [34mcolcon.colcon_core.shell[0m [1;30mINFO[0m Creating environment hook '/Users/dgawade/ros_rviz/install/rviz_plugin_tutorial_msgs/share/rviz_plugin_tutorial_msgs/hook/dyld_library_path.sh'
[4.792s] [34mcolcon.colcon_core.environment[0m [1;30mLevel 1[0m checking '/Users/dgawade/ros_rviz/install/rviz_plugin_tutorial_msgs/bin'
[4.792s] [34mcolcon.colcon_core.environment[0m [1;30mLevel 1[0m checking '/Users/dgawade/ros_rviz/install/rviz_plugin_tutorial_msgs/lib/pkgconfig/rviz_plugin_tutorial_msgs.pc'
[4.792s] [34mcolcon.colcon_core.environment[0m [1;30mLevel 1[0m checking '/Users/dgawade/ros_rviz/install/rviz_plugin_tutorial_msgs/lib/python3.11/site-packages'
[4.793s] [34mcolcon.colcon_core.shell[0m [1;30mLevel 1[0m create_environment_hook('rviz_plugin_tutorial_msgs', 'pythonpath')
[4.793s] [34mcolcon.colcon_core.shell[0m [1;30mINFO[0m Creating environment hook '/Users/dgawade/ros_rviz/install/rviz_plugin_tutorial_msgs/share/rviz_plugin_tutorial_msgs/hook/pythonpath.ps1'
[4.793s] [34mcolcon.colcon_core.shell[0m [1;30mINFO[0m Creating environment descriptor '/Users/dgawade/ros_rviz/install/rviz_plugin_tutorial_msgs/share/rviz_plugin_tutorial_msgs/hook/pythonpath.dsv'
[4.794s] [34mcolcon.colcon_core.shell[0m [1;30mINFO[0m Creating environment hook '/Users/dgawade/ros_rviz/install/rviz_plugin_tutorial_msgs/share/rviz_plugin_tutorial_msgs/hook/pythonpath.sh'
[4.795s] [34mcolcon.colcon_core.environment[0m [1;30mLevel 1[0m checking '/Users/dgawade/ros_rviz/install/rviz_plugin_tutorial_msgs/bin'
[4.795s] [34mcolcon.colcon_core.shell[0m [1;30mINFO[0m Creating package script '/Users/dgawade/ros_rviz/install/rviz_plugin_tutorial_msgs/share/rviz_plugin_tutorial_msgs/package.ps1'
[4.797s] [34mcolcon.colcon_core.shell[0m [1;30mINFO[0m Creating package descriptor '/Users/dgawade/ros_rviz/install/rviz_plugin_tutorial_msgs/share/rviz_plugin_tutorial_msgs/package.dsv'
[4.799s] [34mcolcon.colcon_core.shell[0m [1;30mINFO[0m Creating package script '/Users/dgawade/ros_rviz/install/rviz_plugin_tutorial_msgs/share/rviz_plugin_tutorial_msgs/package.sh'
[4.801s] [34mcolcon.colcon_core.shell[0m [1;30mINFO[0m Creating package script '/Users/dgawade/ros_rviz/install/rviz_plugin_tutorial_msgs/share/rviz_plugin_tutorial_msgs/package.bash'
[4.804s] [34mcolcon.colcon_core.shell[0m [1;30mINFO[0m Creating package script '/Users/dgawade/ros_rviz/install/rviz_plugin_tutorial_msgs/share/rviz_plugin_tutorial_msgs/package.zsh'
[4.807s] [34mcolcon.colcon_core.environment[0m [1;30mLevel 1[0m create_file_with_runtime_dependencies(/Users/dgawade/ros_rviz/install/rviz_plugin_tutorial_msgs/share/colcon-core/packages/rviz_plugin_tutorial_msgs)
[6.305s] [34mcolcon.colcon_core.environment[0m [1;30mLevel 1[0m create_environment_scripts_only(rviz_plugin_tutorial_msgs)
[6.306s] [34mcolcon.colcon_core.environment[0m [1;30mLevel 1[0m checking '/Users/dgawade/ros_rviz/install/rviz_plugin_tutorial_msgs' for CMake module files
[6.308s] [34mcolcon.colcon_core.environment[0m [1;30mLevel 1[0m checking '/Users/dgawade/ros_rviz/install/rviz_plugin_tutorial_msgs' for CMake config files
[6.310s] [34mcolcon.colcon_core.shell[0m [1;30mLevel 1[0m create_environment_hook('rviz_plugin_tutorial_msgs', 'cmake_prefix_path')
[6.310s] [34mcolcon.colcon_core.shell[0m [1;30mINFO[0m Creating environment hook '/Users/dgawade/ros_rviz/install/rviz_plugin_tutorial_msgs/share/rviz_plugin_tutorial_msgs/hook/cmake_prefix_path.ps1'
[6.312s] [34mcolcon.colcon_core.shell[0m [1;30mINFO[0m Creating environment descriptor '/Users/dgawade/ros_rviz/install/rviz_plugin_tutorial_msgs/share/rviz_plugin_tutorial_msgs/hook/cmake_prefix_path.dsv'
[6.313s] [34mcolcon.colcon_core.shell[0m [1;30mINFO[0m Creating environment hook '/Users/dgawade/ros_rviz/install/rviz_plugin_tutorial_msgs/share/rviz_plugin_tutorial_msgs/hook/cmake_prefix_path.sh'
[6.314s] [34mcolcon.colcon_core.environment[0m [1;30mLevel 1[0m checking '/Users/dgawade/ros_rviz/install/rviz_plugin_tutorial_msgs/lib'
[6.315s] [34mcolcon.colcon_core.shell[0m [1;30mLevel 1[0m create_environment_hook('rviz_plugin_tutorial_msgs', 'dyld_library_path')
[6.315s] [34mcolcon.colcon_core.shell[0m [1;30mINFO[0m Creating environment hook '/Users/dgawade/ros_rviz/install/rviz_plugin_tutorial_msgs/share/rviz_plugin_tutorial_msgs/hook/dyld_library_path.ps1'
[6.316s] [34mcolcon.colcon_core.shell[0m [1;30mINFO[0m Creating environment descriptor '/Users/dgawade/ros_rviz/install/rviz_plugin_tutorial_msgs/share/rviz_plugin_tutorial_msgs/hook/dyld_library_path.dsv'
[6.316s] [34mcolcon.colcon_core.shell[0m [1;30mINFO[0m Creating environment hook '/Users/dgawade/ros_rviz/install/rviz_plugin_tutorial_msgs/share/rviz_plugin_tutorial_msgs/hook/dyld_library_path.sh'
[6.317s] [34mcolcon.colcon_core.environment[0m [1;30mLevel 1[0m checking '/Users/dgawade/ros_rviz/install/rviz_plugin_tutorial_msgs/bin'
[6.317s] [34mcolcon.colcon_core.environment[0m [1;30mLevel 1[0m checking '/Users/dgawade/ros_rviz/install/rviz_plugin_tutorial_msgs/lib/pkgconfig/rviz_plugin_tutorial_msgs.pc'
[6.318s] [34mcolcon.colcon_core.environment[0m [1;30mLevel 1[0m checking '/Users/dgawade/ros_rviz/install/rviz_plugin_tutorial_msgs/lib/python3.11/site-packages'
[6.318s] [34mcolcon.colcon_core.shell[0m [1;30mLevel 1[0m create_environment_hook('rviz_plugin_tutorial_msgs', 'pythonpath')
[6.318s] [34mcolcon.colcon_core.shell[0m [1;30mINFO[0m Creating environment hook '/Users/dgawade/ros_rviz/install/rviz_plugin_tutorial_msgs/share/rviz_plugin_tutorial_msgs/hook/pythonpath.ps1'
[6.319s] [34mcolcon.colcon_core.shell[0m [1;30mINFO[0m Creating environment descriptor '/Users/dgawade/ros_rviz/install/rviz_plugin_tutorial_msgs/share/rviz_plugin_tutorial_msgs/hook/pythonpath.dsv'
[6.320s] [34mcolcon.colcon_core.shell[0m [1;30mINFO[0m Creating environment hook '/Users/dgawade/ros_rviz/install/rviz_plugin_tutorial_msgs/share/rviz_plugin_tutorial_msgs/hook/pythonpath.sh'
[6.321s] [34mcolcon.colcon_core.environment[0m [1;30mLevel 1[0m checking '/Users/dgawade/ros_rviz/install/rviz_plugin_tutorial_msgs/bin'
[6.322s] [34mcolcon.colcon_core.shell[0m [1;30mINFO[0m Creating package script '/Users/dgawade/ros_rviz/install/rviz_plugin_tutorial_msgs/share/rviz_plugin_tutorial_msgs/package.ps1'
[6.323s] [34mcolcon.colcon_core.shell[0m [1;30mINFO[0m Creating package descriptor '/Users/dgawade/ros_rviz/install/rviz_plugin_tutorial_msgs/share/rviz_plugin_tutorial_msgs/package.dsv'
[6.324s] [34mcolcon.colcon_core.shell[0m [1;30mINFO[0m Creating package script '/Users/dgawade/ros_rviz/install/rviz_plugin_tutorial_msgs/share/rviz_plugin_tutorial_msgs/package.sh'
[6.325s] [34mcolcon.colcon_core.shell[0m [1;30mINFO[0m Creating package script '/Users/dgawade/ros_rviz/install/rviz_plugin_tutorial_msgs/share/rviz_plugin_tutorial_msgs/package.bash'
[6.326s] [34mcolcon.colcon_core.shell[0m [1;30mINFO[0m Creating package script '/Users/dgawade/ros_rviz/install/rviz_plugin_tutorial_msgs/share/rviz_plugin_tutorial_msgs/package.zsh'
[6.327s] [34mcolcon.colcon_core.environment[0m [1;30mLevel 1[0m create_file_with_runtime_dependencies(/Users/dgawade/ros_rviz/install/rviz_plugin_tutorial_msgs/share/colcon-core/packages/rviz_plugin_tutorial_msgs)
[6.331s] [34mcolcon.colcon_ros.task.ament_cmake.build[0m [1;30mINFO[0m Building ROS package in '/Users/dgawade/ros_rviz/src/rviz_plugin_tutorial/rviz_plugin_tutorial' with build type 'ament_cmake'
[6.331s] [34mcolcon.colcon_cmake.task.cmake.build[0m [1;30mINFO[0m Building CMake package in '/Users/dgawade/ros_rviz/src/rviz_plugin_tutorial/rviz_plugin_tutorial'
[6.332s] [34mcolcon.colcon_core.shell[0m [1;30mINFO[0m Skip shell extension 'powershell' for command environment: Not usable outside of PowerShell
[6.332s] [34mcolcon.colcon_core.shell[0m [1;30mDEBUG[0m [32mSkip shell extension 'dsv' for command environment[0m
[6.427s] [34mcolcon.colcon_core.event_handler.log_command[0m [1;30mDEBUG[0m [32mInvoking command in '/Users/dgawade/ros_rviz/build/rviz_plugin_tutorial': CMAKE_PREFIX_PATH=/Users/dgawade/ros_rviz/install/rviz_plugin_tutorial_msgs:/Users/dgawade/ros_rviz/install/rviz_plugin_tutorial:/Users/dgawade/second_ros2_ws/install/rviz_plugin_tutorial:/Users/dgawade/miniconda3/envs/ros_env:/Users/dgawade/second_ros2_ws/install/rviz_plugin_tutorial_msgs:/Users/dgawade/second_ros2_ws/install:/Users/dgawade/second_ros2_ws/install/urdf_tutorial_r2d2 CONDA_PROMPT_MODIFIER=(ros_env) SHLVL=2 _=/usr/bin/env /usr/local/bin/cmake --build /Users/dgawade/ros_rviz/build/rviz_plugin_tutorial -- -j4 -l4[0m
[14.659s] [34mcolcon.colcon_core.event_handler.log_command[0m [1;30mDEBUG[0m [32mInvoked command in '/Users/dgawade/ros_rviz/build/rviz_plugin_tutorial' returned '0': CMAKE_PREFIX_PATH=/Users/dgawade/ros_rviz/install/rviz_plugin_tutorial_msgs:/Users/dgawade/ros_rviz/install/rviz_plugin_tutorial:/Users/dgawade/second_ros2_ws/install/rviz_plugin_tutorial:/Users/dgawade/miniconda3/envs/ros_env:/Users/dgawade/second_ros2_ws/install/rviz_plugin_tutorial_msgs:/Users/dgawade/second_ros2_ws/install:/Users/dgawade/second_ros2_ws/install/urdf_tutorial_r2d2 CONDA_PROMPT_MODIFIER=(ros_env) SHLVL=2 _=/usr/bin/env /usr/local/bin/cmake --build /Users/dgawade/ros_rviz/build/rviz_plugin_tutorial -- -j4 -l4[0m
[15.301s] [34mcolcon.colcon_core.event_handler.log_command[0m [1;30mDEBUG[0m [32mInvoking command in '/Users/dgawade/ros_rviz/build/rviz_plugin_tutorial': CMAKE_PREFIX_PATH=/Users/dgawade/ros_rviz/install/rviz_plugin_tutorial_msgs:/Users/dgawade/ros_rviz/install/rviz_plugin_tutorial:/Users/dgawade/second_ros2_ws/install/rviz_plugin_tutorial:/Users/dgawade/miniconda3/envs/ros_env:/Users/dgawade/second_ros2_ws/install/rviz_plugin_tutorial_msgs:/Users/dgawade/second_ros2_ws/install:/Users/dgawade/second_ros2_ws/install/urdf_tutorial_r2d2 CONDA_PROMPT_MODIFIER=(ros_env) SHLVL=2 _=/usr/bin/env /usr/local/bin/cmake --install /Users/dgawade/ros_rviz/build/rviz_plugin_tutorial[0m
[15.383s] [34mcolcon.colcon_core.environment[0m [1;30mLevel 1[0m create_environment_scripts_only(rviz_plugin_tutorial)
[15.384s] [34mcolcon.colcon_core.environment[0m [1;30mLevel 1[0m checking '/Users/dgawade/ros_rviz/install/rviz_plugin_tutorial' for CMake module files
[15.385s] [34mcolcon.colcon_core.event_handler.log_command[0m [1;30mDEBUG[0m [32mInvoked command in '/Users/dgawade/ros_rviz/build/rviz_plugin_tutorial' returned '0': CMAKE_PREFIX_PATH=/Users/dgawade/ros_rviz/install/rviz_plugin_tutorial_msgs:/Users/dgawade/ros_rviz/install/rviz_plugin_tutorial:/Users/dgawade/second_ros2_ws/install/rviz_plugin_tutorial:/Users/dgawade/miniconda3/envs/ros_env:/Users/dgawade/second_ros2_ws/install/rviz_plugin_tutorial_msgs:/Users/dgawade/second_ros2_ws/install:/Users/dgawade/second_ros2_ws/install/urdf_tutorial_r2d2 CONDA_PROMPT_MODIFIER=(ros_env) SHLVL=2 _=/usr/bin/env /usr/local/bin/cmake --install /Users/dgawade/ros_rviz/build/rviz_plugin_tutorial[0m
[15.387s] [34mcolcon.colcon_core.environment[0m [1;30mLevel 1[0m checking '/Users/dgawade/ros_rviz/install/rviz_plugin_tutorial' for CMake config files
[15.387s] [34mcolcon.colcon_core.shell[0m [1;30mLevel 1[0m create_environment_hook('rviz_plugin_tutorial', 'cmake_prefix_path')
[15.387s] [34mcolcon.colcon_core.shell[0m [1;30mINFO[0m Creating environment hook '/Users/dgawade/ros_rviz/install/rviz_plugin_tutorial/share/rviz_plugin_tutorial/hook/cmake_prefix_path.ps1'
[15.389s] [34mcolcon.colcon_core.shell[0m [1;30mINFO[0m Creating environment descriptor '/Users/dgawade/ros_rviz/install/rviz_plugin_tutorial/share/rviz_plugin_tutorial/hook/cmake_prefix_path.dsv'
[15.390s] [34mcolcon.colcon_core.shell[0m [1;30mINFO[0m Creating environment hook '/Users/dgawade/ros_rviz/install/rviz_plugin_tutorial/share/rviz_plugin_tutorial/hook/cmake_prefix_path.sh'
[15.391s] [34mcolcon.colcon_core.environment[0m [1;30mLevel 1[0m checking '/Users/dgawade/ros_rviz/install/rviz_plugin_tutorial/lib'
[15.391s] [34mcolcon.colcon_core.shell[0m [1;30mLevel 1[0m create_environment_hook('rviz_plugin_tutorial', 'dyld_library_path')
[15.392s] [34mcolcon.colcon_core.shell[0m [1;30mINFO[0m Creating environment hook '/Users/dgawade/ros_rviz/install/rviz_plugin_tutorial/share/rviz_plugin_tutorial/hook/dyld_library_path.ps1'
[15.393s] [34mcolcon.colcon_core.shell[0m [1;30mINFO[0m Creating environment descriptor '/Users/dgawade/ros_rviz/install/rviz_plugin_tutorial/share/rviz_plugin_tutorial/hook/dyld_library_path.dsv'
[15.395s] [34mcolcon.colcon_core.shell[0m [1;30mINFO[0m Creating environment hook '/Users/dgawade/ros_rviz/install/rviz_plugin_tutorial/share/rviz_plugin_tutorial/hook/dyld_library_path.sh'
[15.396s] [34mcolcon.colcon_core.environment[0m [1;30mLevel 1[0m checking '/Users/dgawade/ros_rviz/install/rviz_plugin_tutorial/bin'
[15.396s] [34mcolcon.colcon_core.environment[0m [1;30mLevel 1[0m checking '/Users/dgawade/ros_rviz/install/rviz_plugin_tutorial/lib/pkgconfig/rviz_plugin_tutorial.pc'
[15.397s] [34mcolcon.colcon_core.environment[0m [1;30mLevel 1[0m checking '/Users/dgawade/ros_rviz/install/rviz_plugin_tutorial/lib/python3.11/site-packages'
[15.397s] [34mcolcon.colcon_core.environment[0m [1;30mLevel 1[0m checking '/Users/dgawade/ros_rviz/install/rviz_plugin_tutorial/bin'
[15.398s] [34mcolcon.colcon_core.shell[0m [1;30mINFO[0m Creating package script '/Users/dgawade/ros_rviz/install/rviz_plugin_tutorial/share/rviz_plugin_tutorial/package.ps1'
[15.399s] [34mcolcon.colcon_core.shell[0m [1;30mINFO[0m Creating package descriptor '/Users/dgawade/ros_rviz/install/rviz_plugin_tutorial/share/rviz_plugin_tutorial/package.dsv'
[15.400s] [34mcolcon.colcon_core.shell[0m [1;30mINFO[0m Creating package script '/Users/dgawade/ros_rviz/install/rviz_plugin_tutorial/share/rviz_plugin_tutorial/package.sh'
[15.403s] [34mcolcon.colcon_core.shell[0m [1;30mINFO[0m Creating package script '/Users/dgawade/ros_rviz/install/rviz_plugin_tutorial/share/rviz_plugin_tutorial/package.bash'
[15.405s] [34mcolcon.colcon_core.shell[0m [1;30mINFO[0m Creating package script '/Users/dgawade/ros_rviz/install/rviz_plugin_tutorial/share/rviz_plugin_tutorial/package.zsh'
[15.407s] [34mcolcon.colcon_core.environment[0m [1;30mLevel 1[0m create_file_with_runtime_dependencies(/Users/dgawade/ros_rviz/install/rviz_plugin_tutorial/share/colcon-core/packages/rviz_plugin_tutorial)
[16.038s] [34mcolcon.colcon_core.environment[0m [1;30mLevel 1[0m create_environment_scripts_only(rviz_plugin_tutorial)
[16.039s] [34mcolcon.colcon_core.environment[0m [1;30mLevel 1[0m checking '/Users/dgawade/ros_rviz/install/rviz_plugin_tutorial' for CMake module files
[16.041s] [34mcolcon.colcon_core.environment[0m [1;30mLevel 1[0m checking '/Users/dgawade/ros_rviz/install/rviz_plugin_tutorial' for CMake config files
[16.042s] [34mcolcon.colcon_core.shell[0m [1;30mLevel 1[0m create_environment_hook('rviz_plugin_tutorial', 'cmake_prefix_path')
[16.042s] [34mcolcon.colcon_core.shell[0m [1;30mINFO[0m Creating environment hook '/Users/dgawade/ros_rviz/install/rviz_plugin_tutorial/share/rviz_plugin_tutorial/hook/cmake_prefix_path.ps1'
[16.043s] [34mcolcon.colcon_core.shell[0m [1;30mINFO[0m Creating environment descriptor '/Users/dgawade/ros_rviz/install/rviz_plugin_tutorial/share/rviz_plugin_tutorial/hook/cmake_prefix_path.dsv'
[16.044s] [34mcolcon.colcon_core.shell[0m [1;30mINFO[0m Creating environment hook '/Users/dgawade/ros_rviz/install/rviz_plugin_tutorial/share/rviz_plugin_tutorial/hook/cmake_prefix_path.sh'
[16.046s] [34mcolcon.colcon_core.environment[0m [1;30mLevel 1[0m checking '/Users/dgawade/ros_rviz/install/rviz_plugin_tutorial/lib'
[16.047s] [34mcolcon.colcon_core.shell[0m [1;30mLevel 1[0m create_environment_hook('rviz_plugin_tutorial', 'dyld_library_path')
[16.047s] [34mcolcon.colcon_core.shell[0m [1;30mINFO[0m Creating environment hook '/Users/dgawade/ros_rviz/install/rviz_plugin_tutorial/share/rviz_plugin_tutorial/hook/dyld_library_path.ps1'
[16.049s] [34mcolcon.colcon_core.shell[0m [1;30mINFO[0m Creating environment descriptor '/Users/dgawade/ros_rviz/install/rviz_plugin_tutorial/share/rviz_plugin_tutorial/hook/dyld_library_path.dsv'
[16.050s] [34mcolcon.colcon_core.shell[0m [1;30mINFO[0m Creating environment hook '/Users/dgawade/ros_rviz/install/rviz_plugin_tutorial/share/rviz_plugin_tutorial/hook/dyld_library_path.sh'
[16.051s] [34mcolcon.colcon_core.environment[0m [1;30mLevel 1[0m checking '/Users/dgawade/ros_rviz/install/rviz_plugin_tutorial/bin'
[16.051s] [34mcolcon.colcon_core.environment[0m [1;30mLevel 1[0m checking '/Users/dgawade/ros_rviz/install/rviz_plugin_tutorial/lib/pkgconfig/rviz_plugin_tutorial.pc'
[16.052s] [34mcolcon.colcon_core.environment[0m [1;30mLevel 1[0m checking '/Users/dgawade/ros_rviz/install/rviz_plugin_tutorial/lib/python3.11/site-packages'
[16.053s] [34mcolcon.colcon_core.environment[0m [1;30mLevel 1[0m checking '/Users/dgawade/ros_rviz/install/rviz_plugin_tutorial/bin'
[16.053s] [34mcolcon.colcon_core.shell[0m [1;30mINFO[0m Creating package script '/Users/dgawade/ros_rviz/install/rviz_plugin_tutorial/share/rviz_plugin_tutorial/package.ps1'
[16.055s] [34mcolcon.colcon_core.shell[0m [1;30mINFO[0m Creating package descriptor '/Users/dgawade/ros_rviz/install/rviz_plugin_tutorial/share/rviz_plugin_tutorial/package.dsv'
[16.056s] [34mcolcon.colcon_core.shell[0m [1;30mINFO[0m Creating package script '/Users/dgawade/ros_rviz/install/rviz_plugin_tutorial/share/rviz_plugin_tutorial/package.sh'
[16.058s] [34mcolcon.colcon_core.shell[0m [1;30mINFO[0m Creating package script '/Users/dgawade/ros_rviz/install/rviz_plugin_tutorial/share/rviz_plugin_tutorial/package.bash'
[16.081s] [34mcolcon.colcon_core.shell[0m [1;30mINFO[0m Creating package script '/Users/dgawade/ros_rviz/install/rviz_plugin_tutorial/share/rviz_plugin_tutorial/package.zsh'
[16.082s] [34mcolcon.colcon_core.environment[0m [1;30mLevel 1[0m create_file_with_runtime_dependencies(/Users/dgawade/ros_rviz/install/rviz_plugin_tutorial/share/colcon-core/packages/rviz_plugin_tutorial)
[23.449s] [34mcolcon.colcon_core.event_handler.log_command[0m [1;30mDEBUG[0m [32mInvoked command in '/Users/dgawade/ros_rviz/build/rviz_panel_tutorial' returned '0': CMAKE_PREFIX_PATH=${CMAKE_PREFIX_PATH}:/Users/dgawade/second_ros2_ws/install/urdf_tutorial_r2d2 CONDA_PROMPT_MODIFIER=(ros_env) SHLVL=2 _=/usr/bin/env /usr/local/bin/cmake /Users/dgawade/ros_rviz/src/rviz_panel_tutorial -DCMAKE_INSTALL_PREFIX=/Users/dgawade/ros_rviz/install/rviz_panel_tutorial[0m
[23.457s] [34mcolcon.colcon_core.event_handler.log_command[0m [1;30mDEBUG[0m [32mInvoking command in '/Users/dgawade/ros_rviz/build/rviz_panel_tutorial': CMAKE_PREFIX_PATH=${CMAKE_PREFIX_PATH}:/Users/dgawade/second_ros2_ws/install/urdf_tutorial_r2d2 CONDA_PROMPT_MODIFIER=(ros_env) SHLVL=2 _=/usr/bin/env /usr/local/bin/cmake --build /Users/dgawade/ros_rviz/build/rviz_panel_tutorial -- -j4 -l4[0m
[44.667s] [34mcolcon.colcon_core.event_handler.log_command[0m [1;30mDEBUG[0m [32mInvoked command in '/Users/dgawade/ros_rviz/build/rviz_panel_tutorial' returned '0': CMAKE_PREFIX_PATH=${CMAKE_PREFIX_PATH}:/Users/dgawade/second_ros2_ws/install/urdf_tutorial_r2d2 CONDA_PROMPT_MODIFIER=(ros_env) SHLVL=2 _=/usr/bin/env /usr/local/bin/cmake --build /Users/dgawade/ros_rviz/build/rviz_panel_tutorial -- -j4 -l4[0m
[45.062s] [34mcolcon.colcon_core.event_handler.log_command[0m [1;30mDEBUG[0m [32mInvoking command in '/Users/dgawade/ros_rviz/build/rviz_panel_tutorial': CMAKE_PREFIX_PATH=${CMAKE_PREFIX_PATH}:/Users/dgawade/second_ros2_ws/install/urdf_tutorial_r2d2 CONDA_PROMPT_MODIFIER=(ros_env) SHLVL=2 _=/usr/bin/env /usr/local/bin/cmake --install /Users/dgawade/ros_rviz/build/rviz_panel_tutorial[0m
[45.129s] [34mcolcon.colcon_core.environment[0m [1;30mLevel 1[0m create_environment_scripts_only(rviz_panel_tutorial)
[45.130s] [34mcolcon.colcon_core.environment[0m [1;30mLevel 1[0m checking '/Users/dgawade/ros_rviz/install/rviz_panel_tutorial' for CMake module files
[45.130s] [34mcolcon.colcon_core.event_handler.log_command[0m [1;30mDEBUG[0m [32mInvoked command in '/Users/dgawade/ros_rviz/build/rviz_panel_tutorial' returned '0': CMAKE_PREFIX_PATH=${CMAKE_PREFIX_PATH}:/Users/dgawade/second_ros2_ws/install/urdf_tutorial_r2d2 CONDA_PROMPT_MODIFIER=(ros_env) SHLVL=2 _=/usr/bin/env /usr/local/bin/cmake --install /Users/dgawade/ros_rviz/build/rviz_panel_tutorial[0m
[45.131s] [34mcolcon.colcon_core.environment[0m [1;30mLevel 1[0m checking '/Users/dgawade/ros_rviz/install/rviz_panel_tutorial' for CMake config files
[45.132s] [34mcolcon.colcon_core.shell[0m [1;30mLevel 1[0m create_environment_hook('rviz_panel_tutorial', 'cmake_prefix_path')
[45.132s] [34mcolcon.colcon_core.shell[0m [1;30mINFO[0m Creating environment hook '/Users/dgawade/ros_rviz/install/rviz_panel_tutorial/share/rviz_panel_tutorial/hook/cmake_prefix_path.ps1'
[45.134s] [34mcolcon.colcon_core.shell[0m [1;30mINFO[0m Creating environment descriptor '/Users/dgawade/ros_rviz/install/rviz_panel_tutorial/share/rviz_panel_tutorial/hook/cmake_prefix_path.dsv'
[45.135s] [34mcolcon.colcon_core.shell[0m [1;30mINFO[0m Creating environment hook '/Users/dgawade/ros_rviz/install/rviz_panel_tutorial/share/rviz_panel_tutorial/hook/cmake_prefix_path.sh'
[45.138s] [34mcolcon.colcon_core.environment[0m [1;30mLevel 1[0m checking '/Users/dgawade/ros_rviz/install/rviz_panel_tutorial/lib'
[45.138s] [34mcolcon.colcon_core.shell[0m [1;30mLevel 1[0m create_environment_hook('rviz_panel_tutorial', 'dyld_library_path')
[45.138s] [34mcolcon.colcon_core.shell[0m [1;30mINFO[0m Creating environment hook '/Users/dgawade/ros_rviz/install/rviz_panel_tutorial/share/rviz_panel_tutorial/hook/dyld_library_path.ps1'
[45.139s] [34mcolcon.colcon_core.shell[0m [1;30mINFO[0m Creating environment descriptor '/Users/dgawade/ros_rviz/install/rviz_panel_tutorial/share/rviz_panel_tutorial/hook/dyld_library_path.dsv'
[45.140s] [34mcolcon.colcon_core.shell[0m [1;30mINFO[0m Creating environment hook '/Users/dgawade/ros_rviz/install/rviz_panel_tutorial/share/rviz_panel_tutorial/hook/dyld_library_path.sh'
[45.142s] [34mcolcon.colcon_core.environment[0m [1;30mLevel 1[0m checking '/Users/dgawade/ros_rviz/install/rviz_panel_tutorial/bin'
[45.142s] [34mcolcon.colcon_core.environment[0m [1;30mLevel 1[0m checking '/Users/dgawade/ros_rviz/install/rviz_panel_tutorial/lib/pkgconfig/rviz_panel_tutorial.pc'
[45.142s] [34mcolcon.colcon_core.environment[0m [1;30mLevel 1[0m checking '/Users/dgawade/ros_rviz/install/rviz_panel_tutorial/lib/python3.11/site-packages'
[45.143s] [34mcolcon.colcon_core.environment[0m [1;30mLevel 1[0m checking '/Users/dgawade/ros_rviz/install/rviz_panel_tutorial/bin'
[45.143s] [34mcolcon.colcon_core.shell[0m [1;30mINFO[0m Creating package script '/Users/dgawade/ros_rviz/install/rviz_panel_tutorial/share/rviz_panel_tutorial/package.ps1'
[45.146s] [34mcolcon.colcon_core.shell[0m [1;30mINFO[0m Creating package descriptor '/Users/dgawade/ros_rviz/install/rviz_panel_tutorial/share/rviz_panel_tutorial/package.dsv'
[45.147s] [34mcolcon.colcon_core.shell[0m [1;30mINFO[0m Creating package script '/Users/dgawade/ros_rviz/install/rviz_panel_tutorial/share/rviz_panel_tutorial/package.sh'
[45.148s] [34mcolcon.colcon_core.shell[0m [1;30mINFO[0m Creating package script '/Users/dgawade/ros_rviz/install/rviz_panel_tutorial/share/rviz_panel_tutorial/package.bash'
[45.149s] [34mcolcon.colcon_core.shell[0m [1;30mINFO[0m Creating package script '/Users/dgawade/ros_rviz/install/rviz_panel_tutorial/share/rviz_panel_tutorial/package.zsh'
[45.151s] [34mcolcon.colcon_core.environment[0m [1;30mLevel 1[0m create_file_with_runtime_dependencies(/Users/dgawade/ros_rviz/install/rviz_panel_tutorial/share/colcon-core/packages/rviz_panel_tutorial)
[45.597s] [34mcolcon.colcon_core.environment[0m [1;30mLevel 1[0m create_environment_scripts_only(rviz_panel_tutorial)
[45.597s] [34mcolcon.colcon_core.environment[0m [1;30mLevel 1[0m checking '/Users/dgawade/ros_rviz/install/rviz_panel_tutorial' for CMake module files
[45.598s] [34mcolcon.colcon_core.environment[0m [1;30mLevel 1[0m checking '/Users/dgawade/ros_rviz/install/rviz_panel_tutorial' for CMake config files
[45.599s] [34mcolcon.colcon_core.shell[0m [1;30mLevel 1[0m create_environment_hook('rviz_panel_tutorial', 'cmake_prefix_path')
[45.599s] [34mcolcon.colcon_core.shell[0m [1;30mINFO[0m Creating environment hook '/Users/dgawade/ros_rviz/install/rviz_panel_tutorial/share/rviz_panel_tutorial/hook/cmake_prefix_path.ps1'
[45.600s] [34mcolcon.colcon_core.shell[0m [1;30mINFO[0m Creating environment descriptor '/Users/dgawade/ros_rviz/install/rviz_panel_tutorial/share/rviz_panel_tutorial/hook/cmake_prefix_path.dsv'
[45.601s] [34mcolcon.colcon_core.shell[0m [1;30mINFO[0m Creating environment hook '/Users/dgawade/ros_rviz/install/rviz_panel_tutorial/share/rviz_panel_tutorial/hook/cmake_prefix_path.sh'
[45.602s] [34mcolcon.colcon_core.environment[0m [1;30mLevel 1[0m checking '/Users/dgawade/ros_rviz/install/rviz_panel_tutorial/lib'
[45.602s] [34mcolcon.colcon_core.shell[0m [1;30mLevel 1[0m create_environment_hook('rviz_panel_tutorial', 'dyld_library_path')
[45.602s] [34mcolcon.colcon_core.shell[0m [1;30mINFO[0m Creating environment hook '/Users/dgawade/ros_rviz/install/rviz_panel_tutorial/share/rviz_panel_tutorial/hook/dyld_library_path.ps1'
[45.604s] [34mcolcon.colcon_core.shell[0m [1;30mINFO[0m Creating environment descriptor '/Users/dgawade/ros_rviz/install/rviz_panel_tutorial/share/rviz_panel_tutorial/hook/dyld_library_path.dsv'
[45.605s] [34mcolcon.colcon_core.shell[0m [1;30mINFO[0m Creating environment hook '/Users/dgawade/ros_rviz/install/rviz_panel_tutorial/share/rviz_panel_tutorial/hook/dyld_library_path.sh'
[45.606s] [34mcolcon.colcon_core.environment[0m [1;30mLevel 1[0m checking '/Users/dgawade/ros_rviz/install/rviz_panel_tutorial/bin'
[45.606s] [34mcolcon.colcon_core.environment[0m [1;30mLevel 1[0m checking '/Users/dgawade/ros_rviz/install/rviz_panel_tutorial/lib/pkgconfig/rviz_panel_tutorial.pc'
[45.607s] [34mcolcon.colcon_core.environment[0m [1;30mLevel 1[0m checking '/Users/dgawade/ros_rviz/install/rviz_panel_tutorial/lib/python3.11/site-packages'
[45.607s] [34mcolcon.colcon_core.environment[0m [1;30mLevel 1[0m checking '/Users/dgawade/ros_rviz/install/rviz_panel_tutorial/bin'
[45.607s] [34mcolcon.colcon_core.shell[0m [1;30mINFO[0m Creating package script '/Users/dgawade/ros_rviz/install/rviz_panel_tutorial/share/rviz_panel_tutorial/package.ps1'
[45.609s] [34mcolcon.colcon_core.shell[0m [1;30mINFO[0m Creating package descriptor '/Users/dgawade/ros_rviz/install/rviz_panel_tutorial/share/rviz_panel_tutorial/package.dsv'
[45.610s] [34mcolcon.colcon_core.shell[0m [1;30mINFO[0m Creating package script '/Users/dgawade/ros_rviz/install/rviz_panel_tutorial/share/rviz_panel_tutorial/package.sh'
[45.611s] [34mcolcon.colcon_core.shell[0m [1;30mINFO[0m Creating package script '/Users/dgawade/ros_rviz/install/rviz_panel_tutorial/share/rviz_panel_tutorial/package.bash'
[45.612s] [34mcolcon.colcon_core.shell[0m [1;30mINFO[0m Creating package script '/Users/dgawade/ros_rviz/install/rviz_panel_tutorial/share/rviz_panel_tutorial/package.zsh'
[45.612s] [34mcolcon.colcon_core.environment[0m [1;30mLevel 1[0m create_file_with_runtime_dependencies(/Users/dgawade/ros_rviz/install/rviz_panel_tutorial/share/colcon-core/packages/rviz_panel_tutorial)
[45.613s] [34mcolcon.colcon_parallel_executor.executor.parallel[0m [1;30mDEBUG[0m [32mclosing loop[0m
[45.614s] [34mcolcon.colcon_parallel_executor.executor.parallel[0m [1;30mDEBUG[0m [32mloop closed[0m
[45.614s] [34mcolcon.colcon_parallel_executor.executor.parallel[0m [1;30mDEBUG[0m [32mrun_until_complete finished with '0'[0m
[45.614s] [34mcolcon.colcon_core.event_reactor[0m [1;30mDEBUG[0m [32mjoining thread[0m
[45.620s] [34mcolcon.colcon_core.plugin_system[0m [1;30mINFO[0m Skipping extension 'colcon_notification.desktop_notification.notify2': 'notify2' not found
[45.620s] [34mcolcon.colcon_core.plugin_system[0m [1;30mINFO[0m Skipping extension 'colcon_notification.desktop_notification.notify_send': Not used on non-Linux systems
[45.621s] [34mcolcon.colcon_core.plugin_system[0m [1;30mINFO[0m Skipping extension 'colcon_notification.desktop_notification.win32': Not used on non-Windows systems
[45.621s] [34mcolcon.colcon_notification.desktop_notification[0m [1;30mINFO[0m Sending desktop notification using 'terminal_notifier'
[45.697s] [34mcolcon.colcon_core.event_reactor[0m [1;30mDEBUG[0m [32mjoined thread[0m
[45.698s] [34mcolcon.colcon_core.shell[0m [1;30mINFO[0m Creating prefix script '/Users/dgawade/ros_rviz/install/local_setup.ps1'
[45.701s] [34mcolcon.colcon_core.shell[0m [1;30mINFO[0m Creating prefix util module '/Users/dgawade/ros_rviz/install/_local_setup_util_ps1.py'
[45.705s] [34mcolcon.colcon_core.shell[0m [1;30mINFO[0m Creating prefix chain script '/Users/dgawade/ros_rviz/install/setup.ps1'
[45.711s] [34mcolcon.colcon_core.shell[0m [1;30mINFO[0m Creating prefix script '/Users/dgawade/ros_rviz/install/local_setup.sh'
[45.715s] [34mcolcon.colcon_core.shell[0m [1;30mINFO[0m Creating prefix util module '/Users/dgawade/ros_rviz/install/_local_setup_util_sh.py'
[45.718s] [34mcolcon.colcon_core.shell[0m [1;30mINFO[0m Creating prefix chain script '/Users/dgawade/ros_rviz/install/setup.sh'
[45.721s] [34mcolcon.colcon_core.shell[0m [1;30mINFO[0m Creating prefix script '/Users/dgawade/ros_rviz/install/local_setup.bash'
[45.724s] [34mcolcon.colcon_core.shell[0m [1;30mINFO[0m Creating prefix chain script '/Users/dgawade/ros_rviz/install/setup.bash'
[45.727s] [34mcolcon.colcon_core.shell[0m [1;30mINFO[0m Creating prefix script '/Users/dgawade/ros_rviz/install/local_setup.zsh'
[45.731s] [34mcolcon.colcon_core.shell[0m [1;30mINFO[0m Creating prefix chain script '/Users/dgawade/ros_rviz/install/setup.zsh'
