[0.008s] Invoking command in '/home/aashvi/launch_ws/build/urdf_tutorial': AMENT_PREFIX_PATH=/home/aashvi/launch_ws/install/urdf_launch:${AMENT_PREFIX_PATH} CMAKE_PREFIX_PATH=/home/aashvi/launch_ws/install/urdf_launch:/home/aashvi/ros2_ws/install/turtle_controller:/home/aashvi/ros2_ws/install/draw_d_cpp:/home/aashvi/ros2_ws/install/draw_circle_cpp:/home/aashvi/ros2_ws/install/turtlesim:/home/aashvi/ros2_ws/install/chat_pkg:/home/aashvi/install/draw_circle_cpp:/home/aashvi/polygon_ws/install/polygon_pkg_cpp:/home/aashvi/polygon_ws/install/tutorial_interfaces:/home/aashvi/polygon_ws/install/turtlesim:/home/aashvi/service_ws/install/turtlesim:/home/aashvi/service_ws/install/cpp_srvcli:/home/aashvi/ros2_ws/install/turtle_mover:/home/aashvi/ros2_ws/install/my_robot_controller:/home/aashvi/ros2_ws/install/py_pubsub:/home/aashvi/ros2_ws/install/my_package:/home/aashvi/polygon_ws/install/polygon_pkg:/home/aashvi/service_ws/install/py_srvcli:/opt/ros/humble /usr/bin/cmake /home/aashvi/launch_ws/src/urdf_tutorial -DCMAKE_INSTALL_PREFIX=/home/aashvi/launch_ws/install/urdf_tutorial
[0.023s] -- Found ament_cmake: 1.3.11 (/opt/ros/humble/share/ament_cmake/cmake)
[0.093s] -- Override CMake install command with custom implementation using symlinks instead of copying resources
[0.097s] -- Found ament_lint_auto: 0.12.11 (/opt/ros/humble/share/ament_lint_auto/cmake)
[0.135s] -- Configuring done
[0.138s] -- Generating done
[0.139s] -- Build files have been written to: /home/aashvi/launch_ws/build/urdf_tutorial
[0.140s] Invoked command in '/home/aashvi/launch_ws/build/urdf_tutorial' returned '0': AMENT_PREFIX_PATH=/home/aashvi/launch_ws/install/urdf_launch:${AMENT_PREFIX_PATH} CMAKE_PREFIX_PATH=/home/aashvi/launch_ws/install/urdf_launch:/home/aashvi/ros2_ws/install/turtle_controller:/home/aashvi/ros2_ws/install/draw_d_cpp:/home/aashvi/ros2_ws/install/draw_circle_cpp:/home/aashvi/ros2_ws/install/turtlesim:/home/aashvi/ros2_ws/install/chat_pkg:/home/aashvi/install/draw_circle_cpp:/home/aashvi/polygon_ws/install/polygon_pkg_cpp:/home/aashvi/polygon_ws/install/tutorial_interfaces:/home/aashvi/polygon_ws/install/turtlesim:/home/aashvi/service_ws/install/turtlesim:/home/aashvi/service_ws/install/cpp_srvcli:/home/aashvi/ros2_ws/install/turtle_mover:/home/aashvi/ros2_ws/install/my_robot_controller:/home/aashvi/ros2_ws/install/py_pubsub:/home/aashvi/ros2_ws/install/my_package:/home/aashvi/polygon_ws/install/polygon_pkg:/home/aashvi/service_ws/install/py_srvcli:/opt/ros/humble /usr/bin/cmake /home/aashvi/launch_ws/src/urdf_tutorial -DCMAKE_INSTALL_PREFIX=/home/aashvi/launch_ws/install/urdf_tutorial
[0.142s] Invoking command in '/home/aashvi/launch_ws/build/urdf_tutorial': AMENT_PREFIX_PATH=/home/aashvi/launch_ws/install/urdf_launch:${AMENT_PREFIX_PATH} CMAKE_PREFIX_PATH=/home/aashvi/launch_ws/install/urdf_launch:/home/aashvi/ros2_ws/install/turtle_controller:/home/aashvi/ros2_ws/install/draw_d_cpp:/home/aashvi/ros2_ws/install/draw_circle_cpp:/home/aashvi/ros2_ws/install/turtlesim:/home/aashvi/ros2_ws/install/chat_pkg:/home/aashvi/install/draw_circle_cpp:/home/aashvi/polygon_ws/install/polygon_pkg_cpp:/home/aashvi/polygon_ws/install/tutorial_interfaces:/home/aashvi/polygon_ws/install/turtlesim:/home/aashvi/service_ws/install/turtlesim:/home/aashvi/service_ws/install/cpp_srvcli:/home/aashvi/ros2_ws/install/turtle_mover:/home/aashvi/ros2_ws/install/my_robot_controller:/home/aashvi/ros2_ws/install/py_pubsub:/home/aashvi/ros2_ws/install/my_package:/home/aashvi/polygon_ws/install/polygon_pkg:/home/aashvi/service_ws/install/py_srvcli:/opt/ros/humble /usr/bin/cmake --build /home/aashvi/launch_ws/build/urdf_tutorial -- -j4 -l4
[0.157s] Invoked command in '/home/aashvi/launch_ws/build/urdf_tutorial' returned '0': AMENT_PREFIX_PATH=/home/aashvi/launch_ws/install/urdf_launch:${AMENT_PREFIX_PATH} CMAKE_PREFIX_PATH=/home/aashvi/launch_ws/install/urdf_launch:/home/aashvi/ros2_ws/install/turtle_controller:/home/aashvi/ros2_ws/install/draw_d_cpp:/home/aashvi/ros2_ws/install/draw_circle_cpp:/home/aashvi/ros2_ws/install/turtlesim:/home/aashvi/ros2_ws/install/chat_pkg:/home/aashvi/install/draw_circle_cpp:/home/aashvi/polygon_ws/install/polygon_pkg_cpp:/home/aashvi/polygon_ws/install/tutorial_interfaces:/home/aashvi/polygon_ws/install/turtlesim:/home/aashvi/service_ws/install/turtlesim:/home/aashvi/service_ws/install/cpp_srvcli:/home/aashvi/ros2_ws/install/turtle_mover:/home/aashvi/ros2_ws/install/my_robot_controller:/home/aashvi/ros2_ws/install/py_pubsub:/home/aashvi/ros2_ws/install/my_package:/home/aashvi/polygon_ws/install/polygon_pkg:/home/aashvi/service_ws/install/py_srvcli:/opt/ros/humble /usr/bin/cmake --build /home/aashvi/launch_ws/build/urdf_tutorial -- -j4 -l4
[0.161s] Invoking command in '/home/aashvi/launch_ws/build/urdf_tutorial': AMENT_PREFIX_PATH=/home/aashvi/launch_ws/install/urdf_launch:${AMENT_PREFIX_PATH} CMAKE_PREFIX_PATH=/home/aashvi/launch_ws/install/urdf_launch:/home/aashvi/ros2_ws/install/turtle_controller:/home/aashvi/ros2_ws/install/draw_d_cpp:/home/aashvi/ros2_ws/install/draw_circle_cpp:/home/aashvi/ros2_ws/install/turtlesim:/home/aashvi/ros2_ws/install/chat_pkg:/home/aashvi/install/draw_circle_cpp:/home/aashvi/polygon_ws/install/polygon_pkg_cpp:/home/aashvi/polygon_ws/install/tutorial_interfaces:/home/aashvi/polygon_ws/install/turtlesim:/home/aashvi/service_ws/install/turtlesim:/home/aashvi/service_ws/install/cpp_srvcli:/home/aashvi/ros2_ws/install/turtle_mover:/home/aashvi/ros2_ws/install/my_robot_controller:/home/aashvi/ros2_ws/install/py_pubsub:/home/aashvi/ros2_ws/install/my_package:/home/aashvi/polygon_ws/install/polygon_pkg:/home/aashvi/service_ws/install/py_srvcli:/opt/ros/humble /usr/bin/cmake --install /home/aashvi/launch_ws/build/urdf_tutorial
[0.163s] -- Install configuration: ""
[0.163s] -- Execute custom install script
[0.164s] -- Symlinking: /home/aashvi/launch_ws/install/urdf_tutorial/share/urdf_tutorial/images/flexible.png
[0.167s] -- Symlinking: /home/aashvi/launch_ws/install/urdf_tutorial/share/urdf_tutorial/images/materials.png
[0.170s] -- Symlinking: /home/aashvi/launch_ws/install/urdf_tutorial/share/urdf_tutorial/images/multipleshapes.png
[0.173s] -- Symlinking: /home/aashvi/launch_ws/install/urdf_tutorial/share/urdf_tutorial/images/myfirst.png
[0.176s] -- Symlinking: /home/aashvi/launch_ws/install/urdf_tutorial/share/urdf_tutorial/images/origins.png
[0.179s] -- Symlinking: /home/aashvi/launch_ws/install/urdf_tutorial/share/urdf_tutorial/images/visual.png
[0.183s] -- Symlinking: /home/aashvi/launch_ws/install/urdf_tutorial/share/urdf_tutorial/launch/display.launch.py
[0.186s] -- Symlinking: /home/aashvi/launch_ws/install/urdf_tutorial/share/urdf_tutorial/meshes/l_finger.dae
[0.189s] -- Symlinking: /home/aashvi/launch_ws/install/urdf_tutorial/share/urdf_tutorial/meshes/l_finger_color.png
[0.191s] -- Symlinking: /home/aashvi/launch_ws/install/urdf_tutorial/share/urdf_tutorial/meshes/l_finger_tip.dae
[0.195s] -- Symlinking: /home/aashvi/launch_ws/install/urdf_tutorial/share/urdf_tutorial/meshes/l_finger_tip_color.png
[0.198s] -- Symlinking: /home/aashvi/launch_ws/install/urdf_tutorial/share/urdf_tutorial/rviz/urdf.rviz
[0.201s] -- Symlinking: /home/aashvi/launch_ws/install/urdf_tutorial/share/urdf_tutorial/urdf/01-myfirst.urdf
[0.204s] -- Symlinking: /home/aashvi/launch_ws/install/urdf_tutorial/share/urdf_tutorial/urdf/02-multipleshapes.urdf
[0.207s] -- Symlinking: /home/aashvi/launch_ws/install/urdf_tutorial/share/urdf_tutorial/urdf/03-origins.urdf
[0.210s] -- Symlinking: /home/aashvi/launch_ws/install/urdf_tutorial/share/urdf_tutorial/urdf/04-materials.urdf
[0.213s] -- Symlinking: /home/aashvi/launch_ws/install/urdf_tutorial/share/urdf_tutorial/urdf/05-visual.urdf
[0.215s] -- Symlinking: /home/aashvi/launch_ws/install/urdf_tutorial/share/urdf_tutorial/urdf/06-flexible.urdf
[0.218s] -- Symlinking: /home/aashvi/launch_ws/install/urdf_tutorial/share/urdf_tutorial/urdf/07-physics.urdf
[0.221s] -- Symlinking: /home/aashvi/launch_ws/install/urdf_tutorial/share/urdf_tutorial/urdf/08-macroed.urdf.xacro
[0.224s] -- Symlinking: /home/aashvi/launch_ws/install/urdf_tutorial/share/ament_index/resource_index/package_run_dependencies/urdf_tutorial
[0.228s] -- Symlinking: /home/aashvi/launch_ws/install/urdf_tutorial/share/ament_index/resource_index/parent_prefix_path/urdf_tutorial
[0.231s] -- Symlinking: /home/aashvi/launch_ws/install/urdf_tutorial/share/urdf_tutorial/environment/ament_prefix_path.sh
[0.234s] -- Symlinking: /home/aashvi/launch_ws/install/urdf_tutorial/share/urdf_tutorial/environment/ament_prefix_path.dsv
[0.237s] -- Symlinking: /home/aashvi/launch_ws/install/urdf_tutorial/share/urdf_tutorial/environment/path.sh
[0.240s] -- Symlinking: /home/aashvi/launch_ws/install/urdf_tutorial/share/urdf_tutorial/environment/path.dsv
[0.243s] -- Symlinking: /home/aashvi/launch_ws/install/urdf_tutorial/share/urdf_tutorial/local_setup.bash
[0.246s] -- Symlinking: /home/aashvi/launch_ws/install/urdf_tutorial/share/urdf_tutorial/local_setup.sh
[0.250s] -- Symlinking: /home/aashvi/launch_ws/install/urdf_tutorial/share/urdf_tutorial/local_setup.zsh
[0.252s] -- Symlinking: /home/aashvi/launch_ws/install/urdf_tutorial/share/urdf_tutorial/local_setup.dsv
[0.255s] -- Symlinking: /home/aashvi/launch_ws/install/urdf_tutorial/share/urdf_tutorial/package.dsv
[0.258s] -- Symlinking: /home/aashvi/launch_ws/install/urdf_tutorial/share/ament_index/resource_index/packages/urdf_tutorial
[0.261s] -- Symlinking: /home/aashvi/launch_ws/install/urdf_tutorial/share/urdf_tutorial/cmake/urdf_tutorialConfig.cmake
[0.264s] -- Symlinking: /home/aashvi/launch_ws/install/urdf_tutorial/share/urdf_tutorial/cmake/urdf_tutorialConfig-version.cmake
[0.267s] -- Symlinking: /home/aashvi/launch_ws/install/urdf_tutorial/share/urdf_tutorial/package.xml
[0.271s] Invoked command in '/home/aashvi/launch_ws/build/urdf_tutorial' returned '0': AMENT_PREFIX_PATH=/home/aashvi/launch_ws/install/urdf_launch:${AMENT_PREFIX_PATH} CMAKE_PREFIX_PATH=/home/aashvi/launch_ws/install/urdf_launch:/home/aashvi/ros2_ws/install/turtle_controller:/home/aashvi/ros2_ws/install/draw_d_cpp:/home/aashvi/ros2_ws/install/draw_circle_cpp:/home/aashvi/ros2_ws/install/turtlesim:/home/aashvi/ros2_ws/install/chat_pkg:/home/aashvi/install/draw_circle_cpp:/home/aashvi/polygon_ws/install/polygon_pkg_cpp:/home/aashvi/polygon_ws/install/tutorial_interfaces:/home/aashvi/polygon_ws/install/turtlesim:/home/aashvi/service_ws/install/turtlesim:/home/aashvi/service_ws/install/cpp_srvcli:/home/aashvi/ros2_ws/install/turtle_mover:/home/aashvi/ros2_ws/install/my_robot_controller:/home/aashvi/ros2_ws/install/py_pubsub:/home/aashvi/ros2_ws/install/my_package:/home/aashvi/polygon_ws/install/polygon_pkg:/home/aashvi/service_ws/install/py_srvcli:/opt/ros/humble /usr/bin/cmake --install /home/aashvi/launch_ws/build/urdf_tutorial
