[0.412s] Invoking command in '/home/aashvi/launch_ws/src/py_launch_example': PYTHONPATH=/home/aashvi/launch_ws/build/py_launch_example/prefix_override:/usr/lib/python3/dist-packages/colcon_core/task/python/colcon_distutils_commands:/home/aashvi/launch_ws/install/py_launch_example/lib/python3.10/site-packages:${PYTHONPATH} /usr/bin/python3 -W ignore:setup.py install is deprecated -W ignore:easy_install command is deprecated setup.py egg_info --egg-base ../../build/py_launch_example build --build-base /home/aashvi/launch_ws/build/py_launch_example/build install --record /home/aashvi/launch_ws/build/py_launch_example/install.log --single-version-externally-managed install_data
[0.530s] running egg_info
[0.530s] creating ../../build/py_launch_example/py_launch_example.egg-info
[0.530s] writing ../../build/py_launch_example/py_launch_example.egg-info/PKG-INFO
[0.530s] writing dependency_links to ../../build/py_launch_example/py_launch_example.egg-info/dependency_links.txt
[0.530s] writing entry points to ../../build/py_launch_example/py_launch_example.egg-info/entry_points.txt
[0.530s] writing requirements to ../../build/py_launch_example/py_launch_example.egg-info/requires.txt
[0.531s] writing top-level names to ../../build/py_launch_example/py_launch_example.egg-info/top_level.txt
[0.531s] writing manifest file '../../build/py_launch_example/py_launch_example.egg-info/SOURCES.txt'
[0.531s] reading manifest file '../../build/py_launch_example/py_launch_example.egg-info/SOURCES.txt'
[0.531s] adding license file 'LICENSE'
[0.532s] writing manifest file '../../build/py_launch_example/py_launch_example.egg-info/SOURCES.txt'
[0.532s] running build
[0.532s] running build_py
[0.532s] creating /home/aashvi/launch_ws/build/py_launch_example/build
[0.532s] creating /home/aashvi/launch_ws/build/py_launch_example/build/lib
[0.532s] creating /home/aashvi/launch_ws/build/py_launch_example/build/lib/py_launch_example
[0.532s] copying py_launch_example/__init__.py -> /home/aashvi/launch_ws/build/py_launch_example/build/lib/py_launch_example
[0.533s] running install
[0.533s] running install_lib
[0.533s] creating /home/aashvi/launch_ws/install/py_launch_example/lib/python3.10/site-packages/py_launch_example
[0.533s] copying /home/aashvi/launch_ws/build/py_launch_example/build/lib/py_launch_example/__init__.py -> /home/aashvi/launch_ws/install/py_launch_example/lib/python3.10/site-packages/py_launch_example
[0.533s] byte-compiling /home/aashvi/launch_ws/install/py_launch_example/lib/python3.10/site-packages/py_launch_example/__init__.py to __init__.cpython-310.pyc
[0.534s] running install_data
[0.534s] creating /home/aashvi/launch_ws/install/py_launch_example/share/ament_index
[0.534s] creating /home/aashvi/launch_ws/install/py_launch_example/share/ament_index/resource_index
[0.534s] creating /home/aashvi/launch_ws/install/py_launch_example/share/ament_index/resource_index/packages
[0.534s] copying resource/py_launch_example -> /home/aashvi/launch_ws/install/py_launch_example/share/ament_index/resource_index/packages
[0.534s] copying package.xml -> /home/aashvi/launch_ws/install/py_launch_example/share/py_launch_example
[0.534s] creating /home/aashvi/launch_ws/install/py_launch_example/share/py_launch_example/launch
[0.534s] copying launch/my_script_launch.py -> /home/aashvi/launch_ws/install/py_launch_example/share/py_launch_example/launch
[0.534s] running install_egg_info
[0.535s] Copying ../../build/py_launch_example/py_launch_example.egg-info to /home/aashvi/launch_ws/install/py_launch_example/lib/python3.10/site-packages/py_launch_example-0.0.0-py3.10.egg-info
[0.535s] running install_scripts
[0.545s] writing list of installed files to '/home/aashvi/launch_ws/build/py_launch_example/install.log'
[0.570s] Invoked command in '/home/aashvi/launch_ws/src/py_launch_example' returned '0': PYTHONPATH=/home/aashvi/launch_ws/build/py_launch_example/prefix_override:/usr/lib/python3/dist-packages/colcon_core/task/python/colcon_distutils_commands:/home/aashvi/launch_ws/install/py_launch_example/lib/python3.10/site-packages:${PYTHONPATH} /usr/bin/python3 -W ignore:setup.py install is deprecated -W ignore:easy_install command is deprecated setup.py egg_info --egg-base ../../build/py_launch_example build --build-base /home/aashvi/launch_ws/build/py_launch_example/build install --record /home/aashvi/launch_ws/build/py_launch_example/install.log --single-version-externally-managed install_data
