[0.007s] Invoking command in '/home/aashvi/launch_ws/build/learning_tf2_cpp': CMAKE_PREFIX_PATH=${CMAKE_PREFIX_PATH}:/home/aashvi/launch_ws/install/py_launch_example:/home/aashvi/launch_ws/install/learning_tf2_py:/home/aashvi/launch_ws/install/launch_tutorial:/home/aashvi/ros2_ws/install/turtle_mover:/home/aashvi/ros2_ws/install/my_robot_controller:/home/aashvi/ros2_ws/install/py_pubsub:/home/aashvi/ros2_ws/install/my_package:/home/aashvi/polygon_ws/install/polygon_pkg:/home/aashvi/service_ws/install/py_srvcli:/opt/ros/humble /usr/bin/cmake --build /home/aashvi/launch_ws/build/learning_tf2_cpp -- -j4 -l4
[0.047s] [35m[1mConsolidate compiler generated dependencies of target fixed_frame_tf2_broadcaster[0m
[0.059s] [ 20%] [32mBuilding CXX object CMakeFiles/turtle_tf2_listener.dir/src/turtle_tf2_listener.cpp.o[0m
[0.059s] [ 50%] Built target static_turtle_tf2_broadcaster
[0.059s] [ 50%] Built target turtle_tf2_broadcaster
[0.059s] [ 70%] Built target fixed_frame_tf2_broadcaster
[0.064s] [35m[1mConsolidate compiler generated dependencies of target dynamic_frame_tf2_broadcaster[0m
[0.072s] [ 90%] Built target dynamic_frame_tf2_broadcaster
[2.809s] [100%] [32m[1mLinking CXX executable turtle_tf2_listener[0m
[2.949s] [100%] Built target turtle_tf2_listener
[2.956s] Invoked command in '/home/aashvi/launch_ws/build/learning_tf2_cpp' returned '0': CMAKE_PREFIX_PATH=${CMAKE_PREFIX_PATH}:/home/aashvi/launch_ws/install/py_launch_example:/home/aashvi/launch_ws/install/learning_tf2_py:/home/aashvi/launch_ws/install/launch_tutorial:/home/aashvi/ros2_ws/install/turtle_mover:/home/aashvi/ros2_ws/install/my_robot_controller:/home/aashvi/ros2_ws/install/py_pubsub:/home/aashvi/ros2_ws/install/my_package:/home/aashvi/polygon_ws/install/polygon_pkg:/home/aashvi/service_ws/install/py_srvcli:/opt/ros/humble /usr/bin/cmake --build /home/aashvi/launch_ws/build/learning_tf2_cpp -- -j4 -l4
[2.960s] Invoking command in '/home/aashvi/launch_ws/build/learning_tf2_cpp': CMAKE_PREFIX_PATH=${CMAKE_PREFIX_PATH}:/home/aashvi/launch_ws/install/py_launch_example:/home/aashvi/launch_ws/install/learning_tf2_py:/home/aashvi/launch_ws/install/launch_tutorial:/home/aashvi/ros2_ws/install/turtle_mover:/home/aashvi/ros2_ws/install/my_robot_controller:/home/aashvi/ros2_ws/install/py_pubsub:/home/aashvi/ros2_ws/install/my_package:/home/aashvi/polygon_ws/install/polygon_pkg:/home/aashvi/service_ws/install/py_srvcli:/opt/ros/humble /usr/bin/cmake --install /home/aashvi/launch_ws/build/learning_tf2_cpp
[2.963s] -- Install configuration: ""
[2.963s] -- Execute custom install script
[2.964s] -- Up-to-date symlink: /home/aashvi/launch_ws/install/learning_tf2_cpp/lib/learning_tf2_cpp/turtle_tf2_broadcaster
[2.964s] -- Up-to-date symlink: /home/aashvi/launch_ws/install/learning_tf2_cpp/lib/learning_tf2_cpp/static_turtle_tf2_broadcaster
[2.964s] -- Up-to-date symlink: /home/aashvi/launch_ws/install/learning_tf2_cpp/share/learning_tf2_cpp/launch/turtle_tf2_demo.launch.py
[2.964s] -- Up-to-date symlink: /home/aashvi/launch_ws/install/learning_tf2_cpp/share/learning_tf2_cpp/launch/turtle_tf2_dynamic_frame_demo.launch.py
[2.964s] -- Up-to-date symlink: /home/aashvi/launch_ws/install/learning_tf2_cpp/share/learning_tf2_cpp/launch/turtle_tf2_fixed_frame_demo.launch.py
[2.964s] -- Up-to-date symlink: /home/aashvi/launch_ws/install/learning_tf2_cpp/lib/learning_tf2_cpp/turtle_tf2_listener
[2.964s] -- Up-to-date symlink: /home/aashvi/launch_ws/install/learning_tf2_cpp/lib/learning_tf2_cpp/fixed_frame_tf2_broadcaster
[2.964s] -- Up-to-date symlink: /home/aashvi/launch_ws/install/learning_tf2_cpp/lib/learning_tf2_cpp/dynamic_frame_tf2_broadcaster
[2.965s] -- Up-to-date symlink: /home/aashvi/launch_ws/install/learning_tf2_cpp/share/ament_index/resource_index/package_run_dependencies/learning_tf2_cpp
[2.965s] -- Up-to-date symlink: /home/aashvi/launch_ws/install/learning_tf2_cpp/share/ament_index/resource_index/parent_prefix_path/learning_tf2_cpp
[2.965s] -- Up-to-date symlink: /home/aashvi/launch_ws/install/learning_tf2_cpp/share/learning_tf2_cpp/environment/ament_prefix_path.sh
[2.965s] -- Up-to-date symlink: /home/aashvi/launch_ws/install/learning_tf2_cpp/share/learning_tf2_cpp/environment/ament_prefix_path.dsv
[2.965s] -- Up-to-date symlink: /home/aashvi/launch_ws/install/learning_tf2_cpp/share/learning_tf2_cpp/environment/path.sh
[2.965s] -- Up-to-date symlink: /home/aashvi/launch_ws/install/learning_tf2_cpp/share/learning_tf2_cpp/environment/path.dsv
[2.965s] -- Up-to-date symlink: /home/aashvi/launch_ws/install/learning_tf2_cpp/share/learning_tf2_cpp/local_setup.bash
[2.965s] -- Up-to-date symlink: /home/aashvi/launch_ws/install/learning_tf2_cpp/share/learning_tf2_cpp/local_setup.sh
[2.965s] -- Up-to-date symlink: /home/aashvi/launch_ws/install/learning_tf2_cpp/share/learning_tf2_cpp/local_setup.zsh
[2.965s] -- Up-to-date symlink: /home/aashvi/launch_ws/install/learning_tf2_cpp/share/learning_tf2_cpp/local_setup.dsv
[2.965s] -- Symlinking: /home/aashvi/launch_ws/install/learning_tf2_cpp/share/learning_tf2_cpp/package.dsv
[2.969s] -- Up-to-date symlink: /home/aashvi/launch_ws/install/learning_tf2_cpp/share/ament_index/resource_index/packages/learning_tf2_cpp
[2.969s] -- Up-to-date symlink: /home/aashvi/launch_ws/install/learning_tf2_cpp/share/learning_tf2_cpp/cmake/learning_tf2_cppConfig.cmake
[2.969s] -- Up-to-date symlink: /home/aashvi/launch_ws/install/learning_tf2_cpp/share/learning_tf2_cpp/cmake/learning_tf2_cppConfig-version.cmake
[2.969s] -- Up-to-date symlink: /home/aashvi/launch_ws/install/learning_tf2_cpp/share/learning_tf2_cpp/package.xml
[2.970s] Invoked command in '/home/aashvi/launch_ws/build/learning_tf2_cpp' returned '0': CMAKE_PREFIX_PATH=${CMAKE_PREFIX_PATH}:/home/aashvi/launch_ws/install/py_launch_example:/home/aashvi/launch_ws/install/learning_tf2_py:/home/aashvi/launch_ws/install/launch_tutorial:/home/aashvi/ros2_ws/install/turtle_mover:/home/aashvi/ros2_ws/install/my_robot_controller:/home/aashvi/ros2_ws/install/py_pubsub:/home/aashvi/ros2_ws/install/my_package:/home/aashvi/polygon_ws/install/polygon_pkg:/home/aashvi/service_ws/install/py_srvcli:/opt/ros/humble /usr/bin/cmake --install /home/aashvi/launch_ws/build/learning_tf2_cpp
