[0.007s] Invoking command in '/home/aashvi/launch_ws/build/learning_tf2_cpp': CMAKE_PREFIX_PATH=${CMAKE_PREFIX_PATH}:/home/aashvi/ros2_ws/install/turtle_mover:/home/aashvi/ros2_ws/install/my_robot_controller:/home/aashvi/ros2_ws/install/py_pubsub:/home/aashvi/ros2_ws/install/my_package:/home/aashvi/polygon_ws/install/polygon_pkg:/home/aashvi/service_ws/install/py_srvcli:/opt/ros/humble /usr/bin/cmake /home/aashvi/launch_ws/src/learning_tf2_cpp -DCMAKE_INSTALL_PREFIX=/home/aashvi/launch_ws/install/learning_tf2_cpp
[0.023s] -- Found ament_cmake: 1.3.11 (/opt/ros/humble/share/ament_cmake/cmake)
[0.105s] -- Override CMake install command with custom implementation using symlinks instead of copying resources
[0.111s] -- Found geometry_msgs: 4.2.4 (/opt/ros/humble/share/geometry_msgs/cmake)
[0.132s] -- Found rosidl_generator_c: 3.1.6 (/opt/ros/humble/share/rosidl_generator_c/cmake)
[0.134s] -- Found rosidl_adapter: 3.1.6 (/opt/ros/humble/share/rosidl_adapter/cmake)
[0.137s] -- Found rosidl_generator_cpp: 3.1.6 (/opt/ros/humble/share/rosidl_generator_cpp/cmake)
[0.144s] -- Using all available rosidl_typesupport_c: rosidl_typesupport_fastrtps_c;rosidl_typesupport_introspection_c
[0.151s] -- Using all available rosidl_typesupport_cpp: rosidl_typesupport_fastrtps_cpp;rosidl_typesupport_introspection_cpp
[0.174s] -- Found rclcpp: 16.0.11 (/opt/ros/humble/share/rclcpp/cmake)
[0.190s] -- Found rmw_implementation_cmake: 6.1.2 (/opt/ros/humble/share/rmw_implementation_cmake/cmake)
[0.191s] -- Found rmw_fastrtps_cpp: 6.2.7 (/opt/ros/humble/share/rmw_fastrtps_cpp/cmake)
[0.258s] -- Using RMW implementation 'rmw_fastrtps_cpp' as default
[0.281s] -- Found tf2: 0.25.11 (/opt/ros/humble/share/tf2/cmake)
[0.284s] -- Found tf2_ros: 0.25.11 (/opt/ros/humble/share/tf2_ros/cmake)
[0.331s] -- Found turtlesim: 1.4.2 (/home/aashvi/ros2_ws/install/turtlesim/share/turtlesim/cmake)
[0.342s] [31mCMake Error at CMakeLists.txt:45 (add_executable):
[0.342s]   add_executable cannot create target "turtle_tf2_listener" because another
[0.342s]   target with the same name already exists.  The existing target is an
[0.342s]   executable created in source directory
[0.342s]   "/home/aashvi/launch_ws/src/learning_tf2_cpp".  See documentation for
[0.342s]   policy CMP0002 for more details.
[0.342s] 
[0.342s] [0m
[0.343s] -- Found ament_lint_auto: 0.12.11 (/opt/ros/humble/share/ament_lint_auto/cmake)
[0.390s] -- Added test 'cppcheck' to perform static code analysis on C / C++ code
[0.390s] -- Configured cppcheck include dirs: 
[0.391s] -- Configured cppcheck exclude dirs and/or files: 
[0.391s] -- Added test 'flake8' to check Python code syntax and style conventions
[0.391s] -- Added test 'lint_cmake' to check CMake code style
[0.391s] -- Added test 'pep257' to check Python code against some of the docstring style conventions in PEP 257
[0.391s] -- Added test 'uncrustify' to check C / C++ code style
[0.391s] -- Configured uncrustify additional arguments: 
[0.391s] -- Added test 'xmllint' to check XML markup files
[0.392s] -- Configuring incomplete, errors occurred!
[0.392s] See also "/home/aashvi/launch_ws/build/learning_tf2_cpp/CMakeFiles/CMakeOutput.log".
[0.399s] Invoked command in '/home/aashvi/launch_ws/build/learning_tf2_cpp' returned '1': CMAKE_PREFIX_PATH=${CMAKE_PREFIX_PATH}:/home/aashvi/ros2_ws/install/turtle_mover:/home/aashvi/ros2_ws/install/my_robot_controller:/home/aashvi/ros2_ws/install/py_pubsub:/home/aashvi/ros2_ws/install/my_package:/home/aashvi/polygon_ws/install/polygon_pkg:/home/aashvi/service_ws/install/py_srvcli:/opt/ros/humble /usr/bin/cmake /home/aashvi/launch_ws/src/learning_tf2_cpp -DCMAKE_INSTALL_PREFIX=/home/aashvi/launch_ws/install/learning_tf2_cpp
