[0.191s] Invoking command in '/home/aashvi/launch_ws/build/learning_tf2_cpp': CMAKE_PREFIX_PATH=${CMAKE_PREFIX_PATH}:/home/aashvi/ros2_ws/install/turtle_mover:/home/aashvi/ros2_ws/install/my_robot_controller:/home/aashvi/ros2_ws/install/py_pubsub:/home/aashvi/ros2_ws/install/my_package:/home/aashvi/polygon_ws/install/polygon_pkg:/home/aashvi/service_ws/install/py_srvcli:/opt/ros/humble /usr/bin/cmake /home/aashvi/launch_ws/src/learning_tf2_cpp -DAMENT_CMAKE_SYMLINK_INSTALL=1 -DCMAKE_INSTALL_PREFIX=/home/aashvi/launch_ws/install/learning_tf2_cpp
[0.202s] -- Found ament_cmake: 1.3.11 (/opt/ros/humble/share/ament_cmake/cmake)
[0.302s] -- Override CMake install command with custom implementation using symlinks instead of copying resources
[0.314s] -- Found geometry_msgs: 4.2.4 (/opt/ros/humble/share/geometry_msgs/cmake)
[0.348s] -- Found rosidl_generator_c: 3.1.6 (/opt/ros/humble/share/rosidl_generator_c/cmake)
[0.348s] -- Found rosidl_adapter: 3.1.6 (/opt/ros/humble/share/rosidl_adapter/cmake)
[0.354s] -- Found rosidl_generator_cpp: 3.1.6 (/opt/ros/humble/share/rosidl_generator_cpp/cmake)
[0.367s] -- Using all available rosidl_typesupport_c: rosidl_typesupport_fastrtps_c;rosidl_typesupport_introspection_c
[0.379s] -- Using all available rosidl_typesupport_cpp: rosidl_typesupport_fastrtps_cpp;rosidl_typesupport_introspection_cpp
[0.412s] -- Found rclcpp: 16.0.11 (/opt/ros/humble/share/rclcpp/cmake)
[0.446s] -- Found rmw_implementation_cmake: 6.1.2 (/opt/ros/humble/share/rmw_implementation_cmake/cmake)
[0.449s] -- Found rmw_fastrtps_cpp: 6.2.7 (/opt/ros/humble/share/rmw_fastrtps_cpp/cmake)
[0.531s] -- Using RMW implementation 'rmw_fastrtps_cpp' as default
[0.568s] -- Found tf2: 0.25.11 (/opt/ros/humble/share/tf2/cmake)
[0.572s] -- Found tf2_ros: 0.25.11 (/opt/ros/humble/share/tf2_ros/cmake)
[0.652s] -- Found turtlesim: 1.4.2 (/home/aashvi/ros2_ws/install/turtlesim/share/turtlesim/cmake)
[0.676s] -- Found ament_lint_auto: 0.12.11 (/opt/ros/humble/share/ament_lint_auto/cmake)
[0.733s] -- Added test 'cppcheck' to perform static code analysis on C / C++ code
[0.733s] -- Configured cppcheck include dirs: 
[0.733s] -- Configured cppcheck exclude dirs and/or files: 
[0.734s] -- Added test 'flake8' to check Python code syntax and style conventions
[0.734s] -- Added test 'lint_cmake' to check CMake code style
[0.734s] -- Added test 'pep257' to check Python code against some of the docstring style conventions in PEP 257
[0.735s] -- Added test 'uncrustify' to check C / C++ code style
[0.735s] -- Configured uncrustify additional arguments: 
[0.735s] -- Added test 'xmllint' to check XML markup files
[0.736s] -- Configuring done
[0.754s] -- Generating done
[0.759s] -- Build files have been written to: /home/aashvi/launch_ws/build/learning_tf2_cpp
[0.840s] Invoked command in '/home/aashvi/launch_ws/build/learning_tf2_cpp' returned '0': CMAKE_PREFIX_PATH=${CMAKE_PREFIX_PATH}:/home/aashvi/ros2_ws/install/turtle_mover:/home/aashvi/ros2_ws/install/my_robot_controller:/home/aashvi/ros2_ws/install/py_pubsub:/home/aashvi/ros2_ws/install/my_package:/home/aashvi/polygon_ws/install/polygon_pkg:/home/aashvi/service_ws/install/py_srvcli:/opt/ros/humble /usr/bin/cmake /home/aashvi/launch_ws/src/learning_tf2_cpp -DAMENT_CMAKE_SYMLINK_INSTALL=1 -DCMAKE_INSTALL_PREFIX=/home/aashvi/launch_ws/install/learning_tf2_cpp
[0.840s] Invoking command in '/home/aashvi/launch_ws/build/learning_tf2_cpp': CMAKE_PREFIX_PATH=${CMAKE_PREFIX_PATH}:/home/aashvi/ros2_ws/install/turtle_mover:/home/aashvi/ros2_ws/install/my_robot_controller:/home/aashvi/ros2_ws/install/py_pubsub:/home/aashvi/ros2_ws/install/my_package:/home/aashvi/polygon_ws/install/polygon_pkg:/home/aashvi/service_ws/install/py_srvcli:/opt/ros/humble /usr/bin/cmake --build /home/aashvi/launch_ws/build/learning_tf2_cpp -- -j4 -l4
[0.871s] [35m[1mConsolidate compiler generated dependencies of target static_turtle_tf2_broadcaster[0m
[0.871s] [35m[1mConsolidate compiler generated dependencies of target turtle_tf2_listener[0m
[0.876s] [35m[1mConsolidate compiler generated dependencies of target turtle_tf2_broadcaster[0m
[0.908s] [ 16%] [32m[1mLinking CXX executable static_turtle_tf2_broadcaster[0m
[0.921s] [ 33%] [32m[1mLinking CXX executable turtle_tf2_broadcaster[0m
[0.925s] [ 50%] [32mBuilding CXX object CMakeFiles/turtle_tf2_listener.dir/src/turtle_tf2_listener.cpp.o[0m
[1.141s] [ 66%] Built target static_turtle_tf2_broadcaster
[1.300s] [ 83%] Built target turtle_tf2_broadcaster
[4.026s] [100%] [32m[1mLinking CXX executable turtle_tf2_listener[0m
[4.156s] [100%] Built target turtle_tf2_listener
