CMake Deprecation Warning at CMakeLists.txt:1 (cmake_minimum_required):
  Compatibility with CMake < 3.10 will be removed from a future version of
  CMake.

  Update the VERSION argument <min> value.  Or, use the <min>...<max> syntax
  to tell CMake that the project requires at least <min> but has been updated
  to work with policies introduced by <max> or earlier.


-- Found ament_cmake: 1.3.11 (/Users/dgawade/miniconda3/envs/ros_env/share/ament_cmake/cmake)
-- Found ament_cmake_ros: 0.10.0 (/Users/dgawade/miniconda3/envs/ros_env/share/ament_cmake_ros/cmake)
-- Found pluginlib: 5.1.0 (/Users/dgawade/miniconda3/envs/ros_env/share/pluginlib/cmake)
-- Found TinyXML2 via Config file: /Users/dgawade/miniconda3/envs/ros_env/lib/cmake/tinyxml2
-- Found rviz_common: 11.2.15 (/Users/dgawade/miniconda3/envs/ros_env/share/rviz_common/cmake)
-- Setting assimp_DIR to: '/Users/dgawade/miniconda3/envs/ros_env/share/rviz_assimp_vendor/cmake/../../../opt/rviz_assimp_vendor/lib/cmake/assimp-4.1'
-- Setting OGRE_DIR to: '/Users/dgawade/miniconda3/envs/ros_env/share/rviz_ogre_vendor/cmake/../../../opt/rviz_ogre_vendor/CMake'
-- Found OGRE
--   static     : OFF
--   components : MeshLodGenerator;Overlay;Paging;Property;RTShaderSystem;Terrain;Volume
--   plugins    : Plugin_BSPSceneManager;Plugin_OctreeSceneManager;Plugin_PCZSceneManager;Plugin_ParticleFX;RenderSystem_GL;RenderSystem_GL3Plus;Codec_STBI;Codec_FreeImage
--   media      : /Users/dgawade/miniconda3/envs/ros_env/opt/rviz_ogre_vendor/Media
-- OGRE_LIBRARIES: OgreMeshLodGenerator;OgreOverlay;OgrePaging;OgreProperty;OgreRTShaderSystem;OgreTerrain;OgreVolume;OgreMain
-- OGRE_LIBRARY_DIRS: /Users/dgawade/miniconda3/envs/ros_env/opt/rviz_ogre_vendor/lib
-- OGRE_PLUGINS: Plugin_BSPSceneManager;Plugin_OctreeSceneManager;Plugin_PCZSceneManager;Plugin_ParticleFX;RenderSystem_GL;RenderSystem_GL3Plus;Codec_STBI;Codec_FreeImage
-- OGRE_PLUGIN_DIR: /Users/dgawade/miniconda3/envs/ros_env/opt/rviz_ogre_vendor/lib/OGRE
-- rviz_ogre_vendor::OgreOverlay for IMPORTED_LOCATION_RELEASE: /Users/dgawade/miniconda3/envs/ros_env/opt/rviz_ogre_vendor/lib/libOgreOverlay.dylib
-- rviz_ogre_vendor::OgreOverlay for IMPORTED_LOCATION_DEBUG: /Users/dgawade/miniconda3/envs/ros_env/opt/rviz_ogre_vendor/lib/libOgreOverlay.dylib
-- rviz_ogre_vendor::OgreMain for IMPORTED_LOCATION_RELEASE: /Users/dgawade/miniconda3/envs/ros_env/opt/rviz_ogre_vendor/lib/libOgreMain.dylib
-- rviz_ogre_vendor::OgreMain for IMPORTED_LOCATION_DEBUG: /Users/dgawade/miniconda3/envs/ros_env/opt/rviz_ogre_vendor/lib/libOgreMain.dylib
-- library: /Users/dgawade/miniconda3/envs/ros_env/lib/libcurl.dylib
-- Found rosidl_generator_c: 3.1.6 (/Users/dgawade/miniconda3/envs/ros_env/share/rosidl_generator_c/cmake)
-- Found rosidl_adapter: 3.1.6 (/Users/dgawade/miniconda3/envs/ros_env/share/rosidl_adapter/cmake)
-- Found rosidl_generator_cpp: 3.1.6 (/Users/dgawade/miniconda3/envs/ros_env/share/rosidl_generator_cpp/cmake)
-- Using all available rosidl_typesupport_c: rosidl_typesupport_fastrtps_c;rosidl_typesupport_introspection_c
-- Using all available rosidl_typesupport_cpp: rosidl_typesupport_fastrtps_cpp;rosidl_typesupport_introspection_cpp
-- Found rmw_implementation_cmake: 6.1.2 (/Users/dgawade/miniconda3/envs/ros_env/share/rmw_implementation_cmake/cmake)
-- Found rmw_fastrtps_cpp: 6.2.7 (/Users/dgawade/miniconda3/envs/ros_env/share/rmw_fastrtps_cpp/cmake)
-- Found TinyXML2 via Config file: /Users/dgawade/miniconda3/envs/ros_env/lib/cmake/tinyxml2
-- Found TinyXML2 via Config file: /Users/dgawade/miniconda3/envs/ros_env/lib/cmake/tinyxml2
-- Found TinyXML2 via Config file: /Users/dgawade/miniconda3/envs/ros_env/lib/cmake/tinyxml2
-- Found TinyXML2 via Config file: /Users/dgawade/miniconda3/envs/ros_env/lib/cmake/tinyxml2
-- Using RMW implementation 'rmw_fastrtps_cpp' as default
-- Ensuring Eigen3 include directory is part of orocos-kdl CMake target
-- Found rviz_plugin_tutorial_msgs: 0.0.0 (/Users/dgawade/ros_rviz/install/rviz_plugin_tutorial_msgs/share/rviz_plugin_tutorial_msgs/cmake)
-- Found ament_lint_auto: 0.12.11 (/Users/dgawade/miniconda3/envs/ros_env/share/ament_lint_auto/cmake)
-- Added test 'copyright' to check source files copyright and LICENSE
-- Added test 'cppcheck' to perform static code analysis on C / C++ code
-- Configured cppcheck include dirs: $<BUILD_INTERFACE:/Users/dgawade/ros_rviz/src/rviz_plugin_tutorial/rviz_plugin_tutorial/include>
-- Configured cppcheck exclude dirs and/or files: 
-- Added test 'cpplint' to check C / C++ code against the Google style
-- Configured cpplint exclude dirs and/or files: 
-- Added test 'lint_cmake' to check CMake code style
-- Added test 'uncrustify' to check C / C++ code style
-- Configured uncrustify additional arguments: 
-- Added test 'xmllint' to check XML markup files
-- Configuring done (5.9s)
-- Generating done (0.3s)
-- Build files have been written to: /Users/dgawade/ros_rviz/build/rviz_plugin_tutorial
[  0%] Built target point_display_autogen_timestamp_deps
[ 14%] Automatic MOC for target point_display
[ 14%] Built target point_display_autogen
[ 28%] Linking CXX shared library libpoint_display.dylib
[100%] Built target point_display
-- Install configuration: ""
-- Installing: /Users/dgawade/ros_rviz/install/rviz_plugin_tutorial/lib/libpoint_display.dylib
-- Up-to-date: /Users/dgawade/ros_rviz/install/rviz_plugin_tutorial/include
-- Up-to-date: /Users/dgawade/ros_rviz/install/rviz_plugin_tutorial/include/rviz_plugin_tutorial
-- Up-to-date: /Users/dgawade/ros_rviz/install/rviz_plugin_tutorial/include/rviz_plugin_tutorial/point_display.hpp
-- Installing: /Users/dgawade/ros_rviz/install/rviz_plugin_tutorial/share/rviz_plugin_tutorial/rviz_common_plugins.xml
-- Up-to-date: /Users/dgawade/ros_rviz/install/rviz_plugin_tutorial/share/rviz_plugin_tutorial/icons/classes/Point2D.png
-- Up-to-date: /Users/dgawade/ros_rviz/install/rviz_plugin_tutorial/share/rviz_plugin_tutorial/rviz_common_plugins.xml
-- Up-to-date: /Users/dgawade/ros_rviz/install/rviz_plugin_tutorial/share/ament_index/resource_index/package_run_dependencies/rviz_plugin_tutorial
-- Up-to-date: /Users/dgawade/ros_rviz/install/rviz_plugin_tutorial/share/ament_index/resource_index/parent_prefix_path/rviz_plugin_tutorial
-- Up-to-date: /Users/dgawade/ros_rviz/install/rviz_plugin_tutorial/share/rviz_plugin_tutorial/environment/ament_prefix_path.sh
-- Installing: /Users/dgawade/ros_rviz/install/rviz_plugin_tutorial/share/rviz_plugin_tutorial/environment/ament_prefix_path.dsv
-- Up-to-date: /Users/dgawade/ros_rviz/install/rviz_plugin_tutorial/share/rviz_plugin_tutorial/environment/path.sh
-- Installing: /Users/dgawade/ros_rviz/install/rviz_plugin_tutorial/share/rviz_plugin_tutorial/environment/path.dsv
-- Up-to-date: /Users/dgawade/ros_rviz/install/rviz_plugin_tutorial/share/rviz_plugin_tutorial/local_setup.bash
-- Up-to-date: /Users/dgawade/ros_rviz/install/rviz_plugin_tutorial/share/rviz_plugin_tutorial/local_setup.sh
-- Up-to-date: /Users/dgawade/ros_rviz/install/rviz_plugin_tutorial/share/rviz_plugin_tutorial/local_setup.zsh
-- Installing: /Users/dgawade/ros_rviz/install/rviz_plugin_tutorial/share/rviz_plugin_tutorial/local_setup.dsv
-- Installing: /Users/dgawade/ros_rviz/install/rviz_plugin_tutorial/share/rviz_plugin_tutorial/package.dsv
-- Up-to-date: /Users/dgawade/ros_rviz/install/rviz_plugin_tutorial/share/ament_index/resource_index/packages/rviz_plugin_tutorial
-- Up-to-date: /Users/dgawade/ros_rviz/install/rviz_plugin_tutorial/share/ament_index/resource_index/rviz_common__pluginlib__plugin/rviz_plugin_tutorial
-- Up-to-date: /Users/dgawade/ros_rviz/install/rviz_plugin_tutorial/share/rviz_plugin_tutorial/cmake/export_rviz_plugin_tutorialExport.cmake
-- Up-to-date: /Users/dgawade/ros_rviz/install/rviz_plugin_tutorial/share/rviz_plugin_tutorial/cmake/export_rviz_plugin_tutorialExport-noconfig.cmake
-- Up-to-date: /Users/dgawade/ros_rviz/install/rviz_plugin_tutorial/share/rviz_plugin_tutorial/cmake/ament_cmake_export_include_directories-extras.cmake
-- Up-to-date: /Users/dgawade/ros_rviz/install/rviz_plugin_tutorial/share/rviz_plugin_tutorial/cmake/ament_cmake_export_targets-extras.cmake
-- Up-to-date: /Users/dgawade/ros_rviz/install/rviz_plugin_tutorial/share/rviz_plugin_tutorial/cmake/rviz_plugin_tutorialConfig.cmake
-- Up-to-date: /Users/dgawade/ros_rviz/install/rviz_plugin_tutorial/share/rviz_plugin_tutorial/cmake/rviz_plugin_tutorialConfig-version.cmake
-- Installing: /Users/dgawade/ros_rviz/install/rviz_plugin_tutorial/share/rviz_plugin_tutorial/package.xml
