[0.063s] Invoking command in '/Users/dgawade/ros_rviz/build/rviz_plugin_tutorial': CMAKE_PREFIX_PATH=/Users/dgawade/ros_rviz/install/rviz_plugin_tutorial_msgs:/Users/dgawade/ros_rviz/install/rviz_plugin_tutorial:/Users/dgawade/miniconda3/envs/ros_env CONDA_PROMPT_MODIFIER=(ros_env) SHLVL=2 _=/usr/bin/env /usr/local/bin/cmake --build /Users/dgawade/ros_rviz/build/rviz_plugin_tutorial -- -j4 -l4
[0.455s] [  0%] Built target point_display_autogen_timestamp_deps
[0.586s] [ 14%] Built target point_display_autogen
[0.930s] [ 28%] Linking CXX shared library libpoint_display.dylib
[2.320s] [100%] Built target point_display
[2.351s] Invoked command in '/Users/dgawade/ros_rviz/build/rviz_plugin_tutorial' returned '0': CMAKE_PREFIX_PATH=/Users/dgawade/ros_rviz/install/rviz_plugin_tutorial_msgs:/Users/dgawade/ros_rviz/install/rviz_plugin_tutorial:/Users/dgawade/miniconda3/envs/ros_env CONDA_PROMPT_MODIFIER=(ros_env) SHLVL=2 _=/usr/bin/env /usr/local/bin/cmake --build /Users/dgawade/ros_rviz/build/rviz_plugin_tutorial -- -j4 -l4
[2.769s] Invoking command in '/Users/dgawade/ros_rviz/build/rviz_plugin_tutorial': CMAKE_PREFIX_PATH=/Users/dgawade/ros_rviz/install/rviz_plugin_tutorial_msgs:/Users/dgawade/ros_rviz/install/rviz_plugin_tutorial:/Users/dgawade/miniconda3/envs/ros_env CONDA_PROMPT_MODIFIER=(ros_env) SHLVL=2 _=/usr/bin/env /usr/local/bin/cmake --install /Users/dgawade/ros_rviz/build/rviz_plugin_tutorial
[2.799s] -- Install configuration: ""
[2.800s] -- Installing: /Users/dgawade/ros_rviz/install/rviz_plugin_tutorial/lib/libpoint_display.dylib
[2.821s] -- Up-to-date: /Users/dgawade/ros_rviz/install/rviz_plugin_tutorial/include
[2.821s] -- Up-to-date: /Users/dgawade/ros_rviz/install/rviz_plugin_tutorial/include/rviz_plugin_tutorial
[2.821s] -- Up-to-date: /Users/dgawade/ros_rviz/install/rviz_plugin_tutorial/include/rviz_plugin_tutorial/point_display.hpp
[2.821s] -- Up-to-date: /Users/dgawade/ros_rviz/install/rviz_plugin_tutorial/share/rviz_plugin_tutorial/rviz_common_plugins.xml
[2.823s] -- Up-to-date: /Users/dgawade/ros_rviz/install/rviz_plugin_tutorial/share/rviz_plugin_tutorial/icons/classes/Point2D.png
[2.823s] -- Up-to-date: /Users/dgawade/ros_rviz/install/rviz_plugin_tutorial/share/rviz_plugin_tutorial/rviz_common_plugins.xml
[2.823s] -- Up-to-date: /Users/dgawade/ros_rviz/install/rviz_plugin_tutorial/share/ament_index/resource_index/package_run_dependencies/rviz_plugin_tutorial
[2.824s] -- Up-to-date: /Users/dgawade/ros_rviz/install/rviz_plugin_tutorial/share/ament_index/resource_index/parent_prefix_path/rviz_plugin_tutorial
[2.824s] -- Up-to-date: /Users/dgawade/ros_rviz/install/rviz_plugin_tutorial/share/rviz_plugin_tutorial/environment/ament_prefix_path.sh
[2.824s] -- Up-to-date: /Users/dgawade/ros_rviz/install/rviz_plugin_tutorial/share/rviz_plugin_tutorial/environment/ament_prefix_path.dsv
[2.825s] -- Up-to-date: /Users/dgawade/ros_rviz/install/rviz_plugin_tutorial/share/rviz_plugin_tutorial/environment/path.sh
[2.825s] -- Up-to-date: /Users/dgawade/ros_rviz/install/rviz_plugin_tutorial/share/rviz_plugin_tutorial/environment/path.dsv
[2.825s] -- Up-to-date: /Users/dgawade/ros_rviz/install/rviz_plugin_tutorial/share/rviz_plugin_tutorial/local_setup.bash
[2.825s] -- Up-to-date: /Users/dgawade/ros_rviz/install/rviz_plugin_tutorial/share/rviz_plugin_tutorial/local_setup.sh
[2.826s] -- Up-to-date: /Users/dgawade/ros_rviz/install/rviz_plugin_tutorial/share/rviz_plugin_tutorial/local_setup.zsh
[2.826s] -- Up-to-date: /Users/dgawade/ros_rviz/install/rviz_plugin_tutorial/share/rviz_plugin_tutorial/local_setup.dsv
[2.827s] -- Installing: /Users/dgawade/ros_rviz/install/rviz_plugin_tutorial/share/rviz_plugin_tutorial/package.dsv
[2.830s] -- Up-to-date: /Users/dgawade/ros_rviz/install/rviz_plugin_tutorial/share/ament_index/resource_index/packages/rviz_plugin_tutorial
[2.830s] -- Up-to-date: /Users/dgawade/ros_rviz/install/rviz_plugin_tutorial/share/ament_index/resource_index/rviz_common__pluginlib__plugin/rviz_plugin_tutorial
[2.833s] -- Up-to-date: /Users/dgawade/ros_rviz/install/rviz_plugin_tutorial/share/rviz_plugin_tutorial/cmake/export_rviz_plugin_tutorialExport.cmake
[2.834s] -- Up-to-date: /Users/dgawade/ros_rviz/install/rviz_plugin_tutorial/share/rviz_plugin_tutorial/cmake/export_rviz_plugin_tutorialExport-noconfig.cmake
[2.834s] -- Up-to-date: /Users/dgawade/ros_rviz/install/rviz_plugin_tutorial/share/rviz_plugin_tutorial/cmake/ament_cmake_export_include_directories-extras.cmake
[2.834s] -- Up-to-date: /Users/dgawade/ros_rviz/install/rviz_plugin_tutorial/share/rviz_plugin_tutorial/cmake/ament_cmake_export_targets-extras.cmake
[2.835s] -- Up-to-date: /Users/dgawade/ros_rviz/install/rviz_plugin_tutorial/share/rviz_plugin_tutorial/cmake/rviz_plugin_tutorialConfig.cmake
[2.835s] -- Up-to-date: /Users/dgawade/ros_rviz/install/rviz_plugin_tutorial/share/rviz_plugin_tutorial/cmake/rviz_plugin_tutorialConfig-version.cmake
[2.835s] -- Up-to-date: /Users/dgawade/ros_rviz/install/rviz_plugin_tutorial/share/rviz_plugin_tutorial/package.xml
[2.838s] Invoked command in '/Users/dgawade/ros_rviz/build/rviz_plugin_tutorial' returned '0': CMAKE_PREFIX_PATH=/Users/dgawade/ros_rviz/install/rviz_plugin_tutorial_msgs:/Users/dgawade/ros_rviz/install/rviz_plugin_tutorial:/Users/dgawade/miniconda3/envs/ros_env CONDA_PROMPT_MODIFIER=(ros_env) SHLVL=2 _=/usr/bin/env /usr/local/bin/cmake --install /Users/dgawade/ros_rviz/build/rviz_plugin_tutorial
