[0.070s] DEBUG:colcon:Command line arguments: ['/usr/bin/colcon', 'build']
[0.070s] DEBUG:colcon:Parsed command line arguments: Namespace(log_base=None, log_level=None, verb_name='build', build_base='build', install_base='install', merge_install=False, symlink_install=False, test_result_base=None, continue_on_error=False, executor='parallel', parallel_workers=8, event_handlers=None, ignore_user_meta=False, metas=['./colcon.meta'], base_paths=['.'], packages_ignore=None, packages_ignore_regex=None, paths=None, packages_up_to=None, packages_up_to_regex=None, packages_above=None, packages_above_and_dependencies=None, packages_above_depth=None, packages_select_by_dep=None, packages_skip_by_dep=None, packages_skip_up_to=None, packages_select_build_failed=False, packages_skip_build_finished=False, packages_select_test_failures=False, packages_skip_test_passed=False, packages_select=None, packages_skip=None, packages_select_regex=None, packages_skip_regex=None, packages_start=None, packages_end=None, allow_overriding=[], cmake_args=None, cmake_target=None, cmake_target_skip_unavailable=False, cmake_clean_cache=False, cmake_clean_first=False, cmake_force_configure=False, ament_cmake_args=None, catkin_cmake_args=None, catkin_skip_building_tests=False, verb_parser=<colcon_defaults.argument_parser.defaults.DefaultArgumentsDecorator object at 0xffffb0273970>, verb_extension=<colcon_core.verb.build.BuildVerb object at 0xffffb02733a0>, main=<bound method BuildVerb.main of <colcon_core.verb.build.BuildVerb object at 0xffffb02733a0>>)
[0.173s] Level 1:colcon.colcon_core.package_discovery:discover_packages(colcon_meta) check parameters
[0.173s] Level 1:colcon.colcon_core.package_discovery:discover_packages(recursive) check parameters
[0.173s] Level 1:colcon.colcon_core.package_discovery:discover_packages(ignore) check parameters
[0.173s] Level 1:colcon.colcon_core.package_discovery:discover_packages(path) check parameters
[0.173s] Level 1:colcon.colcon_core.package_discovery:discover_packages(colcon_meta) discover
[0.173s] Level 1:colcon.colcon_core.package_discovery:discover_packages(recursive) discover
[0.173s] INFO:colcon.colcon_core.package_discovery:Crawling recursively for packages in '/home/aashvi/polygon_srv'
[0.173s] Level 1:colcon.colcon_core.package_identification:_identify(.) by extensions ['ignore', 'ignore_ament_install']
[0.173s] Level 1:colcon.colcon_core.package_identification:_identify(.) by extension 'ignore'
[0.173s] Level 1:colcon.colcon_core.package_identification:_identify(.) by extension 'ignore_ament_install'
[0.173s] Level 1:colcon.colcon_core.package_identification:_identify(.) by extensions ['colcon_pkg']
[0.173s] Level 1:colcon.colcon_core.package_identification:_identify(.) by extension 'colcon_pkg'
[0.173s] Level 1:colcon.colcon_core.package_identification:_identify(.) by extensions ['colcon_meta']
[0.173s] Level 1:colcon.colcon_core.package_identification:_identify(.) by extension 'colcon_meta'
[0.173s] Level 1:colcon.colcon_core.package_identification:_identify(.) by extensions ['ros']
[0.173s] Level 1:colcon.colcon_core.package_identification:_identify(.) by extension 'ros'
[0.181s] Level 1:colcon.colcon_core.package_identification:_identify(.) by extensions ['cmake', 'python']
[0.181s] Level 1:colcon.colcon_core.package_identification:_identify(.) by extension 'cmake'
[0.181s] Level 1:colcon.colcon_core.package_identification:_identify(.) by extension 'python'
[0.181s] Level 1:colcon.colcon_core.package_identification:_identify(.) by extensions ['python_setup_py']
[0.181s] Level 1:colcon.colcon_core.package_identification:_identify(.) by extension 'python_setup_py'
[0.181s] Level 1:colcon.colcon_core.package_identification:_identify(build) by extensions ['ignore', 'ignore_ament_install']
[0.181s] Level 1:colcon.colcon_core.package_identification:_identify(build) by extension 'ignore'
[0.181s] Level 1:colcon.colcon_core.package_identification:_identify(build) ignored
[0.181s] Level 1:colcon.colcon_core.package_identification:_identify(install) by extensions ['ignore', 'ignore_ament_install']
[0.181s] Level 1:colcon.colcon_core.package_identification:_identify(install) by extension 'ignore'
[0.181s] Level 1:colcon.colcon_core.package_identification:_identify(install) ignored
[0.181s] Level 1:colcon.colcon_core.package_identification:_identify(log) by extensions ['ignore', 'ignore_ament_install']
[0.181s] Level 1:colcon.colcon_core.package_identification:_identify(log) by extension 'ignore'
[0.181s] Level 1:colcon.colcon_core.package_identification:_identify(log) ignored
[0.181s] Level 1:colcon.colcon_core.package_identification:_identify(src) by extensions ['ignore', 'ignore_ament_install']
[0.181s] Level 1:colcon.colcon_core.package_identification:_identify(src) by extension 'ignore'
[0.181s] Level 1:colcon.colcon_core.package_identification:_identify(src) by extension 'ignore_ament_install'
[0.181s] Level 1:colcon.colcon_core.package_identification:_identify(src) by extensions ['colcon_pkg']
[0.181s] Level 1:colcon.colcon_core.package_identification:_identify(src) by extension 'colcon_pkg'
[0.181s] Level 1:colcon.colcon_core.package_identification:_identify(src) by extensions ['colcon_meta']
[0.181s] Level 1:colcon.colcon_core.package_identification:_identify(src) by extension 'colcon_meta'
[0.181s] Level 1:colcon.colcon_core.package_identification:_identify(src) by extensions ['ros']
[0.181s] Level 1:colcon.colcon_core.package_identification:_identify(src) by extension 'ros'
[0.181s] Level 1:colcon.colcon_core.package_identification:_identify(src) by extensions ['cmake', 'python']
[0.181s] Level 1:colcon.colcon_core.package_identification:_identify(src) by extension 'cmake'
[0.181s] Level 1:colcon.colcon_core.package_identification:_identify(src) by extension 'python'
[0.181s] Level 1:colcon.colcon_core.package_identification:_identify(src) by extensions ['python_setup_py']
[0.181s] Level 1:colcon.colcon_core.package_identification:_identify(src) by extension 'python_setup_py'
[0.181s] Level 1:colcon.colcon_core.package_identification:_identify(src/polygon_turtle) by extensions ['ignore', 'ignore_ament_install']
[0.181s] Level 1:colcon.colcon_core.package_identification:_identify(src/polygon_turtle) by extension 'ignore'
[0.181s] Level 1:colcon.colcon_core.package_identification:_identify(src/polygon_turtle) by extension 'ignore_ament_install'
[0.181s] Level 1:colcon.colcon_core.package_identification:_identify(src/polygon_turtle) by extensions ['colcon_pkg']
[0.181s] Level 1:colcon.colcon_core.package_identification:_identify(src/polygon_turtle) by extension 'colcon_pkg'
[0.181s] Level 1:colcon.colcon_core.package_identification:_identify(src/polygon_turtle) by extensions ['colcon_meta']
[0.181s] Level 1:colcon.colcon_core.package_identification:_identify(src/polygon_turtle) by extension 'colcon_meta'
[0.181s] Level 1:colcon.colcon_core.package_identification:_identify(src/polygon_turtle) by extensions ['ros']
[0.181s] Level 1:colcon.colcon_core.package_identification:_identify(src/polygon_turtle) by extension 'ros'
[0.183s] DEBUG:colcon.colcon_core.package_identification:Package 'src/polygon_turtle' with type 'ros.ament_python' and name 'polygon_turtle'
[0.183s] Level 1:colcon.colcon_core.package_identification:_identify(src/tutorial_interfaces) by extensions ['ignore', 'ignore_ament_install']
[0.183s] Level 1:colcon.colcon_core.package_identification:_identify(src/tutorial_interfaces) by extension 'ignore'
[0.183s] Level 1:colcon.colcon_core.package_identification:_identify(src/tutorial_interfaces) by extension 'ignore_ament_install'
[0.183s] Level 1:colcon.colcon_core.package_identification:_identify(src/tutorial_interfaces) by extensions ['colcon_pkg']
[0.184s] Level 1:colcon.colcon_core.package_identification:_identify(src/tutorial_interfaces) by extension 'colcon_pkg'
[0.184s] Level 1:colcon.colcon_core.package_identification:_identify(src/tutorial_interfaces) by extensions ['colcon_meta']
[0.184s] Level 1:colcon.colcon_core.package_identification:_identify(src/tutorial_interfaces) by extension 'colcon_meta'
[0.184s] Level 1:colcon.colcon_core.package_identification:_identify(src/tutorial_interfaces) by extensions ['ros']
[0.184s] Level 1:colcon.colcon_core.package_identification:_identify(src/tutorial_interfaces) by extension 'ros'
[0.184s] DEBUG:colcon.colcon_core.package_identification:Package 'src/tutorial_interfaces' with type 'ros.ament_cmake' and name 'tutorial_interfaces'
[0.184s] Level 1:colcon.colcon_core.package_discovery:discover_packages(recursive) using defaults
[0.184s] Level 1:colcon.colcon_core.package_discovery:discover_packages(ignore) discover
[0.184s] Level 1:colcon.colcon_core.package_discovery:discover_packages(ignore) using defaults
[0.184s] Level 1:colcon.colcon_core.package_discovery:discover_packages(path) discover
[0.184s] Level 1:colcon.colcon_core.package_discovery:discover_packages(path) using defaults
[0.202s] Level 1:colcon.colcon_core.package_discovery:discover_packages(prefix_path) check parameters
[0.202s] Level 1:colcon.colcon_core.package_discovery:discover_packages(prefix_path) discover
[0.203s] DEBUG:colcon.colcon_installed_package_information.package_discovery:Found 27 installed packages in /home/aashvi/ros2_ws/install
[0.204s] DEBUG:colcon.colcon_installed_package_information.package_discovery:Found 1 installed packages in /home/aashvi/ros2_ws/src/install
[0.204s] DEBUG:colcon.colcon_installed_package_information.package_discovery:Found 294 installed packages in /opt/ros/humble
[0.205s] Level 1:colcon.colcon_core.package_discovery:discover_packages(prefix_path) using defaults
[0.230s] Level 5:colcon.colcon_core.verb:set package 'tutorial_interfaces' build argument 'cmake_args' from command line to 'None'
[0.230s] Level 5:colcon.colcon_core.verb:set package 'tutorial_interfaces' build argument 'cmake_target' from command line to 'None'
[0.230s] Level 5:colcon.colcon_core.verb:set package 'tutorial_interfaces' build argument 'cmake_target_skip_unavailable' from command line to 'False'
[0.230s] Level 5:colcon.colcon_core.verb:set package 'tutorial_interfaces' build argument 'cmake_clean_cache' from command line to 'False'
[0.230s] Level 5:colcon.colcon_core.verb:set package 'tutorial_interfaces' build argument 'cmake_clean_first' from command line to 'False'
[0.230s] Level 5:colcon.colcon_core.verb:set package 'tutorial_interfaces' build argument 'cmake_force_configure' from command line to 'False'
[0.230s] Level 5:colcon.colcon_core.verb:set package 'tutorial_interfaces' build argument 'ament_cmake_args' from command line to 'None'
[0.230s] Level 5:colcon.colcon_core.verb:set package 'tutorial_interfaces' build argument 'catkin_cmake_args' from command line to 'None'
[0.230s] Level 5:colcon.colcon_core.verb:set package 'tutorial_interfaces' build argument 'catkin_skip_building_tests' from command line to 'False'
[0.230s] DEBUG:colcon.colcon_core.verb:Building package 'tutorial_interfaces' with the following arguments: {'ament_cmake_args': None, 'build_base': '/home/aashvi/polygon_srv/build/tutorial_interfaces', 'catkin_cmake_args': None, 'catkin_skip_building_tests': False, 'cmake_args': None, 'cmake_clean_cache': False, 'cmake_clean_first': False, 'cmake_force_configure': False, 'cmake_target': None, 'cmake_target_skip_unavailable': False, 'install_base': '/home/aashvi/polygon_srv/install/tutorial_interfaces', 'merge_install': False, 'path': '/home/aashvi/polygon_srv/src/tutorial_interfaces', 'symlink_install': False, 'test_result_base': None}
[0.230s] Level 5:colcon.colcon_core.verb:set package 'polygon_turtle' build argument 'cmake_args' from command line to 'None'
[0.230s] Level 5:colcon.colcon_core.verb:set package 'polygon_turtle' build argument 'cmake_target' from command line to 'None'
[0.230s] Level 5:colcon.colcon_core.verb:set package 'polygon_turtle' build argument 'cmake_target_skip_unavailable' from command line to 'False'
[0.230s] Level 5:colcon.colcon_core.verb:set package 'polygon_turtle' build argument 'cmake_clean_cache' from command line to 'False'
[0.230s] Level 5:colcon.colcon_core.verb:set package 'polygon_turtle' build argument 'cmake_clean_first' from command line to 'False'
[0.230s] Level 5:colcon.colcon_core.verb:set package 'polygon_turtle' build argument 'cmake_force_configure' from command line to 'False'
[0.230s] Level 5:colcon.colcon_core.verb:set package 'polygon_turtle' build argument 'ament_cmake_args' from command line to 'None'
[0.230s] Level 5:colcon.colcon_core.verb:set package 'polygon_turtle' build argument 'catkin_cmake_args' from command line to 'None'
[0.230s] Level 5:colcon.colcon_core.verb:set package 'polygon_turtle' build argument 'catkin_skip_building_tests' from command line to 'False'
[0.230s] DEBUG:colcon.colcon_core.verb:Building package 'polygon_turtle' with the following arguments: {'ament_cmake_args': None, 'build_base': '/home/aashvi/polygon_srv/build/polygon_turtle', 'catkin_cmake_args': None, 'catkin_skip_building_tests': False, 'cmake_args': None, 'cmake_clean_cache': False, 'cmake_clean_first': False, 'cmake_force_configure': False, 'cmake_target': None, 'cmake_target_skip_unavailable': False, 'install_base': '/home/aashvi/polygon_srv/install/polygon_turtle', 'merge_install': False, 'path': '/home/aashvi/polygon_srv/src/polygon_turtle', 'symlink_install': False, 'test_result_base': None}
[0.230s] INFO:colcon.colcon_core.executor:Executing jobs using 'parallel' executor
[0.231s] DEBUG:colcon.colcon_parallel_executor.executor.parallel:run_until_complete
[0.231s] INFO:colcon.colcon_ros.task.ament_cmake.build:Building ROS package in '/home/aashvi/polygon_srv/src/tutorial_interfaces' with build type 'ament_cmake'
[0.231s] INFO:colcon.colcon_cmake.task.cmake.build:Building CMake package in '/home/aashvi/polygon_srv/src/tutorial_interfaces'
[0.232s] INFO:colcon.colcon_core.plugin_system:Skipping extension 'colcon_core.shell.bat': Not used on non-Windows systems
[0.233s] INFO:colcon.colcon_core.shell:Skip shell extension 'powershell' for command environment: Not usable outside of PowerShell
[0.233s] DEBUG:colcon.colcon_core.shell:Skip shell extension 'dsv' for command environment
[0.239s] DEBUG:colcon.colcon_core.event_handler.log_command:Invoking command in '/home/aashvi/polygon_srv/build/tutorial_interfaces': CMAKE_PREFIX_PATH=${CMAKE_PREFIX_PATH}:/home/aashvi/ros2_ws/install/turtle_mover:/home/aashvi/ros2_ws/install/my_robot_controller:/home/aashvi/ros2_ws/install/my_package:/home/aashvi/ros2_ws/install/launch_testing_examples:/home/aashvi/ros2_ws/install/examples_rclpy_pointcloud_publisher:/home/aashvi/ros2_ws/install/examples_rclpy_minimal_subscriber:/home/aashvi/ros2_ws/install/examples_rclpy_minimal_service:/home/aashvi/ros2_ws/install/examples_rclpy_minimal_publisher:/home/aashvi/ros2_ws/install/examples_rclpy_minimal_client:/home/aashvi/ros2_ws/install/examples_rclpy_minimal_action_server:/home/aashvi/ros2_ws/install/examples_rclpy_minimal_action_client:/home/aashvi/ros2_ws/install/examples_rclpy_guard_conditions:/home/aashvi/ros2_ws/install/examples_rclpy_executors:/home/aashvi/ros2_ws/src/install/turtle_mover:/opt/ros/humble /usr/bin/cmake /home/aashvi/polygon_srv/src/tutorial_interfaces -DCMAKE_INSTALL_PREFIX=/home/aashvi/polygon_srv/install/tutorial_interfaces
[1.442s] DEBUG:colcon.colcon_core.event_handler.log_command:Invoked command in '/home/aashvi/polygon_srv/build/tutorial_interfaces' returned '0': CMAKE_PREFIX_PATH=${CMAKE_PREFIX_PATH}:/home/aashvi/ros2_ws/install/turtle_mover:/home/aashvi/ros2_ws/install/my_robot_controller:/home/aashvi/ros2_ws/install/my_package:/home/aashvi/ros2_ws/install/launch_testing_examples:/home/aashvi/ros2_ws/install/examples_rclpy_pointcloud_publisher:/home/aashvi/ros2_ws/install/examples_rclpy_minimal_subscriber:/home/aashvi/ros2_ws/install/examples_rclpy_minimal_service:/home/aashvi/ros2_ws/install/examples_rclpy_minimal_publisher:/home/aashvi/ros2_ws/install/examples_rclpy_minimal_client:/home/aashvi/ros2_ws/install/examples_rclpy_minimal_action_server:/home/aashvi/ros2_ws/install/examples_rclpy_minimal_action_client:/home/aashvi/ros2_ws/install/examples_rclpy_guard_conditions:/home/aashvi/ros2_ws/install/examples_rclpy_executors:/home/aashvi/ros2_ws/src/install/turtle_mover:/opt/ros/humble /usr/bin/cmake /home/aashvi/polygon_srv/src/tutorial_interfaces -DCMAKE_INSTALL_PREFIX=/home/aashvi/polygon_srv/install/tutorial_interfaces
[1.444s] DEBUG:colcon.colcon_core.event_handler.log_command:Invoking command in '/home/aashvi/polygon_srv/build/tutorial_interfaces': CMAKE_PREFIX_PATH=${CMAKE_PREFIX_PATH}:/home/aashvi/ros2_ws/install/turtle_mover:/home/aashvi/ros2_ws/install/my_robot_controller:/home/aashvi/ros2_ws/install/my_package:/home/aashvi/ros2_ws/install/launch_testing_examples:/home/aashvi/ros2_ws/install/examples_rclpy_pointcloud_publisher:/home/aashvi/ros2_ws/install/examples_rclpy_minimal_subscriber:/home/aashvi/ros2_ws/install/examples_rclpy_minimal_service:/home/aashvi/ros2_ws/install/examples_rclpy_minimal_publisher:/home/aashvi/ros2_ws/install/examples_rclpy_minimal_client:/home/aashvi/ros2_ws/install/examples_rclpy_minimal_action_server:/home/aashvi/ros2_ws/install/examples_rclpy_minimal_action_client:/home/aashvi/ros2_ws/install/examples_rclpy_guard_conditions:/home/aashvi/ros2_ws/install/examples_rclpy_executors:/home/aashvi/ros2_ws/src/install/turtle_mover:/opt/ros/humble /usr/bin/cmake --build /home/aashvi/polygon_srv/build/tutorial_interfaces -- -j8 -l8
[2.595s] DEBUG:colcon.colcon_core.event_handler.log_command:Invoked command in '/home/aashvi/polygon_srv/build/tutorial_interfaces' returned '0': CMAKE_PREFIX_PATH=${CMAKE_PREFIX_PATH}:/home/aashvi/ros2_ws/install/turtle_mover:/home/aashvi/ros2_ws/install/my_robot_controller:/home/aashvi/ros2_ws/install/my_package:/home/aashvi/ros2_ws/install/launch_testing_examples:/home/aashvi/ros2_ws/install/examples_rclpy_pointcloud_publisher:/home/aashvi/ros2_ws/install/examples_rclpy_minimal_subscriber:/home/aashvi/ros2_ws/install/examples_rclpy_minimal_service:/home/aashvi/ros2_ws/install/examples_rclpy_minimal_publisher:/home/aashvi/ros2_ws/install/examples_rclpy_minimal_client:/home/aashvi/ros2_ws/install/examples_rclpy_minimal_action_server:/home/aashvi/ros2_ws/install/examples_rclpy_minimal_action_client:/home/aashvi/ros2_ws/install/examples_rclpy_guard_conditions:/home/aashvi/ros2_ws/install/examples_rclpy_executors:/home/aashvi/ros2_ws/src/install/turtle_mover:/opt/ros/humble /usr/bin/cmake --build /home/aashvi/polygon_srv/build/tutorial_interfaces -- -j8 -l8
[2.600s] DEBUG:colcon.colcon_core.event_handler.log_command:Invoking command in '/home/aashvi/polygon_srv/build/tutorial_interfaces': CMAKE_PREFIX_PATH=${CMAKE_PREFIX_PATH}:/home/aashvi/ros2_ws/install/turtle_mover:/home/aashvi/ros2_ws/install/my_robot_controller:/home/aashvi/ros2_ws/install/my_package:/home/aashvi/ros2_ws/install/launch_testing_examples:/home/aashvi/ros2_ws/install/examples_rclpy_pointcloud_publisher:/home/aashvi/ros2_ws/install/examples_rclpy_minimal_subscriber:/home/aashvi/ros2_ws/install/examples_rclpy_minimal_service:/home/aashvi/ros2_ws/install/examples_rclpy_minimal_publisher:/home/aashvi/ros2_ws/install/examples_rclpy_minimal_client:/home/aashvi/ros2_ws/install/examples_rclpy_minimal_action_server:/home/aashvi/ros2_ws/install/examples_rclpy_minimal_action_client:/home/aashvi/ros2_ws/install/examples_rclpy_guard_conditions:/home/aashvi/ros2_ws/install/examples_rclpy_executors:/home/aashvi/ros2_ws/src/install/turtle_mover:/opt/ros/humble /usr/bin/cmake --install /home/aashvi/polygon_srv/build/tutorial_interfaces
[2.639s] Level 1:colcon.colcon_core.environment:create_environment_scripts_only(tutorial_interfaces)
[2.640s] DEBUG:colcon.colcon_core.event_handler.log_command:Invoked command in '/home/aashvi/polygon_srv/build/tutorial_interfaces' returned '0': CMAKE_PREFIX_PATH=${CMAKE_PREFIX_PATH}:/home/aashvi/ros2_ws/install/turtle_mover:/home/aashvi/ros2_ws/install/my_robot_controller:/home/aashvi/ros2_ws/install/my_package:/home/aashvi/ros2_ws/install/launch_testing_examples:/home/aashvi/ros2_ws/install/examples_rclpy_pointcloud_publisher:/home/aashvi/ros2_ws/install/examples_rclpy_minimal_subscriber:/home/aashvi/ros2_ws/install/examples_rclpy_minimal_service:/home/aashvi/ros2_ws/install/examples_rclpy_minimal_publisher:/home/aashvi/ros2_ws/install/examples_rclpy_minimal_client:/home/aashvi/ros2_ws/install/examples_rclpy_minimal_action_server:/home/aashvi/ros2_ws/install/examples_rclpy_minimal_action_client:/home/aashvi/ros2_ws/install/examples_rclpy_guard_conditions:/home/aashvi/ros2_ws/install/examples_rclpy_executors:/home/aashvi/ros2_ws/src/install/turtle_mover:/opt/ros/humble /usr/bin/cmake --install /home/aashvi/polygon_srv/build/tutorial_interfaces
[2.642s] Level 1:colcon.colcon_core.environment:checking '/home/aashvi/polygon_srv/install/tutorial_interfaces' for CMake module files
[2.642s] Level 1:colcon.colcon_core.environment:checking '/home/aashvi/polygon_srv/install/tutorial_interfaces' for CMake config files
[2.642s] Level 1:colcon.colcon_core.shell:create_environment_hook('tutorial_interfaces', 'cmake_prefix_path')
[2.642s] INFO:colcon.colcon_core.shell:Creating environment hook '/home/aashvi/polygon_srv/install/tutorial_interfaces/share/tutorial_interfaces/hook/cmake_prefix_path.ps1'
[2.643s] INFO:colcon.colcon_core.shell:Creating environment descriptor '/home/aashvi/polygon_srv/install/tutorial_interfaces/share/tutorial_interfaces/hook/cmake_prefix_path.dsv'
[2.643s] INFO:colcon.colcon_core.shell:Creating environment hook '/home/aashvi/polygon_srv/install/tutorial_interfaces/share/tutorial_interfaces/hook/cmake_prefix_path.sh'
[2.643s] Level 1:colcon.colcon_core.environment:checking '/home/aashvi/polygon_srv/install/tutorial_interfaces/lib'
[2.643s] Level 1:colcon.colcon_core.shell:create_environment_hook('tutorial_interfaces', 'ld_library_path_lib')
[2.644s] INFO:colcon.colcon_core.shell:Creating environment hook '/home/aashvi/polygon_srv/install/tutorial_interfaces/share/tutorial_interfaces/hook/ld_library_path_lib.ps1'
[2.644s] INFO:colcon.colcon_core.shell:Creating environment descriptor '/home/aashvi/polygon_srv/install/tutorial_interfaces/share/tutorial_interfaces/hook/ld_library_path_lib.dsv'
[2.644s] INFO:colcon.colcon_core.shell:Creating environment hook '/home/aashvi/polygon_srv/install/tutorial_interfaces/share/tutorial_interfaces/hook/ld_library_path_lib.sh'
[2.644s] Level 1:colcon.colcon_core.environment:checking '/home/aashvi/polygon_srv/install/tutorial_interfaces/bin'
[2.644s] Level 1:colcon.colcon_core.environment:checking '/home/aashvi/polygon_srv/install/tutorial_interfaces/lib/pkgconfig/tutorial_interfaces.pc'
[2.644s] Level 1:colcon.colcon_core.environment:checking '/home/aashvi/polygon_srv/install/tutorial_interfaces/lib/python3.10/site-packages'
[2.644s] Level 1:colcon.colcon_core.environment:checking '/home/aashvi/polygon_srv/install/tutorial_interfaces/bin'
[2.644s] INFO:colcon.colcon_core.shell:Creating package script '/home/aashvi/polygon_srv/install/tutorial_interfaces/share/tutorial_interfaces/package.ps1'
[2.645s] INFO:colcon.colcon_core.shell:Creating package descriptor '/home/aashvi/polygon_srv/install/tutorial_interfaces/share/tutorial_interfaces/package.dsv'
[2.645s] INFO:colcon.colcon_core.shell:Creating package script '/home/aashvi/polygon_srv/install/tutorial_interfaces/share/tutorial_interfaces/package.sh'
[2.645s] INFO:colcon.colcon_core.shell:Creating package script '/home/aashvi/polygon_srv/install/tutorial_interfaces/share/tutorial_interfaces/package.bash'
[2.646s] INFO:colcon.colcon_core.shell:Creating package script '/home/aashvi/polygon_srv/install/tutorial_interfaces/share/tutorial_interfaces/package.zsh'
[2.646s] Level 1:colcon.colcon_core.environment:create_file_with_runtime_dependencies(/home/aashvi/polygon_srv/install/tutorial_interfaces/share/colcon-core/packages/tutorial_interfaces)
[2.646s] Level 1:colcon.colcon_core.environment:create_environment_scripts_only(tutorial_interfaces)
[2.646s] Level 1:colcon.colcon_core.environment:checking '/home/aashvi/polygon_srv/install/tutorial_interfaces' for CMake module files
[2.647s] Level 1:colcon.colcon_core.environment:checking '/home/aashvi/polygon_srv/install/tutorial_interfaces' for CMake config files
[2.647s] Level 1:colcon.colcon_core.shell:create_environment_hook('tutorial_interfaces', 'cmake_prefix_path')
[2.647s] INFO:colcon.colcon_core.shell:Creating environment hook '/home/aashvi/polygon_srv/install/tutorial_interfaces/share/tutorial_interfaces/hook/cmake_prefix_path.ps1'
[2.647s] INFO:colcon.colcon_core.shell:Creating environment descriptor '/home/aashvi/polygon_srv/install/tutorial_interfaces/share/tutorial_interfaces/hook/cmake_prefix_path.dsv'
[2.647s] INFO:colcon.colcon_core.shell:Creating environment hook '/home/aashvi/polygon_srv/install/tutorial_interfaces/share/tutorial_interfaces/hook/cmake_prefix_path.sh'
[2.647s] Level 1:colcon.colcon_core.environment:checking '/home/aashvi/polygon_srv/install/tutorial_interfaces/lib'
[2.647s] Level 1:colcon.colcon_core.shell:create_environment_hook('tutorial_interfaces', 'ld_library_path_lib')
[2.647s] INFO:colcon.colcon_core.shell:Creating environment hook '/home/aashvi/polygon_srv/install/tutorial_interfaces/share/tutorial_interfaces/hook/ld_library_path_lib.ps1'
[2.648s] INFO:colcon.colcon_core.shell:Creating environment descriptor '/home/aashvi/polygon_srv/install/tutorial_interfaces/share/tutorial_interfaces/hook/ld_library_path_lib.dsv'
[2.648s] INFO:colcon.colcon_core.shell:Creating environment hook '/home/aashvi/polygon_srv/install/tutorial_interfaces/share/tutorial_interfaces/hook/ld_library_path_lib.sh'
[2.648s] Level 1:colcon.colcon_core.environment:checking '/home/aashvi/polygon_srv/install/tutorial_interfaces/bin'
[2.648s] Level 1:colcon.colcon_core.environment:checking '/home/aashvi/polygon_srv/install/tutorial_interfaces/lib/pkgconfig/tutorial_interfaces.pc'
[2.648s] Level 1:colcon.colcon_core.environment:checking '/home/aashvi/polygon_srv/install/tutorial_interfaces/lib/python3.10/site-packages'
[2.648s] Level 1:colcon.colcon_core.environment:checking '/home/aashvi/polygon_srv/install/tutorial_interfaces/bin'
[2.648s] INFO:colcon.colcon_core.shell:Creating package script '/home/aashvi/polygon_srv/install/tutorial_interfaces/share/tutorial_interfaces/package.ps1'
[2.649s] INFO:colcon.colcon_core.shell:Creating package descriptor '/home/aashvi/polygon_srv/install/tutorial_interfaces/share/tutorial_interfaces/package.dsv'
[2.649s] INFO:colcon.colcon_core.shell:Creating package script '/home/aashvi/polygon_srv/install/tutorial_interfaces/share/tutorial_interfaces/package.sh'
[2.649s] INFO:colcon.colcon_core.shell:Creating package script '/home/aashvi/polygon_srv/install/tutorial_interfaces/share/tutorial_interfaces/package.bash'
[2.649s] INFO:colcon.colcon_core.shell:Creating package script '/home/aashvi/polygon_srv/install/tutorial_interfaces/share/tutorial_interfaces/package.zsh'
[2.649s] Level 1:colcon.colcon_core.environment:create_file_with_runtime_dependencies(/home/aashvi/polygon_srv/install/tutorial_interfaces/share/colcon-core/packages/tutorial_interfaces)
[2.650s] INFO:colcon.colcon_ros.task.ament_python.build:Building ROS package in '/home/aashvi/polygon_srv/src/polygon_turtle' with build type 'ament_python'
[2.650s] Level 1:colcon.colcon_core.shell:create_environment_hook('polygon_turtle', 'ament_prefix_path')
[2.650s] INFO:colcon.colcon_core.shell:Creating environment hook '/home/aashvi/polygon_srv/install/polygon_turtle/share/polygon_turtle/hook/ament_prefix_path.ps1'
[2.651s] INFO:colcon.colcon_core.shell:Creating environment descriptor '/home/aashvi/polygon_srv/install/polygon_turtle/share/polygon_turtle/hook/ament_prefix_path.dsv'
[2.651s] INFO:colcon.colcon_core.shell:Creating environment hook '/home/aashvi/polygon_srv/install/polygon_turtle/share/polygon_turtle/hook/ament_prefix_path.sh'
[2.651s] INFO:colcon.colcon_core.shell:Skip shell extension 'powershell' for command environment: Not usable outside of PowerShell
[2.651s] DEBUG:colcon.colcon_core.shell:Skip shell extension 'dsv' for command environment
[2.806s] INFO:colcon.colcon_core.task.python.build:Building Python package in '/home/aashvi/polygon_srv/src/polygon_turtle'
[2.806s] INFO:colcon.colcon_core.shell:Skip shell extension 'powershell' for command environment: Not usable outside of PowerShell
[2.806s] DEBUG:colcon.colcon_core.shell:Skip shell extension 'dsv' for command environment
[2.995s] DEBUG:colcon.colcon_core.event_handler.log_command:Invoking command in '/home/aashvi/polygon_srv/src/polygon_turtle': AMENT_PREFIX_PATH=/home/aashvi/polygon_srv/install/tutorial_interfaces:${AMENT_PREFIX_PATH} CMAKE_PREFIX_PATH=/home/aashvi/polygon_srv/install/tutorial_interfaces:${CMAKE_PREFIX_PATH} LD_LIBRARY_PATH=/home/aashvi/polygon_srv/install/tutorial_interfaces/lib:${LD_LIBRARY_PATH} PYTHONPATH=/home/aashvi/polygon_srv/build/polygon_turtle/prefix_override:/usr/lib/python3/dist-packages/colcon_core/task/python/colcon_distutils_commands:/home/aashvi/polygon_srv/install/polygon_turtle/lib/python3.10/site-packages:/home/aashvi/polygon_srv/install/tutorial_interfaces/local/lib/python3.10/dist-packages:${PYTHONPATH} /usr/bin/python3 -W ignore:setup.py install is deprecated -W ignore:easy_install command is deprecated setup.py egg_info --egg-base ../../build/polygon_turtle build --build-base /home/aashvi/polygon_srv/build/polygon_turtle/build install --record /home/aashvi/polygon_srv/build/polygon_turtle/install.log --single-version-externally-managed install_data
[3.140s] Level 1:colcon.colcon_core.environment:checking '/home/aashvi/polygon_srv/install/polygon_turtle' for CMake module files
[3.140s] DEBUG:colcon.colcon_core.event_handler.log_command:Invoked command in '/home/aashvi/polygon_srv/src/polygon_turtle' returned '0': AMENT_PREFIX_PATH=/home/aashvi/polygon_srv/install/tutorial_interfaces:${AMENT_PREFIX_PATH} CMAKE_PREFIX_PATH=/home/aashvi/polygon_srv/install/tutorial_interfaces:${CMAKE_PREFIX_PATH} LD_LIBRARY_PATH=/home/aashvi/polygon_srv/install/tutorial_interfaces/lib:${LD_LIBRARY_PATH} PYTHONPATH=/home/aashvi/polygon_srv/build/polygon_turtle/prefix_override:/usr/lib/python3/dist-packages/colcon_core/task/python/colcon_distutils_commands:/home/aashvi/polygon_srv/install/polygon_turtle/lib/python3.10/site-packages:/home/aashvi/polygon_srv/install/tutorial_interfaces/local/lib/python3.10/dist-packages:${PYTHONPATH} /usr/bin/python3 -W ignore:setup.py install is deprecated -W ignore:easy_install command is deprecated setup.py egg_info --egg-base ../../build/polygon_turtle build --build-base /home/aashvi/polygon_srv/build/polygon_turtle/build install --record /home/aashvi/polygon_srv/build/polygon_turtle/install.log --single-version-externally-managed install_data
[3.140s] Level 1:colcon.colcon_core.environment:checking '/home/aashvi/polygon_srv/install/polygon_turtle' for CMake config files
[3.140s] Level 1:colcon.colcon_core.environment:checking '/home/aashvi/polygon_srv/install/polygon_turtle/lib'
[3.141s] Level 1:colcon.colcon_core.environment:checking '/home/aashvi/polygon_srv/install/polygon_turtle/bin'
[3.141s] Level 1:colcon.colcon_core.environment:checking '/home/aashvi/polygon_srv/install/polygon_turtle/lib/pkgconfig/polygon_turtle.pc'
[3.141s] Level 1:colcon.colcon_core.environment:checking '/home/aashvi/polygon_srv/install/polygon_turtle/lib/python3.10/site-packages'
[3.141s] Level 1:colcon.colcon_core.shell:create_environment_hook('polygon_turtle', 'pythonpath')
[3.141s] INFO:colcon.colcon_core.shell:Creating environment hook '/home/aashvi/polygon_srv/install/polygon_turtle/share/polygon_turtle/hook/pythonpath.ps1'
[3.141s] INFO:colcon.colcon_core.shell:Creating environment descriptor '/home/aashvi/polygon_srv/install/polygon_turtle/share/polygon_turtle/hook/pythonpath.dsv'
[3.141s] INFO:colcon.colcon_core.shell:Creating environment hook '/home/aashvi/polygon_srv/install/polygon_turtle/share/polygon_turtle/hook/pythonpath.sh'
[3.141s] Level 1:colcon.colcon_core.environment:checking '/home/aashvi/polygon_srv/install/polygon_turtle/bin'
[3.141s] Level 1:colcon.colcon_core.environment:create_environment_scripts_only(polygon_turtle)
[3.141s] INFO:colcon.colcon_core.shell:Creating package script '/home/aashvi/polygon_srv/install/polygon_turtle/share/polygon_turtle/package.ps1'
[3.142s] INFO:colcon.colcon_core.shell:Creating package descriptor '/home/aashvi/polygon_srv/install/polygon_turtle/share/polygon_turtle/package.dsv'
[3.142s] INFO:colcon.colcon_core.shell:Creating package script '/home/aashvi/polygon_srv/install/polygon_turtle/share/polygon_turtle/package.sh'
[3.142s] INFO:colcon.colcon_core.shell:Creating package script '/home/aashvi/polygon_srv/install/polygon_turtle/share/polygon_turtle/package.bash'
[3.142s] INFO:colcon.colcon_core.shell:Creating package script '/home/aashvi/polygon_srv/install/polygon_turtle/share/polygon_turtle/package.zsh'
[3.142s] Level 1:colcon.colcon_core.environment:create_file_with_runtime_dependencies(/home/aashvi/polygon_srv/install/polygon_turtle/share/colcon-core/packages/polygon_turtle)
[3.142s] DEBUG:colcon.colcon_parallel_executor.executor.parallel:closing loop
[3.143s] DEBUG:colcon.colcon_parallel_executor.executor.parallel:loop closed
[3.143s] DEBUG:colcon.colcon_parallel_executor.executor.parallel:run_until_complete finished with '0'
[3.143s] DEBUG:colcon.colcon_core.event_reactor:joining thread
[3.146s] INFO:colcon.colcon_core.plugin_system:Skipping extension 'colcon_notification.desktop_notification.terminal_notifier': Not used on non-Darwin systems
[3.146s] INFO:colcon.colcon_core.plugin_system:Skipping extension 'colcon_notification.desktop_notification.win32': Not used on non-Windows systems
[3.146s] INFO:colcon.colcon_notification.desktop_notification:Sending desktop notification using 'notify2'
[3.160s] DEBUG:colcon.colcon_core.event_reactor:joined thread
[3.160s] INFO:colcon.colcon_core.shell:Creating prefix script '/home/aashvi/polygon_srv/install/local_setup.ps1'
[3.160s] INFO:colcon.colcon_core.shell:Creating prefix util module '/home/aashvi/polygon_srv/install/_local_setup_util_ps1.py'
[3.165s] INFO:colcon.colcon_core.shell:Creating prefix chain script '/home/aashvi/polygon_srv/install/setup.ps1'
[3.168s] INFO:colcon.colcon_core.shell:Creating prefix script '/home/aashvi/polygon_srv/install/local_setup.sh'
[3.169s] INFO:colcon.colcon_core.shell:Creating prefix util module '/home/aashvi/polygon_srv/install/_local_setup_util_sh.py'
[3.169s] INFO:colcon.colcon_core.shell:Creating prefix chain script '/home/aashvi/polygon_srv/install/setup.sh'
[3.170s] INFO:colcon.colcon_core.shell:Creating prefix script '/home/aashvi/polygon_srv/install/local_setup.bash'
[3.170s] INFO:colcon.colcon_core.shell:Creating prefix chain script '/home/aashvi/polygon_srv/install/setup.bash'
[3.172s] INFO:colcon.colcon_core.shell:Creating prefix script '/home/aashvi/polygon_srv/install/local_setup.zsh'
[3.172s] INFO:colcon.colcon_core.shell:Creating prefix chain script '/home/aashvi/polygon_srv/install/setup.zsh'
