[0.058s] Invoking command in '/Users/dgawade/ros_rviz/build/rviz_plugin_tutorial': AMENT_PREFIX_PATH=/Users/dgawade/ros_rviz/install/rviz_plugin_tutorial_msgs:${AMENT_PREFIX_PATH} CMAKE_PREFIX_PATH=/Users/dgawade/ros_rviz/install/rviz_plugin_tutorial_msgs:/Users/dgawade/ros_ws2/install/urdf_tutorial:/Users/dgawade/ros_ws2/install/urdf_launch:/Users/dgawade/ros_ws2/install/learning_tf2_cpp:/Users/dgawade/miniconda3/envs/ros_env:/Users/dgawade/ros_ws2/install/robo_desc:/Users/dgawade/ros_ws2/install/learning_tf2_py:/Users/dgawade/ros_ws2/install/launch_tutorial CONDA_PROMPT_MODIFIER=(ros_env) PYTHONPATH=/Users/dgawade/ros_rviz/install/rviz_plugin_tutorial_msgs/lib/python3.11/site-packages:${PYTHONPATH} SHLVL=2 _=/usr/bin/env /usr/local/bin/cmake --build /Users/dgawade/ros_rviz/build/rviz_plugin_tutorial -- -j4 -l4
[0.279s] [  0%] Built target point_display_autogen_timestamp_deps
[0.446s] [ 14%] Built target point_display_autogen
[0.628s] [ 28%] Linking CXX shared library libpoint_display.dylib
[2.323s] [100%] Built target point_display
[2.349s] Invoked command in '/Users/dgawade/ros_rviz/build/rviz_plugin_tutorial' returned '0': AMENT_PREFIX_PATH=/Users/dgawade/ros_rviz/install/rviz_plugin_tutorial_msgs:${AMENT_PREFIX_PATH} CMAKE_PREFIX_PATH=/Users/dgawade/ros_rviz/install/rviz_plugin_tutorial_msgs:/Users/dgawade/ros_ws2/install/urdf_tutorial:/Users/dgawade/ros_ws2/install/urdf_launch:/Users/dgawade/ros_ws2/install/learning_tf2_cpp:/Users/dgawade/miniconda3/envs/ros_env:/Users/dgawade/ros_ws2/install/robo_desc:/Users/dgawade/ros_ws2/install/learning_tf2_py:/Users/dgawade/ros_ws2/install/launch_tutorial CONDA_PROMPT_MODIFIER=(ros_env) PYTHONPATH=/Users/dgawade/ros_rviz/install/rviz_plugin_tutorial_msgs/lib/python3.11/site-packages:${PYTHONPATH} SHLVL=2 _=/usr/bin/env /usr/local/bin/cmake --build /Users/dgawade/ros_rviz/build/rviz_plugin_tutorial -- -j4 -l4
[2.757s] Invoking command in '/Users/dgawade/ros_rviz/build/rviz_plugin_tutorial': AMENT_PREFIX_PATH=/Users/dgawade/ros_rviz/install/rviz_plugin_tutorial_msgs:${AMENT_PREFIX_PATH} CMAKE_PREFIX_PATH=/Users/dgawade/ros_rviz/install/rviz_plugin_tutorial_msgs:/Users/dgawade/ros_ws2/install/urdf_tutorial:/Users/dgawade/ros_ws2/install/urdf_launch:/Users/dgawade/ros_ws2/install/learning_tf2_cpp:/Users/dgawade/miniconda3/envs/ros_env:/Users/dgawade/ros_ws2/install/robo_desc:/Users/dgawade/ros_ws2/install/learning_tf2_py:/Users/dgawade/ros_ws2/install/launch_tutorial CONDA_PROMPT_MODIFIER=(ros_env) PYTHONPATH=/Users/dgawade/ros_rviz/install/rviz_plugin_tutorial_msgs/lib/python3.11/site-packages:${PYTHONPATH} SHLVL=2 _=/usr/bin/env /usr/local/bin/cmake --install /Users/dgawade/ros_rviz/build/rviz_plugin_tutorial
[2.787s] -- Install configuration: ""
[2.787s] -- Installing: /Users/dgawade/ros_rviz/install/rviz_plugin_tutorial/lib/libpoint_display.dylib
[2.809s] -- Up-to-date: /Users/dgawade/ros_rviz/install/rviz_plugin_tutorial/include
[2.809s] -- Up-to-date: /Users/dgawade/ros_rviz/install/rviz_plugin_tutorial/include/rviz_plugin_tutorial
[2.809s] -- Up-to-date: /Users/dgawade/ros_rviz/install/rviz_plugin_tutorial/include/rviz_plugin_tutorial/point_display.hpp
[2.810s] -- Up-to-date: /Users/dgawade/ros_rviz/install/rviz_plugin_tutorial/share/rviz_plugin_tutorial/rviz_common_plugins.xml
[2.810s] -- Up-to-date: /Users/dgawade/ros_rviz/install/rviz_plugin_tutorial/share/rviz_plugin_tutorial/icons/classes/Point2D.png
[2.810s] -- Up-to-date: /Users/dgawade/ros_rviz/install/rviz_plugin_tutorial/share/rviz_plugin_tutorial/rviz_common_plugins.xml
[2.810s] -- Up-to-date: /Users/dgawade/ros_rviz/install/rviz_plugin_tutorial/share/ament_index/resource_index/package_run_dependencies/rviz_plugin_tutorial
[2.810s] -- Up-to-date: /Users/dgawade/ros_rviz/install/rviz_plugin_tutorial/share/ament_index/resource_index/parent_prefix_path/rviz_plugin_tutorial
[2.811s] -- Up-to-date: /Users/dgawade/ros_rviz/install/rviz_plugin_tutorial/share/rviz_plugin_tutorial/environment/ament_prefix_path.sh
[2.811s] -- Up-to-date: /Users/dgawade/ros_rviz/install/rviz_plugin_tutorial/share/rviz_plugin_tutorial/environment/ament_prefix_path.dsv
[2.811s] -- Up-to-date: /Users/dgawade/ros_rviz/install/rviz_plugin_tutorial/share/rviz_plugin_tutorial/environment/path.sh
[2.811s] -- Up-to-date: /Users/dgawade/ros_rviz/install/rviz_plugin_tutorial/share/rviz_plugin_tutorial/environment/path.dsv
[2.812s] -- Up-to-date: /Users/dgawade/ros_rviz/install/rviz_plugin_tutorial/share/rviz_plugin_tutorial/local_setup.bash
[2.812s] -- Up-to-date: /Users/dgawade/ros_rviz/install/rviz_plugin_tutorial/share/rviz_plugin_tutorial/local_setup.sh
[2.812s] -- Up-to-date: /Users/dgawade/ros_rviz/install/rviz_plugin_tutorial/share/rviz_plugin_tutorial/local_setup.zsh
[2.812s] -- Up-to-date: /Users/dgawade/ros_rviz/install/rviz_plugin_tutorial/share/rviz_plugin_tutorial/local_setup.dsv
[2.812s] -- Installing: /Users/dgawade/ros_rviz/install/rviz_plugin_tutorial/share/rviz_plugin_tutorial/package.dsv
[2.814s] -- Up-to-date: /Users/dgawade/ros_rviz/install/rviz_plugin_tutorial/share/ament_index/resource_index/packages/rviz_plugin_tutorial
[2.814s] -- Up-to-date: /Users/dgawade/ros_rviz/install/rviz_plugin_tutorial/share/ament_index/resource_index/rviz_common__pluginlib__plugin/rviz_plugin_tutorial
[2.817s] -- Up-to-date: /Users/dgawade/ros_rviz/install/rviz_plugin_tutorial/share/rviz_plugin_tutorial/cmake/export_rviz_plugin_tutorialExport.cmake
[2.817s] -- Up-to-date: /Users/dgawade/ros_rviz/install/rviz_plugin_tutorial/share/rviz_plugin_tutorial/cmake/export_rviz_plugin_tutorialExport-noconfig.cmake
[2.818s] -- Up-to-date: /Users/dgawade/ros_rviz/install/rviz_plugin_tutorial/share/rviz_plugin_tutorial/cmake/ament_cmake_export_include_directories-extras.cmake
[2.818s] -- Up-to-date: /Users/dgawade/ros_rviz/install/rviz_plugin_tutorial/share/rviz_plugin_tutorial/cmake/ament_cmake_export_targets-extras.cmake
[2.818s] -- Up-to-date: /Users/dgawade/ros_rviz/install/rviz_plugin_tutorial/share/rviz_plugin_tutorial/cmake/rviz_plugin_tutorialConfig.cmake
[2.819s] -- Up-to-date: /Users/dgawade/ros_rviz/install/rviz_plugin_tutorial/share/rviz_plugin_tutorial/cmake/rviz_plugin_tutorialConfig-version.cmake
[2.819s] -- Up-to-date: /Users/dgawade/ros_rviz/install/rviz_plugin_tutorial/share/rviz_plugin_tutorial/package.xml
[2.823s] Invoked command in '/Users/dgawade/ros_rviz/build/rviz_plugin_tutorial' returned '0': AMENT_PREFIX_PATH=/Users/dgawade/ros_rviz/install/rviz_plugin_tutorial_msgs:${AMENT_PREFIX_PATH} CMAKE_PREFIX_PATH=/Users/dgawade/ros_rviz/install/rviz_plugin_tutorial_msgs:/Users/dgawade/ros_ws2/install/urdf_tutorial:/Users/dgawade/ros_ws2/install/urdf_launch:/Users/dgawade/ros_ws2/install/learning_tf2_cpp:/Users/dgawade/miniconda3/envs/ros_env:/Users/dgawade/ros_ws2/install/robo_desc:/Users/dgawade/ros_ws2/install/learning_tf2_py:/Users/dgawade/ros_ws2/install/launch_tutorial CONDA_PROMPT_MODIFIER=(ros_env) PYTHONPATH=/Users/dgawade/ros_rviz/install/rviz_plugin_tutorial_msgs/lib/python3.11/site-packages:${PYTHONPATH} SHLVL=2 _=/usr/bin/env /usr/local/bin/cmake --install /Users/dgawade/ros_rviz/build/rviz_plugin_tutorial
