[0.146s] Invoking command in '/home/aashvi/polygon_ws/build/tutorial_interfaces': CMAKE_PREFIX_PATH=${CMAKE_PREFIX_PATH}:/home/aashvi/polygon_ws/install/polygon_pkg:/home/aashvi/ros2_ws/install/turtle_mover:/home/aashvi/ros2_ws/install/my_robot_controller:/home/aashvi/ros2_ws/install/py_pubsub:/home/aashvi/ros2_ws/install/my_package:/opt/ros/humble /usr/bin/cmake --build /home/aashvi/polygon_ws/build/tutorial_interfaces -- -j8 -l8
[0.205s] [35m[1mConsolidate compiler generated dependencies of target tutorial_interfaces__rosidl_generator_c[0m
[0.206s] [  3%] Built target tutorial_interfaces__cpp
[0.209s] [  3%] Built target ament_cmake_python_symlink_tutorial_interfaces
[0.219s] [35m[1mConsolidate compiler generated dependencies of target tutorial_interfaces__rosidl_typesupport_cpp[0m
[0.220s] [ 12%] Built target tutorial_interfaces__rosidl_generator_c
[0.221s] [35m[1mConsolidate compiler generated dependencies of target tutorial_interfaces__rosidl_typesupport_fastrtps_cpp[0m
[0.231s] [35m[1mConsolidate compiler generated dependencies of target tutorial_interfaces__rosidl_typesupport_introspection_cpp[0m
[0.246s] [35m[1mConsolidate compiler generated dependencies of target tutorial_interfaces__rosidl_typesupport_introspection_c[0m
[0.247s] [35m[1mConsolidate compiler generated dependencies of target tutorial_interfaces__rosidl_typesupport_fastrtps_c[0m
[0.248s] [35m[1mConsolidate compiler generated dependencies of target tutorial_interfaces__rosidl_typesupport_c[0m
[0.253s] [ 22%] Built target tutorial_interfaces__rosidl_typesupport_introspection_cpp
[0.254s] [ 32%] Built target tutorial_interfaces__rosidl_typesupport_fastrtps_cpp
[0.256s] [ 51%] Built target tutorial_interfaces__rosidl_typesupport_cpp
[0.256s] [ 51%] Built target tutorial_interfaces__rosidl_typesupport_fastrtps_c
[0.260s] [ 61%] Built target tutorial_interfaces__rosidl_typesupport_c
[0.261s] [ 70%] Built target tutorial_interfaces__rosidl_typesupport_introspection_c
[0.271s] [ 70%] Built target tutorial_interfaces
[0.284s] [ 74%] Built target tutorial_interfaces__py
[0.292s] [35m[1mConsolidate compiler generated dependencies of target tutorial_interfaces__rosidl_generator_py[0m
[0.303s] [ 80%] Built target tutorial_interfaces__rosidl_generator_py
[0.313s] [35m[1mConsolidate compiler generated dependencies of target tutorial_interfaces__rosidl_typesupport_fastrtps_c__pyext[0m
[0.315s] [35m[1mConsolidate compiler generated dependencies of target tutorial_interfaces__rosidl_typesupport_c__pyext[0m
[0.317s] [35m[1mConsolidate compiler generated dependencies of target tutorial_interfaces__rosidl_typesupport_introspection_c__pyext[0m
[0.328s] [ 87%] Built target tutorial_interfaces__rosidl_typesupport_c__pyext
[0.331s] [ 93%] Built target tutorial_interfaces__rosidl_typesupport_fastrtps_c__pyext
[0.331s] [100%] Built target tutorial_interfaces__rosidl_typesupport_introspection_c__pyext
[0.369s] running egg_info
[0.369s] writing tutorial_interfaces.egg-info/PKG-INFO
[0.369s] writing dependency_links to tutorial_interfaces.egg-info/dependency_links.txt
[0.369s] writing top-level names to tutorial_interfaces.egg-info/top_level.txt
[0.370s] reading manifest file 'tutorial_interfaces.egg-info/SOURCES.txt'
[0.371s] writing manifest file 'tutorial_interfaces.egg-info/SOURCES.txt'
[0.386s] [100%] Built target ament_cmake_python_build_tutorial_interfaces_egg
[0.392s] Invoked command in '/home/aashvi/polygon_ws/build/tutorial_interfaces' returned '0': CMAKE_PREFIX_PATH=${CMAKE_PREFIX_PATH}:/home/aashvi/polygon_ws/install/polygon_pkg:/home/aashvi/ros2_ws/install/turtle_mover:/home/aashvi/ros2_ws/install/my_robot_controller:/home/aashvi/ros2_ws/install/py_pubsub:/home/aashvi/ros2_ws/install/my_package:/opt/ros/humble /usr/bin/cmake --build /home/aashvi/polygon_ws/build/tutorial_interfaces -- -j8 -l8
[0.397s] Invoking command in '/home/aashvi/polygon_ws/build/tutorial_interfaces': CMAKE_PREFIX_PATH=${CMAKE_PREFIX_PATH}:/home/aashvi/polygon_ws/install/polygon_pkg:/home/aashvi/ros2_ws/install/turtle_mover:/home/aashvi/ros2_ws/install/my_robot_controller:/home/aashvi/ros2_ws/install/py_pubsub:/home/aashvi/ros2_ws/install/my_package:/opt/ros/humble /usr/bin/cmake --install /home/aashvi/polygon_ws/build/tutorial_interfaces
[0.401s] -- Install configuration: ""
[0.402s] -- Execute custom install script
[0.402s] -- Up-to-date symlink: /home/aashvi/polygon_ws/install/tutorial_interfaces/share/ament_index/resource_index/rosidl_interfaces/tutorial_interfaces
[0.403s] -- Up-to-date symlink: /home/aashvi/polygon_ws/install/tutorial_interfaces/include/tutorial_interfaces/tutorial_interfaces/msg/rosidl_generator_c__visibility_control.h
[0.404s] -- Up-to-date symlink: /home/aashvi/polygon_ws/install/tutorial_interfaces/include/tutorial_interfaces/tutorial_interfaces/srv/detail/polygon__functions.h
[0.404s] -- Up-to-date symlink: /home/aashvi/polygon_ws/install/tutorial_interfaces/include/tutorial_interfaces/tutorial_interfaces/srv/detail/polygon__struct.h
[0.404s] -- Up-to-date symlink: /home/aashvi/polygon_ws/install/tutorial_interfaces/include/tutorial_interfaces/tutorial_interfaces/srv/detail/polygon__type_support.h
[0.404s] -- Up-to-date symlink: /home/aashvi/polygon_ws/install/tutorial_interfaces/include/tutorial_interfaces/tutorial_interfaces/srv/polygon.h
[0.405s] -- Up-to-date symlink: /home/aashvi/polygon_ws/install/tutorial_interfaces/share/tutorial_interfaces/environment/library_path.sh
[0.405s] -- Up-to-date symlink: /home/aashvi/polygon_ws/install/tutorial_interfaces/share/tutorial_interfaces/environment/library_path.dsv
[0.405s] -- Up-to-date symlink: /home/aashvi/polygon_ws/install/tutorial_interfaces/include/tutorial_interfaces/tutorial_interfaces/msg/rosidl_typesupport_fastrtps_c__visibility_control.h
[0.405s] -- Up-to-date symlink: /home/aashvi/polygon_ws/install/tutorial_interfaces/include/tutorial_interfaces/tutorial_interfaces/srv/detail/polygon__rosidl_typesupport_fastrtps_c.h
[0.406s] -- Up-to-date symlink: /home/aashvi/polygon_ws/install/tutorial_interfaces/include/tutorial_interfaces/tutorial_interfaces/msg/rosidl_typesupport_introspection_c__visibility_control.h
[0.406s] -- Up-to-date symlink: /home/aashvi/polygon_ws/install/tutorial_interfaces/include/tutorial_interfaces/tutorial_interfaces/srv/detail/polygon__rosidl_typesupport_introspection_c.h
[0.406s] -- Up-to-date symlink: /home/aashvi/polygon_ws/install/tutorial_interfaces/include/tutorial_interfaces/tutorial_interfaces/msg/rosidl_generator_cpp__visibility_control.hpp
[0.407s] -- Up-to-date symlink: /home/aashvi/polygon_ws/install/tutorial_interfaces/include/tutorial_interfaces/tutorial_interfaces/srv/detail/polygon__builder.hpp
[0.407s] -- Up-to-date symlink: /home/aashvi/polygon_ws/install/tutorial_interfaces/include/tutorial_interfaces/tutorial_interfaces/srv/detail/polygon__struct.hpp
[0.407s] -- Up-to-date symlink: /home/aashvi/polygon_ws/install/tutorial_interfaces/include/tutorial_interfaces/tutorial_interfaces/srv/detail/polygon__traits.hpp
[0.407s] -- Up-to-date symlink: /home/aashvi/polygon_ws/install/tutorial_interfaces/include/tutorial_interfaces/tutorial_interfaces/srv/detail/polygon__type_support.hpp
[0.408s] -- Up-to-date symlink: /home/aashvi/polygon_ws/install/tutorial_interfaces/include/tutorial_interfaces/tutorial_interfaces/srv/polygon.hpp
[0.408s] -- Up-to-date symlink: /home/aashvi/polygon_ws/install/tutorial_interfaces/include/tutorial_interfaces/tutorial_interfaces/msg/rosidl_typesupport_fastrtps_cpp__visibility_control.h
[0.409s] -- Up-to-date symlink: /home/aashvi/polygon_ws/install/tutorial_interfaces/include/tutorial_interfaces/tutorial_interfaces/srv/detail/polygon__rosidl_typesupport_fastrtps_cpp.hpp
[0.409s] -- Up-to-date symlink: /home/aashvi/polygon_ws/install/tutorial_interfaces/include/tutorial_interfaces/tutorial_interfaces/srv/detail/polygon__rosidl_typesupport_introspection_cpp.hpp
[0.409s] -- Up-to-date symlink: /home/aashvi/polygon_ws/install/tutorial_interfaces/share/tutorial_interfaces/environment/pythonpath.sh
[0.409s] -- Up-to-date symlink: /home/aashvi/polygon_ws/install/tutorial_interfaces/share/tutorial_interfaces/environment/pythonpath.dsv
[0.409s] -- Up-to-date symlink: /home/aashvi/polygon_ws/install/tutorial_interfaces/local/lib/python3.10/dist-packages/tutorial_interfaces-0.0.0-py3.10.egg-info/PKG-INFO
[0.410s] -- Up-to-date symlink: /home/aashvi/polygon_ws/install/tutorial_interfaces/local/lib/python3.10/dist-packages/tutorial_interfaces-0.0.0-py3.10.egg-info/SOURCES.txt
[0.410s] -- Up-to-date symlink: /home/aashvi/polygon_ws/install/tutorial_interfaces/local/lib/python3.10/dist-packages/tutorial_interfaces-0.0.0-py3.10.egg-info/dependency_links.txt
[0.410s] -- Up-to-date symlink: /home/aashvi/polygon_ws/install/tutorial_interfaces/local/lib/python3.10/dist-packages/tutorial_interfaces-0.0.0-py3.10.egg-info/top_level.txt
[0.411s] -- Up-to-date symlink: /home/aashvi/polygon_ws/install/tutorial_interfaces/local/lib/python3.10/dist-packages/tutorial_interfaces/__init__.py
[0.411s] -- Up-to-date symlink: /home/aashvi/polygon_ws/install/tutorial_interfaces/local/lib/python3.10/dist-packages/tutorial_interfaces/_tutorial_interfaces_s.ep.rosidl_typesupport_c.c
[0.412s] -- Up-to-date symlink: /home/aashvi/polygon_ws/install/tutorial_interfaces/local/lib/python3.10/dist-packages/tutorial_interfaces/_tutorial_interfaces_s.ep.rosidl_typesupport_fastrtps_c.c
[0.412s] -- Up-to-date symlink: /home/aashvi/polygon_ws/install/tutorial_interfaces/local/lib/python3.10/dist-packages/tutorial_interfaces/_tutorial_interfaces_s.ep.rosidl_typesupport_introspection_c.c
[0.412s] -- Up-to-date symlink: /home/aashvi/polygon_ws/install/tutorial_interfaces/local/lib/python3.10/dist-packages/tutorial_interfaces/libtutorial_interfaces__rosidl_generator_py.so
[0.413s] -- Up-to-date symlink: /home/aashvi/polygon_ws/install/tutorial_interfaces/local/lib/python3.10/dist-packages/tutorial_interfaces/srv/__init__.py
[0.413s] -- Up-to-date symlink: /home/aashvi/polygon_ws/install/tutorial_interfaces/local/lib/python3.10/dist-packages/tutorial_interfaces/srv/_polygon.py
[0.413s] -- Up-to-date symlink: /home/aashvi/polygon_ws/install/tutorial_interfaces/local/lib/python3.10/dist-packages/tutorial_interfaces/srv/_polygon_s.c
[0.413s] -- Up-to-date symlink: /home/aashvi/polygon_ws/install/tutorial_interfaces/local/lib/python3.10/dist-packages/tutorial_interfaces/tutorial_interfaces_s__rosidl_typesupport_c.cpython-310-aarch64-linux-gnu.so
[0.413s] -- Up-to-date symlink: /home/aashvi/polygon_ws/install/tutorial_interfaces/local/lib/python3.10/dist-packages/tutorial_interfaces/tutorial_interfaces_s__rosidl_typesupport_fastrtps_c.cpython-310-aarch64-linux-gnu.so
[0.413s] -- Up-to-date symlink: /home/aashvi/polygon_ws/install/tutorial_interfaces/local/lib/python3.10/dist-packages/tutorial_interfaces/tutorial_interfaces_s__rosidl_typesupport_introspection_c.cpython-310-aarch64-linux-gnu.so
[0.414s] -- Up-to-date symlink: /home/aashvi/polygon_ws/install/tutorial_interfaces/local/lib/python3.10/dist-packages/tutorial_interfaces/tutorial_interfaces_s__rosidl_typesupport_fastrtps_c.cpython-310-aarch64-linux-gnu.so
[0.414s] -- Up-to-date symlink: /home/aashvi/polygon_ws/install/tutorial_interfaces/local/lib/python3.10/dist-packages/tutorial_interfaces/tutorial_interfaces_s__rosidl_typesupport_introspection_c.cpython-310-aarch64-linux-gnu.so
[0.414s] -- Up-to-date symlink: /home/aashvi/polygon_ws/install/tutorial_interfaces/local/lib/python3.10/dist-packages/tutorial_interfaces/tutorial_interfaces_s__rosidl_typesupport_c.cpython-310-aarch64-linux-gnu.so
[0.415s] -- Up-to-date symlink: /home/aashvi/polygon_ws/install/tutorial_interfaces/share/tutorial_interfaces/srv/Polygon.idl
[0.415s] -- Up-to-date symlink: /home/aashvi/polygon_ws/install/tutorial_interfaces/share/tutorial_interfaces/srv/Polygon.srv
[0.415s] -- Up-to-date symlink: /home/aashvi/polygon_ws/install/tutorial_interfaces/share/tutorial_interfaces/srv/Polygon_Request.msg
[0.416s] -- Up-to-date symlink: /home/aashvi/polygon_ws/install/tutorial_interfaces/share/tutorial_interfaces/srv/Polygon_Response.msg
[0.416s] -- Up-to-date symlink: /home/aashvi/polygon_ws/install/tutorial_interfaces/share/ament_index/resource_index/package_run_dependencies/tutorial_interfaces
[0.417s] -- Up-to-date symlink: /home/aashvi/polygon_ws/install/tutorial_interfaces/share/ament_index/resource_index/parent_prefix_path/tutorial_interfaces
[0.417s] -- Up-to-date symlink: /home/aashvi/polygon_ws/install/tutorial_interfaces/share/tutorial_interfaces/environment/ament_prefix_path.sh
[0.417s] -- Up-to-date symlink: /home/aashvi/polygon_ws/install/tutorial_interfaces/share/tutorial_interfaces/environment/ament_prefix_path.dsv
[0.417s] -- Up-to-date symlink: /home/aashvi/polygon_ws/install/tutorial_interfaces/share/tutorial_interfaces/environment/path.sh
[0.417s] -- Up-to-date symlink: /home/aashvi/polygon_ws/install/tutorial_interfaces/share/tutorial_interfaces/environment/path.dsv
[0.418s] -- Up-to-date symlink: /home/aashvi/polygon_ws/install/tutorial_interfaces/share/tutorial_interfaces/local_setup.bash
[0.418s] -- Up-to-date symlink: /home/aashvi/polygon_ws/install/tutorial_interfaces/share/tutorial_interfaces/local_setup.sh
[0.419s] -- Up-to-date symlink: /home/aashvi/polygon_ws/install/tutorial_interfaces/share/tutorial_interfaces/local_setup.zsh
[0.419s] -- Up-to-date symlink: /home/aashvi/polygon_ws/install/tutorial_interfaces/share/tutorial_interfaces/local_setup.dsv
[0.419s] -- Symlinking: /home/aashvi/polygon_ws/install/tutorial_interfaces/share/tutorial_interfaces/package.dsv
[0.428s] -- Up-to-date symlink: /home/aashvi/polygon_ws/install/tutorial_interfaces/share/ament_index/resource_index/packages/tutorial_interfaces
[0.428s] -- Up-to-date symlink: /home/aashvi/polygon_ws/install/tutorial_interfaces/share/tutorial_interfaces/cmake/rosidl_cmake-extras.cmake
[0.429s] -- Up-to-date symlink: /home/aashvi/polygon_ws/install/tutorial_interfaces/share/tutorial_interfaces/cmake/ament_cmake_export_dependencies-extras.cmake
[0.429s] -- Up-to-date symlink: /home/aashvi/polygon_ws/install/tutorial_interfaces/share/tutorial_interfaces/cmake/ament_cmake_export_include_directories-extras.cmake
[0.429s] -- Up-to-date symlink: /home/aashvi/polygon_ws/install/tutorial_interfaces/share/tutorial_interfaces/cmake/ament_cmake_export_libraries-extras.cmake
[0.429s] -- Up-to-date symlink: /home/aashvi/polygon_ws/install/tutorial_interfaces/share/tutorial_interfaces/cmake/ament_cmake_export_targets-extras.cmake
[0.429s] -- Up-to-date symlink: /home/aashvi/polygon_ws/install/tutorial_interfaces/share/tutorial_interfaces/cmake/rosidl_cmake_export_typesupport_targets-extras.cmake
[0.429s] -- Up-to-date symlink: /home/aashvi/polygon_ws/install/tutorial_interfaces/share/tutorial_interfaces/cmake/rosidl_cmake_export_typesupport_libraries-extras.cmake
[0.430s] -- Up-to-date symlink: /home/aashvi/polygon_ws/install/tutorial_interfaces/share/tutorial_interfaces/cmake/tutorial_interfacesConfig.cmake
[0.431s] -- Up-to-date symlink: /home/aashvi/polygon_ws/install/tutorial_interfaces/share/tutorial_interfaces/cmake/tutorial_interfacesConfig-version.cmake
[0.431s] -- Up-to-date symlink: /home/aashvi/polygon_ws/install/tutorial_interfaces/share/tutorial_interfaces/package.xml
[0.432s] -- Up-to-date: /home/aashvi/polygon_ws/install/tutorial_interfaces/lib/libtutorial_interfaces__rosidl_generator_c.so
[0.432s] -- Up-to-date: /home/aashvi/polygon_ws/install/tutorial_interfaces/lib/libtutorial_interfaces__rosidl_typesupport_fastrtps_c.so
[0.432s] -- Up-to-date: /home/aashvi/polygon_ws/install/tutorial_interfaces/lib/libtutorial_interfaces__rosidl_typesupport_introspection_c.so
[0.432s] -- Up-to-date: /home/aashvi/polygon_ws/install/tutorial_interfaces/lib/libtutorial_interfaces__rosidl_typesupport_c.so
[0.433s] -- Up-to-date: /home/aashvi/polygon_ws/install/tutorial_interfaces/lib/libtutorial_interfaces__rosidl_typesupport_fastrtps_cpp.so
[0.433s] -- Up-to-date: /home/aashvi/polygon_ws/install/tutorial_interfaces/lib/libtutorial_interfaces__rosidl_typesupport_introspection_cpp.so
[0.433s] -- Up-to-date: /home/aashvi/polygon_ws/install/tutorial_interfaces/lib/libtutorial_interfaces__rosidl_typesupport_cpp.so
[0.453s] Listing '/home/aashvi/polygon_ws/install/tutorial_interfaces/local/lib/python3.10/dist-packages/tutorial_interfaces'...
[0.453s] Listing '/home/aashvi/polygon_ws/install/tutorial_interfaces/local/lib/python3.10/dist-packages/tutorial_interfaces/srv'...
[0.457s] -- Up-to-date: /home/aashvi/polygon_ws/install/tutorial_interfaces/lib/libtutorial_interfaces__rosidl_generator_py.so
[0.457s] -- Up-to-date: /home/aashvi/polygon_ws/install/tutorial_interfaces/share/tutorial_interfaces/cmake/export_tutorial_interfaces__rosidl_generator_cExport.cmake
[0.458s] -- Up-to-date: /home/aashvi/polygon_ws/install/tutorial_interfaces/share/tutorial_interfaces/cmake/export_tutorial_interfaces__rosidl_generator_cExport-noconfig.cmake
[0.458s] -- Up-to-date: /home/aashvi/polygon_ws/install/tutorial_interfaces/share/tutorial_interfaces/cmake/export_tutorial_interfaces__rosidl_typesupport_fastrtps_cExport.cmake
[0.458s] -- Up-to-date: /home/aashvi/polygon_ws/install/tutorial_interfaces/share/tutorial_interfaces/cmake/export_tutorial_interfaces__rosidl_typesupport_fastrtps_cExport-noconfig.cmake
[0.459s] -- Up-to-date: /home/aashvi/polygon_ws/install/tutorial_interfaces/share/tutorial_interfaces/cmake/tutorial_interfaces__rosidl_typesupport_introspection_cExport.cmake
[0.459s] -- Up-to-date: /home/aashvi/polygon_ws/install/tutorial_interfaces/share/tutorial_interfaces/cmake/tutorial_interfaces__rosidl_typesupport_introspection_cExport-noconfig.cmake
[0.460s] -- Up-to-date: /home/aashvi/polygon_ws/install/tutorial_interfaces/share/tutorial_interfaces/cmake/tutorial_interfaces__rosidl_typesupport_cExport.cmake
[0.460s] -- Up-to-date: /home/aashvi/polygon_ws/install/tutorial_interfaces/share/tutorial_interfaces/cmake/tutorial_interfaces__rosidl_typesupport_cExport-noconfig.cmake
[0.460s] -- Up-to-date: /home/aashvi/polygon_ws/install/tutorial_interfaces/share/tutorial_interfaces/cmake/export_tutorial_interfaces__rosidl_generator_cppExport.cmake
[0.461s] -- Up-to-date: /home/aashvi/polygon_ws/install/tutorial_interfaces/share/tutorial_interfaces/cmake/export_tutorial_interfaces__rosidl_typesupport_fastrtps_cppExport.cmake
[0.461s] -- Up-to-date: /home/aashvi/polygon_ws/install/tutorial_interfaces/share/tutorial_interfaces/cmake/export_tutorial_interfaces__rosidl_typesupport_fastrtps_cppExport-noconfig.cmake
[0.461s] -- Up-to-date: /home/aashvi/polygon_ws/install/tutorial_interfaces/share/tutorial_interfaces/cmake/tutorial_interfaces__rosidl_typesupport_introspection_cppExport.cmake
[0.461s] -- Up-to-date: /home/aashvi/polygon_ws/install/tutorial_interfaces/share/tutorial_interfaces/cmake/tutorial_interfaces__rosidl_typesupport_introspection_cppExport-noconfig.cmake
[0.461s] -- Up-to-date: /home/aashvi/polygon_ws/install/tutorial_interfaces/share/tutorial_interfaces/cmake/tutorial_interfaces__rosidl_typesupport_cppExport.cmake
[0.461s] -- Up-to-date: /home/aashvi/polygon_ws/install/tutorial_interfaces/share/tutorial_interfaces/cmake/tutorial_interfaces__rosidl_typesupport_cppExport-noconfig.cmake
[0.462s] -- Up-to-date: /home/aashvi/polygon_ws/install/tutorial_interfaces/share/tutorial_interfaces/cmake/export_tutorial_interfaces__rosidl_generator_pyExport.cmake
[0.462s] -- Up-to-date: /home/aashvi/polygon_ws/install/tutorial_interfaces/share/tutorial_interfaces/cmake/export_tutorial_interfaces__rosidl_generator_pyExport-noconfig.cmake
[0.464s] Invoked command in '/home/aashvi/polygon_ws/build/tutorial_interfaces' returned '0': CMAKE_PREFIX_PATH=${CMAKE_PREFIX_PATH}:/home/aashvi/polygon_ws/install/polygon_pkg:/home/aashvi/ros2_ws/install/turtle_mover:/home/aashvi/ros2_ws/install/my_robot_controller:/home/aashvi/ros2_ws/install/py_pubsub:/home/aashvi/ros2_ws/install/my_package:/opt/ros/humble /usr/bin/cmake --install /home/aashvi/polygon_ws/build/tutorial_interfaces
