running develop
running egg_info
creating polygon_pkg.egg-info
writing polygon_pkg.egg-info/PKG-INFO
writing dependency_links to polygon_pkg.egg-info/dependency_links.txt
writing entry points to polygon_pkg.egg-info/entry_points.txt
writing requirements to polygon_pkg.egg-info/requires.txt
writing top-level names to polygon_pkg.egg-info/top_level.txt
writing manifest file 'polygon_pkg.egg-info/SOURCES.txt'
reading manifest file 'polygon_pkg.egg-info/SOURCES.txt'
writing manifest file 'polygon_pkg.egg-info/SOURCES.txt'
running build_ext
Creating /home/aashvi/polygon_ws/install/polygon_pkg/lib/python3.10/site-packages/polygon-pkg.egg-link (link to .)
Installing draw_polygon_server script to /home/aashvi/polygon_ws/install/polygon_pkg/lib/polygon_pkg

Installed /home/aashvi/polygon_ws/build/polygon_pkg
running symlink_data
creating /home/aashvi/polygon_ws/install/polygon_pkg/share/ament_index
creating /home/aashvi/polygon_ws/install/polygon_pkg/share/ament_index/resource_index
creating /home/aashvi/polygon_ws/install/polygon_pkg/share/ament_index/resource_index/packages
symbolically linking /home/aashvi/polygon_ws/build/polygon_pkg/resource/polygon_pkg -> /home/aashvi/polygon_ws/install/polygon_pkg/share/ament_index/resource_index/packages
symbolically linking /home/aashvi/polygon_ws/build/polygon_pkg/package.xml -> /home/aashvi/polygon_ws/install/polygon_pkg/share/polygon_pkg
