[0.392s] Invoking command in '/home/aashvi/polygon_ws/build/polygon_pkg': PYTHONPATH=/home/aashvi/polygon_ws/build/polygon_pkg/prefix_override:/usr/lib/python3/dist-packages/colcon_core/task/python/colcon_distutils_commands:/home/aashvi/polygon_ws/install/polygon_pkg/lib/python3.10/site-packages:${PYTHONPATH} /usr/bin/python3 -W ignore:setup.py install is deprecated -W ignore:easy_install command is deprecated setup.py develop --editable --build-directory /home/aashvi/polygon_ws/build/polygon_pkg/build --no-deps symlink_data
[0.525s] running develop
[0.605s] running egg_info
[0.605s] creating polygon_pkg.egg-info
[0.605s] writing polygon_pkg.egg-info/PKG-INFO
[0.605s] writing dependency_links to polygon_pkg.egg-info/dependency_links.txt
[0.605s] writing entry points to polygon_pkg.egg-info/entry_points.txt
[0.605s] writing requirements to polygon_pkg.egg-info/requires.txt
[0.605s] writing top-level names to polygon_pkg.egg-info/top_level.txt
[0.606s] writing manifest file 'polygon_pkg.egg-info/SOURCES.txt'
[0.606s] reading manifest file 'polygon_pkg.egg-info/SOURCES.txt'
[0.607s] writing manifest file 'polygon_pkg.egg-info/SOURCES.txt'
[0.608s] running build_ext
[0.608s] Creating /home/aashvi/polygon_ws/install/polygon_pkg/lib/python3.10/site-packages/polygon-pkg.egg-link (link to .)
[0.608s] Installing draw_polygon_server script to /home/aashvi/polygon_ws/install/polygon_pkg/lib/polygon_pkg
[0.608s] 
[0.608s] Installed /home/aashvi/polygon_ws/build/polygon_pkg
[0.608s] running symlink_data
[0.609s] creating /home/aashvi/polygon_ws/install/polygon_pkg/share/ament_index
[0.609s] creating /home/aashvi/polygon_ws/install/polygon_pkg/share/ament_index/resource_index
[0.609s] creating /home/aashvi/polygon_ws/install/polygon_pkg/share/ament_index/resource_index/packages
[0.609s] symbolically linking /home/aashvi/polygon_ws/build/polygon_pkg/resource/polygon_pkg -> /home/aashvi/polygon_ws/install/polygon_pkg/share/ament_index/resource_index/packages
[0.609s] symbolically linking /home/aashvi/polygon_ws/build/polygon_pkg/package.xml -> /home/aashvi/polygon_ws/install/polygon_pkg/share/polygon_pkg
[0.622s] Invoked command in '/home/aashvi/polygon_ws/build/polygon_pkg' returned '0': PYTHONPATH=/home/aashvi/polygon_ws/build/polygon_pkg/prefix_override:/usr/lib/python3/dist-packages/colcon_core/task/python/colcon_distutils_commands:/home/aashvi/polygon_ws/install/polygon_pkg/lib/python3.10/site-packages:${PYTHONPATH} /usr/bin/python3 -W ignore:setup.py install is deprecated -W ignore:easy_install command is deprecated setup.py develop --editable --build-directory /home/aashvi/polygon_ws/build/polygon_pkg/build --no-deps symlink_data
