[0.092s] Invoking command in '/Users/dgawade/ros_rviz/build/rviz_plugin_tutorial_msgs': CMAKE_PREFIX_PATH=${CMAKE_PREFIX_PATH}:/Users/dgawade/ros_ws2/install/robo_desc:/Users/dgawade/ros_ws2/install/learning_tf2_py:/Users/dgawade/ros_ws2/install/launch_tutorial CONDA_PROMPT_MODIFIER=(ros_env) SHLVL=2 _=/usr/bin/env /usr/local/bin/cmake --build /Users/dgawade/ros_rviz/build/rviz_plugin_tutorial_msgs -- -j4 -l4
[0.437s] [  3%] Built target rviz_plugin_tutorial_msgs__cpp
[0.558s] [ 12%] Built target rviz_plugin_tutorial_msgs__rosidl_generator_c
[0.628s] [ 22%] Built target rviz_plugin_tutorial_msgs__rosidl_typesupport_cpp
[0.633s] [ 22%] Built target ament_cmake_python_copy_rviz_plugin_tutorial_msgs
[0.688s] [ 32%] Built target rviz_plugin_tutorial_msgs__rosidl_typesupport_fastrtps_cpp
[0.800s] [ 41%] Built target rviz_plugin_tutorial_msgs__rosidl_typesupport_introspection_cpp
[0.820s] [ 54%] Built target rviz_plugin_tutorial_msgs__rosidl_typesupport_fastrtps_c
[0.822s] [ 61%] Built target rviz_plugin_tutorial_msgs__rosidl_typesupport_introspection_c
[0.844s] [ 70%] Built target rviz_plugin_tutorial_msgs__rosidl_typesupport_c
[1.002s] [ 70%] Built target rviz_plugin_tutorial_msgs
[1.153s] [ 74%] Built target rviz_plugin_tutorial_msgs__py
[1.302s] [ 80%] Built target rviz_plugin_tutorial_msgs__rosidl_generator_py
[1.571s] [ 87%] Built target rviz_plugin_tutorial_msgs__rosidl_typesupport_fastrtps_c__pyext
[1.578s] [ 93%] Built target rviz_plugin_tutorial_msgs__rosidl_typesupport_c__pyext
[1.580s] [100%] Built target rviz_plugin_tutorial_msgs__rosidl_typesupport_introspection_c__pyext
[1.863s] running egg_info
[1.973s] writing rviz_plugin_tutorial_msgs.egg-info/PKG-INFO
[1.974s] writing dependency_links to rviz_plugin_tutorial_msgs.egg-info/dependency_links.txt
[1.974s] writing top-level names to rviz_plugin_tutorial_msgs.egg-info/top_level.txt
[2.065s] reading manifest file 'rviz_plugin_tutorial_msgs.egg-info/SOURCES.txt'
[2.066s] writing manifest file 'rviz_plugin_tutorial_msgs.egg-info/SOURCES.txt'
[2.122s] [100%] Built target ament_cmake_python_build_rviz_plugin_tutorial_msgs_egg
[2.149s] Invoked command in '/Users/dgawade/ros_rviz/build/rviz_plugin_tutorial_msgs' returned '0': CMAKE_PREFIX_PATH=${CMAKE_PREFIX_PATH}:/Users/dgawade/ros_ws2/install/robo_desc:/Users/dgawade/ros_ws2/install/learning_tf2_py:/Users/dgawade/ros_ws2/install/launch_tutorial CONDA_PROMPT_MODIFIER=(ros_env) SHLVL=2 _=/usr/bin/env /usr/local/bin/cmake --build /Users/dgawade/ros_rviz/build/rviz_plugin_tutorial_msgs -- -j4 -l4
[3.157s] Invoking command in '/Users/dgawade/ros_rviz/build/rviz_plugin_tutorial_msgs': CMAKE_PREFIX_PATH=${CMAKE_PREFIX_PATH}:/Users/dgawade/ros_ws2/install/robo_desc:/Users/dgawade/ros_ws2/install/learning_tf2_py:/Users/dgawade/ros_ws2/install/launch_tutorial CONDA_PROMPT_MODIFIER=(ros_env) SHLVL=2 _=/usr/bin/env /usr/local/bin/cmake --install /Users/dgawade/ros_rviz/build/rviz_plugin_tutorial_msgs
[3.190s] -- Install configuration: ""
[3.190s] -- Up-to-date: /Users/dgawade/ros_rviz/install/rviz_plugin_tutorial_msgs/share/ament_index/resource_index/rosidl_interfaces/rviz_plugin_tutorial_msgs
[3.190s] -- Up-to-date: /Users/dgawade/ros_rviz/install/rviz_plugin_tutorial_msgs/include/rviz_plugin_tutorial_msgs/rviz_plugin_tutorial_msgs
[3.191s] -- Up-to-date: /Users/dgawade/ros_rviz/install/rviz_plugin_tutorial_msgs/include/rviz_plugin_tutorial_msgs/rviz_plugin_tutorial_msgs/msg
[3.191s] -- Up-to-date: /Users/dgawade/ros_rviz/install/rviz_plugin_tutorial_msgs/include/rviz_plugin_tutorial_msgs/rviz_plugin_tutorial_msgs/msg/rosidl_generator_c__visibility_control.h
[3.191s] -- Up-to-date: /Users/dgawade/ros_rviz/install/rviz_plugin_tutorial_msgs/include/rviz_plugin_tutorial_msgs/rviz_plugin_tutorial_msgs/msg/detail
[3.191s] -- Up-to-date: /Users/dgawade/ros_rviz/install/rviz_plugin_tutorial_msgs/include/rviz_plugin_tutorial_msgs/rviz_plugin_tutorial_msgs/msg/detail/point2_d__functions.h
[3.192s] -- Up-to-date: /Users/dgawade/ros_rviz/install/rviz_plugin_tutorial_msgs/include/rviz_plugin_tutorial_msgs/rviz_plugin_tutorial_msgs/msg/detail/point2_d__type_support.h
[3.192s] -- Up-to-date: /Users/dgawade/ros_rviz/install/rviz_plugin_tutorial_msgs/include/rviz_plugin_tutorial_msgs/rviz_plugin_tutorial_msgs/msg/detail/point2_d__functions.c
[3.192s] -- Up-to-date: /Users/dgawade/ros_rviz/install/rviz_plugin_tutorial_msgs/include/rviz_plugin_tutorial_msgs/rviz_plugin_tutorial_msgs/msg/detail/point2_d__struct.h
[3.192s] -- Up-to-date: /Users/dgawade/ros_rviz/install/rviz_plugin_tutorial_msgs/include/rviz_plugin_tutorial_msgs/rviz_plugin_tutorial_msgs/msg/point2_d.h
[3.192s] -- Up-to-date: /Users/dgawade/ros_rviz/install/rviz_plugin_tutorial_msgs/lib/librviz_plugin_tutorial_msgs__rosidl_generator_c.dylib
[3.192s] -- Up-to-date: /Users/dgawade/ros_rviz/install/rviz_plugin_tutorial_msgs/include/rviz_plugin_tutorial_msgs/rviz_plugin_tutorial_msgs
[3.192s] -- Up-to-date: /Users/dgawade/ros_rviz/install/rviz_plugin_tutorial_msgs/include/rviz_plugin_tutorial_msgs/rviz_plugin_tutorial_msgs/msg
[3.192s] -- Up-to-date: /Users/dgawade/ros_rviz/install/rviz_plugin_tutorial_msgs/include/rviz_plugin_tutorial_msgs/rviz_plugin_tutorial_msgs/msg/detail
[3.192s] -- Up-to-date: /Users/dgawade/ros_rviz/install/rviz_plugin_tutorial_msgs/include/rviz_plugin_tutorial_msgs/rviz_plugin_tutorial_msgs/msg/detail/point2_d__rosidl_typesupport_fastrtps_c.h
[3.192s] -- Up-to-date: /Users/dgawade/ros_rviz/install/rviz_plugin_tutorial_msgs/include/rviz_plugin_tutorial_msgs/rviz_plugin_tutorial_msgs/msg/rosidl_typesupport_fastrtps_c__visibility_control.h
[3.192s] -- Installing: /Users/dgawade/ros_rviz/install/rviz_plugin_tutorial_msgs/lib/librviz_plugin_tutorial_msgs__rosidl_typesupport_fastrtps_c.dylib
[3.210s] -- Up-to-date: /Users/dgawade/ros_rviz/install/rviz_plugin_tutorial_msgs/include/rviz_plugin_tutorial_msgs/rviz_plugin_tutorial_msgs
[3.210s] -- Up-to-date: /Users/dgawade/ros_rviz/install/rviz_plugin_tutorial_msgs/include/rviz_plugin_tutorial_msgs/rviz_plugin_tutorial_msgs/msg
[3.210s] -- Up-to-date: /Users/dgawade/ros_rviz/install/rviz_plugin_tutorial_msgs/include/rviz_plugin_tutorial_msgs/rviz_plugin_tutorial_msgs/msg/detail
[3.210s] -- Up-to-date: /Users/dgawade/ros_rviz/install/rviz_plugin_tutorial_msgs/include/rviz_plugin_tutorial_msgs/rviz_plugin_tutorial_msgs/msg/detail/point2_d__rosidl_typesupport_introspection_c.h
[3.211s] -- Up-to-date: /Users/dgawade/ros_rviz/install/rviz_plugin_tutorial_msgs/include/rviz_plugin_tutorial_msgs/rviz_plugin_tutorial_msgs/msg/detail/point2_d__type_support.c
[3.211s] -- Up-to-date: /Users/dgawade/ros_rviz/install/rviz_plugin_tutorial_msgs/include/rviz_plugin_tutorial_msgs/rviz_plugin_tutorial_msgs/msg/rosidl_typesupport_introspection_c__visibility_control.h
[3.211s] -- Installing: /Users/dgawade/ros_rviz/install/rviz_plugin_tutorial_msgs/lib/librviz_plugin_tutorial_msgs__rosidl_typesupport_introspection_c.dylib
[3.226s] -- Installing: /Users/dgawade/ros_rviz/install/rviz_plugin_tutorial_msgs/lib/librviz_plugin_tutorial_msgs__rosidl_typesupport_c.dylib
[3.239s] -- Up-to-date: /Users/dgawade/ros_rviz/install/rviz_plugin_tutorial_msgs/include/rviz_plugin_tutorial_msgs/rviz_plugin_tutorial_msgs
[3.240s] -- Up-to-date: /Users/dgawade/ros_rviz/install/rviz_plugin_tutorial_msgs/include/rviz_plugin_tutorial_msgs/rviz_plugin_tutorial_msgs/msg
[3.240s] -- Up-to-date: /Users/dgawade/ros_rviz/install/rviz_plugin_tutorial_msgs/include/rviz_plugin_tutorial_msgs/rviz_plugin_tutorial_msgs/msg/detail
[3.240s] -- Up-to-date: /Users/dgawade/ros_rviz/install/rviz_plugin_tutorial_msgs/include/rviz_plugin_tutorial_msgs/rviz_plugin_tutorial_msgs/msg/detail/point2_d__traits.hpp
[3.240s] -- Up-to-date: /Users/dgawade/ros_rviz/install/rviz_plugin_tutorial_msgs/include/rviz_plugin_tutorial_msgs/rviz_plugin_tutorial_msgs/msg/detail/point2_d__type_support.hpp
[3.241s] -- Up-to-date: /Users/dgawade/ros_rviz/install/rviz_plugin_tutorial_msgs/include/rviz_plugin_tutorial_msgs/rviz_plugin_tutorial_msgs/msg/detail/point2_d__struct.hpp
[3.241s] -- Up-to-date: /Users/dgawade/ros_rviz/install/rviz_plugin_tutorial_msgs/include/rviz_plugin_tutorial_msgs/rviz_plugin_tutorial_msgs/msg/detail/point2_d__builder.hpp
[3.241s] -- Up-to-date: /Users/dgawade/ros_rviz/install/rviz_plugin_tutorial_msgs/include/rviz_plugin_tutorial_msgs/rviz_plugin_tutorial_msgs/msg/rosidl_generator_cpp__visibility_control.hpp
[3.242s] -- Up-to-date: /Users/dgawade/ros_rviz/install/rviz_plugin_tutorial_msgs/include/rviz_plugin_tutorial_msgs/rviz_plugin_tutorial_msgs/msg/point2_d.hpp
[3.242s] -- Up-to-date: /Users/dgawade/ros_rviz/install/rviz_plugin_tutorial_msgs/include/rviz_plugin_tutorial_msgs/rviz_plugin_tutorial_msgs
[3.243s] -- Up-to-date: /Users/dgawade/ros_rviz/install/rviz_plugin_tutorial_msgs/include/rviz_plugin_tutorial_msgs/rviz_plugin_tutorial_msgs/msg
[3.243s] -- Up-to-date: /Users/dgawade/ros_rviz/install/rviz_plugin_tutorial_msgs/include/rviz_plugin_tutorial_msgs/rviz_plugin_tutorial_msgs/msg/rosidl_typesupport_fastrtps_cpp__visibility_control.h
[3.243s] -- Up-to-date: /Users/dgawade/ros_rviz/install/rviz_plugin_tutorial_msgs/include/rviz_plugin_tutorial_msgs/rviz_plugin_tutorial_msgs/msg/detail
[3.244s] -- Up-to-date: /Users/dgawade/ros_rviz/install/rviz_plugin_tutorial_msgs/include/rviz_plugin_tutorial_msgs/rviz_plugin_tutorial_msgs/msg/detail/point2_d__rosidl_typesupport_fastrtps_cpp.hpp
[3.244s] -- Up-to-date: /Users/dgawade/ros_rviz/install/rviz_plugin_tutorial_msgs/include/rviz_plugin_tutorial_msgs/rviz_plugin_tutorial_msgs/msg/detail/dds_fastrtps
[3.244s] -- Up-to-date: /Users/dgawade/ros_rviz/install/rviz_plugin_tutorial_msgs/lib/librviz_plugin_tutorial_msgs__rosidl_typesupport_fastrtps_cpp.dylib
[3.244s] -- Up-to-date: /Users/dgawade/ros_rviz/install/rviz_plugin_tutorial_msgs/include/rviz_plugin_tutorial_msgs/rviz_plugin_tutorial_msgs
[3.244s] -- Up-to-date: /Users/dgawade/ros_rviz/install/rviz_plugin_tutorial_msgs/include/rviz_plugin_tutorial_msgs/rviz_plugin_tutorial_msgs/msg
[3.244s] -- Up-to-date: /Users/dgawade/ros_rviz/install/rviz_plugin_tutorial_msgs/include/rviz_plugin_tutorial_msgs/rviz_plugin_tutorial_msgs/msg/detail
[3.245s] -- Up-to-date: /Users/dgawade/ros_rviz/install/rviz_plugin_tutorial_msgs/include/rviz_plugin_tutorial_msgs/rviz_plugin_tutorial_msgs/msg/detail/point2_d__type_support.cpp
[3.245s] -- Up-to-date: /Users/dgawade/ros_rviz/install/rviz_plugin_tutorial_msgs/include/rviz_plugin_tutorial_msgs/rviz_plugin_tutorial_msgs/msg/detail/point2_d__rosidl_typesupport_introspection_cpp.hpp
[3.245s] -- Up-to-date: /Users/dgawade/ros_rviz/install/rviz_plugin_tutorial_msgs/lib/librviz_plugin_tutorial_msgs__rosidl_typesupport_introspection_cpp.dylib
[3.245s] -- Up-to-date: /Users/dgawade/ros_rviz/install/rviz_plugin_tutorial_msgs/lib/librviz_plugin_tutorial_msgs__rosidl_typesupport_cpp.dylib
[3.245s] -- Up-to-date: /Users/dgawade/ros_rviz/install/rviz_plugin_tutorial_msgs/share/rviz_plugin_tutorial_msgs/environment/pythonpath.sh
[3.245s] -- Up-to-date: /Users/dgawade/ros_rviz/install/rviz_plugin_tutorial_msgs/share/rviz_plugin_tutorial_msgs/environment/pythonpath.dsv
[3.245s] -- Up-to-date: /Users/dgawade/ros_rviz/install/rviz_plugin_tutorial_msgs/lib/python3.11/site-packages/rviz_plugin_tutorial_msgs-0.0.0-py3.11.egg-info
[3.245s] -- Installing: /Users/dgawade/ros_rviz/install/rviz_plugin_tutorial_msgs/lib/python3.11/site-packages/rviz_plugin_tutorial_msgs-0.0.0-py3.11.egg-info/PKG-INFO
[3.245s] -- Installing: /Users/dgawade/ros_rviz/install/rviz_plugin_tutorial_msgs/lib/python3.11/site-packages/rviz_plugin_tutorial_msgs-0.0.0-py3.11.egg-info/SOURCES.txt
[3.246s] -- Installing: /Users/dgawade/ros_rviz/install/rviz_plugin_tutorial_msgs/lib/python3.11/site-packages/rviz_plugin_tutorial_msgs-0.0.0-py3.11.egg-info/top_level.txt
[3.247s] -- Installing: /Users/dgawade/ros_rviz/install/rviz_plugin_tutorial_msgs/lib/python3.11/site-packages/rviz_plugin_tutorial_msgs-0.0.0-py3.11.egg-info/dependency_links.txt
[3.248s] -- Up-to-date: /Users/dgawade/ros_rviz/install/rviz_plugin_tutorial_msgs/lib/python3.11/site-packages/rviz_plugin_tutorial_msgs
[3.248s] -- Installing: /Users/dgawade/ros_rviz/install/rviz_plugin_tutorial_msgs/lib/python3.11/site-packages/rviz_plugin_tutorial_msgs/rviz_plugin_tutorial_msgs_s__rosidl_typesupport_introspection_c.cpython-311-darwin.so
[3.249s] -- Up-to-date: /Users/dgawade/ros_rviz/install/rviz_plugin_tutorial_msgs/lib/python3.11/site-packages/rviz_plugin_tutorial_msgs/_rviz_plugin_tutorial_msgs_s.ep.rosidl_typesupport_c.c
[3.249s] -- Up-to-date: /Users/dgawade/ros_rviz/install/rviz_plugin_tutorial_msgs/lib/python3.11/site-packages/rviz_plugin_tutorial_msgs/librviz_plugin_tutorial_msgs__rosidl_generator_py.dylib
[3.250s] -- Up-to-date: /Users/dgawade/ros_rviz/install/rviz_plugin_tutorial_msgs/lib/python3.11/site-packages/rviz_plugin_tutorial_msgs/msg
[3.250s] -- Up-to-date: /Users/dgawade/ros_rviz/install/rviz_plugin_tutorial_msgs/lib/python3.11/site-packages/rviz_plugin_tutorial_msgs/msg/__init__.py
[3.250s] -- Up-to-date: /Users/dgawade/ros_rviz/install/rviz_plugin_tutorial_msgs/lib/python3.11/site-packages/rviz_plugin_tutorial_msgs/msg/_point2_d_s.c
[3.250s] -- Up-to-date: /Users/dgawade/ros_rviz/install/rviz_plugin_tutorial_msgs/lib/python3.11/site-packages/rviz_plugin_tutorial_msgs/msg/_point2_d.py
[3.250s] -- Installing: /Users/dgawade/ros_rviz/install/rviz_plugin_tutorial_msgs/lib/python3.11/site-packages/rviz_plugin_tutorial_msgs/rviz_plugin_tutorial_msgs_s__rosidl_typesupport_fastrtps_c.cpython-311-darwin.so
[3.251s] -- Up-to-date: /Users/dgawade/ros_rviz/install/rviz_plugin_tutorial_msgs/lib/python3.11/site-packages/rviz_plugin_tutorial_msgs/__init__.py
[3.252s] -- Up-to-date: /Users/dgawade/ros_rviz/install/rviz_plugin_tutorial_msgs/lib/python3.11/site-packages/rviz_plugin_tutorial_msgs/_rviz_plugin_tutorial_msgs_s.ep.rosidl_typesupport_fastrtps_c.c
[3.252s] -- Installing: /Users/dgawade/ros_rviz/install/rviz_plugin_tutorial_msgs/lib/python3.11/site-packages/rviz_plugin_tutorial_msgs/rviz_plugin_tutorial_msgs_s__rosidl_typesupport_c.cpython-311-darwin.so
[3.252s] -- Up-to-date: /Users/dgawade/ros_rviz/install/rviz_plugin_tutorial_msgs/lib/python3.11/site-packages/rviz_plugin_tutorial_msgs/_rviz_plugin_tutorial_msgs_s.ep.rosidl_typesupport_introspection_c.c
[3.326s] Listing 'lib/python3.11/site-packages/rviz_plugin_tutorial_msgs'...
[3.326s] Can't list 'lib/python3.11/site-packages/rviz_plugin_tutorial_msgs'
[3.333s] -- Up-to-date: /Users/dgawade/ros_rviz/install/rviz_plugin_tutorial_msgs/lib/python3.11/site-packages/rviz_plugin_tutorial_msgs/rviz_plugin_tutorial_msgs_s__rosidl_typesupport_fastrtps_c.cpython-311-darwin.so
[3.345s] -- Up-to-date: /Users/dgawade/ros_rviz/install/rviz_plugin_tutorial_msgs/lib/python3.11/site-packages/rviz_plugin_tutorial_msgs/rviz_plugin_tutorial_msgs_s__rosidl_typesupport_introspection_c.cpython-311-darwin.so
[3.356s] -- Up-to-date: /Users/dgawade/ros_rviz/install/rviz_plugin_tutorial_msgs/lib/python3.11/site-packages/rviz_plugin_tutorial_msgs/rviz_plugin_tutorial_msgs_s__rosidl_typesupport_c.cpython-311-darwin.so
[3.372s] -- Installing: /Users/dgawade/ros_rviz/install/rviz_plugin_tutorial_msgs/lib/librviz_plugin_tutorial_msgs__rosidl_generator_py.dylib
[3.385s] -- Up-to-date: /Users/dgawade/ros_rviz/install/rviz_plugin_tutorial_msgs/share/rviz_plugin_tutorial_msgs/msg/Point2D.idl
[3.385s] -- Up-to-date: /Users/dgawade/ros_rviz/install/rviz_plugin_tutorial_msgs/share/rviz_plugin_tutorial_msgs/msg/Point2D.msg
[3.385s] -- Up-to-date: /Users/dgawade/ros_rviz/install/rviz_plugin_tutorial_msgs/share/ament_index/resource_index/package_run_dependencies/rviz_plugin_tutorial_msgs
[3.385s] -- Up-to-date: /Users/dgawade/ros_rviz/install/rviz_plugin_tutorial_msgs/share/ament_index/resource_index/parent_prefix_path/rviz_plugin_tutorial_msgs
[3.385s] -- Up-to-date: /Users/dgawade/ros_rviz/install/rviz_plugin_tutorial_msgs/share/rviz_plugin_tutorial_msgs/environment/ament_prefix_path.sh
[3.386s] -- Up-to-date: /Users/dgawade/ros_rviz/install/rviz_plugin_tutorial_msgs/share/rviz_plugin_tutorial_msgs/environment/ament_prefix_path.dsv
[3.386s] -- Up-to-date: /Users/dgawade/ros_rviz/install/rviz_plugin_tutorial_msgs/share/rviz_plugin_tutorial_msgs/environment/path.sh
[3.386s] -- Up-to-date: /Users/dgawade/ros_rviz/install/rviz_plugin_tutorial_msgs/share/rviz_plugin_tutorial_msgs/environment/path.dsv
[3.386s] -- Up-to-date: /Users/dgawade/ros_rviz/install/rviz_plugin_tutorial_msgs/share/rviz_plugin_tutorial_msgs/local_setup.bash
[3.386s] -- Up-to-date: /Users/dgawade/ros_rviz/install/rviz_plugin_tutorial_msgs/share/rviz_plugin_tutorial_msgs/local_setup.sh
[3.387s] -- Up-to-date: /Users/dgawade/ros_rviz/install/rviz_plugin_tutorial_msgs/share/rviz_plugin_tutorial_msgs/local_setup.zsh
[3.387s] -- Up-to-date: /Users/dgawade/ros_rviz/install/rviz_plugin_tutorial_msgs/share/rviz_plugin_tutorial_msgs/local_setup.dsv
[3.387s] -- Installing: /Users/dgawade/ros_rviz/install/rviz_plugin_tutorial_msgs/share/rviz_plugin_tutorial_msgs/package.dsv
[3.389s] -- Up-to-date: /Users/dgawade/ros_rviz/install/rviz_plugin_tutorial_msgs/share/ament_index/resource_index/packages/rviz_plugin_tutorial_msgs
[3.391s] -- Up-to-date: /Users/dgawade/ros_rviz/install/rviz_plugin_tutorial_msgs/share/rviz_plugin_tutorial_msgs/cmake/export_rviz_plugin_tutorial_msgs__rosidl_generator_cExport.cmake
[3.391s] -- Up-to-date: /Users/dgawade/ros_rviz/install/rviz_plugin_tutorial_msgs/share/rviz_plugin_tutorial_msgs/cmake/export_rviz_plugin_tutorial_msgs__rosidl_generator_cExport-noconfig.cmake
[3.393s] -- Up-to-date: /Users/dgawade/ros_rviz/install/rviz_plugin_tutorial_msgs/share/rviz_plugin_tutorial_msgs/cmake/export_rviz_plugin_tutorial_msgs__rosidl_typesupport_fastrtps_cExport.cmake
[3.394s] -- Up-to-date: /Users/dgawade/ros_rviz/install/rviz_plugin_tutorial_msgs/share/rviz_plugin_tutorial_msgs/cmake/export_rviz_plugin_tutorial_msgs__rosidl_typesupport_fastrtps_cExport-noconfig.cmake
[3.396s] -- Up-to-date: /Users/dgawade/ros_rviz/install/rviz_plugin_tutorial_msgs/share/rviz_plugin_tutorial_msgs/cmake/rviz_plugin_tutorial_msgs__rosidl_typesupport_introspection_cExport.cmake
[3.396s] -- Up-to-date: /Users/dgawade/ros_rviz/install/rviz_plugin_tutorial_msgs/share/rviz_plugin_tutorial_msgs/cmake/rviz_plugin_tutorial_msgs__rosidl_typesupport_introspection_cExport-noconfig.cmake
[3.398s] -- Up-to-date: /Users/dgawade/ros_rviz/install/rviz_plugin_tutorial_msgs/share/rviz_plugin_tutorial_msgs/cmake/rviz_plugin_tutorial_msgs__rosidl_typesupport_cExport.cmake
[3.398s] -- Up-to-date: /Users/dgawade/ros_rviz/install/rviz_plugin_tutorial_msgs/share/rviz_plugin_tutorial_msgs/cmake/rviz_plugin_tutorial_msgs__rosidl_typesupport_cExport-noconfig.cmake
[3.400s] -- Up-to-date: /Users/dgawade/ros_rviz/install/rviz_plugin_tutorial_msgs/share/rviz_plugin_tutorial_msgs/cmake/export_rviz_plugin_tutorial_msgs__rosidl_generator_cppExport.cmake
[3.402s] -- Up-to-date: /Users/dgawade/ros_rviz/install/rviz_plugin_tutorial_msgs/share/rviz_plugin_tutorial_msgs/cmake/export_rviz_plugin_tutorial_msgs__rosidl_typesupport_fastrtps_cppExport.cmake
[3.402s] -- Up-to-date: /Users/dgawade/ros_rviz/install/rviz_plugin_tutorial_msgs/share/rviz_plugin_tutorial_msgs/cmake/export_rviz_plugin_tutorial_msgs__rosidl_typesupport_fastrtps_cppExport-noconfig.cmake
[3.404s] -- Up-to-date: /Users/dgawade/ros_rviz/install/rviz_plugin_tutorial_msgs/share/rviz_plugin_tutorial_msgs/cmake/rviz_plugin_tutorial_msgs__rosidl_typesupport_introspection_cppExport.cmake
[3.404s] -- Up-to-date: /Users/dgawade/ros_rviz/install/rviz_plugin_tutorial_msgs/share/rviz_plugin_tutorial_msgs/cmake/rviz_plugin_tutorial_msgs__rosidl_typesupport_introspection_cppExport-noconfig.cmake
[3.406s] -- Up-to-date: /Users/dgawade/ros_rviz/install/rviz_plugin_tutorial_msgs/share/rviz_plugin_tutorial_msgs/cmake/rviz_plugin_tutorial_msgs__rosidl_typesupport_cppExport.cmake
[3.406s] -- Up-to-date: /Users/dgawade/ros_rviz/install/rviz_plugin_tutorial_msgs/share/rviz_plugin_tutorial_msgs/cmake/rviz_plugin_tutorial_msgs__rosidl_typesupport_cppExport-noconfig.cmake
[3.409s] -- Up-to-date: /Users/dgawade/ros_rviz/install/rviz_plugin_tutorial_msgs/share/rviz_plugin_tutorial_msgs/cmake/export_rviz_plugin_tutorial_msgs__rosidl_generator_pyExport.cmake
[3.410s] -- Up-to-date: /Users/dgawade/ros_rviz/install/rviz_plugin_tutorial_msgs/share/rviz_plugin_tutorial_msgs/cmake/export_rviz_plugin_tutorial_msgs__rosidl_generator_pyExport-noconfig.cmake
[3.410s] -- Up-to-date: /Users/dgawade/ros_rviz/install/rviz_plugin_tutorial_msgs/share/rviz_plugin_tutorial_msgs/cmake/rosidl_cmake-extras.cmake
[3.410s] -- Up-to-date: /Users/dgawade/ros_rviz/install/rviz_plugin_tutorial_msgs/share/rviz_plugin_tutorial_msgs/cmake/ament_cmake_export_dependencies-extras.cmake
[3.411s] -- Up-to-date: /Users/dgawade/ros_rviz/install/rviz_plugin_tutorial_msgs/share/rviz_plugin_tutorial_msgs/cmake/ament_cmake_export_include_directories-extras.cmake
[3.411s] -- Up-to-date: /Users/dgawade/ros_rviz/install/rviz_plugin_tutorial_msgs/share/rviz_plugin_tutorial_msgs/cmake/ament_cmake_export_libraries-extras.cmake
[3.411s] -- Up-to-date: /Users/dgawade/ros_rviz/install/rviz_plugin_tutorial_msgs/share/rviz_plugin_tutorial_msgs/cmake/ament_cmake_export_targets-extras.cmake
[3.411s] -- Up-to-date: /Users/dgawade/ros_rviz/install/rviz_plugin_tutorial_msgs/share/rviz_plugin_tutorial_msgs/cmake/rosidl_cmake_export_typesupport_targets-extras.cmake
[3.412s] -- Up-to-date: /Users/dgawade/ros_rviz/install/rviz_plugin_tutorial_msgs/share/rviz_plugin_tutorial_msgs/cmake/rosidl_cmake_export_typesupport_libraries-extras.cmake
[3.412s] -- Up-to-date: /Users/dgawade/ros_rviz/install/rviz_plugin_tutorial_msgs/share/rviz_plugin_tutorial_msgs/cmake/rviz_plugin_tutorial_msgsConfig.cmake
[3.412s] -- Up-to-date: /Users/dgawade/ros_rviz/install/rviz_plugin_tutorial_msgs/share/rviz_plugin_tutorial_msgs/cmake/rviz_plugin_tutorial_msgsConfig-version.cmake
[3.412s] -- Up-to-date: /Users/dgawade/ros_rviz/install/rviz_plugin_tutorial_msgs/share/rviz_plugin_tutorial_msgs/package.xml
[3.416s] Invoked command in '/Users/dgawade/ros_rviz/build/rviz_plugin_tutorial_msgs' returned '0': CMAKE_PREFIX_PATH=${CMAKE_PREFIX_PATH}:/Users/dgawade/ros_ws2/install/robo_desc:/Users/dgawade/ros_ws2/install/learning_tf2_py:/Users/dgawade/ros_ws2/install/launch_tutorial CONDA_PROMPT_MODIFIER=(ros_env) SHLVL=2 _=/usr/bin/env /usr/local/bin/cmake --install /Users/dgawade/ros_rviz/build/rviz_plugin_tutorial_msgs
