[0.007s] Invoking command in '/home/aashvi/launch_ws/build/learning_tf2_cpp': CMAKE_PREFIX_PATH=${CMAKE_PREFIX_PATH}:/home/aashvi/ros2_ws/install/turtle_mover:/home/aashvi/ros2_ws/install/my_robot_controller:/home/aashvi/ros2_ws/install/py_pubsub:/home/aashvi/ros2_ws/install/my_package:/home/aashvi/polygon_ws/install/polygon_pkg:/home/aashvi/service_ws/install/py_srvcli:/opt/ros/humble /usr/bin/cmake /home/aashvi/launch_ws/src/learning_tf2_cpp -DCMAKE_INSTALL_PREFIX=/home/aashvi/launch_ws/install/learning_tf2_cpp
[0.016s] -- Found ament_cmake: 1.3.11 (/opt/ros/humble/share/ament_cmake/cmake)
[0.113s] -- Override CMake install command with custom implementation using symlinks instead of copying resources
[0.119s] -- Found geometry_msgs: 4.2.4 (/opt/ros/humble/share/geometry_msgs/cmake)
[0.134s] -- Found rosidl_generator_c: 3.1.6 (/opt/ros/humble/share/rosidl_generator_c/cmake)
[0.135s] -- Found rosidl_adapter: 3.1.6 (/opt/ros/humble/share/rosidl_adapter/cmake)
[0.138s] -- Found rosidl_generator_cpp: 3.1.6 (/opt/ros/humble/share/rosidl_generator_cpp/cmake)
[0.145s] -- Using all available rosidl_typesupport_c: rosidl_typesupport_fastrtps_c;rosidl_typesupport_introspection_c
[0.153s] -- Using all available rosidl_typesupport_cpp: rosidl_typesupport_fastrtps_cpp;rosidl_typesupport_introspection_cpp
[0.175s] -- Found rclcpp: 16.0.11 (/opt/ros/humble/share/rclcpp/cmake)
[0.189s] -- Found rmw_implementation_cmake: 6.1.2 (/opt/ros/humble/share/rmw_implementation_cmake/cmake)
[0.191s] -- Found rmw_fastrtps_cpp: 6.2.7 (/opt/ros/humble/share/rmw_fastrtps_cpp/cmake)
[0.256s] -- Using RMW implementation 'rmw_fastrtps_cpp' as default
[0.281s] -- Found tf2: 0.25.11 (/opt/ros/humble/share/tf2/cmake)
[0.283s] -- Found tf2_ros: 0.25.11 (/opt/ros/humble/share/tf2_ros/cmake)
[0.331s] -- Found turtlesim: 1.4.2 (/home/aashvi/ros2_ws/install/turtlesim/share/turtlesim/cmake)
[0.344s] -- Found ament_lint_auto: 0.12.11 (/opt/ros/humble/share/ament_lint_auto/cmake)
[0.391s] -- Added test 'cppcheck' to perform static code analysis on C / C++ code
[0.391s] -- Configured cppcheck include dirs: 
[0.391s] -- Configured cppcheck exclude dirs and/or files: 
[0.391s] -- Added test 'flake8' to check Python code syntax and style conventions
[0.391s] -- Added test 'lint_cmake' to check CMake code style
[0.391s] -- Added test 'pep257' to check Python code against some of the docstring style conventions in PEP 257
[0.391s] -- Added test 'uncrustify' to check C / C++ code style
[0.392s] -- Configured uncrustify additional arguments: 
[0.392s] -- Added test 'xmllint' to check XML markup files
[0.392s] -- Configuring done
[0.418s] -- Generating done
[0.422s] -- Build files have been written to: /home/aashvi/launch_ws/build/learning_tf2_cpp
[0.430s] Invoked command in '/home/aashvi/launch_ws/build/learning_tf2_cpp' returned '0': CMAKE_PREFIX_PATH=${CMAKE_PREFIX_PATH}:/home/aashvi/ros2_ws/install/turtle_mover:/home/aashvi/ros2_ws/install/my_robot_controller:/home/aashvi/ros2_ws/install/py_pubsub:/home/aashvi/ros2_ws/install/my_package:/home/aashvi/polygon_ws/install/polygon_pkg:/home/aashvi/service_ws/install/py_srvcli:/opt/ros/humble /usr/bin/cmake /home/aashvi/launch_ws/src/learning_tf2_cpp -DCMAKE_INSTALL_PREFIX=/home/aashvi/launch_ws/install/learning_tf2_cpp
[0.430s] Invoking command in '/home/aashvi/launch_ws/build/learning_tf2_cpp': CMAKE_PREFIX_PATH=${CMAKE_PREFIX_PATH}:/home/aashvi/ros2_ws/install/turtle_mover:/home/aashvi/ros2_ws/install/my_robot_controller:/home/aashvi/ros2_ws/install/py_pubsub:/home/aashvi/ros2_ws/install/my_package:/home/aashvi/polygon_ws/install/polygon_pkg:/home/aashvi/service_ws/install/py_srvcli:/opt/ros/humble /usr/bin/cmake --build /home/aashvi/launch_ws/build/learning_tf2_cpp -- -j4 -l4
[0.457s] [35m[1mConsolidate compiler generated dependencies of target turtle_tf2_listener[0m
[0.457s] [35m[1mConsolidate compiler generated dependencies of target turtle_tf2_broadcaster[0m
[0.457s] [35m[1mConsolidate compiler generated dependencies of target static_turtle_tf2_broadcaster[0m
[0.472s] [ 50%] Built target turtle_tf2_broadcaster
[0.472s] [ 66%] Built target turtle_tf2_listener
[0.474s] [100%] Built target static_turtle_tf2_broadcaster
[0.482s] Invoked command in '/home/aashvi/launch_ws/build/learning_tf2_cpp' returned '0': CMAKE_PREFIX_PATH=${CMAKE_PREFIX_PATH}:/home/aashvi/ros2_ws/install/turtle_mover:/home/aashvi/ros2_ws/install/my_robot_controller:/home/aashvi/ros2_ws/install/py_pubsub:/home/aashvi/ros2_ws/install/my_package:/home/aashvi/polygon_ws/install/polygon_pkg:/home/aashvi/service_ws/install/py_srvcli:/opt/ros/humble /usr/bin/cmake --build /home/aashvi/launch_ws/build/learning_tf2_cpp -- -j4 -l4
[0.487s] Invoking command in '/home/aashvi/launch_ws/build/learning_tf2_cpp': CMAKE_PREFIX_PATH=${CMAKE_PREFIX_PATH}:/home/aashvi/ros2_ws/install/turtle_mover:/home/aashvi/ros2_ws/install/my_robot_controller:/home/aashvi/ros2_ws/install/py_pubsub:/home/aashvi/ros2_ws/install/my_package:/home/aashvi/polygon_ws/install/polygon_pkg:/home/aashvi/service_ws/install/py_srvcli:/opt/ros/humble /usr/bin/cmake --install /home/aashvi/launch_ws/build/learning_tf2_cpp
[0.490s] -- Install configuration: ""
[0.490s] -- Execute custom install script
[0.490s] -- Symlinking: /home/aashvi/launch_ws/install/learning_tf2_cpp/lib/learning_tf2_cpp/turtle_tf2_broadcaster
[0.496s] -- Symlinking: /home/aashvi/launch_ws/install/learning_tf2_cpp/lib/learning_tf2_cpp/static_turtle_tf2_broadcaster
[0.500s] -- Symlinking: /home/aashvi/launch_ws/install/learning_tf2_cpp/share/learning_tf2_cpp/launch/turtle_tf2_demo.launch.py
[0.504s] -- Symlinking: /home/aashvi/launch_ws/install/learning_tf2_cpp/lib/learning_tf2_cpp/turtle_tf2_listener
[0.507s] -- Symlinking: /home/aashvi/launch_ws/install/learning_tf2_cpp/share/ament_index/resource_index/package_run_dependencies/learning_tf2_cpp
[0.511s] -- Symlinking: /home/aashvi/launch_ws/install/learning_tf2_cpp/share/ament_index/resource_index/parent_prefix_path/learning_tf2_cpp
[0.515s] -- Symlinking: /home/aashvi/launch_ws/install/learning_tf2_cpp/share/learning_tf2_cpp/environment/ament_prefix_path.sh
[0.519s] -- Symlinking: /home/aashvi/launch_ws/install/learning_tf2_cpp/share/learning_tf2_cpp/environment/ament_prefix_path.dsv
[0.522s] -- Symlinking: /home/aashvi/launch_ws/install/learning_tf2_cpp/share/learning_tf2_cpp/environment/path.sh
[0.526s] -- Symlinking: /home/aashvi/launch_ws/install/learning_tf2_cpp/share/learning_tf2_cpp/environment/path.dsv
[0.532s] -- Symlinking: /home/aashvi/launch_ws/install/learning_tf2_cpp/share/learning_tf2_cpp/local_setup.bash
[0.535s] -- Symlinking: /home/aashvi/launch_ws/install/learning_tf2_cpp/share/learning_tf2_cpp/local_setup.sh
[0.538s] -- Symlinking: /home/aashvi/launch_ws/install/learning_tf2_cpp/share/learning_tf2_cpp/local_setup.zsh
[0.543s] -- Symlinking: /home/aashvi/launch_ws/install/learning_tf2_cpp/share/learning_tf2_cpp/local_setup.dsv
[0.546s] -- Symlinking: /home/aashvi/launch_ws/install/learning_tf2_cpp/share/learning_tf2_cpp/package.dsv
[0.550s] -- Symlinking: /home/aashvi/launch_ws/install/learning_tf2_cpp/share/ament_index/resource_index/packages/learning_tf2_cpp
[0.553s] -- Symlinking: /home/aashvi/launch_ws/install/learning_tf2_cpp/share/learning_tf2_cpp/cmake/learning_tf2_cppConfig.cmake
[0.559s] -- Symlinking: /home/aashvi/launch_ws/install/learning_tf2_cpp/share/learning_tf2_cpp/cmake/learning_tf2_cppConfig-version.cmake
[0.563s] -- Symlinking: /home/aashvi/launch_ws/install/learning_tf2_cpp/share/learning_tf2_cpp/package.xml
[0.571s] Invoked command in '/home/aashvi/launch_ws/build/learning_tf2_cpp' returned '0': CMAKE_PREFIX_PATH=${CMAKE_PREFIX_PATH}:/home/aashvi/ros2_ws/install/turtle_mover:/home/aashvi/ros2_ws/install/my_robot_controller:/home/aashvi/ros2_ws/install/py_pubsub:/home/aashvi/ros2_ws/install/my_package:/home/aashvi/polygon_ws/install/polygon_pkg:/home/aashvi/service_ws/install/py_srvcli:/opt/ros/humble /usr/bin/cmake --install /home/aashvi/launch_ws/build/learning_tf2_cpp
