[0.064s] DEBUG:colcon:Command line arguments: ['/usr/bin/colcon', 'build', '--packages-select', 'urdf_tutorial']
[0.064s] DEBUG:colcon:Parsed command line arguments: Namespace(log_base=None, log_level=None, verb_name='build', build_base='build', install_base='install', merge_install=False, symlink_install=False, test_result_base=None, continue_on_error=False, executor='parallel', parallel_workers=4, event_handlers=None, ignore_user_meta=False, metas=['./colcon.meta'], base_paths=['.'], packages_ignore=None, packages_ignore_regex=None, paths=None, packages_up_to=None, packages_up_to_regex=None, packages_above=None, packages_above_and_dependencies=None, packages_above_depth=None, packages_select_by_dep=None, packages_skip_by_dep=None, packages_skip_up_to=None, packages_select_build_failed=False, packages_skip_build_finished=False, packages_select_test_failures=False, packages_skip_test_passed=False, packages_select=['urdf_tutorial'], packages_skip=None, packages_select_regex=None, packages_skip_regex=None, packages_start=None, packages_end=None, allow_overriding=[], cmake_args=None, cmake_target=None, cmake_target_skip_unavailable=False, cmake_clean_cache=False, cmake_clean_first=False, cmake_force_configure=False, ament_cmake_args=None, catkin_cmake_args=None, catkin_skip_building_tests=False, verb_parser=<colcon_defaults.argument_parser.defaults.DefaultArgumentsDecorator object at 0xffff7e29a230>, verb_extension=<colcon_core.verb.build.BuildVerb object at 0xffff7e299c60>, main=<bound method BuildVerb.main of <colcon_core.verb.build.BuildVerb object at 0xffff7e299c60>>)
[0.144s] Level 1:colcon.colcon_core.package_discovery:discover_packages(colcon_meta) check parameters
[0.144s] Level 1:colcon.colcon_core.package_discovery:discover_packages(recursive) check parameters
[0.144s] Level 1:colcon.colcon_core.package_discovery:discover_packages(ignore) check parameters
[0.144s] Level 1:colcon.colcon_core.package_discovery:discover_packages(path) check parameters
[0.144s] Level 1:colcon.colcon_core.package_discovery:discover_packages(colcon_meta) discover
[0.144s] Level 1:colcon.colcon_core.package_discovery:discover_packages(recursive) discover
[0.144s] INFO:colcon.colcon_core.package_discovery:Crawling recursively for packages in '/home/aashvi/launch_ws'
[0.144s] Level 1:colcon.colcon_core.package_identification:_identify(.) by extensions ['ignore', 'ignore_ament_install']
[0.144s] Level 1:colcon.colcon_core.package_identification:_identify(.) by extension 'ignore'
[0.144s] Level 1:colcon.colcon_core.package_identification:_identify(.) by extension 'ignore_ament_install'
[0.144s] Level 1:colcon.colcon_core.package_identification:_identify(.) by extensions ['colcon_pkg']
[0.144s] Level 1:colcon.colcon_core.package_identification:_identify(.) by extension 'colcon_pkg'
[0.144s] Level 1:colcon.colcon_core.package_identification:_identify(.) by extensions ['colcon_meta']
[0.144s] Level 1:colcon.colcon_core.package_identification:_identify(.) by extension 'colcon_meta'
[0.144s] Level 1:colcon.colcon_core.package_identification:_identify(.) by extensions ['ros']
[0.144s] Level 1:colcon.colcon_core.package_identification:_identify(.) by extension 'ros'
[0.149s] Level 1:colcon.colcon_core.package_identification:_identify(.) by extensions ['cmake', 'python']
[0.150s] Level 1:colcon.colcon_core.package_identification:_identify(.) by extension 'cmake'
[0.150s] Level 1:colcon.colcon_core.package_identification:_identify(.) by extension 'python'
[0.150s] Level 1:colcon.colcon_core.package_identification:_identify(.) by extensions ['python_setup_py']
[0.150s] Level 1:colcon.colcon_core.package_identification:_identify(.) by extension 'python_setup_py'
[0.150s] Level 1:colcon.colcon_core.package_identification:_identify(build) by extensions ['ignore', 'ignore_ament_install']
[0.150s] Level 1:colcon.colcon_core.package_identification:_identify(build) by extension 'ignore'
[0.150s] Level 1:colcon.colcon_core.package_identification:_identify(build) ignored
[0.150s] Level 1:colcon.colcon_core.package_identification:_identify(install) by extensions ['ignore', 'ignore_ament_install']
[0.150s] Level 1:colcon.colcon_core.package_identification:_identify(install) by extension 'ignore'
[0.150s] Level 1:colcon.colcon_core.package_identification:_identify(install) ignored
[0.150s] Level 1:colcon.colcon_core.package_identification:_identify(log) by extensions ['ignore', 'ignore_ament_install']
[0.150s] Level 1:colcon.colcon_core.package_identification:_identify(log) by extension 'ignore'
[0.150s] Level 1:colcon.colcon_core.package_identification:_identify(log) ignored
[0.150s] Level 1:colcon.colcon_core.package_identification:_identify(src) by extensions ['ignore', 'ignore_ament_install']
[0.150s] Level 1:colcon.colcon_core.package_identification:_identify(src) by extension 'ignore'
[0.150s] Level 1:colcon.colcon_core.package_identification:_identify(src) by extension 'ignore_ament_install'
[0.150s] Level 1:colcon.colcon_core.package_identification:_identify(src) by extensions ['colcon_pkg']
[0.150s] Level 1:colcon.colcon_core.package_identification:_identify(src) by extension 'colcon_pkg'
[0.150s] Level 1:colcon.colcon_core.package_identification:_identify(src) by extensions ['colcon_meta']
[0.150s] Level 1:colcon.colcon_core.package_identification:_identify(src) by extension 'colcon_meta'
[0.150s] Level 1:colcon.colcon_core.package_identification:_identify(src) by extensions ['ros']
[0.150s] Level 1:colcon.colcon_core.package_identification:_identify(src) by extension 'ros'
[0.150s] Level 1:colcon.colcon_core.package_identification:_identify(src) by extensions ['cmake', 'python']
[0.150s] Level 1:colcon.colcon_core.package_identification:_identify(src) by extension 'cmake'
[0.150s] Level 1:colcon.colcon_core.package_identification:_identify(src) by extension 'python'
[0.150s] Level 1:colcon.colcon_core.package_identification:_identify(src) by extensions ['python_setup_py']
[0.150s] Level 1:colcon.colcon_core.package_identification:_identify(src) by extension 'python_setup_py'
[0.150s] Level 1:colcon.colcon_core.package_identification:_identify(src/launch_tutorial) by extensions ['ignore', 'ignore_ament_install']
[0.150s] Level 1:colcon.colcon_core.package_identification:_identify(src/launch_tutorial) by extension 'ignore'
[0.150s] Level 1:colcon.colcon_core.package_identification:_identify(src/launch_tutorial) by extension 'ignore_ament_install'
[0.150s] Level 1:colcon.colcon_core.package_identification:_identify(src/launch_tutorial) by extensions ['colcon_pkg']
[0.150s] Level 1:colcon.colcon_core.package_identification:_identify(src/launch_tutorial) by extension 'colcon_pkg'
[0.150s] Level 1:colcon.colcon_core.package_identification:_identify(src/launch_tutorial) by extensions ['colcon_meta']
[0.150s] Level 1:colcon.colcon_core.package_identification:_identify(src/launch_tutorial) by extension 'colcon_meta'
[0.150s] Level 1:colcon.colcon_core.package_identification:_identify(src/launch_tutorial) by extensions ['ros']
[0.150s] Level 1:colcon.colcon_core.package_identification:_identify(src/launch_tutorial) by extension 'ros'
[0.151s] DEBUG:colcon.colcon_core.package_identification:Package 'src/launch_tutorial' with type 'ros.ament_python' and name 'launch_tutorial'
[0.152s] Level 1:colcon.colcon_core.package_identification:_identify(src/learning_tf2_cpp) by extensions ['ignore', 'ignore_ament_install']
[0.152s] Level 1:colcon.colcon_core.package_identification:_identify(src/learning_tf2_cpp) by extension 'ignore'
[0.152s] Level 1:colcon.colcon_core.package_identification:_identify(src/learning_tf2_cpp) by extension 'ignore_ament_install'
[0.152s] Level 1:colcon.colcon_core.package_identification:_identify(src/learning_tf2_cpp) by extensions ['colcon_pkg']
[0.152s] Level 1:colcon.colcon_core.package_identification:_identify(src/learning_tf2_cpp) by extension 'colcon_pkg'
[0.152s] Level 1:colcon.colcon_core.package_identification:_identify(src/learning_tf2_cpp) by extensions ['colcon_meta']
[0.152s] Level 1:colcon.colcon_core.package_identification:_identify(src/learning_tf2_cpp) by extension 'colcon_meta'
[0.152s] Level 1:colcon.colcon_core.package_identification:_identify(src/learning_tf2_cpp) by extensions ['ros']
[0.152s] Level 1:colcon.colcon_core.package_identification:_identify(src/learning_tf2_cpp) by extension 'ros'
[0.152s] DEBUG:colcon.colcon_core.package_identification:Package 'src/learning_tf2_cpp' with type 'ros.ament_cmake' and name 'learning_tf2_cpp'
[0.152s] Level 1:colcon.colcon_core.package_identification:_identify(src/learning_tf2_py) by extensions ['ignore', 'ignore_ament_install']
[0.152s] Level 1:colcon.colcon_core.package_identification:_identify(src/learning_tf2_py) by extension 'ignore'
[0.152s] Level 1:colcon.colcon_core.package_identification:_identify(src/learning_tf2_py) by extension 'ignore_ament_install'
[0.152s] Level 1:colcon.colcon_core.package_identification:_identify(src/learning_tf2_py) by extensions ['colcon_pkg']
[0.152s] Level 1:colcon.colcon_core.package_identification:_identify(src/learning_tf2_py) by extension 'colcon_pkg'
[0.152s] Level 1:colcon.colcon_core.package_identification:_identify(src/learning_tf2_py) by extensions ['colcon_meta']
[0.152s] Level 1:colcon.colcon_core.package_identification:_identify(src/learning_tf2_py) by extension 'colcon_meta'
[0.152s] Level 1:colcon.colcon_core.package_identification:_identify(src/learning_tf2_py) by extensions ['ros']
[0.152s] Level 1:colcon.colcon_core.package_identification:_identify(src/learning_tf2_py) by extension 'ros'
[0.153s] DEBUG:colcon.colcon_core.package_identification:Package 'src/learning_tf2_py' with type 'ros.ament_python' and name 'learning_tf2_py'
[0.153s] Level 1:colcon.colcon_core.package_identification:_identify(src/py_launch_example) by extensions ['ignore', 'ignore_ament_install']
[0.153s] Level 1:colcon.colcon_core.package_identification:_identify(src/py_launch_example) by extension 'ignore'
[0.153s] Level 1:colcon.colcon_core.package_identification:_identify(src/py_launch_example) by extension 'ignore_ament_install'
[0.153s] Level 1:colcon.colcon_core.package_identification:_identify(src/py_launch_example) by extensions ['colcon_pkg']
[0.153s] Level 1:colcon.colcon_core.package_identification:_identify(src/py_launch_example) by extension 'colcon_pkg'
[0.153s] Level 1:colcon.colcon_core.package_identification:_identify(src/py_launch_example) by extensions ['colcon_meta']
[0.153s] Level 1:colcon.colcon_core.package_identification:_identify(src/py_launch_example) by extension 'colcon_meta'
[0.153s] Level 1:colcon.colcon_core.package_identification:_identify(src/py_launch_example) by extensions ['ros']
[0.153s] Level 1:colcon.colcon_core.package_identification:_identify(src/py_launch_example) by extension 'ros'
[0.153s] DEBUG:colcon.colcon_core.package_identification:Package 'src/py_launch_example' with type 'ros.ament_python' and name 'py_launch_example'
[0.153s] Level 1:colcon.colcon_core.package_identification:_identify(src/urdf_launch) by extensions ['ignore', 'ignore_ament_install']
[0.153s] Level 1:colcon.colcon_core.package_identification:_identify(src/urdf_launch) by extension 'ignore'
[0.153s] Level 1:colcon.colcon_core.package_identification:_identify(src/urdf_launch) by extension 'ignore_ament_install'
[0.153s] Level 1:colcon.colcon_core.package_identification:_identify(src/urdf_launch) by extensions ['colcon_pkg']
[0.153s] Level 1:colcon.colcon_core.package_identification:_identify(src/urdf_launch) by extension 'colcon_pkg'
[0.153s] Level 1:colcon.colcon_core.package_identification:_identify(src/urdf_launch) by extensions ['colcon_meta']
[0.153s] Level 1:colcon.colcon_core.package_identification:_identify(src/urdf_launch) by extension 'colcon_meta'
[0.153s] Level 1:colcon.colcon_core.package_identification:_identify(src/urdf_launch) by extensions ['ros']
[0.153s] Level 1:colcon.colcon_core.package_identification:_identify(src/urdf_launch) by extension 'ros'
[0.154s] DEBUG:colcon.colcon_core.package_identification:Package 'src/urdf_launch' with type 'ros.ament_cmake' and name 'urdf_launch'
[0.154s] Level 1:colcon.colcon_core.package_identification:_identify(src/urdf_tutorial) by extensions ['ignore', 'ignore_ament_install']
[0.154s] Level 1:colcon.colcon_core.package_identification:_identify(src/urdf_tutorial) by extension 'ignore'
[0.154s] Level 1:colcon.colcon_core.package_identification:_identify(src/urdf_tutorial) by extension 'ignore_ament_install'
[0.154s] Level 1:colcon.colcon_core.package_identification:_identify(src/urdf_tutorial) by extensions ['colcon_pkg']
[0.154s] Level 1:colcon.colcon_core.package_identification:_identify(src/urdf_tutorial) by extension 'colcon_pkg'
[0.154s] Level 1:colcon.colcon_core.package_identification:_identify(src/urdf_tutorial) by extensions ['colcon_meta']
[0.154s] Level 1:colcon.colcon_core.package_identification:_identify(src/urdf_tutorial) by extension 'colcon_meta'
[0.154s] Level 1:colcon.colcon_core.package_identification:_identify(src/urdf_tutorial) by extensions ['ros']
[0.154s] Level 1:colcon.colcon_core.package_identification:_identify(src/urdf_tutorial) by extension 'ros'
[0.154s] DEBUG:colcon.colcon_core.package_identification:Package 'src/urdf_tutorial' with type 'ros.ament_cmake' and name 'urdf_tutorial'
[0.154s] Level 1:colcon.colcon_core.package_discovery:discover_packages(recursive) using defaults
[0.154s] Level 1:colcon.colcon_core.package_discovery:discover_packages(ignore) discover
[0.154s] Level 1:colcon.colcon_core.package_discovery:discover_packages(ignore) using defaults
[0.154s] Level 1:colcon.colcon_core.package_discovery:discover_packages(path) discover
[0.154s] Level 1:colcon.colcon_core.package_discovery:discover_packages(path) using defaults
[0.169s] INFO:colcon.colcon_core.package_selection:Skipping not selected package 'launch_tutorial' in 'src/launch_tutorial'
[0.169s] INFO:colcon.colcon_core.package_selection:Skipping not selected package 'learning_tf2_cpp' in 'src/learning_tf2_cpp'
[0.169s] INFO:colcon.colcon_core.package_selection:Skipping not selected package 'learning_tf2_py' in 'src/learning_tf2_py'
[0.169s] INFO:colcon.colcon_core.package_selection:Skipping not selected package 'py_launch_example' in 'src/py_launch_example'
[0.169s] INFO:colcon.colcon_core.package_selection:Skipping not selected package 'urdf_launch' in 'src/urdf_launch'
[0.169s] Level 1:colcon.colcon_core.package_discovery:discover_packages(prefix_path) check parameters
[0.169s] Level 1:colcon.colcon_core.package_discovery:discover_packages(prefix_path) discover
[0.170s] DEBUG:colcon.colcon_installed_package_information.package_discovery:Found 4 installed packages in /home/aashvi/polygon_ws/install
[0.171s] DEBUG:colcon.colcon_installed_package_information.package_discovery:Found 10 installed packages in /home/aashvi/ros2_ws/install
[0.171s] DEBUG:colcon.colcon_installed_package_information.package_discovery:Found 1 installed packages in /home/aashvi/install
[0.171s] DEBUG:colcon.colcon_installed_package_information.package_discovery:Found 3 installed packages in /home/aashvi/service_ws/install
[0.172s] DEBUG:colcon.colcon_installed_package_information.package_discovery:Found 296 installed packages in /opt/ros/humble
[0.172s] Level 1:colcon.colcon_core.package_discovery:discover_packages(prefix_path) using defaults
[0.194s] Level 5:colcon.colcon_core.verb:set package 'urdf_tutorial' build argument 'cmake_args' from command line to 'None'
[0.194s] Level 5:colcon.colcon_core.verb:set package 'urdf_tutorial' build argument 'cmake_target' from command line to 'None'
[0.194s] Level 5:colcon.colcon_core.verb:set package 'urdf_tutorial' build argument 'cmake_target_skip_unavailable' from command line to 'False'
[0.194s] Level 5:colcon.colcon_core.verb:set package 'urdf_tutorial' build argument 'cmake_clean_cache' from command line to 'False'
[0.194s] Level 5:colcon.colcon_core.verb:set package 'urdf_tutorial' build argument 'cmake_clean_first' from command line to 'False'
[0.194s] Level 5:colcon.colcon_core.verb:set package 'urdf_tutorial' build argument 'cmake_force_configure' from command line to 'False'
[0.194s] Level 5:colcon.colcon_core.verb:set package 'urdf_tutorial' build argument 'ament_cmake_args' from command line to 'None'
[0.194s] Level 5:colcon.colcon_core.verb:set package 'urdf_tutorial' build argument 'catkin_cmake_args' from command line to 'None'
[0.194s] Level 5:colcon.colcon_core.verb:set package 'urdf_tutorial' build argument 'catkin_skip_building_tests' from command line to 'False'
[0.194s] DEBUG:colcon.colcon_core.verb:Building package 'urdf_tutorial' with the following arguments: {'ament_cmake_args': None, 'build_base': '/home/aashvi/launch_ws/build/urdf_tutorial', 'catkin_cmake_args': None, 'catkin_skip_building_tests': False, 'cmake_args': None, 'cmake_clean_cache': False, 'cmake_clean_first': False, 'cmake_force_configure': False, 'cmake_target': None, 'cmake_target_skip_unavailable': False, 'install_base': '/home/aashvi/launch_ws/install/urdf_tutorial', 'merge_install': False, 'path': '/home/aashvi/launch_ws/src/urdf_tutorial', 'symlink_install': False, 'test_result_base': None}
[0.194s] INFO:colcon.colcon_core.executor:Executing jobs using 'parallel' executor
[0.194s] DEBUG:colcon.colcon_parallel_executor.executor.parallel:run_until_complete
[0.194s] INFO:colcon.colcon_ros.task.ament_cmake.build:Building ROS package in '/home/aashvi/launch_ws/src/urdf_tutorial' with build type 'ament_cmake'
[0.194s] INFO:colcon.colcon_cmake.task.cmake.build:Building CMake package in '/home/aashvi/launch_ws/src/urdf_tutorial'
[0.196s] INFO:colcon.colcon_core.plugin_system:Skipping extension 'colcon_core.shell.bat': Not used on non-Windows systems
[0.196s] INFO:colcon.colcon_core.shell:Skip shell extension 'powershell' for command environment: Not usable outside of PowerShell
[0.196s] DEBUG:colcon.colcon_core.shell:Skip shell extension 'dsv' for command environment
[0.204s] DEBUG:colcon.colcon_core.event_handler.log_command:Invoking command in '/home/aashvi/launch_ws/build/urdf_tutorial': AMENT_PREFIX_PATH=/home/aashvi/launch_ws/install/urdf_launch:${AMENT_PREFIX_PATH} CMAKE_PREFIX_PATH=/home/aashvi/launch_ws/install/urdf_launch:/home/aashvi/ros2_ws/install/turtle_controller:/home/aashvi/ros2_ws/install/draw_d_cpp:/home/aashvi/ros2_ws/install/draw_circle_cpp:/home/aashvi/ros2_ws/install/turtlesim:/home/aashvi/ros2_ws/install/chat_pkg:/home/aashvi/install/draw_circle_cpp:/home/aashvi/polygon_ws/install/polygon_pkg_cpp:/home/aashvi/polygon_ws/install/tutorial_interfaces:/home/aashvi/polygon_ws/install/turtlesim:/home/aashvi/service_ws/install/turtlesim:/home/aashvi/service_ws/install/cpp_srvcli:/home/aashvi/ros2_ws/install/turtle_mover:/home/aashvi/ros2_ws/install/my_robot_controller:/home/aashvi/ros2_ws/install/py_pubsub:/home/aashvi/ros2_ws/install/my_package:/home/aashvi/polygon_ws/install/polygon_pkg:/home/aashvi/service_ws/install/py_srvcli:/opt/ros/humble /usr/bin/cmake /home/aashvi/launch_ws/src/urdf_tutorial -DCMAKE_INSTALL_PREFIX=/home/aashvi/launch_ws/install/urdf_tutorial
[0.335s] DEBUG:colcon.colcon_core.event_handler.log_command:Invoked command in '/home/aashvi/launch_ws/build/urdf_tutorial' returned '0': AMENT_PREFIX_PATH=/home/aashvi/launch_ws/install/urdf_launch:${AMENT_PREFIX_PATH} CMAKE_PREFIX_PATH=/home/aashvi/launch_ws/install/urdf_launch:/home/aashvi/ros2_ws/install/turtle_controller:/home/aashvi/ros2_ws/install/draw_d_cpp:/home/aashvi/ros2_ws/install/draw_circle_cpp:/home/aashvi/ros2_ws/install/turtlesim:/home/aashvi/ros2_ws/install/chat_pkg:/home/aashvi/install/draw_circle_cpp:/home/aashvi/polygon_ws/install/polygon_pkg_cpp:/home/aashvi/polygon_ws/install/tutorial_interfaces:/home/aashvi/polygon_ws/install/turtlesim:/home/aashvi/service_ws/install/turtlesim:/home/aashvi/service_ws/install/cpp_srvcli:/home/aashvi/ros2_ws/install/turtle_mover:/home/aashvi/ros2_ws/install/my_robot_controller:/home/aashvi/ros2_ws/install/py_pubsub:/home/aashvi/ros2_ws/install/my_package:/home/aashvi/polygon_ws/install/polygon_pkg:/home/aashvi/service_ws/install/py_srvcli:/opt/ros/humble /usr/bin/cmake /home/aashvi/launch_ws/src/urdf_tutorial -DCMAKE_INSTALL_PREFIX=/home/aashvi/launch_ws/install/urdf_tutorial
[0.337s] DEBUG:colcon.colcon_core.event_handler.log_command:Invoking command in '/home/aashvi/launch_ws/build/urdf_tutorial': AMENT_PREFIX_PATH=/home/aashvi/launch_ws/install/urdf_launch:${AMENT_PREFIX_PATH} CMAKE_PREFIX_PATH=/home/aashvi/launch_ws/install/urdf_launch:/home/aashvi/ros2_ws/install/turtle_controller:/home/aashvi/ros2_ws/install/draw_d_cpp:/home/aashvi/ros2_ws/install/draw_circle_cpp:/home/aashvi/ros2_ws/install/turtlesim:/home/aashvi/ros2_ws/install/chat_pkg:/home/aashvi/install/draw_circle_cpp:/home/aashvi/polygon_ws/install/polygon_pkg_cpp:/home/aashvi/polygon_ws/install/tutorial_interfaces:/home/aashvi/polygon_ws/install/turtlesim:/home/aashvi/service_ws/install/turtlesim:/home/aashvi/service_ws/install/cpp_srvcli:/home/aashvi/ros2_ws/install/turtle_mover:/home/aashvi/ros2_ws/install/my_robot_controller:/home/aashvi/ros2_ws/install/py_pubsub:/home/aashvi/ros2_ws/install/my_package:/home/aashvi/polygon_ws/install/polygon_pkg:/home/aashvi/service_ws/install/py_srvcli:/opt/ros/humble /usr/bin/cmake --build /home/aashvi/launch_ws/build/urdf_tutorial -- -j4 -l4
[0.352s] DEBUG:colcon.colcon_core.event_handler.log_command:Invoked command in '/home/aashvi/launch_ws/build/urdf_tutorial' returned '0': AMENT_PREFIX_PATH=/home/aashvi/launch_ws/install/urdf_launch:${AMENT_PREFIX_PATH} CMAKE_PREFIX_PATH=/home/aashvi/launch_ws/install/urdf_launch:/home/aashvi/ros2_ws/install/turtle_controller:/home/aashvi/ros2_ws/install/draw_d_cpp:/home/aashvi/ros2_ws/install/draw_circle_cpp:/home/aashvi/ros2_ws/install/turtlesim:/home/aashvi/ros2_ws/install/chat_pkg:/home/aashvi/install/draw_circle_cpp:/home/aashvi/polygon_ws/install/polygon_pkg_cpp:/home/aashvi/polygon_ws/install/tutorial_interfaces:/home/aashvi/polygon_ws/install/turtlesim:/home/aashvi/service_ws/install/turtlesim:/home/aashvi/service_ws/install/cpp_srvcli:/home/aashvi/ros2_ws/install/turtle_mover:/home/aashvi/ros2_ws/install/my_robot_controller:/home/aashvi/ros2_ws/install/py_pubsub:/home/aashvi/ros2_ws/install/my_package:/home/aashvi/polygon_ws/install/polygon_pkg:/home/aashvi/service_ws/install/py_srvcli:/opt/ros/humble /usr/bin/cmake --build /home/aashvi/launch_ws/build/urdf_tutorial -- -j4 -l4
[0.356s] DEBUG:colcon.colcon_core.event_handler.log_command:Invoking command in '/home/aashvi/launch_ws/build/urdf_tutorial': AMENT_PREFIX_PATH=/home/aashvi/launch_ws/install/urdf_launch:${AMENT_PREFIX_PATH} CMAKE_PREFIX_PATH=/home/aashvi/launch_ws/install/urdf_launch:/home/aashvi/ros2_ws/install/turtle_controller:/home/aashvi/ros2_ws/install/draw_d_cpp:/home/aashvi/ros2_ws/install/draw_circle_cpp:/home/aashvi/ros2_ws/install/turtlesim:/home/aashvi/ros2_ws/install/chat_pkg:/home/aashvi/install/draw_circle_cpp:/home/aashvi/polygon_ws/install/polygon_pkg_cpp:/home/aashvi/polygon_ws/install/tutorial_interfaces:/home/aashvi/polygon_ws/install/turtlesim:/home/aashvi/service_ws/install/turtlesim:/home/aashvi/service_ws/install/cpp_srvcli:/home/aashvi/ros2_ws/install/turtle_mover:/home/aashvi/ros2_ws/install/my_robot_controller:/home/aashvi/ros2_ws/install/py_pubsub:/home/aashvi/ros2_ws/install/my_package:/home/aashvi/polygon_ws/install/polygon_pkg:/home/aashvi/service_ws/install/py_srvcli:/opt/ros/humble /usr/bin/cmake --install /home/aashvi/launch_ws/build/urdf_tutorial
[0.465s] Level 1:colcon.colcon_core.environment:create_environment_scripts_only(urdf_tutorial)
[0.466s] DEBUG:colcon.colcon_core.event_handler.log_command:Invoked command in '/home/aashvi/launch_ws/build/urdf_tutorial' returned '0': AMENT_PREFIX_PATH=/home/aashvi/launch_ws/install/urdf_launch:${AMENT_PREFIX_PATH} CMAKE_PREFIX_PATH=/home/aashvi/launch_ws/install/urdf_launch:/home/aashvi/ros2_ws/install/turtle_controller:/home/aashvi/ros2_ws/install/draw_d_cpp:/home/aashvi/ros2_ws/install/draw_circle_cpp:/home/aashvi/ros2_ws/install/turtlesim:/home/aashvi/ros2_ws/install/chat_pkg:/home/aashvi/install/draw_circle_cpp:/home/aashvi/polygon_ws/install/polygon_pkg_cpp:/home/aashvi/polygon_ws/install/tutorial_interfaces:/home/aashvi/polygon_ws/install/turtlesim:/home/aashvi/service_ws/install/turtlesim:/home/aashvi/service_ws/install/cpp_srvcli:/home/aashvi/ros2_ws/install/turtle_mover:/home/aashvi/ros2_ws/install/my_robot_controller:/home/aashvi/ros2_ws/install/py_pubsub:/home/aashvi/ros2_ws/install/my_package:/home/aashvi/polygon_ws/install/polygon_pkg:/home/aashvi/service_ws/install/py_srvcli:/opt/ros/humble /usr/bin/cmake --install /home/aashvi/launch_ws/build/urdf_tutorial
[0.467s] Level 1:colcon.colcon_core.environment:checking '/home/aashvi/launch_ws/install/urdf_tutorial' for CMake module files
[0.467s] Level 1:colcon.colcon_core.environment:checking '/home/aashvi/launch_ws/install/urdf_tutorial' for CMake config files
[0.467s] Level 1:colcon.colcon_core.shell:create_environment_hook('urdf_tutorial', 'cmake_prefix_path')
[0.467s] INFO:colcon.colcon_core.shell:Creating environment hook '/home/aashvi/launch_ws/install/urdf_tutorial/share/urdf_tutorial/hook/cmake_prefix_path.ps1'
[0.469s] INFO:colcon.colcon_core.shell:Creating environment descriptor '/home/aashvi/launch_ws/install/urdf_tutorial/share/urdf_tutorial/hook/cmake_prefix_path.dsv'
[0.469s] INFO:colcon.colcon_core.shell:Creating environment hook '/home/aashvi/launch_ws/install/urdf_tutorial/share/urdf_tutorial/hook/cmake_prefix_path.sh'
[0.470s] Level 1:colcon.colcon_core.environment:checking '/home/aashvi/launch_ws/install/urdf_tutorial/bin'
[0.470s] Level 1:colcon.colcon_core.environment:checking '/home/aashvi/launch_ws/install/urdf_tutorial/lib/pkgconfig/urdf_tutorial.pc'
[0.470s] Level 1:colcon.colcon_core.environment:checking '/home/aashvi/launch_ws/install/urdf_tutorial/lib/python3.10/site-packages'
[0.470s] Level 1:colcon.colcon_core.environment:checking '/home/aashvi/launch_ws/install/urdf_tutorial/bin'
[0.470s] INFO:colcon.colcon_core.shell:Creating package script '/home/aashvi/launch_ws/install/urdf_tutorial/share/urdf_tutorial/package.ps1'
[0.470s] INFO:colcon.colcon_core.shell:Creating package descriptor '/home/aashvi/launch_ws/install/urdf_tutorial/share/urdf_tutorial/package.dsv'
[0.470s] INFO:colcon.colcon_core.shell:Creating package script '/home/aashvi/launch_ws/install/urdf_tutorial/share/urdf_tutorial/package.sh'
[0.471s] INFO:colcon.colcon_core.shell:Creating package script '/home/aashvi/launch_ws/install/urdf_tutorial/share/urdf_tutorial/package.bash'
[0.471s] INFO:colcon.colcon_core.shell:Creating package script '/home/aashvi/launch_ws/install/urdf_tutorial/share/urdf_tutorial/package.zsh'
[0.471s] Level 1:colcon.colcon_core.environment:create_file_with_runtime_dependencies(/home/aashvi/launch_ws/install/urdf_tutorial/share/colcon-core/packages/urdf_tutorial)
[0.472s] Level 1:colcon.colcon_core.environment:create_environment_scripts_only(urdf_tutorial)
[0.472s] Level 1:colcon.colcon_core.environment:checking '/home/aashvi/launch_ws/install/urdf_tutorial' for CMake module files
[0.472s] Level 1:colcon.colcon_core.environment:checking '/home/aashvi/launch_ws/install/urdf_tutorial' for CMake config files
[0.472s] Level 1:colcon.colcon_core.shell:create_environment_hook('urdf_tutorial', 'cmake_prefix_path')
[0.472s] INFO:colcon.colcon_core.shell:Creating environment hook '/home/aashvi/launch_ws/install/urdf_tutorial/share/urdf_tutorial/hook/cmake_prefix_path.ps1'
[0.472s] INFO:colcon.colcon_core.shell:Creating environment descriptor '/home/aashvi/launch_ws/install/urdf_tutorial/share/urdf_tutorial/hook/cmake_prefix_path.dsv'
[0.472s] INFO:colcon.colcon_core.shell:Creating environment hook '/home/aashvi/launch_ws/install/urdf_tutorial/share/urdf_tutorial/hook/cmake_prefix_path.sh'
[0.473s] Level 1:colcon.colcon_core.environment:checking '/home/aashvi/launch_ws/install/urdf_tutorial/bin'
[0.473s] Level 1:colcon.colcon_core.environment:checking '/home/aashvi/launch_ws/install/urdf_tutorial/lib/pkgconfig/urdf_tutorial.pc'
[0.473s] Level 1:colcon.colcon_core.environment:checking '/home/aashvi/launch_ws/install/urdf_tutorial/lib/python3.10/site-packages'
[0.473s] Level 1:colcon.colcon_core.environment:checking '/home/aashvi/launch_ws/install/urdf_tutorial/bin'
[0.473s] INFO:colcon.colcon_core.shell:Creating package script '/home/aashvi/launch_ws/install/urdf_tutorial/share/urdf_tutorial/package.ps1'
[0.473s] INFO:colcon.colcon_core.shell:Creating package descriptor '/home/aashvi/launch_ws/install/urdf_tutorial/share/urdf_tutorial/package.dsv'
[0.473s] INFO:colcon.colcon_core.shell:Creating package script '/home/aashvi/launch_ws/install/urdf_tutorial/share/urdf_tutorial/package.sh'
[0.474s] INFO:colcon.colcon_core.shell:Creating package script '/home/aashvi/launch_ws/install/urdf_tutorial/share/urdf_tutorial/package.bash'
[0.474s] INFO:colcon.colcon_core.shell:Creating package script '/home/aashvi/launch_ws/install/urdf_tutorial/share/urdf_tutorial/package.zsh'
[0.474s] Level 1:colcon.colcon_core.environment:create_file_with_runtime_dependencies(/home/aashvi/launch_ws/install/urdf_tutorial/share/colcon-core/packages/urdf_tutorial)
[0.474s] DEBUG:colcon.colcon_parallel_executor.executor.parallel:closing loop
[0.474s] DEBUG:colcon.colcon_parallel_executor.executor.parallel:loop closed
[0.474s] DEBUG:colcon.colcon_parallel_executor.executor.parallel:run_until_complete finished with '0'
[0.474s] DEBUG:colcon.colcon_core.event_reactor:joining thread
[0.478s] INFO:colcon.colcon_core.plugin_system:Skipping extension 'colcon_notification.desktop_notification.terminal_notifier': Not used on non-Darwin systems
[0.478s] INFO:colcon.colcon_core.plugin_system:Skipping extension 'colcon_notification.desktop_notification.win32': Not used on non-Windows systems
[0.478s] INFO:colcon.colcon_notification.desktop_notification:Sending desktop notification using 'notify2'
[0.499s] DEBUG:colcon.colcon_core.event_reactor:joined thread
[0.499s] INFO:colcon.colcon_core.shell:Creating prefix script '/home/aashvi/launch_ws/install/local_setup.ps1'
[0.500s] INFO:colcon.colcon_core.shell:Creating prefix util module '/home/aashvi/launch_ws/install/_local_setup_util_ps1.py'
[0.501s] INFO:colcon.colcon_core.shell:Creating prefix chain script '/home/aashvi/launch_ws/install/setup.ps1'
[0.501s] INFO:colcon.colcon_core.shell:Creating prefix script '/home/aashvi/launch_ws/install/local_setup.sh'
[0.502s] INFO:colcon.colcon_core.shell:Creating prefix util module '/home/aashvi/launch_ws/install/_local_setup_util_sh.py'
[0.502s] INFO:colcon.colcon_core.shell:Creating prefix chain script '/home/aashvi/launch_ws/install/setup.sh'
[0.503s] INFO:colcon.colcon_core.shell:Creating prefix script '/home/aashvi/launch_ws/install/local_setup.bash'
[0.503s] INFO:colcon.colcon_core.shell:Creating prefix chain script '/home/aashvi/launch_ws/install/setup.bash'
[0.504s] INFO:colcon.colcon_core.shell:Creating prefix script '/home/aashvi/launch_ws/install/local_setup.zsh'
[0.504s] INFO:colcon.colcon_core.shell:Creating prefix chain script '/home/aashvi/launch_ws/install/setup.zsh'
