[0.007s] Invoking command in '/home/aashvi/service_ws/build/turtlesim': CMAKE_PREFIX_PATH=${CMAKE_PREFIX_PATH}:/home/aashvi/ros2_ws/install/turtle_mover:/home/aashvi/ros2_ws/install/my_robot_controller:/home/aashvi/ros2_ws/install/py_pubsub:/home/aashvi/ros2_ws/install/my_package:/opt/ros/humble /usr/bin/cmake /home/aashvi/service_ws/src/ros_tutorials/turtlesim -DCMAKE_INSTALL_PREFIX=/home/aashvi/service_ws/install/turtlesim
[0.106s] -- The C compiler identification is GNU 11.4.0
[0.190s] -- The CXX compiler identification is GNU 11.4.0
[0.197s] -- Detecting C compiler ABI info
[0.232s] -- Detecting C compiler ABI info - done
[0.248s] -- Check for working C compiler: /usr/bin/cc - skipped
[0.248s] -- Detecting C compile features
[0.248s] -- Detecting C compile features - done
[0.250s] -- Detecting CXX compiler ABI info
[0.292s] -- Detecting CXX compiler ABI info - done
[0.296s] -- Check for working CXX compiler: /usr/bin/c++ - skipped
[0.296s] -- Detecting CXX compile features
[0.296s] -- Detecting CXX compile features - done
[0.303s] -- Found ament_cmake: 1.3.11 (/opt/ros/humble/share/ament_cmake/cmake)
[0.395s] -- Found Python3: /usr/bin/python3 (found version "3.10.12") found components: Interpreter 
[0.471s] -- Found ament_index_cpp: 1.4.0 (/opt/ros/humble/share/ament_index_cpp/cmake)
[0.473s] -- Found geometry_msgs: 4.2.4 (/opt/ros/humble/share/geometry_msgs/cmake)
[0.507s] -- Found rosidl_generator_c: 3.1.6 (/opt/ros/humble/share/rosidl_generator_c/cmake)
[0.512s] -- Found rosidl_adapter: 3.1.6 (/opt/ros/humble/share/rosidl_adapter/cmake)
[0.520s] -- Found rosidl_generator_cpp: 3.1.6 (/opt/ros/humble/share/rosidl_generator_cpp/cmake)
[0.531s] -- Using all available rosidl_typesupport_c: rosidl_typesupport_fastrtps_c;rosidl_typesupport_introspection_c
[0.557s] -- Using all available rosidl_typesupport_cpp: rosidl_typesupport_fastrtps_cpp;rosidl_typesupport_introspection_cpp
[0.605s] -- Found rclcpp: 16.0.11 (/opt/ros/humble/share/rclcpp/cmake)
[0.659s] -- Found rmw_implementation_cmake: 6.1.2 (/opt/ros/humble/share/rmw_implementation_cmake/cmake)
[0.662s] -- Found rmw_fastrtps_cpp: 6.2.7 (/opt/ros/humble/share/rmw_fastrtps_cpp/cmake)
[0.712s] -- Found OpenSSL: /usr/lib/aarch64-linux-gnu/libcrypto.so (found version "3.0.2")  
[0.728s] -- Found FastRTPS: /opt/ros/humble/include  
[0.764s] -- Using RMW implementation 'rmw_fastrtps_cpp' as default
[0.773s] -- Looking for pthread.h
[0.814s] -- Looking for pthread.h - found
[0.814s] -- Performing Test CMAKE_HAVE_LIBC_PTHREAD
[0.860s] -- Performing Test CMAKE_HAVE_LIBC_PTHREAD - Success
[0.861s] -- Found Threads: TRUE  
[0.894s] -- Found rclcpp_action: 16.0.11 (/opt/ros/humble/share/rclcpp_action/cmake)
[0.922s] -- Found rosidl_default_generators: 1.2.0 (/opt/ros/humble/share/rosidl_default_generators/cmake)
[0.931s] -- Found std_srvs: 4.2.4 (/opt/ros/humble/share/std_srvs/cmake)
[1.122s] -- Found ament_cmake_ros: 0.10.0 (/opt/ros/humble/share/ament_cmake_ros/cmake)
[1.308s] -- Using all available rosidl_typesupport_c: rosidl_typesupport_fastrtps_c;rosidl_typesupport_introspection_c
[1.381s] -- Using all available rosidl_typesupport_cpp: rosidl_typesupport_fastrtps_cpp;rosidl_typesupport_introspection_cpp
[1.393s] -- Found PythonInterp: /usr/bin/python3 (found suitable version "3.10.12", minimum required is "3.6") 
[1.395s] -- Found python_cmake_module: 0.10.0 (/opt/ros/humble/share/python_cmake_module/cmake)
[1.410s] -- Found PythonLibs: /usr/lib/aarch64-linux-gnu/libpython3.10.so (found suitable version "3.10.12", minimum required is "3.5") 
[1.410s] -- Using PYTHON_EXECUTABLE: /usr/bin/python3
[1.410s] -- Using PYTHON_INCLUDE_DIRS: /usr/include/python3.10
[1.410s] -- Using PYTHON_LIBRARIES: /usr/lib/aarch64-linux-gnu/libpython3.10.so
[1.420s] -- Found PythonExtra: .so  
[1.465s] -- Configuring done
[1.497s] -- Generating done
[1.507s] -- Build files have been written to: /home/aashvi/service_ws/build/turtlesim
[1.513s] Invoked command in '/home/aashvi/service_ws/build/turtlesim' returned '0': CMAKE_PREFIX_PATH=${CMAKE_PREFIX_PATH}:/home/aashvi/ros2_ws/install/turtle_mover:/home/aashvi/ros2_ws/install/my_robot_controller:/home/aashvi/ros2_ws/install/py_pubsub:/home/aashvi/ros2_ws/install/my_package:/opt/ros/humble /usr/bin/cmake /home/aashvi/service_ws/src/ros_tutorials/turtlesim -DCMAKE_INSTALL_PREFIX=/home/aashvi/service_ws/install/turtlesim
[1.514s] Invoking command in '/home/aashvi/service_ws/build/turtlesim': CMAKE_PREFIX_PATH=${CMAKE_PREFIX_PATH}:/home/aashvi/ros2_ws/install/turtle_mover:/home/aashvi/ros2_ws/install/my_robot_controller:/home/aashvi/ros2_ws/install/py_pubsub:/home/aashvi/ros2_ws/install/my_package:/opt/ros/humble /usr/bin/cmake --build /home/aashvi/service_ws/build/turtlesim -- -j8 -l8
[1.532s] [  1%] [34m[1mGenerating C code for ROS interfaces[0m
[1.536s] [  2%] [34m[1mGenerating C++ code for ROS interfaces[0m
[1.539s] [  2%] Built target ament_cmake_python_copy_turtlesim
[1.685s] running egg_info
[1.686s] creating turtlesim.egg-info
[1.686s] writing turtlesim.egg-info/PKG-INFO
[1.686s] writing dependency_links to turtlesim.egg-info/dependency_links.txt
[1.686s] writing top-level names to turtlesim.egg-info/top_level.txt
[1.686s] writing manifest file 'turtlesim.egg-info/SOURCES.txt'
[1.688s] reading manifest file 'turtlesim.egg-info/SOURCES.txt'
[1.688s] writing manifest file 'turtlesim.egg-info/SOURCES.txt'
[1.702s] [  2%] Built target ament_cmake_python_build_turtlesim_egg
[2.097s] [  3%] [32mBuilding C object CMakeFiles/turtlesim__rosidl_generator_c.dir/rosidl_generator_c/turtlesim/action/detail/rotate_absolute__functions.c.o[0m
[2.100s] [  4%] [32mBuilding C object CMakeFiles/turtlesim__rosidl_generator_c.dir/rosidl_generator_c/turtlesim/msg/detail/color__functions.c.o[0m
[2.101s] [  5%] [32mBuilding C object CMakeFiles/turtlesim__rosidl_generator_c.dir/rosidl_generator_c/turtlesim/msg/detail/pose__functions.c.o[0m
[2.101s] [  6%] [32mBuilding C object CMakeFiles/turtlesim__rosidl_generator_c.dir/rosidl_generator_c/turtlesim/srv/detail/kill__functions.c.o[0m
[2.103s] [  7%] [32mBuilding C object CMakeFiles/turtlesim__rosidl_generator_c.dir/rosidl_generator_c/turtlesim/srv/detail/spawn__functions.c.o[0m
[2.106s] [  8%] [32mBuilding C object CMakeFiles/turtlesim__rosidl_generator_c.dir/rosidl_generator_c/turtlesim/srv/detail/set_pen__functions.c.o[0m
[2.111s] [  9%] [32mBuilding C object CMakeFiles/turtlesim__rosidl_generator_c.dir/rosidl_generator_c/turtlesim/srv/detail/teleport_absolute__functions.c.o[0m
[2.135s] [  9%] Built target turtlesim__cpp
[2.141s] [ 10%] [34m[1mGenerating C++ type support dispatch for ROS interfaces[0m
[2.179s] [ 11%] [34m[1mGenerating C++ type support for eProsima Fast-RTPS[0m
[2.179s] [ 12%] [32mBuilding C object CMakeFiles/turtlesim__rosidl_generator_c.dir/rosidl_generator_c/turtlesim/srv/detail/teleport_relative__functions.c.o[0m
[2.187s] [ 13%] [34m[1mGenerating C++ introspection for ROS interfaces[0m
[2.231s] [ 14%] [32m[1mLinking C shared library libturtlesim__rosidl_generator_c.so[0m
[2.268s] [ 14%] Built target turtlesim__rosidl_generator_c
[2.274s] [ 15%] [34m[1mGenerating C introspection for ROS interfaces[0m
[2.275s] [ 16%] [34m[1mGenerating C type support dispatch for ROS interfaces[0m
[2.276s] [ 17%] [34m[1mGenerating C type support for eProsima Fast-RTPS[0m
[2.586s] [ 18%] [32mBuilding CXX object CMakeFiles/turtlesim__rosidl_typesupport_cpp.dir/rosidl_typesupport_cpp/turtlesim/action/rotate_absolute__type_support.cpp.o[0m
[2.589s] [ 19%] [32mBuilding CXX object CMakeFiles/turtlesim__rosidl_typesupport_cpp.dir/rosidl_typesupport_cpp/turtlesim/msg/pose__type_support.cpp.o[0m
[2.589s] [ 20%] [32mBuilding CXX object CMakeFiles/turtlesim__rosidl_typesupport_cpp.dir/rosidl_typesupport_cpp/turtlesim/msg/color__type_support.cpp.o[0m
[2.688s] [ 21%] [32mBuilding CXX object CMakeFiles/turtlesim__rosidl_typesupport_c.dir/rosidl_typesupport_c/turtlesim/action/rotate_absolute__type_support.cpp.o[0m
[2.747s] [ 22%] [32mBuilding CXX object CMakeFiles/turtlesim__rosidl_typesupport_introspection_cpp.dir/rosidl_typesupport_introspection_cpp/turtlesim/action/detail/rotate_absolute__type_support.cpp.o[0m
[2.779s] [ 23%] [32mBuilding CXX object CMakeFiles/turtlesim__rosidl_typesupport_c.dir/rosidl_typesupport_c/turtlesim/msg/color__type_support.cpp.o[0m
[2.805s] [ 24%] [32mBuilding CXX object CMakeFiles/turtlesim__rosidl_typesupport_c.dir/rosidl_typesupport_c/turtlesim/msg/pose__type_support.cpp.o[0m
[2.831s] [ 25%] [32mBuilding CXX object CMakeFiles/turtlesim__rosidl_typesupport_c.dir/rosidl_typesupport_c/turtlesim/srv/kill__type_support.cpp.o[0m
[2.850s] [ 26%] [32mBuilding CXX object CMakeFiles/turtlesim__rosidl_typesupport_fastrtps_cpp.dir/rosidl_typesupport_fastrtps_cpp/turtlesim/action/detail/dds_fastrtps/rotate_absolute__type_support.cpp.o[0m
[2.874s] [ 27%] [32mBuilding CXX object CMakeFiles/turtlesim__rosidl_typesupport_c.dir/rosidl_typesupport_c/turtlesim/srv/set_pen__type_support.cpp.o[0m
[2.903s] [ 28%] [32mBuilding CXX object CMakeFiles/turtlesim__rosidl_typesupport_c.dir/rosidl_typesupport_c/turtlesim/srv/spawn__type_support.cpp.o[0m
[2.909s] [ 29%] [32mBuilding C object CMakeFiles/turtlesim__rosidl_typesupport_introspection_c.dir/rosidl_typesupport_introspection_c/turtlesim/action/detail/rotate_absolute__type_support.c.o[0m
[2.934s] [ 30%] [32mBuilding CXX object CMakeFiles/turtlesim__rosidl_typesupport_c.dir/rosidl_typesupport_c/turtlesim/srv/teleport_absolute__type_support.cpp.o[0m
[2.944s] [ 31%] [32mBuilding CXX object CMakeFiles/turtlesim__rosidl_typesupport_cpp.dir/rosidl_typesupport_cpp/turtlesim/srv/kill__type_support.cpp.o[0m
[2.952s] [ 32%] [32mBuilding CXX object CMakeFiles/turtlesim__rosidl_typesupport_cpp.dir/rosidl_typesupport_cpp/turtlesim/srv/set_pen__type_support.cpp.o[0m
[2.972s] [ 33%] [32mBuilding CXX object CMakeFiles/turtlesim__rosidl_typesupport_c.dir/rosidl_typesupport_c/turtlesim/srv/teleport_relative__type_support.cpp.o[0m
[2.977s] [ 34%] [32mBuilding C object CMakeFiles/turtlesim__rosidl_typesupport_introspection_c.dir/rosidl_typesupport_introspection_c/turtlesim/msg/detail/color__type_support.c.o[0m
[2.980s] [ 35%] [32mBuilding CXX object CMakeFiles/turtlesim__rosidl_typesupport_fastrtps_c.dir/rosidl_typesupport_fastrtps_c/turtlesim/action/detail/rotate_absolute__type_support_c.cpp.o[0m
[2.998s] [ 36%] [32m[1mLinking CXX shared library libturtlesim__rosidl_typesupport_c.so[0m
[3.033s] [ 37%] [32mBuilding C object CMakeFiles/turtlesim__rosidl_typesupport_introspection_c.dir/rosidl_typesupport_introspection_c/turtlesim/msg/detail/pose__type_support.c.o[0m
[3.054s] [ 37%] Built target turtlesim__rosidl_typesupport_c
[3.074s] [ 38%] [32mBuilding C object CMakeFiles/turtlesim__rosidl_typesupport_introspection_c.dir/rosidl_typesupport_introspection_c/turtlesim/srv/detail/kill__type_support.c.o[0m
[3.137s] [ 39%] [32mBuilding CXX object CMakeFiles/turtlesim__rosidl_typesupport_fastrtps_c.dir/rosidl_typesupport_fastrtps_c/turtlesim/msg/detail/color__type_support_c.cpp.o[0m
[3.144s] [ 40%] [32mBuilding C object CMakeFiles/turtlesim__rosidl_typesupport_introspection_c.dir/rosidl_typesupport_introspection_c/turtlesim/srv/detail/set_pen__type_support.c.o[0m
[3.194s] [ 42%] [32mBuilding CXX object CMakeFiles/turtlesim__rosidl_typesupport_cpp.dir/rosidl_typesupport_cpp/turtlesim/srv/spawn__type_support.cpp.o[0m
[3.194s] [ 42%] [32mBuilding C object CMakeFiles/turtlesim__rosidl_typesupport_introspection_c.dir/rosidl_typesupport_introspection_c/turtlesim/srv/detail/spawn__type_support.c.o[0m
[3.209s] [ 43%] [32mBuilding CXX object CMakeFiles/turtlesim__rosidl_typesupport_cpp.dir/rosidl_typesupport_cpp/turtlesim/srv/teleport_relative__type_support.cpp.o[0m
[3.210s] [ 44%] [32mBuilding CXX object CMakeFiles/turtlesim__rosidl_typesupport_cpp.dir/rosidl_typesupport_cpp/turtlesim/srv/teleport_absolute__type_support.cpp.o[0m
[3.240s] [ 45%] [32mBuilding C object CMakeFiles/turtlesim__rosidl_typesupport_introspection_c.dir/rosidl_typesupport_introspection_c/turtlesim/srv/detail/teleport_absolute__type_support.c.o[0m
[3.294s] [ 46%] [32mBuilding C object CMakeFiles/turtlesim__rosidl_typesupport_introspection_c.dir/rosidl_typesupport_introspection_c/turtlesim/srv/detail/teleport_relative__type_support.c.o[0m
[3.329s] [ 47%] [32m[1mLinking C shared library libturtlesim__rosidl_typesupport_introspection_c.so[0m
[3.344s] [ 48%] [32mBuilding CXX object CMakeFiles/turtlesim__rosidl_typesupport_introspection_cpp.dir/rosidl_typesupport_introspection_cpp/turtlesim/msg/detail/color__type_support.cpp.o[0m
[3.370s] [ 48%] Built target turtlesim__rosidl_typesupport_introspection_c
[3.375s] [ 49%] [32mBuilding CXX object CMakeFiles/turtlesim__rosidl_typesupport_fastrtps_c.dir/rosidl_typesupport_fastrtps_c/turtlesim/msg/detail/pose__type_support_c.cpp.o[0m
[3.376s] [ 50%] [32mBuilding CXX object CMakeFiles/turtlesim__rosidl_typesupport_fastrtps_c.dir/rosidl_typesupport_fastrtps_c/turtlesim/srv/detail/kill__type_support_c.cpp.o[0m
[3.412s] [ 51%] [32mBuilding CXX object CMakeFiles/turtlesim__rosidl_typesupport_fastrtps_c.dir/rosidl_typesupport_fastrtps_c/turtlesim/srv/detail/set_pen__type_support_c.cpp.o[0m
[3.416s] [ 52%] [32mBuilding CXX object CMakeFiles/turtlesim__rosidl_typesupport_fastrtps_c.dir/rosidl_typesupport_fastrtps_c/turtlesim/srv/detail/spawn__type_support_c.cpp.o[0m
[3.426s] [ 53%] [32mBuilding CXX object CMakeFiles/turtlesim__rosidl_typesupport_fastrtps_c.dir/rosidl_typesupport_fastrtps_c/turtlesim/srv/detail/teleport_absolute__type_support_c.cpp.o[0m
[3.444s] [ 54%] [32m[1mLinking CXX shared library libturtlesim__rosidl_typesupport_cpp.so[0m
[3.481s] [ 55%] [32mBuilding CXX object CMakeFiles/turtlesim__rosidl_typesupport_fastrtps_cpp.dir/rosidl_typesupport_fastrtps_cpp/turtlesim/msg/detail/dds_fastrtps/color__type_support.cpp.o[0m
[3.497s] [ 55%] Built target turtlesim__rosidl_typesupport_cpp
[3.503s] [ 56%] [34m[1mGenerating include/turtlesim/moc_turtle_frame.cpp[0m
[3.629s] [ 57%] [32mBuilding CXX object CMakeFiles/turtlesim__rosidl_typesupport_fastrtps_c.dir/rosidl_typesupport_fastrtps_c/turtlesim/srv/detail/teleport_relative__type_support_c.cpp.o[0m
[3.672s] [ 58%] [32mBuilding CXX object CMakeFiles/turtlesim__rosidl_typesupport_introspection_cpp.dir/rosidl_typesupport_introspection_cpp/turtlesim/msg/detail/pose__type_support.cpp.o[0m
[3.682s] [ 59%] [32mBuilding CXX object CMakeFiles/turtlesim__rosidl_typesupport_introspection_cpp.dir/rosidl_typesupport_introspection_cpp/turtlesim/srv/detail/kill__type_support.cpp.o[0m
[3.682s] [ 60%] [32mBuilding CXX object CMakeFiles/turtle_teleop_key.dir/tutorials/teleop_turtle_key.cpp.o[0m
[3.700s] [ 61%] [32mBuilding CXX object CMakeFiles/draw_square.dir/tutorials/draw_square.cpp.o[0m
[3.713s] [ 62%] [32mBuilding CXX object CMakeFiles/turtlesim_node.dir/src/turtlesim.cpp.o[0m
[3.718s] [ 63%] [32mBuilding CXX object CMakeFiles/mimic.dir/tutorials/mimic.cpp.o[0m
[3.799s] [ 64%] [32mBuilding CXX object CMakeFiles/turtlesim__rosidl_typesupport_fastrtps_cpp.dir/rosidl_typesupport_fastrtps_cpp/turtlesim/msg/detail/dds_fastrtps/pose__type_support.cpp.o[0m
[3.916s] [ 65%] [32m[1mLinking CXX shared library libturtlesim__rosidl_typesupport_fastrtps_c.so[0m
[3.940s] [ 66%] [32mBuilding CXX object CMakeFiles/turtlesim__rosidl_typesupport_introspection_cpp.dir/rosidl_typesupport_introspection_cpp/turtlesim/srv/detail/set_pen__type_support.cpp.o[0m
[3.948s] [ 67%] [32mBuilding CXX object CMakeFiles/turtlesim__rosidl_typesupport_introspection_cpp.dir/rosidl_typesupport_introspection_cpp/turtlesim/srv/detail/spawn__type_support.cpp.o[0m
[3.984s] [ 67%] Built target turtlesim__rosidl_typesupport_fastrtps_c
[3.991s] [ 68%] [32mBuilding CXX object CMakeFiles/turtlesim__rosidl_typesupport_fastrtps_cpp.dir/rosidl_typesupport_fastrtps_cpp/turtlesim/srv/detail/dds_fastrtps/kill__type_support.cpp.o[0m
[4.078s] [ 69%] [32mBuilding CXX object CMakeFiles/turtlesim__rosidl_typesupport_fastrtps_cpp.dir/rosidl_typesupport_fastrtps_cpp/turtlesim/srv/detail/dds_fastrtps/set_pen__type_support.cpp.o[0m
[4.179s] [ 70%] [32mBuilding CXX object CMakeFiles/turtlesim__rosidl_typesupport_introspection_cpp.dir/rosidl_typesupport_introspection_cpp/turtlesim/srv/detail/teleport_absolute__type_support.cpp.o[0m
[4.213s] [ 71%] [32mBuilding CXX object CMakeFiles/turtlesim__rosidl_typesupport_introspection_cpp.dir/rosidl_typesupport_introspection_cpp/turtlesim/srv/detail/teleport_relative__type_support.cpp.o[0m
[4.251s] [ 72%] [32mBuilding CXX object CMakeFiles/turtlesim__rosidl_typesupport_fastrtps_cpp.dir/rosidl_typesupport_fastrtps_cpp/turtlesim/srv/detail/dds_fastrtps/spawn__type_support.cpp.o[0m
[4.347s] [ 73%] [32mBuilding CXX object CMakeFiles/turtlesim__rosidl_typesupport_fastrtps_cpp.dir/rosidl_typesupport_fastrtps_cpp/turtlesim/srv/detail/dds_fastrtps/teleport_absolute__type_support.cpp.o[0m
[4.505s] [ 74%] [32mBuilding CXX object CMakeFiles/turtlesim__rosidl_typesupport_fastrtps_cpp.dir/rosidl_typesupport_fastrtps_cpp/turtlesim/srv/detail/dds_fastrtps/teleport_relative__type_support.cpp.o[0m
[4.706s] [ 75%] [32m[1mLinking CXX shared library libturtlesim__rosidl_typesupport_introspection_cpp.so[0m
[4.706s] [ 76%] [32mBuilding CXX object CMakeFiles/turtlesim_node.dir/src/turtle.cpp.o[0m
[4.788s] [ 76%] Built target turtlesim__rosidl_typesupport_introspection_cpp
[4.801s] [ 77%] [32mBuilding CXX object CMakeFiles/turtlesim_node.dir/src/turtle_frame.cpp.o[0m
[4.801s] [ 78%] [32mBuilding CXX object CMakeFiles/turtlesim_node.dir/include/turtlesim/moc_turtle_frame.cpp.o[0m
[4.916s] [ 79%] [32m[1mLinking CXX shared library libturtlesim__rosidl_typesupport_fastrtps_cpp.so[0m
[5.006s] [ 79%] Built target turtlesim__rosidl_typesupport_fastrtps_cpp
[5.020s] [ 79%] Built target turtlesim
[5.041s] [ 80%] [34m[1mGenerating Python code for ROS interfaces[0m
[9.331s] [ 80%] Built target turtlesim__py
[9.382s] [ 81%] [32mBuilding C object CMakeFiles/turtlesim__rosidl_generator_py.dir/rosidl_generator_py/turtlesim/action/_rotate_absolute_s.c.o[0m
[10.091s] [ 82%] [32mBuilding C object CMakeFiles/turtlesim__rosidl_generator_py.dir/rosidl_generator_py/turtlesim/msg/_color_s.c.o[0m
[10.507s] [ 83%] [32mBuilding C object CMakeFiles/turtlesim__rosidl_generator_py.dir/rosidl_generator_py/turtlesim/msg/_pose_s.c.o[0m
[10.925s] [ 84%] [32mBuilding C object CMakeFiles/turtlesim__rosidl_generator_py.dir/rosidl_generator_py/turtlesim/srv/_kill_s.c.o[0m
[11.336s] [ 85%] [32mBuilding C object CMakeFiles/turtlesim__rosidl_generator_py.dir/rosidl_generator_py/turtlesim/srv/_set_pen_s.c.o[0m
[11.788s] [ 86%] [32mBuilding C object CMakeFiles/turtlesim__rosidl_generator_py.dir/rosidl_generator_py/turtlesim/srv/_spawn_s.c.o[0m
[12.340s] [ 87%] [32mBuilding C object CMakeFiles/turtlesim__rosidl_generator_py.dir/rosidl_generator_py/turtlesim/srv/_teleport_absolute_s.c.o[0m
[13.021s] [ 88%] [32mBuilding C object CMakeFiles/turtlesim__rosidl_generator_py.dir/rosidl_generator_py/turtlesim/srv/_teleport_relative_s.c.o[0m
[13.521s] [ 89%] [32m[1mLinking C shared library rosidl_generator_py/turtlesim/libturtlesim__rosidl_generator_py.so[0m
[13.781s] [ 89%] Built target turtlesim__rosidl_generator_py
[13.847s] [ 90%] [32mBuilding C object CMakeFiles/turtlesim__rosidl_typesupport_fastrtps_c__pyext.dir/rosidl_generator_py/turtlesim/_turtlesim_s.ep.rosidl_typesupport_fastrtps_c.c.o[0m
[14.609s] [ 91%] [32m[1mLinking C shared library rosidl_generator_py/turtlesim/turtlesim_s__rosidl_typesupport_fastrtps_c.cpython-310-aarch64-linux-gnu.so[0m
[14.886s] [ 91%] Built target turtlesim__rosidl_typesupport_fastrtps_c__pyext
[14.939s] [ 92%] [32mBuilding C object CMakeFiles/turtlesim__rosidl_typesupport_introspection_c__pyext.dir/rosidl_generator_py/turtlesim/_turtlesim_s.ep.rosidl_typesupport_introspection_c.c.o[0m
[15.626s] [ 93%] [32m[1mLinking C shared library rosidl_generator_py/turtlesim/turtlesim_s__rosidl_typesupport_introspection_c.cpython-310-aarch64-linux-gnu.so[0m
[15.805s] [ 93%] Built target turtlesim__rosidl_typesupport_introspection_c__pyext
[15.851s] [ 94%] [32mBuilding C object CMakeFiles/turtlesim__rosidl_typesupport_c__pyext.dir/rosidl_generator_py/turtlesim/_turtlesim_s.ep.rosidl_typesupport_c.c.o[0m
[16.633s] [ 95%] [32m[1mLinking C shared library rosidl_generator_py/turtlesim/turtlesim_s__rosidl_typesupport_c.cpython-310-aarch64-linux-gnu.so[0m
[16.851s] [ 95%] Built target turtlesim__rosidl_typesupport_c__pyext
[28.888s] [ 96%] [32m[1mLinking CXX executable turtle_teleop_key[0m
[29.952s] [ 96%] Built target turtle_teleop_key
[37.156s] [ 97%] [32m[1mLinking CXX executable mimic[0m
[37.683s] [ 97%] Built target mimic
[37.733s] [ 98%] [32m[1mLinking CXX executable draw_square[0m
[38.212s] [ 98%] Built target draw_square
[42.573s] [100%] [32m[1mLinking CXX executable turtlesim_node[0m
[43.845s] [100%] Built target turtlesim_node
[43.862s] Invoked command in '/home/aashvi/service_ws/build/turtlesim' returned '0': CMAKE_PREFIX_PATH=${CMAKE_PREFIX_PATH}:/home/aashvi/ros2_ws/install/turtle_mover:/home/aashvi/ros2_ws/install/my_robot_controller:/home/aashvi/ros2_ws/install/py_pubsub:/home/aashvi/ros2_ws/install/my_package:/opt/ros/humble /usr/bin/cmake --build /home/aashvi/service_ws/build/turtlesim -- -j8 -l8
[43.885s] Invoking command in '/home/aashvi/service_ws/build/turtlesim': CMAKE_PREFIX_PATH=${CMAKE_PREFIX_PATH}:/home/aashvi/ros2_ws/install/turtle_mover:/home/aashvi/ros2_ws/install/my_robot_controller:/home/aashvi/ros2_ws/install/py_pubsub:/home/aashvi/ros2_ws/install/my_package:/opt/ros/humble /usr/bin/cmake --install /home/aashvi/service_ws/build/turtlesim
[43.890s] -- Install configuration: ""
[43.892s] -- Installing: /home/aashvi/service_ws/install/turtlesim/share/ament_index/resource_index/rosidl_interfaces/turtlesim
[43.892s] -- Installing: /home/aashvi/service_ws/install/turtlesim/include/turtlesim/turtlesim
[43.892s] -- Installing: /home/aashvi/service_ws/install/turtlesim/include/turtlesim/turtlesim/msg
[43.892s] -- Installing: /home/aashvi/service_ws/install/turtlesim/include/turtlesim/turtlesim/msg/detail
[43.892s] -- Installing: /home/aashvi/service_ws/install/turtlesim/include/turtlesim/turtlesim/msg/detail/color__struct.h
[43.892s] -- Installing: /home/aashvi/service_ws/install/turtlesim/include/turtlesim/turtlesim/msg/detail/pose__functions.c
[43.893s] -- Installing: /home/aashvi/service_ws/install/turtlesim/include/turtlesim/turtlesim/msg/detail/pose__struct.h
[43.893s] -- Installing: /home/aashvi/service_ws/install/turtlesim/include/turtlesim/turtlesim/msg/detail/color__functions.c
[43.893s] -- Installing: /home/aashvi/service_ws/install/turtlesim/include/turtlesim/turtlesim/msg/detail/pose__functions.h
[43.893s] -- Installing: /home/aashvi/service_ws/install/turtlesim/include/turtlesim/turtlesim/msg/detail/color__functions.h
[43.893s] -- Installing: /home/aashvi/service_ws/install/turtlesim/include/turtlesim/turtlesim/msg/detail/color__type_support.h
[43.893s] -- Installing: /home/aashvi/service_ws/install/turtlesim/include/turtlesim/turtlesim/msg/detail/pose__type_support.h
[43.894s] -- Installing: /home/aashvi/service_ws/install/turtlesim/include/turtlesim/turtlesim/msg/rosidl_generator_c__visibility_control.h
[43.894s] -- Installing: /home/aashvi/service_ws/install/turtlesim/include/turtlesim/turtlesim/msg/pose.h
[43.894s] -- Installing: /home/aashvi/service_ws/install/turtlesim/include/turtlesim/turtlesim/msg/color.h
[43.894s] -- Installing: /home/aashvi/service_ws/install/turtlesim/include/turtlesim/turtlesim/action
[43.894s] -- Installing: /home/aashvi/service_ws/install/turtlesim/include/turtlesim/turtlesim/action/detail
[43.894s] -- Installing: /home/aashvi/service_ws/install/turtlesim/include/turtlesim/turtlesim/action/detail/rotate_absolute__functions.c
[43.895s] -- Installing: /home/aashvi/service_ws/install/turtlesim/include/turtlesim/turtlesim/action/detail/rotate_absolute__struct.h
[43.895s] -- Installing: /home/aashvi/service_ws/install/turtlesim/include/turtlesim/turtlesim/action/detail/rotate_absolute__type_support.h
[43.895s] -- Installing: /home/aashvi/service_ws/install/turtlesim/include/turtlesim/turtlesim/action/detail/rotate_absolute__functions.h
[43.895s] -- Installing: /home/aashvi/service_ws/install/turtlesim/include/turtlesim/turtlesim/action/rotate_absolute.h
[43.895s] -- Installing: /home/aashvi/service_ws/install/turtlesim/include/turtlesim/turtlesim/srv
[43.896s] -- Installing: /home/aashvi/service_ws/install/turtlesim/include/turtlesim/turtlesim/srv/kill.h
[43.896s] -- Installing: /home/aashvi/service_ws/install/turtlesim/include/turtlesim/turtlesim/srv/detail
[43.896s] -- Installing: /home/aashvi/service_ws/install/turtlesim/include/turtlesim/turtlesim/srv/detail/spawn__struct.h
[43.896s] -- Installing: /home/aashvi/service_ws/install/turtlesim/include/turtlesim/turtlesim/srv/detail/teleport_absolute__functions.h
[43.896s] -- Installing: /home/aashvi/service_ws/install/turtlesim/include/turtlesim/turtlesim/srv/detail/teleport_relative__struct.h
[43.896s] -- Installing: /home/aashvi/service_ws/install/turtlesim/include/turtlesim/turtlesim/srv/detail/teleport_relative__functions.h
[43.896s] -- Installing: /home/aashvi/service_ws/install/turtlesim/include/turtlesim/turtlesim/srv/detail/kill__functions.h
[43.896s] -- Installing: /home/aashvi/service_ws/install/turtlesim/include/turtlesim/turtlesim/srv/detail/set_pen__functions.h
[43.896s] -- Installing: /home/aashvi/service_ws/install/turtlesim/include/turtlesim/turtlesim/srv/detail/spawn__functions.c
[43.896s] -- Installing: /home/aashvi/service_ws/install/turtlesim/include/turtlesim/turtlesim/srv/detail/teleport_relative__type_support.h
[43.896s] -- Installing: /home/aashvi/service_ws/install/turtlesim/include/turtlesim/turtlesim/srv/detail/set_pen__type_support.h
[43.897s] -- Installing: /home/aashvi/service_ws/install/turtlesim/include/turtlesim/turtlesim/srv/detail/kill__type_support.h
[43.897s] -- Installing: /home/aashvi/service_ws/install/turtlesim/include/turtlesim/turtlesim/srv/detail/kill__struct.h
[43.897s] -- Installing: /home/aashvi/service_ws/install/turtlesim/include/turtlesim/turtlesim/srv/detail/set_pen__struct.h
[43.897s] -- Installing: /home/aashvi/service_ws/install/turtlesim/include/turtlesim/turtlesim/srv/detail/kill__functions.c
[43.897s] -- Installing: /home/aashvi/service_ws/install/turtlesim/include/turtlesim/turtlesim/srv/detail/teleport_relative__functions.c
[43.897s] -- Installing: /home/aashvi/service_ws/install/turtlesim/include/turtlesim/turtlesim/srv/detail/spawn__functions.h
[43.897s] -- Installing: /home/aashvi/service_ws/install/turtlesim/include/turtlesim/turtlesim/srv/detail/teleport_absolute__type_support.h
[43.897s] -- Installing: /home/aashvi/service_ws/install/turtlesim/include/turtlesim/turtlesim/srv/detail/teleport_absolute__struct.h
[43.897s] -- Installing: /home/aashvi/service_ws/install/turtlesim/include/turtlesim/turtlesim/srv/detail/set_pen__functions.c
[43.897s] -- Installing: /home/aashvi/service_ws/install/turtlesim/include/turtlesim/turtlesim/srv/detail/spawn__type_support.h
[43.898s] -- Installing: /home/aashvi/service_ws/install/turtlesim/include/turtlesim/turtlesim/srv/detail/teleport_absolute__functions.c
[43.898s] -- Installing: /home/aashvi/service_ws/install/turtlesim/include/turtlesim/turtlesim/srv/set_pen.h
[43.898s] -- Installing: /home/aashvi/service_ws/install/turtlesim/include/turtlesim/turtlesim/srv/teleport_absolute.h
[43.898s] -- Installing: /home/aashvi/service_ws/install/turtlesim/include/turtlesim/turtlesim/srv/spawn.h
[43.898s] -- Installing: /home/aashvi/service_ws/install/turtlesim/include/turtlesim/turtlesim/srv/teleport_relative.h
[43.899s] -- Installing: /home/aashvi/service_ws/install/turtlesim/share/turtlesim/environment/library_path.sh
[43.899s] -- Installing: /home/aashvi/service_ws/install/turtlesim/share/turtlesim/environment/library_path.dsv
[43.899s] -- Installing: /home/aashvi/service_ws/install/turtlesim/lib/libturtlesim__rosidl_generator_c.so
[43.901s] -- Set runtime path of "/home/aashvi/service_ws/install/turtlesim/lib/libturtlesim__rosidl_generator_c.so" to ""
[43.901s] -- Up-to-date: /home/aashvi/service_ws/install/turtlesim/include/turtlesim/turtlesim
[43.901s] -- Up-to-date: /home/aashvi/service_ws/install/turtlesim/include/turtlesim/turtlesim/msg
[43.901s] -- Up-to-date: /home/aashvi/service_ws/install/turtlesim/include/turtlesim/turtlesim/msg/detail
[43.901s] -- Installing: /home/aashvi/service_ws/install/turtlesim/include/turtlesim/turtlesim/msg/detail/color__rosidl_typesupport_fastrtps_c.h
[43.901s] -- Installing: /home/aashvi/service_ws/install/turtlesim/include/turtlesim/turtlesim/msg/detail/pose__rosidl_typesupport_fastrtps_c.h
[43.901s] -- Installing: /home/aashvi/service_ws/install/turtlesim/include/turtlesim/turtlesim/msg/rosidl_typesupport_fastrtps_c__visibility_control.h
[43.901s] -- Up-to-date: /home/aashvi/service_ws/install/turtlesim/include/turtlesim/turtlesim/action
[43.901s] -- Up-to-date: /home/aashvi/service_ws/install/turtlesim/include/turtlesim/turtlesim/action/detail
[43.901s] -- Installing: /home/aashvi/service_ws/install/turtlesim/include/turtlesim/turtlesim/action/detail/rotate_absolute__rosidl_typesupport_fastrtps_c.h
[43.902s] -- Up-to-date: /home/aashvi/service_ws/install/turtlesim/include/turtlesim/turtlesim/srv
[43.902s] -- Up-to-date: /home/aashvi/service_ws/install/turtlesim/include/turtlesim/turtlesim/srv/detail
[43.902s] -- Installing: /home/aashvi/service_ws/install/turtlesim/include/turtlesim/turtlesim/srv/detail/teleport_relative__rosidl_typesupport_fastrtps_c.h
[43.902s] -- Installing: /home/aashvi/service_ws/install/turtlesim/include/turtlesim/turtlesim/srv/detail/set_pen__rosidl_typesupport_fastrtps_c.h
[43.902s] -- Installing: /home/aashvi/service_ws/install/turtlesim/include/turtlesim/turtlesim/srv/detail/kill__rosidl_typesupport_fastrtps_c.h
[43.903s] -- Installing: /home/aashvi/service_ws/install/turtlesim/include/turtlesim/turtlesim/srv/detail/teleport_absolute__rosidl_typesupport_fastrtps_c.h
[43.903s] -- Installing: /home/aashvi/service_ws/install/turtlesim/include/turtlesim/turtlesim/srv/detail/spawn__rosidl_typesupport_fastrtps_c.h
[43.903s] -- Installing: /home/aashvi/service_ws/install/turtlesim/lib/libturtlesim__rosidl_typesupport_fastrtps_c.so
[43.904s] -- Set runtime path of "/home/aashvi/service_ws/install/turtlesim/lib/libturtlesim__rosidl_typesupport_fastrtps_c.so" to ""
[43.904s] -- Up-to-date: /home/aashvi/service_ws/install/turtlesim/include/turtlesim/turtlesim
[43.904s] -- Up-to-date: /home/aashvi/service_ws/install/turtlesim/include/turtlesim/turtlesim/msg
[43.904s] -- Installing: /home/aashvi/service_ws/install/turtlesim/include/turtlesim/turtlesim/msg/color.hpp
[43.904s] -- Up-to-date: /home/aashvi/service_ws/install/turtlesim/include/turtlesim/turtlesim/msg/detail
[43.904s] -- Installing: /home/aashvi/service_ws/install/turtlesim/include/turtlesim/turtlesim/msg/detail/color__builder.hpp
[43.904s] -- Installing: /home/aashvi/service_ws/install/turtlesim/include/turtlesim/turtlesim/msg/detail/color__struct.hpp
[43.904s] -- Installing: /home/aashvi/service_ws/install/turtlesim/include/turtlesim/turtlesim/msg/detail/pose__type_support.hpp
[43.904s] -- Installing: /home/aashvi/service_ws/install/turtlesim/include/turtlesim/turtlesim/msg/detail/pose__traits.hpp
[43.904s] -- Installing: /home/aashvi/service_ws/install/turtlesim/include/turtlesim/turtlesim/msg/detail/pose__struct.hpp
[43.904s] -- Installing: /home/aashvi/service_ws/install/turtlesim/include/turtlesim/turtlesim/msg/detail/pose__builder.hpp
[43.904s] -- Installing: /home/aashvi/service_ws/install/turtlesim/include/turtlesim/turtlesim/msg/detail/color__type_support.hpp
[43.905s] -- Installing: /home/aashvi/service_ws/install/turtlesim/include/turtlesim/turtlesim/msg/detail/color__traits.hpp
[43.905s] -- Installing: /home/aashvi/service_ws/install/turtlesim/include/turtlesim/turtlesim/msg/rosidl_generator_cpp__visibility_control.hpp
[43.905s] -- Installing: /home/aashvi/service_ws/install/turtlesim/include/turtlesim/turtlesim/msg/pose.hpp
[43.905s] -- Up-to-date: /home/aashvi/service_ws/install/turtlesim/include/turtlesim/turtlesim/action
[43.905s] -- Up-to-date: /home/aashvi/service_ws/install/turtlesim/include/turtlesim/turtlesim/action/detail
[43.905s] -- Installing: /home/aashvi/service_ws/install/turtlesim/include/turtlesim/turtlesim/action/detail/rotate_absolute__builder.hpp
[43.905s] -- Installing: /home/aashvi/service_ws/install/turtlesim/include/turtlesim/turtlesim/action/detail/rotate_absolute__traits.hpp
[43.905s] -- Installing: /home/aashvi/service_ws/install/turtlesim/include/turtlesim/turtlesim/action/detail/rotate_absolute__struct.hpp
[43.905s] -- Installing: /home/aashvi/service_ws/install/turtlesim/include/turtlesim/turtlesim/action/detail/rotate_absolute__type_support.hpp
[43.905s] -- Installing: /home/aashvi/service_ws/install/turtlesim/include/turtlesim/turtlesim/action/rotate_absolute.hpp
[43.905s] -- Up-to-date: /home/aashvi/service_ws/install/turtlesim/include/turtlesim/turtlesim/srv
[43.905s] -- Up-to-date: /home/aashvi/service_ws/install/turtlesim/include/turtlesim/turtlesim/srv/detail
[43.905s] -- Installing: /home/aashvi/service_ws/install/turtlesim/include/turtlesim/turtlesim/srv/detail/set_pen__builder.hpp
[43.905s] -- Installing: /home/aashvi/service_ws/install/turtlesim/include/turtlesim/turtlesim/srv/detail/spawn__struct.hpp
[43.905s] -- Installing: /home/aashvi/service_ws/install/turtlesim/include/turtlesim/turtlesim/srv/detail/kill__struct.hpp
[43.905s] -- Installing: /home/aashvi/service_ws/install/turtlesim/include/turtlesim/turtlesim/srv/detail/teleport_relative__type_support.hpp
[43.905s] -- Installing: /home/aashvi/service_ws/install/turtlesim/include/turtlesim/turtlesim/srv/detail/set_pen__traits.hpp
[43.905s] -- Installing: /home/aashvi/service_ws/install/turtlesim/include/turtlesim/turtlesim/srv/detail/teleport_relative__traits.hpp
[43.906s] -- Installing: /home/aashvi/service_ws/install/turtlesim/include/turtlesim/turtlesim/srv/detail/spawn__traits.hpp
[43.906s] -- Installing: /home/aashvi/service_ws/install/turtlesim/include/turtlesim/turtlesim/srv/detail/kill__traits.hpp
[43.906s] -- Installing: /home/aashvi/service_ws/install/turtlesim/include/turtlesim/turtlesim/srv/detail/teleport_relative__struct.hpp
[43.906s] -- Installing: /home/aashvi/service_ws/install/turtlesim/include/turtlesim/turtlesim/srv/detail/kill__type_support.hpp
[43.906s] -- Installing: /home/aashvi/service_ws/install/turtlesim/include/turtlesim/turtlesim/srv/detail/teleport_absolute__struct.hpp
[43.906s] -- Installing: /home/aashvi/service_ws/install/turtlesim/include/turtlesim/turtlesim/srv/detail/spawn__builder.hpp
[43.906s] -- Installing: /home/aashvi/service_ws/install/turtlesim/include/turtlesim/turtlesim/srv/detail/set_pen__type_support.hpp
[43.906s] -- Installing: /home/aashvi/service_ws/install/turtlesim/include/turtlesim/turtlesim/srv/detail/spawn__type_support.hpp
[43.906s] -- Installing: /home/aashvi/service_ws/install/turtlesim/include/turtlesim/turtlesim/srv/detail/teleport_relative__builder.hpp
[43.906s] -- Installing: /home/aashvi/service_ws/install/turtlesim/include/turtlesim/turtlesim/srv/detail/kill__builder.hpp
[43.906s] -- Installing: /home/aashvi/service_ws/install/turtlesim/include/turtlesim/turtlesim/srv/detail/set_pen__struct.hpp
[43.906s] -- Installing: /home/aashvi/service_ws/install/turtlesim/include/turtlesim/turtlesim/srv/detail/teleport_absolute__traits.hpp
[43.906s] -- Installing: /home/aashvi/service_ws/install/turtlesim/include/turtlesim/turtlesim/srv/detail/teleport_absolute__builder.hpp
[43.906s] -- Installing: /home/aashvi/service_ws/install/turtlesim/include/turtlesim/turtlesim/srv/detail/teleport_absolute__type_support.hpp
[43.906s] -- Installing: /home/aashvi/service_ws/install/turtlesim/include/turtlesim/turtlesim/srv/teleport_relative.hpp
[43.907s] -- Installing: /home/aashvi/service_ws/install/turtlesim/include/turtlesim/turtlesim/srv/kill.hpp
[43.907s] -- Installing: /home/aashvi/service_ws/install/turtlesim/include/turtlesim/turtlesim/srv/set_pen.hpp
[43.907s] -- Installing: /home/aashvi/service_ws/install/turtlesim/include/turtlesim/turtlesim/srv/teleport_absolute.hpp
[43.907s] -- Installing: /home/aashvi/service_ws/install/turtlesim/include/turtlesim/turtlesim/srv/spawn.hpp
[43.907s] -- Up-to-date: /home/aashvi/service_ws/install/turtlesim/include/turtlesim/turtlesim
[43.907s] -- Up-to-date: /home/aashvi/service_ws/install/turtlesim/include/turtlesim/turtlesim/msg
[43.907s] -- Installing: /home/aashvi/service_ws/install/turtlesim/include/turtlesim/turtlesim/msg/rosidl_typesupport_fastrtps_cpp__visibility_control.h
[43.907s] -- Up-to-date: /home/aashvi/service_ws/install/turtlesim/include/turtlesim/turtlesim/msg/detail
[43.907s] -- Installing: /home/aashvi/service_ws/install/turtlesim/include/turtlesim/turtlesim/msg/detail/color__rosidl_typesupport_fastrtps_cpp.hpp
[43.907s] -- Installing: /home/aashvi/service_ws/install/turtlesim/include/turtlesim/turtlesim/msg/detail/pose__rosidl_typesupport_fastrtps_cpp.hpp
[43.908s] -- Installing: /home/aashvi/service_ws/install/turtlesim/include/turtlesim/turtlesim/msg/detail/dds_fastrtps
[43.908s] -- Up-to-date: /home/aashvi/service_ws/install/turtlesim/include/turtlesim/turtlesim/action
[43.908s] -- Up-to-date: /home/aashvi/service_ws/install/turtlesim/include/turtlesim/turtlesim/action/detail
[43.908s] -- Installing: /home/aashvi/service_ws/install/turtlesim/include/turtlesim/turtlesim/action/detail/rotate_absolute__rosidl_typesupport_fastrtps_cpp.hpp
[43.908s] -- Installing: /home/aashvi/service_ws/install/turtlesim/include/turtlesim/turtlesim/action/detail/dds_fastrtps
[43.908s] -- Up-to-date: /home/aashvi/service_ws/install/turtlesim/include/turtlesim/turtlesim/srv
[43.908s] -- Up-to-date: /home/aashvi/service_ws/install/turtlesim/include/turtlesim/turtlesim/srv/detail
[43.908s] -- Installing: /home/aashvi/service_ws/install/turtlesim/include/turtlesim/turtlesim/srv/detail/kill__rosidl_typesupport_fastrtps_cpp.hpp
[43.909s] -- Installing: /home/aashvi/service_ws/install/turtlesim/include/turtlesim/turtlesim/srv/detail/set_pen__rosidl_typesupport_fastrtps_cpp.hpp
[43.909s] -- Installing: /home/aashvi/service_ws/install/turtlesim/include/turtlesim/turtlesim/srv/detail/teleport_absolute__rosidl_typesupport_fastrtps_cpp.hpp
[43.909s] -- Installing: /home/aashvi/service_ws/install/turtlesim/include/turtlesim/turtlesim/srv/detail/dds_fastrtps
[43.909s] -- Installing: /home/aashvi/service_ws/install/turtlesim/include/turtlesim/turtlesim/srv/detail/spawn__rosidl_typesupport_fastrtps_cpp.hpp
[43.909s] -- Installing: /home/aashvi/service_ws/install/turtlesim/include/turtlesim/turtlesim/srv/detail/teleport_relative__rosidl_typesupport_fastrtps_cpp.hpp
[43.909s] -- Installing: /home/aashvi/service_ws/install/turtlesim/lib/libturtlesim__rosidl_typesupport_fastrtps_cpp.so
[43.910s] -- Set runtime path of "/home/aashvi/service_ws/install/turtlesim/lib/libturtlesim__rosidl_typesupport_fastrtps_cpp.so" to ""
[43.911s] -- Up-to-date: /home/aashvi/service_ws/install/turtlesim/include/turtlesim/turtlesim
[43.911s] -- Up-to-date: /home/aashvi/service_ws/install/turtlesim/include/turtlesim/turtlesim/msg
[43.911s] -- Installing: /home/aashvi/service_ws/install/turtlesim/include/turtlesim/turtlesim/msg/rosidl_typesupport_introspection_c__visibility_control.h
[43.911s] -- Up-to-date: /home/aashvi/service_ws/install/turtlesim/include/turtlesim/turtlesim/msg/detail
[43.911s] -- Installing: /home/aashvi/service_ws/install/turtlesim/include/turtlesim/turtlesim/msg/detail/color__type_support.c
[43.911s] -- Installing: /home/aashvi/service_ws/install/turtlesim/include/turtlesim/turtlesim/msg/detail/pose__rosidl_typesupport_introspection_c.h
[43.911s] -- Installing: /home/aashvi/service_ws/install/turtlesim/include/turtlesim/turtlesim/msg/detail/color__rosidl_typesupport_introspection_c.h
[43.912s] -- Installing: /home/aashvi/service_ws/install/turtlesim/include/turtlesim/turtlesim/msg/detail/pose__type_support.c
[43.912s] -- Up-to-date: /home/aashvi/service_ws/install/turtlesim/include/turtlesim/turtlesim/action
[43.912s] -- Up-to-date: /home/aashvi/service_ws/install/turtlesim/include/turtlesim/turtlesim/action/detail
[43.912s] -- Installing: /home/aashvi/service_ws/install/turtlesim/include/turtlesim/turtlesim/action/detail/rotate_absolute__rosidl_typesupport_introspection_c.h
[43.912s] -- Installing: /home/aashvi/service_ws/install/turtlesim/include/turtlesim/turtlesim/action/detail/rotate_absolute__type_support.c
[43.912s] -- Up-to-date: /home/aashvi/service_ws/install/turtlesim/include/turtlesim/turtlesim/srv
[43.913s] -- Up-to-date: /home/aashvi/service_ws/install/turtlesim/include/turtlesim/turtlesim/srv/detail
[43.913s] -- Installing: /home/aashvi/service_ws/install/turtlesim/include/turtlesim/turtlesim/srv/detail/teleport_absolute__rosidl_typesupport_introspection_c.h
[43.913s] -- Installing: /home/aashvi/service_ws/install/turtlesim/include/turtlesim/turtlesim/srv/detail/spawn__rosidl_typesupport_introspection_c.h
[43.913s] -- Installing: /home/aashvi/service_ws/install/turtlesim/include/turtlesim/turtlesim/srv/detail/set_pen__type_support.c
[43.913s] -- Installing: /home/aashvi/service_ws/install/turtlesim/include/turtlesim/turtlesim/srv/detail/kill__type_support.c
[43.913s] -- Installing: /home/aashvi/service_ws/install/turtlesim/include/turtlesim/turtlesim/srv/detail/teleport_absolute__type_support.c
[43.914s] -- Installing: /home/aashvi/service_ws/install/turtlesim/include/turtlesim/turtlesim/srv/detail/kill__rosidl_typesupport_introspection_c.h
[43.914s] -- Installing: /home/aashvi/service_ws/install/turtlesim/include/turtlesim/turtlesim/srv/detail/set_pen__rosidl_typesupport_introspection_c.h
[43.914s] -- Installing: /home/aashvi/service_ws/install/turtlesim/include/turtlesim/turtlesim/srv/detail/spawn__type_support.c
[43.914s] -- Installing: /home/aashvi/service_ws/install/turtlesim/include/turtlesim/turtlesim/srv/detail/teleport_relative__type_support.c
[43.914s] -- Installing: /home/aashvi/service_ws/install/turtlesim/include/turtlesim/turtlesim/srv/detail/teleport_relative__rosidl_typesupport_introspection_c.h
[43.914s] -- Installing: /home/aashvi/service_ws/install/turtlesim/lib/libturtlesim__rosidl_typesupport_introspection_c.so
[43.915s] -- Set runtime path of "/home/aashvi/service_ws/install/turtlesim/lib/libturtlesim__rosidl_typesupport_introspection_c.so" to ""
[43.915s] -- Installing: /home/aashvi/service_ws/install/turtlesim/lib/libturtlesim__rosidl_typesupport_c.so
[43.916s] -- Set runtime path of "/home/aashvi/service_ws/install/turtlesim/lib/libturtlesim__rosidl_typesupport_c.so" to ""
[43.916s] -- Up-to-date: /home/aashvi/service_ws/install/turtlesim/include/turtlesim/turtlesim
[43.916s] -- Up-to-date: /home/aashvi/service_ws/install/turtlesim/include/turtlesim/turtlesim/msg
[43.916s] -- Up-to-date: /home/aashvi/service_ws/install/turtlesim/include/turtlesim/turtlesim/msg/detail
[43.916s] -- Installing: /home/aashvi/service_ws/install/turtlesim/include/turtlesim/turtlesim/msg/detail/pose__rosidl_typesupport_introspection_cpp.hpp
[43.916s] -- Installing: /home/aashvi/service_ws/install/turtlesim/include/turtlesim/turtlesim/msg/detail/color__rosidl_typesupport_introspection_cpp.hpp
[43.916s] -- Installing: /home/aashvi/service_ws/install/turtlesim/include/turtlesim/turtlesim/msg/detail/color__type_support.cpp
[43.916s] -- Installing: /home/aashvi/service_ws/install/turtlesim/include/turtlesim/turtlesim/msg/detail/pose__type_support.cpp
[43.917s] -- Up-to-date: /home/aashvi/service_ws/install/turtlesim/include/turtlesim/turtlesim/action
[43.917s] -- Up-to-date: /home/aashvi/service_ws/install/turtlesim/include/turtlesim/turtlesim/action/detail
[43.917s] -- Installing: /home/aashvi/service_ws/install/turtlesim/include/turtlesim/turtlesim/action/detail/rotate_absolute__rosidl_typesupport_introspection_cpp.hpp
[43.917s] -- Installing: /home/aashvi/service_ws/install/turtlesim/include/turtlesim/turtlesim/action/detail/rotate_absolute__type_support.cpp
[43.917s] -- Up-to-date: /home/aashvi/service_ws/install/turtlesim/include/turtlesim/turtlesim/srv
[43.917s] -- Up-to-date: /home/aashvi/service_ws/install/turtlesim/include/turtlesim/turtlesim/srv/detail
[43.917s] -- Installing: /home/aashvi/service_ws/install/turtlesim/include/turtlesim/turtlesim/srv/detail/teleport_absolute__type_support.cpp
[43.917s] -- Installing: /home/aashvi/service_ws/install/turtlesim/include/turtlesim/turtlesim/srv/detail/set_pen__type_support.cpp
[43.918s] -- Installing: /home/aashvi/service_ws/install/turtlesim/include/turtlesim/turtlesim/srv/detail/spawn__rosidl_typesupport_introspection_cpp.hpp
[43.918s] -- Installing: /home/aashvi/service_ws/install/turtlesim/include/turtlesim/turtlesim/srv/detail/teleport_absolute__rosidl_typesupport_introspection_cpp.hpp
[43.918s] -- Installing: /home/aashvi/service_ws/install/turtlesim/include/turtlesim/turtlesim/srv/detail/teleport_relative__rosidl_typesupport_introspection_cpp.hpp
[43.918s] -- Installing: /home/aashvi/service_ws/install/turtlesim/include/turtlesim/turtlesim/srv/detail/set_pen__rosidl_typesupport_introspection_cpp.hpp
[43.918s] -- Installing: /home/aashvi/service_ws/install/turtlesim/include/turtlesim/turtlesim/srv/detail/spawn__type_support.cpp
[43.918s] -- Installing: /home/aashvi/service_ws/install/turtlesim/include/turtlesim/turtlesim/srv/detail/teleport_relative__type_support.cpp
[43.919s] -- Installing: /home/aashvi/service_ws/install/turtlesim/include/turtlesim/turtlesim/srv/detail/kill__type_support.cpp
[43.919s] -- Installing: /home/aashvi/service_ws/install/turtlesim/include/turtlesim/turtlesim/srv/detail/kill__rosidl_typesupport_introspection_cpp.hpp
[43.919s] -- Installing: /home/aashvi/service_ws/install/turtlesim/lib/libturtlesim__rosidl_typesupport_introspection_cpp.so
[43.920s] -- Set runtime path of "/home/aashvi/service_ws/install/turtlesim/lib/libturtlesim__rosidl_typesupport_introspection_cpp.so" to ""
[43.920s] -- Installing: /home/aashvi/service_ws/install/turtlesim/lib/libturtlesim__rosidl_typesupport_cpp.so
[43.920s] -- Set runtime path of "/home/aashvi/service_ws/install/turtlesim/lib/libturtlesim__rosidl_typesupport_cpp.so" to ""
[43.920s] -- Installing: /home/aashvi/service_ws/install/turtlesim/share/turtlesim/environment/pythonpath.sh
[43.921s] -- Installing: /home/aashvi/service_ws/install/turtlesim/share/turtlesim/environment/pythonpath.dsv
[43.921s] -- Installing: /home/aashvi/service_ws/install/turtlesim/local/lib/python3.10/dist-packages/turtlesim-1.4.2-py3.10.egg-info
[43.921s] -- Installing: /home/aashvi/service_ws/install/turtlesim/local/lib/python3.10/dist-packages/turtlesim-1.4.2-py3.10.egg-info/SOURCES.txt
[43.921s] -- Installing: /home/aashvi/service_ws/install/turtlesim/local/lib/python3.10/dist-packages/turtlesim-1.4.2-py3.10.egg-info/top_level.txt
[43.922s] -- Installing: /home/aashvi/service_ws/install/turtlesim/local/lib/python3.10/dist-packages/turtlesim-1.4.2-py3.10.egg-info/PKG-INFO
[43.922s] -- Installing: /home/aashvi/service_ws/install/turtlesim/local/lib/python3.10/dist-packages/turtlesim-1.4.2-py3.10.egg-info/dependency_links.txt
[43.922s] -- Installing: /home/aashvi/service_ws/install/turtlesim/local/lib/python3.10/dist-packages/turtlesim
[43.922s] -- Installing: /home/aashvi/service_ws/install/turtlesim/local/lib/python3.10/dist-packages/turtlesim/_turtlesim_s.ep.rosidl_typesupport_c.c
[43.923s] -- Installing: /home/aashvi/service_ws/install/turtlesim/local/lib/python3.10/dist-packages/turtlesim/msg
[43.923s] -- Installing: /home/aashvi/service_ws/install/turtlesim/local/lib/python3.10/dist-packages/turtlesim/msg/_pose.py
[43.923s] -- Installing: /home/aashvi/service_ws/install/turtlesim/local/lib/python3.10/dist-packages/turtlesim/msg/_color_s.c
[43.923s] -- Installing: /home/aashvi/service_ws/install/turtlesim/local/lib/python3.10/dist-packages/turtlesim/msg/__init__.py
[43.924s] -- Installing: /home/aashvi/service_ws/install/turtlesim/local/lib/python3.10/dist-packages/turtlesim/msg/_color.py
[43.924s] -- Installing: /home/aashvi/service_ws/install/turtlesim/local/lib/python3.10/dist-packages/turtlesim/msg/_pose_s.c
[43.924s] -- Installing: /home/aashvi/service_ws/install/turtlesim/local/lib/python3.10/dist-packages/turtlesim/__init__.py
[43.924s] -- Installing: /home/aashvi/service_ws/install/turtlesim/local/lib/python3.10/dist-packages/turtlesim/libturtlesim__rosidl_generator_py.so
[43.925s] -- Installing: /home/aashvi/service_ws/install/turtlesim/local/lib/python3.10/dist-packages/turtlesim/action
[43.925s] -- Installing: /home/aashvi/service_ws/install/turtlesim/local/lib/python3.10/dist-packages/turtlesim/action/__init__.py
[43.925s] -- Installing: /home/aashvi/service_ws/install/turtlesim/local/lib/python3.10/dist-packages/turtlesim/action/_rotate_absolute.py
[43.926s] -- Installing: /home/aashvi/service_ws/install/turtlesim/local/lib/python3.10/dist-packages/turtlesim/action/_rotate_absolute_s.c
[43.926s] -- Installing: /home/aashvi/service_ws/install/turtlesim/local/lib/python3.10/dist-packages/turtlesim/_turtlesim_s.ep.rosidl_typesupport_fastrtps_c.c
[43.927s] -- Installing: /home/aashvi/service_ws/install/turtlesim/local/lib/python3.10/dist-packages/turtlesim/turtlesim_s__rosidl_typesupport_introspection_c.cpython-310-aarch64-linux-gnu.so
[43.927s] -- Installing: /home/aashvi/service_ws/install/turtlesim/local/lib/python3.10/dist-packages/turtlesim/turtlesim_s__rosidl_typesupport_fastrtps_c.cpython-310-aarch64-linux-gnu.so
[43.927s] -- Installing: /home/aashvi/service_ws/install/turtlesim/local/lib/python3.10/dist-packages/turtlesim/_turtlesim_s.ep.rosidl_typesupport_introspection_c.c
[43.928s] -- Installing: /home/aashvi/service_ws/install/turtlesim/local/lib/python3.10/dist-packages/turtlesim/srv
[43.928s] -- Installing: /home/aashvi/service_ws/install/turtlesim/local/lib/python3.10/dist-packages/turtlesim/srv/_kill_s.c
[43.928s] -- Installing: /home/aashvi/service_ws/install/turtlesim/local/lib/python3.10/dist-packages/turtlesim/srv/_teleport_relative.py
[43.928s] -- Installing: /home/aashvi/service_ws/install/turtlesim/local/lib/python3.10/dist-packages/turtlesim/srv/_kill.py
[43.928s] -- Installing: /home/aashvi/service_ws/install/turtlesim/local/lib/python3.10/dist-packages/turtlesim/srv/_teleport_absolute.py
[43.928s] -- Installing: /home/aashvi/service_ws/install/turtlesim/local/lib/python3.10/dist-packages/turtlesim/srv/_set_pen_s.c
[43.929s] -- Installing: /home/aashvi/service_ws/install/turtlesim/local/lib/python3.10/dist-packages/turtlesim/srv/_spawn.py
[43.929s] -- Installing: /home/aashvi/service_ws/install/turtlesim/local/lib/python3.10/dist-packages/turtlesim/srv/__init__.py
[43.929s] -- Installing: /home/aashvi/service_ws/install/turtlesim/local/lib/python3.10/dist-packages/turtlesim/srv/_teleport_relative_s.c
[43.929s] -- Installing: /home/aashvi/service_ws/install/turtlesim/local/lib/python3.10/dist-packages/turtlesim/srv/_spawn_s.c
[43.929s] -- Installing: /home/aashvi/service_ws/install/turtlesim/local/lib/python3.10/dist-packages/turtlesim/srv/_set_pen.py
[43.929s] -- Installing: /home/aashvi/service_ws/install/turtlesim/local/lib/python3.10/dist-packages/turtlesim/srv/_teleport_absolute_s.c
[43.929s] -- Installing: /home/aashvi/service_ws/install/turtlesim/local/lib/python3.10/dist-packages/turtlesim/turtlesim_s__rosidl_typesupport_c.cpython-310-aarch64-linux-gnu.so
[43.981s] Listing '/home/aashvi/service_ws/install/turtlesim/local/lib/python3.10/dist-packages/turtlesim'...
[43.981s] Compiling '/home/aashvi/service_ws/install/turtlesim/local/lib/python3.10/dist-packages/turtlesim/__init__.py'...
[43.981s] Listing '/home/aashvi/service_ws/install/turtlesim/local/lib/python3.10/dist-packages/turtlesim/action'...
[43.981s] Compiling '/home/aashvi/service_ws/install/turtlesim/local/lib/python3.10/dist-packages/turtlesim/action/__init__.py'...
[43.981s] Compiling '/home/aashvi/service_ws/install/turtlesim/local/lib/python3.10/dist-packages/turtlesim/action/_rotate_absolute.py'...
[43.981s] Listing '/home/aashvi/service_ws/install/turtlesim/local/lib/python3.10/dist-packages/turtlesim/msg'...
[43.981s] Compiling '/home/aashvi/service_ws/install/turtlesim/local/lib/python3.10/dist-packages/turtlesim/msg/__init__.py'...
[43.981s] Compiling '/home/aashvi/service_ws/install/turtlesim/local/lib/python3.10/dist-packages/turtlesim/msg/_color.py'...
[43.981s] Compiling '/home/aashvi/service_ws/install/turtlesim/local/lib/python3.10/dist-packages/turtlesim/msg/_pose.py'...
[43.981s] Listing '/home/aashvi/service_ws/install/turtlesim/local/lib/python3.10/dist-packages/turtlesim/srv'...
[43.981s] Compiling '/home/aashvi/service_ws/install/turtlesim/local/lib/python3.10/dist-packages/turtlesim/srv/__init__.py'...
[43.981s] Compiling '/home/aashvi/service_ws/install/turtlesim/local/lib/python3.10/dist-packages/turtlesim/srv/_kill.py'...
[43.981s] Compiling '/home/aashvi/service_ws/install/turtlesim/local/lib/python3.10/dist-packages/turtlesim/srv/_set_pen.py'...
[43.981s] Compiling '/home/aashvi/service_ws/install/turtlesim/local/lib/python3.10/dist-packages/turtlesim/srv/_spawn.py'...
[43.981s] Compiling '/home/aashvi/service_ws/install/turtlesim/local/lib/python3.10/dist-packages/turtlesim/srv/_teleport_absolute.py'...
[43.981s] Compiling '/home/aashvi/service_ws/install/turtlesim/local/lib/python3.10/dist-packages/turtlesim/srv/_teleport_relative.py'...
[43.984s] -- Installing: /home/aashvi/service_ws/install/turtlesim/local/lib/python3.10/dist-packages/turtlesim/turtlesim_s__rosidl_typesupport_fastrtps_c.cpython-310-aarch64-linux-gnu.so
[43.984s] -- Set runtime path of "/home/aashvi/service_ws/install/turtlesim/local/lib/python3.10/dist-packages/turtlesim/turtlesim_s__rosidl_typesupport_fastrtps_c.cpython-310-aarch64-linux-gnu.so" to ""
[43.984s] -- Installing: /home/aashvi/service_ws/install/turtlesim/local/lib/python3.10/dist-packages/turtlesim/turtlesim_s__rosidl_typesupport_introspection_c.cpython-310-aarch64-linux-gnu.so
[43.984s] -- Set runtime path of "/home/aashvi/service_ws/install/turtlesim/local/lib/python3.10/dist-packages/turtlesim/turtlesim_s__rosidl_typesupport_introspection_c.cpython-310-aarch64-linux-gnu.so" to ""
[43.984s] -- Installing: /home/aashvi/service_ws/install/turtlesim/local/lib/python3.10/dist-packages/turtlesim/turtlesim_s__rosidl_typesupport_c.cpython-310-aarch64-linux-gnu.so
[43.984s] -- Set runtime path of "/home/aashvi/service_ws/install/turtlesim/local/lib/python3.10/dist-packages/turtlesim/turtlesim_s__rosidl_typesupport_c.cpython-310-aarch64-linux-gnu.so" to ""
[43.984s] -- Installing: /home/aashvi/service_ws/install/turtlesim/lib/libturtlesim__rosidl_generator_py.so
[43.985s] -- Set runtime path of "/home/aashvi/service_ws/install/turtlesim/lib/libturtlesim__rosidl_generator_py.so" to ""
[43.985s] -- Installing: /home/aashvi/service_ws/install/turtlesim/share/turtlesim/action/RotateAbsolute.idl
[43.985s] -- Installing: /home/aashvi/service_ws/install/turtlesim/share/turtlesim/msg/Color.idl
[43.985s] -- Installing: /home/aashvi/service_ws/install/turtlesim/share/turtlesim/msg/Pose.idl
[43.985s] -- Installing: /home/aashvi/service_ws/install/turtlesim/share/turtlesim/srv/Kill.idl
[43.985s] -- Installing: /home/aashvi/service_ws/install/turtlesim/share/turtlesim/srv/SetPen.idl
[43.985s] -- Installing: /home/aashvi/service_ws/install/turtlesim/share/turtlesim/srv/Spawn.idl
[43.985s] -- Installing: /home/aashvi/service_ws/install/turtlesim/share/turtlesim/srv/TeleportAbsolute.idl
[43.985s] -- Installing: /home/aashvi/service_ws/install/turtlesim/share/turtlesim/srv/TeleportRelative.idl
[43.986s] -- Installing: /home/aashvi/service_ws/install/turtlesim/share/turtlesim/action/RotateAbsolute.action
[43.986s] -- Installing: /home/aashvi/service_ws/install/turtlesim/share/turtlesim/msg/Color.msg
[43.986s] -- Installing: /home/aashvi/service_ws/install/turtlesim/share/turtlesim/msg/Pose.msg
[43.986s] -- Installing: /home/aashvi/service_ws/install/turtlesim/share/turtlesim/srv/Kill.srv
[43.986s] -- Installing: /home/aashvi/service_ws/install/turtlesim/share/turtlesim/srv/Kill_Request.msg
[43.986s] -- Installing: /home/aashvi/service_ws/install/turtlesim/share/turtlesim/srv/Kill_Response.msg
[43.986s] -- Installing: /home/aashvi/service_ws/install/turtlesim/share/turtlesim/srv/SetPen.srv
[43.986s] -- Installing: /home/aashvi/service_ws/install/turtlesim/share/turtlesim/srv/SetPen_Request.msg
[43.987s] -- Installing: /home/aashvi/service_ws/install/turtlesim/share/turtlesim/srv/SetPen_Response.msg
[43.987s] -- Installing: /home/aashvi/service_ws/install/turtlesim/share/turtlesim/srv/Spawn.srv
[43.987s] -- Installing: /home/aashvi/service_ws/install/turtlesim/share/turtlesim/srv/Spawn_Request.msg
[43.987s] -- Installing: /home/aashvi/service_ws/install/turtlesim/share/turtlesim/srv/Spawn_Response.msg
[43.987s] -- Installing: /home/aashvi/service_ws/install/turtlesim/share/turtlesim/srv/TeleportAbsolute.srv
[43.987s] -- Installing: /home/aashvi/service_ws/install/turtlesim/share/turtlesim/srv/TeleportAbsolute_Request.msg
[43.988s] -- Installing: /home/aashvi/service_ws/install/turtlesim/share/turtlesim/srv/TeleportAbsolute_Response.msg
[43.988s] -- Installing: /home/aashvi/service_ws/install/turtlesim/share/turtlesim/srv/TeleportRelative.srv
[43.988s] -- Installing: /home/aashvi/service_ws/install/turtlesim/share/turtlesim/srv/TeleportRelative_Request.msg
[43.988s] -- Installing: /home/aashvi/service_ws/install/turtlesim/share/turtlesim/srv/TeleportRelative_Response.msg
[43.988s] -- Installing: /home/aashvi/service_ws/install/turtlesim/lib/turtlesim/turtlesim_node
[43.992s] -- Set runtime path of "/home/aashvi/service_ws/install/turtlesim/lib/turtlesim/turtlesim_node" to ""
[43.992s] -- Installing: /home/aashvi/service_ws/install/turtlesim/lib/turtlesim/turtle_teleop_key
[43.994s] -- Set runtime path of "/home/aashvi/service_ws/install/turtlesim/lib/turtlesim/turtle_teleop_key" to ""
[43.994s] -- Installing: /home/aashvi/service_ws/install/turtlesim/lib/turtlesim/draw_square
[43.996s] -- Set runtime path of "/home/aashvi/service_ws/install/turtlesim/lib/turtlesim/draw_square" to ""
[43.997s] -- Installing: /home/aashvi/service_ws/install/turtlesim/lib/turtlesim/mimic
[44.000s] -- Set runtime path of "/home/aashvi/service_ws/install/turtlesim/lib/turtlesim/mimic" to ""
[44.000s] -- Installing: /home/aashvi/service_ws/install/turtlesim/share/turtlesim/images
[44.000s] -- Installing: /home/aashvi/service_ws/install/turtlesim/share/turtlesim/images/dashing.png
[44.000s] -- Installing: /home/aashvi/service_ws/install/turtlesim/share/turtlesim/images/ardent.png
[44.001s] -- Installing: /home/aashvi/service_ws/install/turtlesim/share/turtlesim/images/rolling.png
[44.001s] -- Installing: /home/aashvi/service_ws/install/turtlesim/share/turtlesim/images/crystal.png
[44.001s] -- Installing: /home/aashvi/service_ws/install/turtlesim/share/turtlesim/images/galactic.png
[44.001s] -- Installing: /home/aashvi/service_ws/install/turtlesim/share/turtlesim/images/humble.png
[44.001s] -- Installing: /home/aashvi/service_ws/install/turtlesim/share/turtlesim/images/foxy.png
[44.002s] -- Installing: /home/aashvi/service_ws/install/turtlesim/share/turtlesim/images/bouncy.png
[44.002s] -- Installing: /home/aashvi/service_ws/install/turtlesim/share/turtlesim/images/eloquent.png
[44.002s] -- Installing: /home/aashvi/service_ws/install/turtlesim/share/turtlesim/launch
[44.002s] -- Installing: /home/aashvi/service_ws/install/turtlesim/share/turtlesim/launch/multisim.launch.py
[44.002s] -- Installing: /home/aashvi/service_ws/install/turtlesim/share/ament_index/resource_index/package_run_dependencies/turtlesim
[44.002s] -- Installing: /home/aashvi/service_ws/install/turtlesim/share/ament_index/resource_index/parent_prefix_path/turtlesim
[44.003s] -- Installing: /home/aashvi/service_ws/install/turtlesim/share/turtlesim/environment/ament_prefix_path.sh
[44.003s] -- Installing: /home/aashvi/service_ws/install/turtlesim/share/turtlesim/environment/ament_prefix_path.dsv
[44.003s] -- Installing: /home/aashvi/service_ws/install/turtlesim/share/turtlesim/environment/path.sh
[44.003s] -- Installing: /home/aashvi/service_ws/install/turtlesim/share/turtlesim/environment/path.dsv
[44.004s] -- Installing: /home/aashvi/service_ws/install/turtlesim/share/turtlesim/local_setup.bash
[44.004s] -- Installing: /home/aashvi/service_ws/install/turtlesim/share/turtlesim/local_setup.sh
[44.004s] -- Installing: /home/aashvi/service_ws/install/turtlesim/share/turtlesim/local_setup.zsh
[44.004s] -- Installing: /home/aashvi/service_ws/install/turtlesim/share/turtlesim/local_setup.dsv
[44.004s] -- Installing: /home/aashvi/service_ws/install/turtlesim/share/turtlesim/package.dsv
[44.004s] -- Installing: /home/aashvi/service_ws/install/turtlesim/share/ament_index/resource_index/packages/turtlesim
[44.004s] -- Installing: /home/aashvi/service_ws/install/turtlesim/share/turtlesim/cmake/export_turtlesim__rosidl_generator_cExport.cmake
[44.005s] -- Installing: /home/aashvi/service_ws/install/turtlesim/share/turtlesim/cmake/export_turtlesim__rosidl_generator_cExport-noconfig.cmake
[44.005s] -- Installing: /home/aashvi/service_ws/install/turtlesim/share/turtlesim/cmake/export_turtlesim__rosidl_typesupport_fastrtps_cExport.cmake
[44.005s] -- Installing: /home/aashvi/service_ws/install/turtlesim/share/turtlesim/cmake/export_turtlesim__rosidl_typesupport_fastrtps_cExport-noconfig.cmake
[44.005s] -- Installing: /home/aashvi/service_ws/install/turtlesim/share/turtlesim/cmake/export_turtlesim__rosidl_generator_cppExport.cmake
[44.005s] -- Installing: /home/aashvi/service_ws/install/turtlesim/share/turtlesim/cmake/export_turtlesim__rosidl_typesupport_fastrtps_cppExport.cmake
[44.005s] -- Installing: /home/aashvi/service_ws/install/turtlesim/share/turtlesim/cmake/export_turtlesim__rosidl_typesupport_fastrtps_cppExport-noconfig.cmake
[44.005s] -- Installing: /home/aashvi/service_ws/install/turtlesim/share/turtlesim/cmake/turtlesim__rosidl_typesupport_introspection_cExport.cmake
[44.006s] -- Installing: /home/aashvi/service_ws/install/turtlesim/share/turtlesim/cmake/turtlesim__rosidl_typesupport_introspection_cExport-noconfig.cmake
[44.006s] -- Installing: /home/aashvi/service_ws/install/turtlesim/share/turtlesim/cmake/turtlesim__rosidl_typesupport_cExport.cmake
[44.006s] -- Installing: /home/aashvi/service_ws/install/turtlesim/share/turtlesim/cmake/turtlesim__rosidl_typesupport_cExport-noconfig.cmake
[44.006s] -- Installing: /home/aashvi/service_ws/install/turtlesim/share/turtlesim/cmake/turtlesim__rosidl_typesupport_introspection_cppExport.cmake
[44.006s] -- Installing: /home/aashvi/service_ws/install/turtlesim/share/turtlesim/cmake/turtlesim__rosidl_typesupport_introspection_cppExport-noconfig.cmake
[44.007s] -- Installing: /home/aashvi/service_ws/install/turtlesim/share/turtlesim/cmake/turtlesim__rosidl_typesupport_cppExport.cmake
[44.007s] -- Installing: /home/aashvi/service_ws/install/turtlesim/share/turtlesim/cmake/turtlesim__rosidl_typesupport_cppExport-noconfig.cmake
[44.007s] -- Installing: /home/aashvi/service_ws/install/turtlesim/share/turtlesim/cmake/export_turtlesim__rosidl_generator_pyExport.cmake
[44.007s] -- Installing: /home/aashvi/service_ws/install/turtlesim/share/turtlesim/cmake/export_turtlesim__rosidl_generator_pyExport-noconfig.cmake
[44.007s] -- Installing: /home/aashvi/service_ws/install/turtlesim/share/turtlesim/cmake/rosidl_cmake-extras.cmake
[44.008s] -- Installing: /home/aashvi/service_ws/install/turtlesim/share/turtlesim/cmake/ament_cmake_export_dependencies-extras.cmake
[44.008s] -- Installing: /home/aashvi/service_ws/install/turtlesim/share/turtlesim/cmake/ament_cmake_export_include_directories-extras.cmake
[44.008s] -- Installing: /home/aashvi/service_ws/install/turtlesim/share/turtlesim/cmake/ament_cmake_export_libraries-extras.cmake
[44.008s] -- Installing: /home/aashvi/service_ws/install/turtlesim/share/turtlesim/cmake/ament_cmake_export_targets-extras.cmake
[44.008s] -- Installing: /home/aashvi/service_ws/install/turtlesim/share/turtlesim/cmake/rosidl_cmake_export_typesupport_targets-extras.cmake
[44.008s] -- Installing: /home/aashvi/service_ws/install/turtlesim/share/turtlesim/cmake/rosidl_cmake_export_typesupport_libraries-extras.cmake
[44.008s] -- Installing: /home/aashvi/service_ws/install/turtlesim/share/turtlesim/cmake/turtlesimConfig.cmake
[44.009s] -- Installing: /home/aashvi/service_ws/install/turtlesim/share/turtlesim/cmake/turtlesimConfig-version.cmake
[44.009s] -- Installing: /home/aashvi/service_ws/install/turtlesim/share/turtlesim/package.xml
[44.010s] Invoked command in '/home/aashvi/service_ws/build/turtlesim' returned '0': CMAKE_PREFIX_PATH=${CMAKE_PREFIX_PATH}:/home/aashvi/ros2_ws/install/turtle_mover:/home/aashvi/ros2_ws/install/my_robot_controller:/home/aashvi/ros2_ws/install/py_pubsub:/home/aashvi/ros2_ws/install/my_package:/opt/ros/humble /usr/bin/cmake --install /home/aashvi/service_ws/build/turtlesim
