[0.420s] Invoking command in '/home/aashvi/launch_ws/src/launch_tutorial': PYTHONPATH=/home/aashvi/launch_ws/build/launch_tutorial/prefix_override:/usr/lib/python3/dist-packages/colcon_core/task/python/colcon_distutils_commands:/home/aashvi/launch_ws/install/launch_tutorial/lib/python3.10/site-packages:${PYTHONPATH} /usr/bin/python3 -W ignore:setup.py install is deprecated -W ignore:easy_install command is deprecated setup.py egg_info --egg-base ../../build/launch_tutorial build --build-base /home/aashvi/launch_ws/build/launch_tutorial/build install --record /home/aashvi/launch_ws/build/launch_tutorial/install.log --single-version-externally-managed install_data
[0.530s] running egg_info
[0.530s] creating ../../build/launch_tutorial/launch_tutorial.egg-info
[0.530s] writing ../../build/launch_tutorial/launch_tutorial.egg-info/PKG-INFO
[0.530s] writing dependency_links to ../../build/launch_tutorial/launch_tutorial.egg-info/dependency_links.txt
[0.530s] writing entry points to ../../build/launch_tutorial/launch_tutorial.egg-info/entry_points.txt
[0.530s] writing requirements to ../../build/launch_tutorial/launch_tutorial.egg-info/requires.txt
[0.530s] writing top-level names to ../../build/launch_tutorial/launch_tutorial.egg-info/top_level.txt
[0.530s] writing manifest file '../../build/launch_tutorial/launch_tutorial.egg-info/SOURCES.txt'
[0.533s] reading manifest file '../../build/launch_tutorial/launch_tutorial.egg-info/SOURCES.txt'
[0.533s] adding license file 'LICENSE'
[0.533s] writing manifest file '../../build/launch_tutorial/launch_tutorial.egg-info/SOURCES.txt'
[0.533s] running build
[0.533s] running build_py
[0.533s] creating /home/aashvi/launch_ws/build/launch_tutorial/build
[0.534s] creating /home/aashvi/launch_ws/build/launch_tutorial/build/lib
[0.534s] creating /home/aashvi/launch_ws/build/launch_tutorial/build/lib/launch_tutorial
[0.534s] copying launch_tutorial/__init__.py -> /home/aashvi/launch_ws/build/launch_tutorial/build/lib/launch_tutorial
[0.534s] running install
[0.534s] running install_lib
[0.535s] creating /home/aashvi/launch_ws/install/launch_tutorial/lib/python3.10/site-packages/launch_tutorial
[0.535s] copying /home/aashvi/launch_ws/build/launch_tutorial/build/lib/launch_tutorial/__init__.py -> /home/aashvi/launch_ws/install/launch_tutorial/lib/python3.10/site-packages/launch_tutorial
[0.535s] byte-compiling /home/aashvi/launch_ws/install/launch_tutorial/lib/python3.10/site-packages/launch_tutorial/__init__.py to __init__.cpython-310.pyc
[0.535s] running install_data
[0.536s] creating /home/aashvi/launch_ws/install/launch_tutorial/share/ament_index
[0.536s] creating /home/aashvi/launch_ws/install/launch_tutorial/share/ament_index/resource_index
[0.536s] creating /home/aashvi/launch_ws/install/launch_tutorial/share/ament_index/resource_index/packages
[0.536s] copying resource/launch_tutorial -> /home/aashvi/launch_ws/install/launch_tutorial/share/ament_index/resource_index/packages
[0.536s] copying package.xml -> /home/aashvi/launch_ws/install/launch_tutorial/share/launch_tutorial
[0.536s] creating /home/aashvi/launch_ws/install/launch_tutorial/share/launch_tutorial/launch
[0.536s] copying launch/example_substitutions.launch.py -> /home/aashvi/launch_ws/install/launch_tutorial/share/launch_tutorial/launch
[0.536s] copying launch/example_event_handlers.launch.py -> /home/aashvi/launch_ws/install/launch_tutorial/share/launch_tutorial/launch
[0.536s] copying launch/example_main.launch.py -> /home/aashvi/launch_ws/install/launch_tutorial/share/launch_tutorial/launch
[0.536s] running install_egg_info
[0.537s] Copying ../../build/launch_tutorial/launch_tutorial.egg-info to /home/aashvi/launch_ws/install/launch_tutorial/lib/python3.10/site-packages/launch_tutorial-0.0.0-py3.10.egg-info
[0.537s] running install_scripts
[0.547s] writing list of installed files to '/home/aashvi/launch_ws/build/launch_tutorial/install.log'
[0.558s] Invoked command in '/home/aashvi/launch_ws/src/launch_tutorial' returned '0': PYTHONPATH=/home/aashvi/launch_ws/build/launch_tutorial/prefix_override:/usr/lib/python3/dist-packages/colcon_core/task/python/colcon_distutils_commands:/home/aashvi/launch_ws/install/launch_tutorial/lib/python3.10/site-packages:${PYTHONPATH} /usr/bin/python3 -W ignore:setup.py install is deprecated -W ignore:easy_install command is deprecated setup.py egg_info --egg-base ../../build/launch_tutorial build --build-base /home/aashvi/launch_ws/build/launch_tutorial/build install --record /home/aashvi/launch_ws/build/launch_tutorial/install.log --single-version-externally-managed install_data
