[0.014s] Invoking command in '/Users/aashvibudia/urdf_ws/build/urdf_sim_tutorial': AMENT_PREFIX_PATH=/Users/aashvibudia/urdf_ws/install/urdf_tutorial:/Users/aashvibudia/urdf_ws/install/urdf_launch:${AMENT_PREFIX_PATH} CMAKE_PREFIX_PATH=/Users/aashvibudia/urdf_ws/install/urdf_tutorial:/Users/aashvibudia/urdf_ws/install/urdf_launch:/Users/aashvibudia/miniconda3/envs/ros_humble:/Users/aashvibudia/urdf_ws/install/urdf_tutorial_r2d2 CONDA_PROMPT_MODIFIER=(ros_humble) SHLVL=2 _=/Users/aashvibudia/miniconda3/envs/ros_humble/bin/env __CF_USER_TEXT_ENCODING=0x1F5:0x0:0x0 /Users/aashvibudia/miniconda3/envs/ros_humble/bin/cmake /Users/aashvibudia/urdf_ws/src/urdf_sim_tutorial -DCMAKE_INSTALL_PREFIX=/Users/aashvibudia/urdf_ws/install/urdf_sim_tutorial
[0.114s] -- The C compiler identification is Clang 18.1.7
[0.188s] -- The CXX compiler identification is Clang 18.1.7
[0.218s] -- Detecting C compiler ABI info
[0.379s] -- Detecting C compiler ABI info - done
[0.382s] -- Check for working C compiler: /Users/aashvibudia/miniconda3/envs/ros_humble/bin/arm64-apple-darwin20.0.0-clang - skipped
[0.382s] -- Detecting C compile features
[0.383s] -- Detecting C compile features - done
[0.409s] -- Detecting CXX compiler ABI info
[0.572s] -- Detecting CXX compiler ABI info - done
[0.576s] -- Check for working CXX compiler: /Users/aashvibudia/miniconda3/envs/ros_humble/bin/arm64-apple-darwin20.0.0-clang++ - skipped
[0.576s] -- Detecting CXX compile features
[0.576s] -- Detecting CXX compile features - done
[0.584s] -- Found ament_cmake: 1.3.7 (/Users/aashvibudia/miniconda3/envs/ros_humble/share/ament_cmake/cmake)
[0.997s] -- Found Python3: /Library/Frameworks/Python.framework/Versions/3.12/bin/python3.12 (found version "3.12.6") found components: Interpreter 
[1.197s] -- Configuring done (1.2s)
[1.209s] -- Generating done (0.0s)
[1.211s] -- Build files have been written to: /Users/aashvibudia/urdf_ws/build/urdf_sim_tutorial
[1.212s] Invoked command in '/Users/aashvibudia/urdf_ws/build/urdf_sim_tutorial' returned '0': AMENT_PREFIX_PATH=/Users/aashvibudia/urdf_ws/install/urdf_tutorial:/Users/aashvibudia/urdf_ws/install/urdf_launch:${AMENT_PREFIX_PATH} CMAKE_PREFIX_PATH=/Users/aashvibudia/urdf_ws/install/urdf_tutorial:/Users/aashvibudia/urdf_ws/install/urdf_launch:/Users/aashvibudia/miniconda3/envs/ros_humble:/Users/aashvibudia/urdf_ws/install/urdf_tutorial_r2d2 CONDA_PROMPT_MODIFIER=(ros_humble) SHLVL=2 _=/Users/aashvibudia/miniconda3/envs/ros_humble/bin/env __CF_USER_TEXT_ENCODING=0x1F5:0x0:0x0 /Users/aashvibudia/miniconda3/envs/ros_humble/bin/cmake /Users/aashvibudia/urdf_ws/src/urdf_sim_tutorial -DCMAKE_INSTALL_PREFIX=/Users/aashvibudia/urdf_ws/install/urdf_sim_tutorial
[1.214s] Invoking command in '/Users/aashvibudia/urdf_ws/build/urdf_sim_tutorial': AMENT_PREFIX_PATH=/Users/aashvibudia/urdf_ws/install/urdf_tutorial:/Users/aashvibudia/urdf_ws/install/urdf_launch:${AMENT_PREFIX_PATH} CMAKE_PREFIX_PATH=/Users/aashvibudia/urdf_ws/install/urdf_tutorial:/Users/aashvibudia/urdf_ws/install/urdf_launch:/Users/aashvibudia/miniconda3/envs/ros_humble:/Users/aashvibudia/urdf_ws/install/urdf_tutorial_r2d2 CONDA_PROMPT_MODIFIER=(ros_humble) SHLVL=2 _=/Users/aashvibudia/miniconda3/envs/ros_humble/bin/env __CF_USER_TEXT_ENCODING=0x1F5:0x0:0x0 /Users/aashvibudia/miniconda3/envs/ros_humble/bin/cmake --build /Users/aashvibudia/urdf_ws/build/urdf_sim_tutorial -- -j8 -l8
[1.264s] Invoked command in '/Users/aashvibudia/urdf_ws/build/urdf_sim_tutorial' returned '0': AMENT_PREFIX_PATH=/Users/aashvibudia/urdf_ws/install/urdf_tutorial:/Users/aashvibudia/urdf_ws/install/urdf_launch:${AMENT_PREFIX_PATH} CMAKE_PREFIX_PATH=/Users/aashvibudia/urdf_ws/install/urdf_tutorial:/Users/aashvibudia/urdf_ws/install/urdf_launch:/Users/aashvibudia/miniconda3/envs/ros_humble:/Users/aashvibudia/urdf_ws/install/urdf_tutorial_r2d2 CONDA_PROMPT_MODIFIER=(ros_humble) SHLVL=2 _=/Users/aashvibudia/miniconda3/envs/ros_humble/bin/env __CF_USER_TEXT_ENCODING=0x1F5:0x0:0x0 /Users/aashvibudia/miniconda3/envs/ros_humble/bin/cmake --build /Users/aashvibudia/urdf_ws/build/urdf_sim_tutorial -- -j8 -l8
[1.337s] Invoking command in '/Users/aashvibudia/urdf_ws/build/urdf_sim_tutorial': AMENT_PREFIX_PATH=/Users/aashvibudia/urdf_ws/install/urdf_tutorial:/Users/aashvibudia/urdf_ws/install/urdf_launch:${AMENT_PREFIX_PATH} CMAKE_PREFIX_PATH=/Users/aashvibudia/urdf_ws/install/urdf_tutorial:/Users/aashvibudia/urdf_ws/install/urdf_launch:/Users/aashvibudia/miniconda3/envs/ros_humble:/Users/aashvibudia/urdf_ws/install/urdf_tutorial_r2d2 CONDA_PROMPT_MODIFIER=(ros_humble) SHLVL=2 _=/Users/aashvibudia/miniconda3/envs/ros_humble/bin/env __CF_USER_TEXT_ENCODING=0x1F5:0x0:0x0 /Users/aashvibudia/miniconda3/envs/ros_humble/bin/cmake --install /Users/aashvibudia/urdf_ws/build/urdf_sim_tutorial
[1.347s] -- Install configuration: ""
[1.347s] -- Installing: /Users/aashvibudia/urdf_ws/install/urdf_sim_tutorial/share/urdf_sim_tutorial/config
[1.347s] -- Installing: /Users/aashvibudia/urdf_ws/install/urdf_sim_tutorial/share/urdf_sim_tutorial/config/joints.yaml
[1.347s] -- Installing: /Users/aashvibudia/urdf_ws/install/urdf_sim_tutorial/share/urdf_sim_tutorial/config/diffdrive.yaml
[1.348s] -- Installing: /Users/aashvibudia/urdf_ws/install/urdf_sim_tutorial/share/urdf_sim_tutorial/config/head.yaml
[1.348s] -- Installing: /Users/aashvibudia/urdf_ws/install/urdf_sim_tutorial/share/urdf_sim_tutorial/config/gripper.yaml
[1.348s] -- Installing: /Users/aashvibudia/urdf_ws/install/urdf_sim_tutorial/share/urdf_sim_tutorial/config/mimic-gripper.yaml
[1.348s] -- Installing: /Users/aashvibudia/urdf_ws/install/urdf_sim_tutorial/share/urdf_sim_tutorial/config/09a-minimal.yaml
[1.348s] -- Installing: /Users/aashvibudia/urdf_ws/install/urdf_sim_tutorial/share/urdf_sim_tutorial/launch
[1.348s] -- Installing: /Users/aashvibudia/urdf_ws/install/urdf_sim_tutorial/share/urdf_sim_tutorial/launch/12-gripper.launch.py
[1.349s] -- Installing: /Users/aashvibudia/urdf_ws/install/urdf_sim_tutorial/share/urdf_sim_tutorial/launch/gazebo.launch.py
[1.349s] -- Installing: /Users/aashvibudia/urdf_ws/install/urdf_sim_tutorial/share/urdf_sim_tutorial/launch/10-head.launch.py
[1.349s] -- Installing: /Users/aashvibudia/urdf_ws/install/urdf_sim_tutorial/share/urdf_sim_tutorial/launch/09-joints.launch.py
[1.349s] -- Installing: /Users/aashvibudia/urdf_ws/install/urdf_sim_tutorial/share/urdf_sim_tutorial/launch/13-diffdrive.launch.py
[1.349s] -- Installing: /Users/aashvibudia/urdf_ws/install/urdf_sim_tutorial/share/urdf_sim_tutorial/launch/09a-minimal.launch.py
[1.349s] -- Installing: /Users/aashvibudia/urdf_ws/install/urdf_sim_tutorial/share/urdf_sim_tutorial/rviz
[1.349s] -- Installing: /Users/aashvibudia/urdf_ws/install/urdf_sim_tutorial/share/urdf_sim_tutorial/rviz/odom_urdf.rviz
[1.350s] -- Installing: /Users/aashvibudia/urdf_ws/install/urdf_sim_tutorial/share/urdf_sim_tutorial/urdf
[1.350s] -- Installing: /Users/aashvibudia/urdf_ws/install/urdf_sim_tutorial/share/urdf_sim_tutorial/urdf/09-publishjoints.urdf.xacro
[1.350s] -- Installing: /Users/aashvibudia/urdf_ws/install/urdf_sim_tutorial/share/urdf_sim_tutorial/urdf/10-firsttransmission.urdf.xacro
[1.350s] -- Installing: /Users/aashvibudia/urdf_ws/install/urdf_sim_tutorial/share/urdf_sim_tutorial/urdf/11-limittransmission.urdf.xacro
[1.350s] -- Installing: /Users/aashvibudia/urdf_ws/install/urdf_sim_tutorial/share/urdf_sim_tutorial/urdf/12-gripper.urdf.xacro
[1.351s] -- Installing: /Users/aashvibudia/urdf_ws/install/urdf_sim_tutorial/share/urdf_sim_tutorial/urdf/09a-minimal.urdf.xacro
[1.351s] -- Installing: /Users/aashvibudia/urdf_ws/install/urdf_sim_tutorial/share/urdf_sim_tutorial/urdf/13-diffdrive.urdf.xacro
[1.351s] -- Installing: /Users/aashvibudia/urdf_ws/install/urdf_sim_tutorial/share/urdf_sim_tutorial/urdf/12a-mimic-gripper.urdf.xacro
[1.351s] -- Installing: /Users/aashvibudia/urdf_ws/install/urdf_sim_tutorial/share/ament_index/resource_index/package_run_dependencies/urdf_sim_tutorial
[1.351s] -- Installing: /Users/aashvibudia/urdf_ws/install/urdf_sim_tutorial/share/ament_index/resource_index/parent_prefix_path/urdf_sim_tutorial
[1.352s] -- Installing: /Users/aashvibudia/urdf_ws/install/urdf_sim_tutorial/share/urdf_sim_tutorial/environment/ament_prefix_path.sh
[1.352s] -- Installing: /Users/aashvibudia/urdf_ws/install/urdf_sim_tutorial/share/urdf_sim_tutorial/environment/ament_prefix_path.dsv
[1.352s] -- Installing: /Users/aashvibudia/urdf_ws/install/urdf_sim_tutorial/share/urdf_sim_tutorial/environment/path.sh
[1.353s] -- Installing: /Users/aashvibudia/urdf_ws/install/urdf_sim_tutorial/share/urdf_sim_tutorial/environment/path.dsv
[1.353s] -- Installing: /Users/aashvibudia/urdf_ws/install/urdf_sim_tutorial/share/urdf_sim_tutorial/local_setup.bash
[1.353s] -- Installing: /Users/aashvibudia/urdf_ws/install/urdf_sim_tutorial/share/urdf_sim_tutorial/local_setup.sh
[1.353s] -- Installing: /Users/aashvibudia/urdf_ws/install/urdf_sim_tutorial/share/urdf_sim_tutorial/local_setup.zsh
[1.354s] -- Installing: /Users/aashvibudia/urdf_ws/install/urdf_sim_tutorial/share/urdf_sim_tutorial/local_setup.dsv
[1.354s] -- Installing: /Users/aashvibudia/urdf_ws/install/urdf_sim_tutorial/share/urdf_sim_tutorial/package.dsv
[1.355s] -- Installing: /Users/aashvibudia/urdf_ws/install/urdf_sim_tutorial/share/ament_index/resource_index/packages/urdf_sim_tutorial
[1.355s] -- Installing: /Users/aashvibudia/urdf_ws/install/urdf_sim_tutorial/share/urdf_sim_tutorial/cmake/urdf_sim_tutorialConfig.cmake
[1.355s] -- Installing: /Users/aashvibudia/urdf_ws/install/urdf_sim_tutorial/share/urdf_sim_tutorial/cmake/urdf_sim_tutorialConfig-version.cmake
[1.356s] -- Installing: /Users/aashvibudia/urdf_ws/install/urdf_sim_tutorial/share/urdf_sim_tutorial/package.xml
[1.357s] Invoked command in '/Users/aashvibudia/urdf_ws/build/urdf_sim_tutorial' returned '0': AMENT_PREFIX_PATH=/Users/aashvibudia/urdf_ws/install/urdf_tutorial:/Users/aashvibudia/urdf_ws/install/urdf_launch:${AMENT_PREFIX_PATH} CMAKE_PREFIX_PATH=/Users/aashvibudia/urdf_ws/install/urdf_tutorial:/Users/aashvibudia/urdf_ws/install/urdf_launch:/Users/aashvibudia/miniconda3/envs/ros_humble:/Users/aashvibudia/urdf_ws/install/urdf_tutorial_r2d2 CONDA_PROMPT_MODIFIER=(ros_humble) SHLVL=2 _=/Users/aashvibudia/miniconda3/envs/ros_humble/bin/env __CF_USER_TEXT_ENCODING=0x1F5:0x0:0x0 /Users/aashvibudia/miniconda3/envs/ros_humble/bin/cmake --install /Users/aashvibudia/urdf_ws/build/urdf_sim_tutorial
