[0.921s] [34mcolcon[0m [1;30mDEBUG[0m [32mCommand line arguments: ['/Users/dgawade/miniconda3/envs/ros_env/bin/colcon', 'build'][0m
[0.921s] [34mcolcon[0m [1;30mDEBUG[0m [32mParsed command line arguments: Namespace(log_base=None, log_level=None, verb_name='build', build_base='build', install_base='install', merge_install=False, symlink_install=False, test_result_base=None, continue_on_error=False, executor='parallel', parallel_workers=4, event_handlers=None, ignore_user_meta=False, metas=['./colcon.meta'], base_paths=['.'], packages_ignore=None, packages_ignore_regex=None, paths=None, packages_up_to=None, packages_up_to_regex=None, packages_above=None, packages_above_and_dependencies=None, packages_above_depth=None, packages_select_by_dep=None, packages_skip_by_dep=None, packages_skip_up_to=None, packages_select_build_failed=False, packages_skip_build_finished=False, packages_select_test_failures=False, packages_skip_test_passed=False, packages_select=None, packages_skip=None, packages_select_regex=None, packages_skip_regex=None, packages_start=None, packages_end=None, cmake_args=None, cmake_target=None, cmake_target_skip_unavailable=False, cmake_clean_cache=False, cmake_clean_first=False, cmake_force_configure=False, ament_cmake_args=None, catkin_cmake_args=None, catkin_skip_building_tests=False, verb_parser=<colcon_defaults.argument_parser.defaults.DefaultArgumentsDecorator object at 0x10a4a8490>, verb_extension=<colcon_core.verb.build.BuildVerb object at 0x10a49fd50>, main=<bound method BuildVerb.main of <colcon_core.verb.build.BuildVerb object at 0x10a49fd50>>)[0m
[1.061s] [34mcolcon.colcon_core.package_discovery[0m [1;30mLevel 1[0m discover_packages(colcon_meta) check parameters
[1.061s] [34mcolcon.colcon_core.package_discovery[0m [1;30mLevel 1[0m discover_packages(recursive) check parameters
[1.061s] [34mcolcon.colcon_core.package_discovery[0m [1;30mLevel 1[0m discover_packages(ignore) check parameters
[1.061s] [34mcolcon.colcon_core.package_discovery[0m [1;30mLevel 1[0m discover_packages(path) check parameters
[1.061s] [34mcolcon.colcon_core.package_discovery[0m [1;30mLevel 1[0m discover_packages(colcon_meta) discover
[1.062s] [34mcolcon.colcon_core.package_discovery[0m [1;30mLevel 1[0m discover_packages(recursive) discover
[1.062s] [34mcolcon.colcon_core.package_discovery[0m [1;30mINFO[0m Crawling recursively for packages in '/Users/dgawade/ros_rviz'
[1.062s] [34mcolcon.colcon_core.package_identification[0m [1;30mLevel 1[0m _identify(.) by extensions ['ignore', 'ignore_ament_install']
[1.062s] [34mcolcon.colcon_core.package_identification[0m [1;30mLevel 1[0m _identify(.) by extension 'ignore'
[1.062s] [34mcolcon.colcon_core.package_identification[0m [1;30mLevel 1[0m _identify(.) by extension 'ignore_ament_install'
[1.062s] [34mcolcon.colcon_core.package_identification[0m [1;30mLevel 1[0m _identify(.) by extensions ['colcon_pkg']
[1.062s] [34mcolcon.colcon_core.package_identification[0m [1;30mLevel 1[0m _identify(.) by extension 'colcon_pkg'
[1.063s] [34mcolcon.colcon_core.package_identification[0m [1;30mLevel 1[0m _identify(.) by extensions ['colcon_meta']
[1.063s] [34mcolcon.colcon_core.package_identification[0m [1;30mLevel 1[0m _identify(.) by extension 'colcon_meta'
[1.063s] [34mcolcon.colcon_core.package_identification[0m [1;30mLevel 1[0m _identify(.) by extensions ['ros']
[1.063s] [34mcolcon.colcon_core.package_identification[0m [1;30mLevel 1[0m _identify(.) by extension 'ros'
[1.138s] [34mcolcon.colcon_core.package_identification[0m [1;30mLevel 1[0m _identify(.) by extensions ['cmake', 'python']
[1.138s] [34mcolcon.colcon_core.package_identification[0m [1;30mLevel 1[0m _identify(.) by extension 'cmake'
[1.138s] [34mcolcon.colcon_core.package_identification[0m [1;30mLevel 1[0m _identify(.) by extension 'python'
[1.138s] [34mcolcon.colcon_core.package_identification[0m [1;30mLevel 1[0m _identify(.) by extensions ['python_setup_py']
[1.138s] [34mcolcon.colcon_core.package_identification[0m [1;30mLevel 1[0m _identify(.) by extension 'python_setup_py'
[1.139s] [34mcolcon.colcon_core.package_identification[0m [1;30mLevel 1[0m _identify(build) by extensions ['ignore', 'ignore_ament_install']
[1.139s] [34mcolcon.colcon_core.package_identification[0m [1;30mLevel 1[0m _identify(build) by extension 'ignore'
[1.139s] [34mcolcon.colcon_core.package_identification[0m [1;30mLevel 1[0m _identify(build) ignored
[1.140s] [34mcolcon.colcon_core.package_identification[0m [1;30mLevel 1[0m _identify(install) by extensions ['ignore', 'ignore_ament_install']
[1.140s] [34mcolcon.colcon_core.package_identification[0m [1;30mLevel 1[0m _identify(install) by extension 'ignore'
[1.140s] [34mcolcon.colcon_core.package_identification[0m [1;30mLevel 1[0m _identify(install) ignored
[1.140s] [34mcolcon.colcon_core.package_identification[0m [1;30mLevel 1[0m _identify(log) by extensions ['ignore', 'ignore_ament_install']
[1.140s] [34mcolcon.colcon_core.package_identification[0m [1;30mLevel 1[0m _identify(log) by extension 'ignore'
[1.141s] [34mcolcon.colcon_core.package_identification[0m [1;30mLevel 1[0m _identify(log) ignored
[1.141s] [34mcolcon.colcon_core.package_identification[0m [1;30mLevel 1[0m _identify(src) by extensions ['ignore', 'ignore_ament_install']
[1.141s] [34mcolcon.colcon_core.package_identification[0m [1;30mLevel 1[0m _identify(src) by extension 'ignore'
[1.141s] [34mcolcon.colcon_core.package_identification[0m [1;30mLevel 1[0m _identify(src) by extension 'ignore_ament_install'
[1.141s] [34mcolcon.colcon_core.package_identification[0m [1;30mLevel 1[0m _identify(src) by extensions ['colcon_pkg']
[1.141s] [34mcolcon.colcon_core.package_identification[0m [1;30mLevel 1[0m _identify(src) by extension 'colcon_pkg'
[1.141s] [34mcolcon.colcon_core.package_identification[0m [1;30mLevel 1[0m _identify(src) by extensions ['colcon_meta']
[1.141s] [34mcolcon.colcon_core.package_identification[0m [1;30mLevel 1[0m _identify(src) by extension 'colcon_meta'
[1.142s] [34mcolcon.colcon_core.package_identification[0m [1;30mLevel 1[0m _identify(src) by extensions ['ros']
[1.142s] [34mcolcon.colcon_core.package_identification[0m [1;30mLevel 1[0m _identify(src) by extension 'ros'
[1.142s] [34mcolcon.colcon_core.package_identification[0m [1;30mLevel 1[0m _identify(src) by extensions ['cmake', 'python']
[1.142s] [34mcolcon.colcon_core.package_identification[0m [1;30mLevel 1[0m _identify(src) by extension 'cmake'
[1.142s] [34mcolcon.colcon_core.package_identification[0m [1;30mLevel 1[0m _identify(src) by extension 'python'
[1.142s] [34mcolcon.colcon_core.package_identification[0m [1;30mLevel 1[0m _identify(src) by extensions ['python_setup_py']
[1.142s] [34mcolcon.colcon_core.package_identification[0m [1;30mLevel 1[0m _identify(src) by extension 'python_setup_py'
[1.142s] [34mcolcon.colcon_core.package_identification[0m [1;30mLevel 1[0m _identify(src/rviz_plugin_tutorial) by extensions ['ignore', 'ignore_ament_install']
[1.143s] [34mcolcon.colcon_core.package_identification[0m [1;30mLevel 1[0m _identify(src/rviz_plugin_tutorial) by extension 'ignore'
[1.143s] [34mcolcon.colcon_core.package_identification[0m [1;30mLevel 1[0m _identify(src/rviz_plugin_tutorial) by extension 'ignore_ament_install'
[1.143s] [34mcolcon.colcon_core.package_identification[0m [1;30mLevel 1[0m _identify(src/rviz_plugin_tutorial) by extensions ['colcon_pkg']
[1.143s] [34mcolcon.colcon_core.package_identification[0m [1;30mLevel 1[0m _identify(src/rviz_plugin_tutorial) by extension 'colcon_pkg'
[1.143s] [34mcolcon.colcon_core.package_identification[0m [1;30mLevel 1[0m _identify(src/rviz_plugin_tutorial) by extensions ['colcon_meta']
[1.143s] [34mcolcon.colcon_core.package_identification[0m [1;30mLevel 1[0m _identify(src/rviz_plugin_tutorial) by extension 'colcon_meta'
[1.143s] [34mcolcon.colcon_core.package_identification[0m [1;30mLevel 1[0m _identify(src/rviz_plugin_tutorial) by extensions ['ros']
[1.143s] [34mcolcon.colcon_core.package_identification[0m [1;30mLevel 1[0m _identify(src/rviz_plugin_tutorial) by extension 'ros'
[1.143s] [34mcolcon.colcon_core.package_identification[0m [1;30mLevel 1[0m _identify(src/rviz_plugin_tutorial) by extensions ['cmake', 'python']
[1.143s] [34mcolcon.colcon_core.package_identification[0m [1;30mLevel 1[0m _identify(src/rviz_plugin_tutorial) by extension 'cmake'
[1.143s] [34mcolcon.colcon_core.package_identification[0m [1;30mLevel 1[0m _identify(src/rviz_plugin_tutorial) by extension 'python'
[1.144s] [34mcolcon.colcon_core.package_identification[0m [1;30mLevel 1[0m _identify(src/rviz_plugin_tutorial) by extensions ['python_setup_py']
[1.144s] [34mcolcon.colcon_core.package_identification[0m [1;30mLevel 1[0m _identify(src/rviz_plugin_tutorial) by extension 'python_setup_py'
[1.144s] [34mcolcon.colcon_core.package_identification[0m [1;30mLevel 1[0m _identify(src/rviz_plugin_tutorial/doc) by extensions ['ignore', 'ignore_ament_install']
[1.144s] [34mcolcon.colcon_core.package_identification[0m [1;30mLevel 1[0m _identify(src/rviz_plugin_tutorial/doc) by extension 'ignore'
[1.144s] [34mcolcon.colcon_core.package_identification[0m [1;30mLevel 1[0m _identify(src/rviz_plugin_tutorial/doc) by extension 'ignore_ament_install'
[1.144s] [34mcolcon.colcon_core.package_identification[0m [1;30mLevel 1[0m _identify(src/rviz_plugin_tutorial/doc) by extensions ['colcon_pkg']
[1.144s] [34mcolcon.colcon_core.package_identification[0m [1;30mLevel 1[0m _identify(src/rviz_plugin_tutorial/doc) by extension 'colcon_pkg'
[1.145s] [34mcolcon.colcon_core.package_identification[0m [1;30mLevel 1[0m _identify(src/rviz_plugin_tutorial/doc) by extensions ['colcon_meta']
[1.145s] [34mcolcon.colcon_core.package_identification[0m [1;30mLevel 1[0m _identify(src/rviz_plugin_tutorial/doc) by extension 'colcon_meta'
[1.145s] [34mcolcon.colcon_core.package_identification[0m [1;30mLevel 1[0m _identify(src/rviz_plugin_tutorial/doc) by extensions ['ros']
[1.145s] [34mcolcon.colcon_core.package_identification[0m [1;30mLevel 1[0m _identify(src/rviz_plugin_tutorial/doc) by extension 'ros'
[1.145s] [34mcolcon.colcon_core.package_identification[0m [1;30mLevel 1[0m _identify(src/rviz_plugin_tutorial/doc) by extensions ['cmake', 'python']
[1.145s] [34mcolcon.colcon_core.package_identification[0m [1;30mLevel 1[0m _identify(src/rviz_plugin_tutorial/doc) by extension 'cmake'
[1.145s] [34mcolcon.colcon_core.package_identification[0m [1;30mLevel 1[0m _identify(src/rviz_plugin_tutorial/doc) by extension 'python'
[1.145s] [34mcolcon.colcon_core.package_identification[0m [1;30mLevel 1[0m _identify(src/rviz_plugin_tutorial/doc) by extensions ['python_setup_py']
[1.145s] [34mcolcon.colcon_core.package_identification[0m [1;30mLevel 1[0m _identify(src/rviz_plugin_tutorial/doc) by extension 'python_setup_py'
[1.146s] [34mcolcon.colcon_core.package_identification[0m [1;30mLevel 1[0m _identify(src/rviz_plugin_tutorial/rviz_plugin_tutorial) by extensions ['ignore', 'ignore_ament_install']
[1.146s] [34mcolcon.colcon_core.package_identification[0m [1;30mLevel 1[0m _identify(src/rviz_plugin_tutorial/rviz_plugin_tutorial) by extension 'ignore'
[1.146s] [34mcolcon.colcon_core.package_identification[0m [1;30mLevel 1[0m _identify(src/rviz_plugin_tutorial/rviz_plugin_tutorial) by extension 'ignore_ament_install'
[1.146s] [34mcolcon.colcon_core.package_identification[0m [1;30mLevel 1[0m _identify(src/rviz_plugin_tutorial/rviz_plugin_tutorial) by extensions ['colcon_pkg']
[1.146s] [34mcolcon.colcon_core.package_identification[0m [1;30mLevel 1[0m _identify(src/rviz_plugin_tutorial/rviz_plugin_tutorial) by extension 'colcon_pkg'
[1.146s] [34mcolcon.colcon_core.package_identification[0m [1;30mLevel 1[0m _identify(src/rviz_plugin_tutorial/rviz_plugin_tutorial) by extensions ['colcon_meta']
[1.146s] [34mcolcon.colcon_core.package_identification[0m [1;30mLevel 1[0m _identify(src/rviz_plugin_tutorial/rviz_plugin_tutorial) by extension 'colcon_meta'
[1.146s] [34mcolcon.colcon_core.package_identification[0m [1;30mLevel 1[0m _identify(src/rviz_plugin_tutorial/rviz_plugin_tutorial) by extensions ['ros']
[1.146s] [34mcolcon.colcon_core.package_identification[0m [1;30mLevel 1[0m _identify(src/rviz_plugin_tutorial/rviz_plugin_tutorial) by extension 'ros'
[1.154s] [34mcolcon.colcon_core.package_identification[0m [1;30mDEBUG[0m [32mPackage 'src/rviz_plugin_tutorial/rviz_plugin_tutorial' with type 'ros.ament_cmake' and name 'rviz_plugin_tutorial'[0m
[1.155s] [34mcolcon.colcon_core.package_identification[0m [1;30mLevel 1[0m _identify(src/rviz_plugin_tutorial/rviz_plugin_tutorial_msgs) by extensions ['ignore', 'ignore_ament_install']
[1.155s] [34mcolcon.colcon_core.package_identification[0m [1;30mLevel 1[0m _identify(src/rviz_plugin_tutorial/rviz_plugin_tutorial_msgs) by extension 'ignore'
[1.155s] [34mcolcon.colcon_core.package_identification[0m [1;30mLevel 1[0m _identify(src/rviz_plugin_tutorial/rviz_plugin_tutorial_msgs) by extension 'ignore_ament_install'
[1.155s] [34mcolcon.colcon_core.package_identification[0m [1;30mLevel 1[0m _identify(src/rviz_plugin_tutorial/rviz_plugin_tutorial_msgs) by extensions ['colcon_pkg']
[1.155s] [34mcolcon.colcon_core.package_identification[0m [1;30mLevel 1[0m _identify(src/rviz_plugin_tutorial/rviz_plugin_tutorial_msgs) by extension 'colcon_pkg'
[1.155s] [34mcolcon.colcon_core.package_identification[0m [1;30mLevel 1[0m _identify(src/rviz_plugin_tutorial/rviz_plugin_tutorial_msgs) by extensions ['colcon_meta']
[1.155s] [34mcolcon.colcon_core.package_identification[0m [1;30mLevel 1[0m _identify(src/rviz_plugin_tutorial/rviz_plugin_tutorial_msgs) by extension 'colcon_meta'
[1.156s] [34mcolcon.colcon_core.package_identification[0m [1;30mLevel 1[0m _identify(src/rviz_plugin_tutorial/rviz_plugin_tutorial_msgs) by extensions ['ros']
[1.156s] [34mcolcon.colcon_core.package_identification[0m [1;30mLevel 1[0m _identify(src/rviz_plugin_tutorial/rviz_plugin_tutorial_msgs) by extension 'ros'
[1.157s] [34mcolcon.colcon_core.package_identification[0m [1;30mDEBUG[0m [32mPackage 'src/rviz_plugin_tutorial/rviz_plugin_tutorial_msgs' with type 'ros.ament_cmake' and name 'rviz_plugin_tutorial_msgs'[0m
[1.158s] [34mcolcon.colcon_core.package_discovery[0m [1;30mLevel 1[0m discover_packages(recursive) using defaults
[1.158s] [34mcolcon.colcon_core.package_discovery[0m [1;30mLevel 1[0m discover_packages(ignore) discover
[1.158s] [34mcolcon.colcon_core.package_discovery[0m [1;30mLevel 1[0m discover_packages(ignore) using defaults
[1.158s] [34mcolcon.colcon_core.package_discovery[0m [1;30mLevel 1[0m discover_packages(path) discover
[1.158s] [34mcolcon.colcon_core.package_discovery[0m [1;30mLevel 1[0m discover_packages(path) using defaults
[1.209s] [34mcolcon.colcon_core.verb[0m [1;30mLevel 5[0m set package 'rviz_plugin_tutorial_msgs' build argument 'cmake_args' from command line to 'None'
[1.209s] [34mcolcon.colcon_core.verb[0m [1;30mLevel 5[0m set package 'rviz_plugin_tutorial_msgs' build argument 'cmake_target' from command line to 'None'
[1.209s] [34mcolcon.colcon_core.verb[0m [1;30mLevel 5[0m set package 'rviz_plugin_tutorial_msgs' build argument 'cmake_target_skip_unavailable' from command line to 'False'
[1.209s] [34mcolcon.colcon_core.verb[0m [1;30mLevel 5[0m set package 'rviz_plugin_tutorial_msgs' build argument 'cmake_clean_cache' from command line to 'False'
[1.209s] [34mcolcon.colcon_core.verb[0m [1;30mLevel 5[0m set package 'rviz_plugin_tutorial_msgs' build argument 'cmake_clean_first' from command line to 'False'
[1.209s] [34mcolcon.colcon_core.verb[0m [1;30mLevel 5[0m set package 'rviz_plugin_tutorial_msgs' build argument 'cmake_force_configure' from command line to 'False'
[1.209s] [34mcolcon.colcon_core.verb[0m [1;30mLevel 5[0m set package 'rviz_plugin_tutorial_msgs' build argument 'ament_cmake_args' from command line to 'None'
[1.209s] [34mcolcon.colcon_core.verb[0m [1;30mLevel 5[0m set package 'rviz_plugin_tutorial_msgs' build argument 'catkin_cmake_args' from command line to 'None'
[1.209s] [34mcolcon.colcon_core.verb[0m [1;30mLevel 5[0m set package 'rviz_plugin_tutorial_msgs' build argument 'catkin_skip_building_tests' from command line to 'False'
[1.209s] [34mcolcon.colcon_core.verb[0m [1;30mDEBUG[0m [32mBuilding package 'rviz_plugin_tutorial_msgs' with the following arguments: {'ament_cmake_args': None, 'build_base': '/Users/dgawade/ros_rviz/build/rviz_plugin_tutorial_msgs', 'catkin_cmake_args': None, 'catkin_skip_building_tests': False, 'cmake_args': None, 'cmake_clean_cache': False, 'cmake_clean_first': False, 'cmake_force_configure': False, 'cmake_target': None, 'cmake_target_skip_unavailable': False, 'install_base': '/Users/dgawade/ros_rviz/install/rviz_plugin_tutorial_msgs', 'merge_install': False, 'path': '/Users/dgawade/ros_rviz/src/rviz_plugin_tutorial/rviz_plugin_tutorial_msgs', 'symlink_install': False, 'test_result_base': None}[0m
[1.210s] [34mcolcon.colcon_core.verb[0m [1;30mLevel 5[0m set package 'rviz_plugin_tutorial' build argument 'cmake_args' from command line to 'None'
[1.210s] [34mcolcon.colcon_core.verb[0m [1;30mLevel 5[0m set package 'rviz_plugin_tutorial' build argument 'cmake_target' from command line to 'None'
[1.210s] [34mcolcon.colcon_core.verb[0m [1;30mLevel 5[0m set package 'rviz_plugin_tutorial' build argument 'cmake_target_skip_unavailable' from command line to 'False'
[1.210s] [34mcolcon.colcon_core.verb[0m [1;30mLevel 5[0m set package 'rviz_plugin_tutorial' build argument 'cmake_clean_cache' from command line to 'False'
[1.210s] [34mcolcon.colcon_core.verb[0m [1;30mLevel 5[0m set package 'rviz_plugin_tutorial' build argument 'cmake_clean_first' from command line to 'False'
[1.210s] [34mcolcon.colcon_core.verb[0m [1;30mLevel 5[0m set package 'rviz_plugin_tutorial' build argument 'cmake_force_configure' from command line to 'False'
[1.210s] [34mcolcon.colcon_core.verb[0m [1;30mLevel 5[0m set package 'rviz_plugin_tutorial' build argument 'ament_cmake_args' from command line to 'None'
[1.210s] [34mcolcon.colcon_core.verb[0m [1;30mLevel 5[0m set package 'rviz_plugin_tutorial' build argument 'catkin_cmake_args' from command line to 'None'
[1.210s] [34mcolcon.colcon_core.verb[0m [1;30mLevel 5[0m set package 'rviz_plugin_tutorial' build argument 'catkin_skip_building_tests' from command line to 'False'
[1.210s] [34mcolcon.colcon_core.verb[0m [1;30mDEBUG[0m [32mBuilding package 'rviz_plugin_tutorial' with the following arguments: {'ament_cmake_args': None, 'build_base': '/Users/dgawade/ros_rviz/build/rviz_plugin_tutorial', 'catkin_cmake_args': None, 'catkin_skip_building_tests': False, 'cmake_args': None, 'cmake_clean_cache': False, 'cmake_clean_first': False, 'cmake_force_configure': False, 'cmake_target': None, 'cmake_target_skip_unavailable': False, 'install_base': '/Users/dgawade/ros_rviz/install/rviz_plugin_tutorial', 'merge_install': False, 'path': '/Users/dgawade/ros_rviz/src/rviz_plugin_tutorial/rviz_plugin_tutorial', 'symlink_install': False, 'test_result_base': None}[0m
[1.211s] [34mcolcon.colcon_core.executor[0m [1;30mINFO[0m Executing jobs using 'parallel' executor
[1.213s] [34mcolcon.colcon_parallel_executor.executor.parallel[0m [1;30mDEBUG[0m [32mrun_until_complete[0m
[1.214s] [34mcolcon.colcon_ros.task.ament_cmake.build[0m [1;30mINFO[0m Building ROS package in '/Users/dgawade/ros_rviz/src/rviz_plugin_tutorial/rviz_plugin_tutorial_msgs' with build type 'ament_cmake'
[1.214s] [34mcolcon.colcon_cmake.task.cmake.build[0m [1;30mINFO[0m Building CMake package in '/Users/dgawade/ros_rviz/src/rviz_plugin_tutorial/rviz_plugin_tutorial_msgs'
[1.223s] [34mcolcon.colcon_core.plugin_system[0m [1;30mINFO[0m Skipping extension 'colcon_core.shell.bat': Not used on non-Windows systems
[1.224s] [34mcolcon.colcon_core.shell[0m [1;30mINFO[0m Skip shell extension 'powershell' for command environment: Not usable outside of PowerShell
[1.224s] [34mcolcon.colcon_core.shell[0m [1;30mDEBUG[0m [32mSkip shell extension 'dsv' for command environment[0m
[1.228s] [34mcolcon.colcon_ros.prefix_path.ament[0m [1;30mWARNING[0m [33mThe path '/Users/dgawade/ros_rviz/install/rviz_plugin_tutorial' in the environment variable AMENT_PREFIX_PATH doesn't exist[0m
[1.228s] [34mcolcon.colcon_ros.prefix_path.ament[0m [1;30mWARNING[0m [33mThe path '/Users/dgawade/ros_rviz/install/rviz_plugin_tutorial_msgs' in the environment variable AMENT_PREFIX_PATH doesn't exist[0m
[1.231s] [34mcolcon.colcon_ros.prefix_path.catkin[0m [1;30mWARNING[0m [33mThe path '/Users/dgawade/ros_rviz/install/rviz_plugin_tutorial' in the environment variable CMAKE_PREFIX_PATH doesn't exist[0m
[1.231s] [34mcolcon.colcon_ros.prefix_path.catkin[0m [1;30mWARNING[0m [33mThe path '/Users/dgawade/ros_rviz/install/rviz_plugin_tutorial_msgs' in the environment variable CMAKE_PREFIX_PATH doesn't exist[0m
[1.300s] [34mcolcon.colcon_core.event_handler.log_command[0m [1;30mDEBUG[0m [32mInvoking command in '/Users/dgawade/ros_rviz/build/rviz_plugin_tutorial_msgs': CMAKE_PREFIX_PATH=${CMAKE_PREFIX_PATH}:/Users/dgawade/second_ros2_ws/install/urdf_tutorial_r2d2 CONDA_PROMPT_MODIFIER=(ros_env) SHLVL=2 _=/usr/bin/env /usr/local/bin/cmake /Users/dgawade/ros_rviz/src/rviz_plugin_tutorial/rviz_plugin_tutorial_msgs -DCMAKE_INSTALL_PREFIX=/Users/dgawade/ros_rviz/install/rviz_plugin_tutorial_msgs[0m
[13.704s] [34mcolcon.colcon_core.event_handler.log_command[0m [1;30mDEBUG[0m [32mInvoked command in '/Users/dgawade/ros_rviz/build/rviz_plugin_tutorial_msgs' returned '0': CMAKE_PREFIX_PATH=${CMAKE_PREFIX_PATH}:/Users/dgawade/second_ros2_ws/install/urdf_tutorial_r2d2 CONDA_PROMPT_MODIFIER=(ros_env) SHLVL=2 _=/usr/bin/env /usr/local/bin/cmake /Users/dgawade/ros_rviz/src/rviz_plugin_tutorial/rviz_plugin_tutorial_msgs -DCMAKE_INSTALL_PREFIX=/Users/dgawade/ros_rviz/install/rviz_plugin_tutorial_msgs[0m
[13.711s] [34mcolcon.colcon_core.event_handler.log_command[0m [1;30mDEBUG[0m [32mInvoking command in '/Users/dgawade/ros_rviz/build/rviz_plugin_tutorial_msgs': CMAKE_PREFIX_PATH=${CMAKE_PREFIX_PATH}:/Users/dgawade/second_ros2_ws/install/urdf_tutorial_r2d2 CONDA_PROMPT_MODIFIER=(ros_env) SHLVL=2 _=/usr/bin/env /usr/local/bin/cmake --build /Users/dgawade/ros_rviz/build/rviz_plugin_tutorial_msgs -- -j4 -l4[0m
[36.453s] [34mcolcon.colcon_core.event_handler.log_command[0m [1;30mDEBUG[0m [32mInvoked command in '/Users/dgawade/ros_rviz/build/rviz_plugin_tutorial_msgs' returned '0': CMAKE_PREFIX_PATH=${CMAKE_PREFIX_PATH}:/Users/dgawade/second_ros2_ws/install/urdf_tutorial_r2d2 CONDA_PROMPT_MODIFIER=(ros_env) SHLVL=2 _=/usr/bin/env /usr/local/bin/cmake --build /Users/dgawade/ros_rviz/build/rviz_plugin_tutorial_msgs -- -j4 -l4[0m
[37.668s] [34mcolcon.colcon_core.event_handler.log_command[0m [1;30mDEBUG[0m [32mInvoking command in '/Users/dgawade/ros_rviz/build/rviz_plugin_tutorial_msgs': CMAKE_PREFIX_PATH=${CMAKE_PREFIX_PATH}:/Users/dgawade/second_ros2_ws/install/urdf_tutorial_r2d2 CONDA_PROMPT_MODIFIER=(ros_env) SHLVL=2 _=/usr/bin/env /usr/local/bin/cmake --install /Users/dgawade/ros_rviz/build/rviz_plugin_tutorial_msgs[0m
[37.976s] [34mcolcon.colcon_core.environment[0m [1;30mLevel 1[0m create_environment_scripts_only(rviz_plugin_tutorial_msgs)
[37.976s] [34mcolcon.colcon_core.event_handler.log_command[0m [1;30mDEBUG[0m [32mInvoked command in '/Users/dgawade/ros_rviz/build/rviz_plugin_tutorial_msgs' returned '0': CMAKE_PREFIX_PATH=${CMAKE_PREFIX_PATH}:/Users/dgawade/second_ros2_ws/install/urdf_tutorial_r2d2 CONDA_PROMPT_MODIFIER=(ros_env) SHLVL=2 _=/usr/bin/env /usr/local/bin/cmake --install /Users/dgawade/ros_rviz/build/rviz_plugin_tutorial_msgs[0m
[37.989s] [34mcolcon.colcon_core.environment[0m [1;30mLevel 1[0m checking '/Users/dgawade/ros_rviz/install/rviz_plugin_tutorial_msgs' for CMake module files
[37.990s] [34mcolcon.colcon_core.environment[0m [1;30mLevel 1[0m checking '/Users/dgawade/ros_rviz/install/rviz_plugin_tutorial_msgs' for CMake config files
[37.992s] [34mcolcon.colcon_core.shell[0m [1;30mLevel 1[0m create_environment_hook('rviz_plugin_tutorial_msgs', 'cmake_prefix_path')
[37.992s] [34mcolcon.colcon_core.shell[0m [1;30mINFO[0m Creating environment hook '/Users/dgawade/ros_rviz/install/rviz_plugin_tutorial_msgs/share/rviz_plugin_tutorial_msgs/hook/cmake_prefix_path.ps1'
[37.994s] [34mcolcon.colcon_core.shell[0m [1;30mINFO[0m Creating environment descriptor '/Users/dgawade/ros_rviz/install/rviz_plugin_tutorial_msgs/share/rviz_plugin_tutorial_msgs/hook/cmake_prefix_path.dsv'
[37.996s] [34mcolcon.colcon_core.shell[0m [1;30mINFO[0m Creating environment hook '/Users/dgawade/ros_rviz/install/rviz_plugin_tutorial_msgs/share/rviz_plugin_tutorial_msgs/hook/cmake_prefix_path.sh'
[37.999s] [34mcolcon.colcon_core.environment[0m [1;30mLevel 1[0m checking '/Users/dgawade/ros_rviz/install/rviz_plugin_tutorial_msgs/lib'
[37.999s] [34mcolcon.colcon_core.shell[0m [1;30mLevel 1[0m create_environment_hook('rviz_plugin_tutorial_msgs', 'dyld_library_path')
[37.999s] [34mcolcon.colcon_core.shell[0m [1;30mINFO[0m Creating environment hook '/Users/dgawade/ros_rviz/install/rviz_plugin_tutorial_msgs/share/rviz_plugin_tutorial_msgs/hook/dyld_library_path.ps1'
[38.000s] [34mcolcon.colcon_core.shell[0m [1;30mINFO[0m Creating environment descriptor '/Users/dgawade/ros_rviz/install/rviz_plugin_tutorial_msgs/share/rviz_plugin_tutorial_msgs/hook/dyld_library_path.dsv'
[38.001s] [34mcolcon.colcon_core.shell[0m [1;30mINFO[0m Creating environment hook '/Users/dgawade/ros_rviz/install/rviz_plugin_tutorial_msgs/share/rviz_plugin_tutorial_msgs/hook/dyld_library_path.sh'
[38.001s] [34mcolcon.colcon_core.environment[0m [1;30mLevel 1[0m checking '/Users/dgawade/ros_rviz/install/rviz_plugin_tutorial_msgs/bin'
[38.002s] [34mcolcon.colcon_core.environment[0m [1;30mLevel 1[0m checking '/Users/dgawade/ros_rviz/install/rviz_plugin_tutorial_msgs/lib/pkgconfig/rviz_plugin_tutorial_msgs.pc'
[38.002s] [34mcolcon.colcon_core.environment[0m [1;30mLevel 1[0m checking '/Users/dgawade/ros_rviz/install/rviz_plugin_tutorial_msgs/lib/python3.11/site-packages'
[38.002s] [34mcolcon.colcon_core.shell[0m [1;30mLevel 1[0m create_environment_hook('rviz_plugin_tutorial_msgs', 'pythonpath')
[38.002s] [34mcolcon.colcon_core.shell[0m [1;30mINFO[0m Creating environment hook '/Users/dgawade/ros_rviz/install/rviz_plugin_tutorial_msgs/share/rviz_plugin_tutorial_msgs/hook/pythonpath.ps1'
[38.003s] [34mcolcon.colcon_core.shell[0m [1;30mINFO[0m Creating environment descriptor '/Users/dgawade/ros_rviz/install/rviz_plugin_tutorial_msgs/share/rviz_plugin_tutorial_msgs/hook/pythonpath.dsv'
[38.004s] [34mcolcon.colcon_core.shell[0m [1;30mINFO[0m Creating environment hook '/Users/dgawade/ros_rviz/install/rviz_plugin_tutorial_msgs/share/rviz_plugin_tutorial_msgs/hook/pythonpath.sh'
[38.005s] [34mcolcon.colcon_core.environment[0m [1;30mLevel 1[0m checking '/Users/dgawade/ros_rviz/install/rviz_plugin_tutorial_msgs/bin'
[38.006s] [34mcolcon.colcon_core.shell[0m [1;30mINFO[0m Creating package script '/Users/dgawade/ros_rviz/install/rviz_plugin_tutorial_msgs/share/rviz_plugin_tutorial_msgs/package.ps1'
[38.008s] [34mcolcon.colcon_core.shell[0m [1;30mINFO[0m Creating package descriptor '/Users/dgawade/ros_rviz/install/rviz_plugin_tutorial_msgs/share/rviz_plugin_tutorial_msgs/package.dsv'
[38.011s] [34mcolcon.colcon_core.shell[0m [1;30mINFO[0m Creating package script '/Users/dgawade/ros_rviz/install/rviz_plugin_tutorial_msgs/share/rviz_plugin_tutorial_msgs/package.sh'
[38.013s] [34mcolcon.colcon_core.shell[0m [1;30mINFO[0m Creating package script '/Users/dgawade/ros_rviz/install/rviz_plugin_tutorial_msgs/share/rviz_plugin_tutorial_msgs/package.bash'
[38.016s] [34mcolcon.colcon_core.shell[0m [1;30mINFO[0m Creating package script '/Users/dgawade/ros_rviz/install/rviz_plugin_tutorial_msgs/share/rviz_plugin_tutorial_msgs/package.zsh'
[38.018s] [34mcolcon.colcon_core.environment[0m [1;30mLevel 1[0m create_file_with_runtime_dependencies(/Users/dgawade/ros_rviz/install/rviz_plugin_tutorial_msgs/share/colcon-core/packages/rviz_plugin_tutorial_msgs)
[39.032s] [34mcolcon.colcon_core.environment[0m [1;30mLevel 1[0m create_environment_scripts_only(rviz_plugin_tutorial_msgs)
[39.033s] [34mcolcon.colcon_core.environment[0m [1;30mLevel 1[0m checking '/Users/dgawade/ros_rviz/install/rviz_plugin_tutorial_msgs' for CMake module files
[39.034s] [34mcolcon.colcon_core.environment[0m [1;30mLevel 1[0m checking '/Users/dgawade/ros_rviz/install/rviz_plugin_tutorial_msgs' for CMake config files
[39.034s] [34mcolcon.colcon_core.shell[0m [1;30mLevel 1[0m create_environment_hook('rviz_plugin_tutorial_msgs', 'cmake_prefix_path')
[39.035s] [34mcolcon.colcon_core.shell[0m [1;30mINFO[0m Creating environment hook '/Users/dgawade/ros_rviz/install/rviz_plugin_tutorial_msgs/share/rviz_plugin_tutorial_msgs/hook/cmake_prefix_path.ps1'
[39.035s] [34mcolcon.colcon_core.shell[0m [1;30mINFO[0m Creating environment descriptor '/Users/dgawade/ros_rviz/install/rviz_plugin_tutorial_msgs/share/rviz_plugin_tutorial_msgs/hook/cmake_prefix_path.dsv'
[39.036s] [34mcolcon.colcon_core.shell[0m [1;30mINFO[0m Creating environment hook '/Users/dgawade/ros_rviz/install/rviz_plugin_tutorial_msgs/share/rviz_plugin_tutorial_msgs/hook/cmake_prefix_path.sh'
[39.037s] [34mcolcon.colcon_core.environment[0m [1;30mLevel 1[0m checking '/Users/dgawade/ros_rviz/install/rviz_plugin_tutorial_msgs/lib'
[39.037s] [34mcolcon.colcon_core.shell[0m [1;30mLevel 1[0m create_environment_hook('rviz_plugin_tutorial_msgs', 'dyld_library_path')
[39.037s] [34mcolcon.colcon_core.shell[0m [1;30mINFO[0m Creating environment hook '/Users/dgawade/ros_rviz/install/rviz_plugin_tutorial_msgs/share/rviz_plugin_tutorial_msgs/hook/dyld_library_path.ps1'
[39.037s] [34mcolcon.colcon_core.shell[0m [1;30mINFO[0m Creating environment descriptor '/Users/dgawade/ros_rviz/install/rviz_plugin_tutorial_msgs/share/rviz_plugin_tutorial_msgs/hook/dyld_library_path.dsv'
[39.038s] [34mcolcon.colcon_core.shell[0m [1;30mINFO[0m Creating environment hook '/Users/dgawade/ros_rviz/install/rviz_plugin_tutorial_msgs/share/rviz_plugin_tutorial_msgs/hook/dyld_library_path.sh'
[39.039s] [34mcolcon.colcon_core.environment[0m [1;30mLevel 1[0m checking '/Users/dgawade/ros_rviz/install/rviz_plugin_tutorial_msgs/bin'
[39.039s] [34mcolcon.colcon_core.environment[0m [1;30mLevel 1[0m checking '/Users/dgawade/ros_rviz/install/rviz_plugin_tutorial_msgs/lib/pkgconfig/rviz_plugin_tutorial_msgs.pc'
[39.039s] [34mcolcon.colcon_core.environment[0m [1;30mLevel 1[0m checking '/Users/dgawade/ros_rviz/install/rviz_plugin_tutorial_msgs/lib/python3.11/site-packages'
[39.039s] [34mcolcon.colcon_core.shell[0m [1;30mLevel 1[0m create_environment_hook('rviz_plugin_tutorial_msgs', 'pythonpath')
[39.039s] [34mcolcon.colcon_core.shell[0m [1;30mINFO[0m Creating environment hook '/Users/dgawade/ros_rviz/install/rviz_plugin_tutorial_msgs/share/rviz_plugin_tutorial_msgs/hook/pythonpath.ps1'
[39.040s] [34mcolcon.colcon_core.shell[0m [1;30mINFO[0m Creating environment descriptor '/Users/dgawade/ros_rviz/install/rviz_plugin_tutorial_msgs/share/rviz_plugin_tutorial_msgs/hook/pythonpath.dsv'
[39.040s] [34mcolcon.colcon_core.shell[0m [1;30mINFO[0m Creating environment hook '/Users/dgawade/ros_rviz/install/rviz_plugin_tutorial_msgs/share/rviz_plugin_tutorial_msgs/hook/pythonpath.sh'
[39.041s] [34mcolcon.colcon_core.environment[0m [1;30mLevel 1[0m checking '/Users/dgawade/ros_rviz/install/rviz_plugin_tutorial_msgs/bin'
[39.042s] [34mcolcon.colcon_core.shell[0m [1;30mINFO[0m Creating package script '/Users/dgawade/ros_rviz/install/rviz_plugin_tutorial_msgs/share/rviz_plugin_tutorial_msgs/package.ps1'
[39.043s] [34mcolcon.colcon_core.shell[0m [1;30mINFO[0m Creating package descriptor '/Users/dgawade/ros_rviz/install/rviz_plugin_tutorial_msgs/share/rviz_plugin_tutorial_msgs/package.dsv'
[39.043s] [34mcolcon.colcon_core.shell[0m [1;30mINFO[0m Creating package script '/Users/dgawade/ros_rviz/install/rviz_plugin_tutorial_msgs/share/rviz_plugin_tutorial_msgs/package.sh'
[39.044s] [34mcolcon.colcon_core.shell[0m [1;30mINFO[0m Creating package script '/Users/dgawade/ros_rviz/install/rviz_plugin_tutorial_msgs/share/rviz_plugin_tutorial_msgs/package.bash'
[39.044s] [34mcolcon.colcon_core.shell[0m [1;30mINFO[0m Creating package script '/Users/dgawade/ros_rviz/install/rviz_plugin_tutorial_msgs/share/rviz_plugin_tutorial_msgs/package.zsh'
[39.045s] [34mcolcon.colcon_core.environment[0m [1;30mLevel 1[0m create_file_with_runtime_dependencies(/Users/dgawade/ros_rviz/install/rviz_plugin_tutorial_msgs/share/colcon-core/packages/rviz_plugin_tutorial_msgs)
[39.046s] [34mcolcon.colcon_ros.task.ament_cmake.build[0m [1;30mINFO[0m Building ROS package in '/Users/dgawade/ros_rviz/src/rviz_plugin_tutorial/rviz_plugin_tutorial' with build type 'ament_cmake'
[39.046s] [34mcolcon.colcon_cmake.task.cmake.build[0m [1;30mINFO[0m Building CMake package in '/Users/dgawade/ros_rviz/src/rviz_plugin_tutorial/rviz_plugin_tutorial'
[39.046s] [34mcolcon.colcon_core.shell[0m [1;30mINFO[0m Skip shell extension 'powershell' for command environment: Not usable outside of PowerShell
[39.046s] [34mcolcon.colcon_core.shell[0m [1;30mDEBUG[0m [32mSkip shell extension 'dsv' for command environment[0m
[39.113s] [34mcolcon.colcon_core.event_handler.log_command[0m [1;30mDEBUG[0m [32mInvoking command in '/Users/dgawade/ros_rviz/build/rviz_plugin_tutorial': CMAKE_PREFIX_PATH=/Users/dgawade/ros_rviz/install/rviz_plugin_tutorial_msgs:/Users/dgawade/ros_rviz/install/rviz_plugin_tutorial:/Users/dgawade/second_ros2_ws/install/rviz_plugin_tutorial:/Users/dgawade/miniconda3/envs/ros_env:/Users/dgawade/second_ros2_ws/install/rviz_plugin_tutorial_msgs:/Users/dgawade/second_ros2_ws/install:/Users/dgawade/second_ros2_ws/install/urdf_tutorial_r2d2 CONDA_PROMPT_MODIFIER=(ros_env) SHLVL=2 _=/usr/bin/env /usr/local/bin/cmake /Users/dgawade/ros_rviz/src/rviz_plugin_tutorial/rviz_plugin_tutorial -DCMAKE_INSTALL_PREFIX=/Users/dgawade/ros_rviz/install/rviz_plugin_tutorial[0m
[58.893s] [34mcolcon.colcon_core.event_handler.log_command[0m [1;30mDEBUG[0m [32mInvoked command in '/Users/dgawade/ros_rviz/build/rviz_plugin_tutorial' returned '0': CMAKE_PREFIX_PATH=/Users/dgawade/ros_rviz/install/rviz_plugin_tutorial_msgs:/Users/dgawade/ros_rviz/install/rviz_plugin_tutorial:/Users/dgawade/second_ros2_ws/install/rviz_plugin_tutorial:/Users/dgawade/miniconda3/envs/ros_env:/Users/dgawade/second_ros2_ws/install/rviz_plugin_tutorial_msgs:/Users/dgawade/second_ros2_ws/install:/Users/dgawade/second_ros2_ws/install/urdf_tutorial_r2d2 CONDA_PROMPT_MODIFIER=(ros_env) SHLVL=2 _=/usr/bin/env /usr/local/bin/cmake /Users/dgawade/ros_rviz/src/rviz_plugin_tutorial/rviz_plugin_tutorial -DCMAKE_INSTALL_PREFIX=/Users/dgawade/ros_rviz/install/rviz_plugin_tutorial[0m
[58.962s] [34mcolcon.colcon_core.event_handler.log_command[0m [1;30mDEBUG[0m [32mInvoking command in '/Users/dgawade/ros_rviz/build/rviz_plugin_tutorial': CMAKE_PREFIX_PATH=/Users/dgawade/ros_rviz/install/rviz_plugin_tutorial_msgs:/Users/dgawade/ros_rviz/install/rviz_plugin_tutorial:/Users/dgawade/second_ros2_ws/install/rviz_plugin_tutorial:/Users/dgawade/miniconda3/envs/ros_env:/Users/dgawade/second_ros2_ws/install/rviz_plugin_tutorial_msgs:/Users/dgawade/second_ros2_ws/install:/Users/dgawade/second_ros2_ws/install/urdf_tutorial_r2d2 CONDA_PROMPT_MODIFIER=(ros_env) SHLVL=2 _=/usr/bin/env /usr/local/bin/cmake --build /Users/dgawade/ros_rviz/build/rviz_plugin_tutorial -- -j4 -l4[0m
[101.505s] [34mcolcon.colcon_core.event_handler.log_command[0m [1;30mDEBUG[0m [32mInvoked command in '/Users/dgawade/ros_rviz/build/rviz_plugin_tutorial' returned '0': CMAKE_PREFIX_PATH=/Users/dgawade/ros_rviz/install/rviz_plugin_tutorial_msgs:/Users/dgawade/ros_rviz/install/rviz_plugin_tutorial:/Users/dgawade/second_ros2_ws/install/rviz_plugin_tutorial:/Users/dgawade/miniconda3/envs/ros_env:/Users/dgawade/second_ros2_ws/install/rviz_plugin_tutorial_msgs:/Users/dgawade/second_ros2_ws/install:/Users/dgawade/second_ros2_ws/install/urdf_tutorial_r2d2 CONDA_PROMPT_MODIFIER=(ros_env) SHLVL=2 _=/usr/bin/env /usr/local/bin/cmake --build /Users/dgawade/ros_rviz/build/rviz_plugin_tutorial -- -j4 -l4[0m
[101.925s] [34mcolcon.colcon_core.event_handler.log_command[0m [1;30mDEBUG[0m [32mInvoking command in '/Users/dgawade/ros_rviz/build/rviz_plugin_tutorial': CMAKE_PREFIX_PATH=/Users/dgawade/ros_rviz/install/rviz_plugin_tutorial_msgs:/Users/dgawade/ros_rviz/install/rviz_plugin_tutorial:/Users/dgawade/second_ros2_ws/install/rviz_plugin_tutorial:/Users/dgawade/miniconda3/envs/ros_env:/Users/dgawade/second_ros2_ws/install/rviz_plugin_tutorial_msgs:/Users/dgawade/second_ros2_ws/install:/Users/dgawade/second_ros2_ws/install/urdf_tutorial_r2d2 CONDA_PROMPT_MODIFIER=(ros_env) SHLVL=2 _=/usr/bin/env /usr/local/bin/cmake --install /Users/dgawade/ros_rviz/build/rviz_plugin_tutorial[0m
[102.001s] [34mcolcon.colcon_core.environment[0m [1;30mLevel 1[0m create_environment_scripts_only(rviz_plugin_tutorial)
[102.002s] [34mcolcon.colcon_core.environment[0m [1;30mLevel 1[0m checking '/Users/dgawade/ros_rviz/install/rviz_plugin_tutorial' for CMake module files
[102.003s] [34mcolcon.colcon_core.event_handler.log_command[0m [1;30mDEBUG[0m [32mInvoked command in '/Users/dgawade/ros_rviz/build/rviz_plugin_tutorial' returned '0': CMAKE_PREFIX_PATH=/Users/dgawade/ros_rviz/install/rviz_plugin_tutorial_msgs:/Users/dgawade/ros_rviz/install/rviz_plugin_tutorial:/Users/dgawade/second_ros2_ws/install/rviz_plugin_tutorial:/Users/dgawade/miniconda3/envs/ros_env:/Users/dgawade/second_ros2_ws/install/rviz_plugin_tutorial_msgs:/Users/dgawade/second_ros2_ws/install:/Users/dgawade/second_ros2_ws/install/urdf_tutorial_r2d2 CONDA_PROMPT_MODIFIER=(ros_env) SHLVL=2 _=/usr/bin/env /usr/local/bin/cmake --install /Users/dgawade/ros_rviz/build/rviz_plugin_tutorial[0m
[102.004s] [34mcolcon.colcon_core.environment[0m [1;30mLevel 1[0m checking '/Users/dgawade/ros_rviz/install/rviz_plugin_tutorial' for CMake config files
[102.004s] [34mcolcon.colcon_core.shell[0m [1;30mLevel 1[0m create_environment_hook('rviz_plugin_tutorial', 'cmake_prefix_path')
[102.005s] [34mcolcon.colcon_core.shell[0m [1;30mINFO[0m Creating environment hook '/Users/dgawade/ros_rviz/install/rviz_plugin_tutorial/share/rviz_plugin_tutorial/hook/cmake_prefix_path.ps1'
[102.009s] [34mcolcon.colcon_core.shell[0m [1;30mINFO[0m Creating environment descriptor '/Users/dgawade/ros_rviz/install/rviz_plugin_tutorial/share/rviz_plugin_tutorial/hook/cmake_prefix_path.dsv'
[102.011s] [34mcolcon.colcon_core.shell[0m [1;30mINFO[0m Creating environment hook '/Users/dgawade/ros_rviz/install/rviz_plugin_tutorial/share/rviz_plugin_tutorial/hook/cmake_prefix_path.sh'
[102.013s] [34mcolcon.colcon_core.environment[0m [1;30mLevel 1[0m checking '/Users/dgawade/ros_rviz/install/rviz_plugin_tutorial/lib'
[102.014s] [34mcolcon.colcon_core.shell[0m [1;30mLevel 1[0m create_environment_hook('rviz_plugin_tutorial', 'dyld_library_path')
[102.014s] [34mcolcon.colcon_core.shell[0m [1;30mINFO[0m Creating environment hook '/Users/dgawade/ros_rviz/install/rviz_plugin_tutorial/share/rviz_plugin_tutorial/hook/dyld_library_path.ps1'
[102.015s] [34mcolcon.colcon_core.shell[0m [1;30mINFO[0m Creating environment descriptor '/Users/dgawade/ros_rviz/install/rviz_plugin_tutorial/share/rviz_plugin_tutorial/hook/dyld_library_path.dsv'
[102.017s] [34mcolcon.colcon_core.shell[0m [1;30mINFO[0m Creating environment hook '/Users/dgawade/ros_rviz/install/rviz_plugin_tutorial/share/rviz_plugin_tutorial/hook/dyld_library_path.sh'
[102.017s] [34mcolcon.colcon_core.environment[0m [1;30mLevel 1[0m checking '/Users/dgawade/ros_rviz/install/rviz_plugin_tutorial/bin'
[102.017s] [34mcolcon.colcon_core.environment[0m [1;30mLevel 1[0m checking '/Users/dgawade/ros_rviz/install/rviz_plugin_tutorial/lib/pkgconfig/rviz_plugin_tutorial.pc'
[102.018s] [34mcolcon.colcon_core.environment[0m [1;30mLevel 1[0m checking '/Users/dgawade/ros_rviz/install/rviz_plugin_tutorial/lib/python3.11/site-packages'
[102.018s] [34mcolcon.colcon_core.environment[0m [1;30mLevel 1[0m checking '/Users/dgawade/ros_rviz/install/rviz_plugin_tutorial/bin'
[102.019s] [34mcolcon.colcon_core.shell[0m [1;30mINFO[0m Creating package script '/Users/dgawade/ros_rviz/install/rviz_plugin_tutorial/share/rviz_plugin_tutorial/package.ps1'
[102.020s] [34mcolcon.colcon_core.shell[0m [1;30mINFO[0m Creating package descriptor '/Users/dgawade/ros_rviz/install/rviz_plugin_tutorial/share/rviz_plugin_tutorial/package.dsv'
[102.021s] [34mcolcon.colcon_core.shell[0m [1;30mINFO[0m Creating package script '/Users/dgawade/ros_rviz/install/rviz_plugin_tutorial/share/rviz_plugin_tutorial/package.sh'
[102.023s] [34mcolcon.colcon_core.shell[0m [1;30mINFO[0m Creating package script '/Users/dgawade/ros_rviz/install/rviz_plugin_tutorial/share/rviz_plugin_tutorial/package.bash'
[102.025s] [34mcolcon.colcon_core.shell[0m [1;30mINFO[0m Creating package script '/Users/dgawade/ros_rviz/install/rviz_plugin_tutorial/share/rviz_plugin_tutorial/package.zsh'
[102.025s] [34mcolcon.colcon_core.environment[0m [1;30mLevel 1[0m create_file_with_runtime_dependencies(/Users/dgawade/ros_rviz/install/rviz_plugin_tutorial/share/colcon-core/packages/rviz_plugin_tutorial)
[102.455s] [34mcolcon.colcon_core.environment[0m [1;30mLevel 1[0m create_environment_scripts_only(rviz_plugin_tutorial)
[102.455s] [34mcolcon.colcon_core.environment[0m [1;30mLevel 1[0m checking '/Users/dgawade/ros_rviz/install/rviz_plugin_tutorial' for CMake module files
[102.457s] [34mcolcon.colcon_core.environment[0m [1;30mLevel 1[0m checking '/Users/dgawade/ros_rviz/install/rviz_plugin_tutorial' for CMake config files
[102.457s] [34mcolcon.colcon_core.shell[0m [1;30mLevel 1[0m create_environment_hook('rviz_plugin_tutorial', 'cmake_prefix_path')
[102.458s] [34mcolcon.colcon_core.shell[0m [1;30mINFO[0m Creating environment hook '/Users/dgawade/ros_rviz/install/rviz_plugin_tutorial/share/rviz_plugin_tutorial/hook/cmake_prefix_path.ps1'
[102.459s] [34mcolcon.colcon_core.shell[0m [1;30mINFO[0m Creating environment descriptor '/Users/dgawade/ros_rviz/install/rviz_plugin_tutorial/share/rviz_plugin_tutorial/hook/cmake_prefix_path.dsv'
[102.461s] [34mcolcon.colcon_core.shell[0m [1;30mINFO[0m Creating environment hook '/Users/dgawade/ros_rviz/install/rviz_plugin_tutorial/share/rviz_plugin_tutorial/hook/cmake_prefix_path.sh'
[102.462s] [34mcolcon.colcon_core.environment[0m [1;30mLevel 1[0m checking '/Users/dgawade/ros_rviz/install/rviz_plugin_tutorial/lib'
[102.462s] [34mcolcon.colcon_core.shell[0m [1;30mLevel 1[0m create_environment_hook('rviz_plugin_tutorial', 'dyld_library_path')
[102.463s] [34mcolcon.colcon_core.shell[0m [1;30mINFO[0m Creating environment hook '/Users/dgawade/ros_rviz/install/rviz_plugin_tutorial/share/rviz_plugin_tutorial/hook/dyld_library_path.ps1'
[102.464s] [34mcolcon.colcon_core.shell[0m [1;30mINFO[0m Creating environment descriptor '/Users/dgawade/ros_rviz/install/rviz_plugin_tutorial/share/rviz_plugin_tutorial/hook/dyld_library_path.dsv'
[102.465s] [34mcolcon.colcon_core.shell[0m [1;30mINFO[0m Creating environment hook '/Users/dgawade/ros_rviz/install/rviz_plugin_tutorial/share/rviz_plugin_tutorial/hook/dyld_library_path.sh'
[102.465s] [34mcolcon.colcon_core.environment[0m [1;30mLevel 1[0m checking '/Users/dgawade/ros_rviz/install/rviz_plugin_tutorial/bin'
[102.466s] [34mcolcon.colcon_core.environment[0m [1;30mLevel 1[0m checking '/Users/dgawade/ros_rviz/install/rviz_plugin_tutorial/lib/pkgconfig/rviz_plugin_tutorial.pc'
[102.466s] [34mcolcon.colcon_core.environment[0m [1;30mLevel 1[0m checking '/Users/dgawade/ros_rviz/install/rviz_plugin_tutorial/lib/python3.11/site-packages'
[102.466s] [34mcolcon.colcon_core.environment[0m [1;30mLevel 1[0m checking '/Users/dgawade/ros_rviz/install/rviz_plugin_tutorial/bin'
[102.466s] [34mcolcon.colcon_core.shell[0m [1;30mINFO[0m Creating package script '/Users/dgawade/ros_rviz/install/rviz_plugin_tutorial/share/rviz_plugin_tutorial/package.ps1'
[102.467s] [34mcolcon.colcon_core.shell[0m [1;30mINFO[0m Creating package descriptor '/Users/dgawade/ros_rviz/install/rviz_plugin_tutorial/share/rviz_plugin_tutorial/package.dsv'
[102.468s] [34mcolcon.colcon_core.shell[0m [1;30mINFO[0m Creating package script '/Users/dgawade/ros_rviz/install/rviz_plugin_tutorial/share/rviz_plugin_tutorial/package.sh'
[102.469s] [34mcolcon.colcon_core.shell[0m [1;30mINFO[0m Creating package script '/Users/dgawade/ros_rviz/install/rviz_plugin_tutorial/share/rviz_plugin_tutorial/package.bash'
[102.469s] [34mcolcon.colcon_core.shell[0m [1;30mINFO[0m Creating package script '/Users/dgawade/ros_rviz/install/rviz_plugin_tutorial/share/rviz_plugin_tutorial/package.zsh'
[102.470s] [34mcolcon.colcon_core.environment[0m [1;30mLevel 1[0m create_file_with_runtime_dependencies(/Users/dgawade/ros_rviz/install/rviz_plugin_tutorial/share/colcon-core/packages/rviz_plugin_tutorial)
[102.471s] [34mcolcon.colcon_parallel_executor.executor.parallel[0m [1;30mDEBUG[0m [32mclosing loop[0m
[102.471s] [34mcolcon.colcon_parallel_executor.executor.parallel[0m [1;30mDEBUG[0m [32mloop closed[0m
[102.471s] [34mcolcon.colcon_parallel_executor.executor.parallel[0m [1;30mDEBUG[0m [32mrun_until_complete finished with '0'[0m
[102.471s] [34mcolcon.colcon_core.event_reactor[0m [1;30mDEBUG[0m [32mjoining thread[0m
[102.477s] [34mcolcon.colcon_core.plugin_system[0m [1;30mINFO[0m Skipping extension 'colcon_notification.desktop_notification.notify2': 'notify2' not found
[102.478s] [34mcolcon.colcon_core.plugin_system[0m [1;30mINFO[0m Skipping extension 'colcon_notification.desktop_notification.notify_send': Not used on non-Linux systems
[102.478s] [34mcolcon.colcon_core.plugin_system[0m [1;30mINFO[0m Skipping extension 'colcon_notification.desktop_notification.win32': Not used on non-Windows systems
[102.478s] [34mcolcon.colcon_notification.desktop_notification[0m [1;30mINFO[0m Sending desktop notification using 'terminal_notifier'
[102.548s] [34mcolcon.colcon_core.event_reactor[0m [1;30mDEBUG[0m [32mjoined thread[0m
[102.549s] [34mcolcon.colcon_core.shell[0m [1;30mINFO[0m Creating prefix script '/Users/dgawade/ros_rviz/install/local_setup.ps1'
[102.552s] [34mcolcon.colcon_core.shell[0m [1;30mINFO[0m Creating prefix util module '/Users/dgawade/ros_rviz/install/_local_setup_util_ps1.py'
[102.555s] [34mcolcon.colcon_core.shell[0m [1;30mINFO[0m Creating prefix chain script '/Users/dgawade/ros_rviz/install/setup.ps1'
[102.564s] [34mcolcon.colcon_core.shell[0m [1;30mINFO[0m Creating prefix script '/Users/dgawade/ros_rviz/install/local_setup.sh'
[102.567s] [34mcolcon.colcon_core.shell[0m [1;30mINFO[0m Creating prefix util module '/Users/dgawade/ros_rviz/install/_local_setup_util_sh.py'
[102.568s] [34mcolcon.colcon_core.shell[0m [1;30mINFO[0m Creating prefix chain script '/Users/dgawade/ros_rviz/install/setup.sh'
[102.571s] [34mcolcon.colcon_core.shell[0m [1;30mINFO[0m Creating prefix script '/Users/dgawade/ros_rviz/install/local_setup.bash'
[102.573s] [34mcolcon.colcon_core.shell[0m [1;30mINFO[0m Creating prefix chain script '/Users/dgawade/ros_rviz/install/setup.bash'
[102.576s] [34mcolcon.colcon_core.shell[0m [1;30mINFO[0m Creating prefix script '/Users/dgawade/ros_rviz/install/local_setup.zsh'
[102.578s] [34mcolcon.colcon_core.shell[0m [1;30mINFO[0m Creating prefix chain script '/Users/dgawade/ros_rviz/install/setup.zsh'
