[0.181s] [34mcolcon[0m [1;30mDEBUG[0m [32mCommand line arguments: ['/Users/aashvibudia/miniconda3/envs/ros_humble/bin/colcon', 'build'][0m
[0.181s] [34mcolcon[0m [1;30mDEBUG[0m [32mParsed command line arguments: Namespace(log_base=None, log_level=None, verb_name='build', build_base='build', install_base='install', merge_install=False, symlink_install=False, test_result_base=None, continue_on_error=False, executor='parallel', parallel_workers=8, event_handlers=None, ignore_user_meta=False, metas=['./colcon.meta'], base_paths=['.'], packages_ignore=None, packages_ignore_regex=None, paths=None, packages_up_to=None, packages_up_to_regex=None, packages_above=None, packages_above_and_dependencies=None, packages_above_depth=None, packages_select_by_dep=None, packages_skip_by_dep=None, packages_skip_up_to=None, packages_select_build_failed=False, packages_skip_build_finished=False, packages_select_test_failures=False, packages_skip_test_passed=False, packages_select=None, packages_skip=None, packages_select_regex=None, packages_skip_regex=None, packages_start=None, packages_end=None, cmake_args=None, cmake_target=None, cmake_target_skip_unavailable=False, cmake_clean_cache=False, cmake_clean_first=False, cmake_force_configure=False, ament_cmake_args=None, catkin_cmake_args=None, catkin_skip_building_tests=False, verb_parser=<colcon_defaults.argument_parser.defaults.DefaultArgumentsDecorator object at 0x105a46210>, verb_extension=<colcon_core.verb.build.BuildVerb object at 0x105a45b50>, main=<bound method BuildVerb.main of <colcon_core.verb.build.BuildVerb object at 0x105a45b50>>)[0m
[0.214s] [34mcolcon.colcon_core.package_discovery[0m [1;30mLevel 1[0m discover_packages(colcon_meta) check parameters
[0.214s] [34mcolcon.colcon_core.package_discovery[0m [1;30mLevel 1[0m discover_packages(recursive) check parameters
[0.214s] [34mcolcon.colcon_core.package_discovery[0m [1;30mLevel 1[0m discover_packages(ignore) check parameters
[0.214s] [34mcolcon.colcon_core.package_discovery[0m [1;30mLevel 1[0m discover_packages(path) check parameters
[0.214s] [34mcolcon.colcon_core.package_discovery[0m [1;30mLevel 1[0m discover_packages(colcon_meta) discover
[0.214s] [34mcolcon.colcon_core.package_discovery[0m [1;30mLevel 1[0m discover_packages(recursive) discover
[0.214s] [34mcolcon.colcon_core.package_discovery[0m [1;30mINFO[0m Crawling recursively for packages in '/Users/aashvibudia/urdf_ws'
[0.214s] [34mcolcon.colcon_core.package_identification[0m [1;30mLevel 1[0m _identify(.) by extensions ['ignore', 'ignore_ament_install']
[0.214s] [34mcolcon.colcon_core.package_identification[0m [1;30mLevel 1[0m _identify(.) by extension 'ignore'
[0.214s] [34mcolcon.colcon_core.package_identification[0m [1;30mLevel 1[0m _identify(.) by extension 'ignore_ament_install'
[0.214s] [34mcolcon.colcon_core.package_identification[0m [1;30mLevel 1[0m _identify(.) by extensions ['colcon_pkg']
[0.214s] [34mcolcon.colcon_core.package_identification[0m [1;30mLevel 1[0m _identify(.) by extension 'colcon_pkg'
[0.214s] [34mcolcon.colcon_core.package_identification[0m [1;30mLevel 1[0m _identify(.) by extensions ['colcon_meta']
[0.214s] [34mcolcon.colcon_core.package_identification[0m [1;30mLevel 1[0m _identify(.) by extension 'colcon_meta'
[0.214s] [34mcolcon.colcon_core.package_identification[0m [1;30mLevel 1[0m _identify(.) by extensions ['ros']
[0.214s] [34mcolcon.colcon_core.package_identification[0m [1;30mLevel 1[0m _identify(.) by extension 'ros'
[0.232s] [34mcolcon.colcon_core.package_identification[0m [1;30mLevel 1[0m _identify(.) by extensions ['cmake', 'python']
[0.232s] [34mcolcon.colcon_core.package_identification[0m [1;30mLevel 1[0m _identify(.) by extension 'cmake'
[0.232s] [34mcolcon.colcon_core.package_identification[0m [1;30mLevel 1[0m _identify(.) by extension 'python'
[0.232s] [34mcolcon.colcon_core.package_identification[0m [1;30mLevel 1[0m _identify(.) by extensions ['python_setup_py']
[0.232s] [34mcolcon.colcon_core.package_identification[0m [1;30mLevel 1[0m _identify(.) by extension 'python_setup_py'
[0.232s] [34mcolcon.colcon_core.package_identification[0m [1;30mLevel 1[0m _identify(build) by extensions ['ignore', 'ignore_ament_install']
[0.232s] [34mcolcon.colcon_core.package_identification[0m [1;30mLevel 1[0m _identify(build) by extension 'ignore'
[0.232s] [34mcolcon.colcon_core.package_identification[0m [1;30mLevel 1[0m _identify(build) ignored
[0.232s] [34mcolcon.colcon_core.package_identification[0m [1;30mLevel 1[0m _identify(install) by extensions ['ignore', 'ignore_ament_install']
[0.232s] [34mcolcon.colcon_core.package_identification[0m [1;30mLevel 1[0m _identify(install) by extension 'ignore'
[0.232s] [34mcolcon.colcon_core.package_identification[0m [1;30mLevel 1[0m _identify(install) ignored
[0.232s] [34mcolcon.colcon_core.package_identification[0m [1;30mLevel 1[0m _identify(log) by extensions ['ignore', 'ignore_ament_install']
[0.232s] [34mcolcon.colcon_core.package_identification[0m [1;30mLevel 1[0m _identify(log) by extension 'ignore'
[0.233s] [34mcolcon.colcon_core.package_identification[0m [1;30mLevel 1[0m _identify(log) ignored
[0.233s] [34mcolcon.colcon_core.package_identification[0m [1;30mLevel 1[0m _identify(src) by extensions ['ignore', 'ignore_ament_install']
[0.233s] [34mcolcon.colcon_core.package_identification[0m [1;30mLevel 1[0m _identify(src) by extension 'ignore'
[0.233s] [34mcolcon.colcon_core.package_identification[0m [1;30mLevel 1[0m _identify(src) by extension 'ignore_ament_install'
[0.233s] [34mcolcon.colcon_core.package_identification[0m [1;30mLevel 1[0m _identify(src) by extensions ['colcon_pkg']
[0.233s] [34mcolcon.colcon_core.package_identification[0m [1;30mLevel 1[0m _identify(src) by extension 'colcon_pkg'
[0.233s] [34mcolcon.colcon_core.package_identification[0m [1;30mLevel 1[0m _identify(src) by extensions ['colcon_meta']
[0.233s] [34mcolcon.colcon_core.package_identification[0m [1;30mLevel 1[0m _identify(src) by extension 'colcon_meta'
[0.233s] [34mcolcon.colcon_core.package_identification[0m [1;30mLevel 1[0m _identify(src) by extensions ['ros']
[0.233s] [34mcolcon.colcon_core.package_identification[0m [1;30mLevel 1[0m _identify(src) by extension 'ros'
[0.233s] [34mcolcon.colcon_core.package_identification[0m [1;30mLevel 1[0m _identify(src) by extensions ['cmake', 'python']
[0.233s] [34mcolcon.colcon_core.package_identification[0m [1;30mLevel 1[0m _identify(src) by extension 'cmake'
[0.233s] [34mcolcon.colcon_core.package_identification[0m [1;30mLevel 1[0m _identify(src) by extension 'python'
[0.233s] [34mcolcon.colcon_core.package_identification[0m [1;30mLevel 1[0m _identify(src) by extensions ['python_setup_py']
[0.233s] [34mcolcon.colcon_core.package_identification[0m [1;30mLevel 1[0m _identify(src) by extension 'python_setup_py'
[0.233s] [34mcolcon.colcon_core.package_identification[0m [1;30mLevel 1[0m _identify(src/urdf_launch) by extensions ['ignore', 'ignore_ament_install']
[0.233s] [34mcolcon.colcon_core.package_identification[0m [1;30mLevel 1[0m _identify(src/urdf_launch) by extension 'ignore'
[0.233s] [34mcolcon.colcon_core.package_identification[0m [1;30mLevel 1[0m _identify(src/urdf_launch) by extension 'ignore_ament_install'
[0.233s] [34mcolcon.colcon_core.package_identification[0m [1;30mLevel 1[0m _identify(src/urdf_launch) by extensions ['colcon_pkg']
[0.233s] [34mcolcon.colcon_core.package_identification[0m [1;30mLevel 1[0m _identify(src/urdf_launch) by extension 'colcon_pkg'
[0.233s] [34mcolcon.colcon_core.package_identification[0m [1;30mLevel 1[0m _identify(src/urdf_launch) by extensions ['colcon_meta']
[0.233s] [34mcolcon.colcon_core.package_identification[0m [1;30mLevel 1[0m _identify(src/urdf_launch) by extension 'colcon_meta'
[0.233s] [34mcolcon.colcon_core.package_identification[0m [1;30mLevel 1[0m _identify(src/urdf_launch) by extensions ['ros']
[0.233s] [34mcolcon.colcon_core.package_identification[0m [1;30mLevel 1[0m _identify(src/urdf_launch) by extension 'ros'
[0.235s] [34mcolcon.colcon_core.package_identification[0m [1;30mDEBUG[0m [32mPackage 'src/urdf_launch' with type 'ros.ament_cmake' and name 'urdf_launch'[0m
[0.235s] [34mcolcon.colcon_core.package_identification[0m [1;30mLevel 1[0m _identify(src/urdf_sim_tutorial) by extensions ['ignore', 'ignore_ament_install']
[0.235s] [34mcolcon.colcon_core.package_identification[0m [1;30mLevel 1[0m _identify(src/urdf_sim_tutorial) by extension 'ignore'
[0.235s] [34mcolcon.colcon_core.package_identification[0m [1;30mLevel 1[0m _identify(src/urdf_sim_tutorial) by extension 'ignore_ament_install'
[0.235s] [34mcolcon.colcon_core.package_identification[0m [1;30mLevel 1[0m _identify(src/urdf_sim_tutorial) by extensions ['colcon_pkg']
[0.235s] [34mcolcon.colcon_core.package_identification[0m [1;30mLevel 1[0m _identify(src/urdf_sim_tutorial) by extension 'colcon_pkg'
[0.235s] [34mcolcon.colcon_core.package_identification[0m [1;30mLevel 1[0m _identify(src/urdf_sim_tutorial) by extensions ['colcon_meta']
[0.235s] [34mcolcon.colcon_core.package_identification[0m [1;30mLevel 1[0m _identify(src/urdf_sim_tutorial) by extension 'colcon_meta'
[0.235s] [34mcolcon.colcon_core.package_identification[0m [1;30mLevel 1[0m _identify(src/urdf_sim_tutorial) by extensions ['ros']
[0.235s] [34mcolcon.colcon_core.package_identification[0m [1;30mLevel 1[0m _identify(src/urdf_sim_tutorial) by extension 'ros'
[0.235s] [34mcolcon.colcon_core.package_identification[0m [1;30mDEBUG[0m [32mPackage 'src/urdf_sim_tutorial' with type 'ros.ament_cmake' and name 'urdf_sim_tutorial'[0m
[0.236s] [34mcolcon.colcon_core.package_identification[0m [1;30mLevel 1[0m _identify(src/urdf_tutorial) by extensions ['ignore', 'ignore_ament_install']
[0.236s] [34mcolcon.colcon_core.package_identification[0m [1;30mLevel 1[0m _identify(src/urdf_tutorial) by extension 'ignore'
[0.236s] [34mcolcon.colcon_core.package_identification[0m [1;30mLevel 1[0m _identify(src/urdf_tutorial) by extension 'ignore_ament_install'
[0.236s] [34mcolcon.colcon_core.package_identification[0m [1;30mLevel 1[0m _identify(src/urdf_tutorial) by extensions ['colcon_pkg']
[0.236s] [34mcolcon.colcon_core.package_identification[0m [1;30mLevel 1[0m _identify(src/urdf_tutorial) by extension 'colcon_pkg'
[0.236s] [34mcolcon.colcon_core.package_identification[0m [1;30mLevel 1[0m _identify(src/urdf_tutorial) by extensions ['colcon_meta']
[0.236s] [34mcolcon.colcon_core.package_identification[0m [1;30mLevel 1[0m _identify(src/urdf_tutorial) by extension 'colcon_meta'
[0.236s] [34mcolcon.colcon_core.package_identification[0m [1;30mLevel 1[0m _identify(src/urdf_tutorial) by extensions ['ros']
[0.236s] [34mcolcon.colcon_core.package_identification[0m [1;30mLevel 1[0m _identify(src/urdf_tutorial) by extension 'ros'
[0.236s] [34mcolcon.colcon_core.package_identification[0m [1;30mDEBUG[0m [32mPackage 'src/urdf_tutorial' with type 'ros.ament_cmake' and name 'urdf_tutorial'[0m
[0.236s] [34mcolcon.colcon_core.package_identification[0m [1;30mLevel 1[0m _identify(src/urdf_tutorial_r2d2) by extensions ['ignore', 'ignore_ament_install']
[0.236s] [34mcolcon.colcon_core.package_identification[0m [1;30mLevel 1[0m _identify(src/urdf_tutorial_r2d2) by extension 'ignore'
[0.236s] [34mcolcon.colcon_core.package_identification[0m [1;30mLevel 1[0m _identify(src/urdf_tutorial_r2d2) by extension 'ignore_ament_install'
[0.236s] [34mcolcon.colcon_core.package_identification[0m [1;30mLevel 1[0m _identify(src/urdf_tutorial_r2d2) by extensions ['colcon_pkg']
[0.236s] [34mcolcon.colcon_core.package_identification[0m [1;30mLevel 1[0m _identify(src/urdf_tutorial_r2d2) by extension 'colcon_pkg'
[0.236s] [34mcolcon.colcon_core.package_identification[0m [1;30mLevel 1[0m _identify(src/urdf_tutorial_r2d2) by extensions ['colcon_meta']
[0.236s] [34mcolcon.colcon_core.package_identification[0m [1;30mLevel 1[0m _identify(src/urdf_tutorial_r2d2) by extension 'colcon_meta'
[0.236s] [34mcolcon.colcon_core.package_identification[0m [1;30mLevel 1[0m _identify(src/urdf_tutorial_r2d2) by extensions ['ros']
[0.236s] [34mcolcon.colcon_core.package_identification[0m [1;30mLevel 1[0m _identify(src/urdf_tutorial_r2d2) by extension 'ros'
[0.237s] [34mcolcon.colcon_core.package_identification[0m [1;30mDEBUG[0m [32mPackage 'src/urdf_tutorial_r2d2' with type 'ros.ament_python' and name 'urdf_tutorial_r2d2'[0m
[0.237s] [34mcolcon.colcon_core.package_discovery[0m [1;30mLevel 1[0m discover_packages(recursive) using defaults
[0.237s] [34mcolcon.colcon_core.package_discovery[0m [1;30mLevel 1[0m discover_packages(ignore) discover
[0.237s] [34mcolcon.colcon_core.package_discovery[0m [1;30mLevel 1[0m discover_packages(ignore) using defaults
[0.237s] [34mcolcon.colcon_core.package_discovery[0m [1;30mLevel 1[0m discover_packages(path) discover
[0.237s] [34mcolcon.colcon_core.package_discovery[0m [1;30mLevel 1[0m discover_packages(path) using defaults
[0.250s] [34mcolcon.colcon_core.verb[0m [1;30mLevel 5[0m set package 'urdf_launch' build argument 'cmake_args' from command line to 'None'
[0.250s] [34mcolcon.colcon_core.verb[0m [1;30mLevel 5[0m set package 'urdf_launch' build argument 'cmake_target' from command line to 'None'
[0.250s] [34mcolcon.colcon_core.verb[0m [1;30mLevel 5[0m set package 'urdf_launch' build argument 'cmake_target_skip_unavailable' from command line to 'False'
[0.250s] [34mcolcon.colcon_core.verb[0m [1;30mLevel 5[0m set package 'urdf_launch' build argument 'cmake_clean_cache' from command line to 'False'
[0.250s] [34mcolcon.colcon_core.verb[0m [1;30mLevel 5[0m set package 'urdf_launch' build argument 'cmake_clean_first' from command line to 'False'
[0.250s] [34mcolcon.colcon_core.verb[0m [1;30mLevel 5[0m set package 'urdf_launch' build argument 'cmake_force_configure' from command line to 'False'
[0.250s] [34mcolcon.colcon_core.verb[0m [1;30mLevel 5[0m set package 'urdf_launch' build argument 'ament_cmake_args' from command line to 'None'
[0.250s] [34mcolcon.colcon_core.verb[0m [1;30mLevel 5[0m set package 'urdf_launch' build argument 'catkin_cmake_args' from command line to 'None'
[0.250s] [34mcolcon.colcon_core.verb[0m [1;30mLevel 5[0m set package 'urdf_launch' build argument 'catkin_skip_building_tests' from command line to 'False'
[0.250s] [34mcolcon.colcon_core.verb[0m [1;30mDEBUG[0m [32mBuilding package 'urdf_launch' with the following arguments: {'ament_cmake_args': None, 'build_base': '/Users/aashvibudia/urdf_ws/build/urdf_launch', 'catkin_cmake_args': None, 'catkin_skip_building_tests': False, 'cmake_args': None, 'cmake_clean_cache': False, 'cmake_clean_first': False, 'cmake_force_configure': False, 'cmake_target': None, 'cmake_target_skip_unavailable': False, 'install_base': '/Users/aashvibudia/urdf_ws/install/urdf_launch', 'merge_install': False, 'path': '/Users/aashvibudia/urdf_ws/src/urdf_launch', 'symlink_install': False, 'test_result_base': None}[0m
[0.250s] [34mcolcon.colcon_core.verb[0m [1;30mLevel 5[0m set package 'urdf_tutorial_r2d2' build argument 'cmake_args' from command line to 'None'
[0.250s] [34mcolcon.colcon_core.verb[0m [1;30mLevel 5[0m set package 'urdf_tutorial_r2d2' build argument 'cmake_target' from command line to 'None'
[0.250s] [34mcolcon.colcon_core.verb[0m [1;30mLevel 5[0m set package 'urdf_tutorial_r2d2' build argument 'cmake_target_skip_unavailable' from command line to 'False'
[0.250s] [34mcolcon.colcon_core.verb[0m [1;30mLevel 5[0m set package 'urdf_tutorial_r2d2' build argument 'cmake_clean_cache' from command line to 'False'
[0.250s] [34mcolcon.colcon_core.verb[0m [1;30mLevel 5[0m set package 'urdf_tutorial_r2d2' build argument 'cmake_clean_first' from command line to 'False'
[0.250s] [34mcolcon.colcon_core.verb[0m [1;30mLevel 5[0m set package 'urdf_tutorial_r2d2' build argument 'cmake_force_configure' from command line to 'False'
[0.250s] [34mcolcon.colcon_core.verb[0m [1;30mLevel 5[0m set package 'urdf_tutorial_r2d2' build argument 'ament_cmake_args' from command line to 'None'
[0.250s] [34mcolcon.colcon_core.verb[0m [1;30mLevel 5[0m set package 'urdf_tutorial_r2d2' build argument 'catkin_cmake_args' from command line to 'None'
[0.251s] [34mcolcon.colcon_core.verb[0m [1;30mLevel 5[0m set package 'urdf_tutorial_r2d2' build argument 'catkin_skip_building_tests' from command line to 'False'
[0.251s] [34mcolcon.colcon_core.verb[0m [1;30mDEBUG[0m [32mBuilding package 'urdf_tutorial_r2d2' with the following arguments: {'ament_cmake_args': None, 'build_base': '/Users/aashvibudia/urdf_ws/build/urdf_tutorial_r2d2', 'catkin_cmake_args': None, 'catkin_skip_building_tests': False, 'cmake_args': None, 'cmake_clean_cache': False, 'cmake_clean_first': False, 'cmake_force_configure': False, 'cmake_target': None, 'cmake_target_skip_unavailable': False, 'install_base': '/Users/aashvibudia/urdf_ws/install/urdf_tutorial_r2d2', 'merge_install': False, 'path': '/Users/aashvibudia/urdf_ws/src/urdf_tutorial_r2d2', 'symlink_install': False, 'test_result_base': None}[0m
[0.251s] [34mcolcon.colcon_core.verb[0m [1;30mLevel 5[0m set package 'urdf_tutorial' build argument 'cmake_args' from command line to 'None'
[0.251s] [34mcolcon.colcon_core.verb[0m [1;30mLevel 5[0m set package 'urdf_tutorial' build argument 'cmake_target' from command line to 'None'
[0.251s] [34mcolcon.colcon_core.verb[0m [1;30mLevel 5[0m set package 'urdf_tutorial' build argument 'cmake_target_skip_unavailable' from command line to 'False'
[0.251s] [34mcolcon.colcon_core.verb[0m [1;30mLevel 5[0m set package 'urdf_tutorial' build argument 'cmake_clean_cache' from command line to 'False'
[0.251s] [34mcolcon.colcon_core.verb[0m [1;30mLevel 5[0m set package 'urdf_tutorial' build argument 'cmake_clean_first' from command line to 'False'
[0.251s] [34mcolcon.colcon_core.verb[0m [1;30mLevel 5[0m set package 'urdf_tutorial' build argument 'cmake_force_configure' from command line to 'False'
[0.251s] [34mcolcon.colcon_core.verb[0m [1;30mLevel 5[0m set package 'urdf_tutorial' build argument 'ament_cmake_args' from command line to 'None'
[0.251s] [34mcolcon.colcon_core.verb[0m [1;30mLevel 5[0m set package 'urdf_tutorial' build argument 'catkin_cmake_args' from command line to 'None'
[0.251s] [34mcolcon.colcon_core.verb[0m [1;30mLevel 5[0m set package 'urdf_tutorial' build argument 'catkin_skip_building_tests' from command line to 'False'
[0.251s] [34mcolcon.colcon_core.verb[0m [1;30mDEBUG[0m [32mBuilding package 'urdf_tutorial' with the following arguments: {'ament_cmake_args': None, 'build_base': '/Users/aashvibudia/urdf_ws/build/urdf_tutorial', 'catkin_cmake_args': None, 'catkin_skip_building_tests': False, 'cmake_args': None, 'cmake_clean_cache': False, 'cmake_clean_first': False, 'cmake_force_configure': False, 'cmake_target': None, 'cmake_target_skip_unavailable': False, 'install_base': '/Users/aashvibudia/urdf_ws/install/urdf_tutorial', 'merge_install': False, 'path': '/Users/aashvibudia/urdf_ws/src/urdf_tutorial', 'symlink_install': False, 'test_result_base': None}[0m
[0.251s] [34mcolcon.colcon_core.verb[0m [1;30mLevel 5[0m set package 'urdf_sim_tutorial' build argument 'cmake_args' from command line to 'None'
[0.251s] [34mcolcon.colcon_core.verb[0m [1;30mLevel 5[0m set package 'urdf_sim_tutorial' build argument 'cmake_target' from command line to 'None'
[0.251s] [34mcolcon.colcon_core.verb[0m [1;30mLevel 5[0m set package 'urdf_sim_tutorial' build argument 'cmake_target_skip_unavailable' from command line to 'False'
[0.251s] [34mcolcon.colcon_core.verb[0m [1;30mLevel 5[0m set package 'urdf_sim_tutorial' build argument 'cmake_clean_cache' from command line to 'False'
[0.251s] [34mcolcon.colcon_core.verb[0m [1;30mLevel 5[0m set package 'urdf_sim_tutorial' build argument 'cmake_clean_first' from command line to 'False'
[0.251s] [34mcolcon.colcon_core.verb[0m [1;30mLevel 5[0m set package 'urdf_sim_tutorial' build argument 'cmake_force_configure' from command line to 'False'
[0.251s] [34mcolcon.colcon_core.verb[0m [1;30mLevel 5[0m set package 'urdf_sim_tutorial' build argument 'ament_cmake_args' from command line to 'None'
[0.251s] [34mcolcon.colcon_core.verb[0m [1;30mLevel 5[0m set package 'urdf_sim_tutorial' build argument 'catkin_cmake_args' from command line to 'None'
[0.251s] [34mcolcon.colcon_core.verb[0m [1;30mLevel 5[0m set package 'urdf_sim_tutorial' build argument 'catkin_skip_building_tests' from command line to 'False'
[0.251s] [34mcolcon.colcon_core.verb[0m [1;30mDEBUG[0m [32mBuilding package 'urdf_sim_tutorial' with the following arguments: {'ament_cmake_args': None, 'build_base': '/Users/aashvibudia/urdf_ws/build/urdf_sim_tutorial', 'catkin_cmake_args': None, 'catkin_skip_building_tests': False, 'cmake_args': None, 'cmake_clean_cache': False, 'cmake_clean_first': False, 'cmake_force_configure': False, 'cmake_target': None, 'cmake_target_skip_unavailable': False, 'install_base': '/Users/aashvibudia/urdf_ws/install/urdf_sim_tutorial', 'merge_install': False, 'path': '/Users/aashvibudia/urdf_ws/src/urdf_sim_tutorial', 'symlink_install': False, 'test_result_base': None}[0m
[0.251s] [34mcolcon.colcon_core.executor[0m [1;30mINFO[0m Executing jobs using 'parallel' executor
[0.252s] [34mcolcon.colcon_parallel_executor.executor.parallel[0m [1;30mDEBUG[0m [32mrun_until_complete[0m
[0.252s] [34mcolcon.colcon_ros.task.ament_cmake.build[0m [1;30mINFO[0m Building ROS package in '/Users/aashvibudia/urdf_ws/src/urdf_launch' with build type 'ament_cmake'
[0.252s] [34mcolcon.colcon_cmake.task.cmake.build[0m [1;30mINFO[0m Building CMake package in '/Users/aashvibudia/urdf_ws/src/urdf_launch'
[0.254s] [34mcolcon.colcon_core.plugin_system[0m [1;30mINFO[0m Skipping extension 'colcon_core.shell.bat': Not used on non-Windows systems
[0.254s] [34mcolcon.colcon_core.shell[0m [1;30mINFO[0m Skip shell extension 'powershell' for command environment: Not usable outside of PowerShell
[0.254s] [34mcolcon.colcon_core.shell[0m [1;30mDEBUG[0m [32mSkip shell extension 'dsv' for command environment[0m
[0.259s] [34mcolcon.colcon_ros.task.ament_python.build[0m [1;30mINFO[0m Building ROS package in '/Users/aashvibudia/urdf_ws/src/urdf_tutorial_r2d2' with build type 'ament_python'
[0.260s] [34mcolcon.colcon_core.shell[0m [1;30mLevel 1[0m create_environment_hook('urdf_tutorial_r2d2', 'ament_prefix_path')
[0.260s] [34mcolcon.colcon_core.shell[0m [1;30mINFO[0m Creating environment hook '/Users/aashvibudia/urdf_ws/install/urdf_tutorial_r2d2/share/urdf_tutorial_r2d2/hook/ament_prefix_path.ps1'
[0.260s] [34mcolcon.colcon_core.shell[0m [1;30mINFO[0m Creating environment descriptor '/Users/aashvibudia/urdf_ws/install/urdf_tutorial_r2d2/share/urdf_tutorial_r2d2/hook/ament_prefix_path.dsv'
[0.261s] [34mcolcon.colcon_core.shell[0m [1;30mINFO[0m Creating environment hook '/Users/aashvibudia/urdf_ws/install/urdf_tutorial_r2d2/share/urdf_tutorial_r2d2/hook/ament_prefix_path.sh'
[0.261s] [34mcolcon.colcon_core.shell[0m [1;30mINFO[0m Skip shell extension 'powershell' for command environment: Not usable outside of PowerShell
[0.261s] [34mcolcon.colcon_core.shell[0m [1;30mDEBUG[0m [32mSkip shell extension 'dsv' for command environment[0m
[0.292s] [34mcolcon.colcon_core.event_handler.log_command[0m [1;30mDEBUG[0m [32mInvoking command in '/Users/aashvibudia/urdf_ws/build/urdf_launch': CMAKE_PREFIX_PATH=${CMAKE_PREFIX_PATH}:/Users/aashvibudia/urdf_ws/install/urdf_tutorial_r2d2 CONDA_PROMPT_MODIFIER=(ros_humble) SHLVL=2 _=/Users/aashvibudia/miniconda3/envs/ros_humble/bin/env __CF_USER_TEXT_ENCODING=0x1F5:0x0:0x0 /Users/aashvibudia/miniconda3/envs/ros_humble/bin/cmake /Users/aashvibudia/urdf_ws/src/urdf_launch -DCMAKE_INSTALL_PREFIX=/Users/aashvibudia/urdf_ws/install/urdf_launch[0m
[0.420s] [34mcolcon.colcon_core.task.python.build[0m [1;30mINFO[0m Building Python package in '/Users/aashvibudia/urdf_ws/src/urdf_tutorial_r2d2'
[0.421s] [34mcolcon.colcon_core.shell[0m [1;30mINFO[0m Skip shell extension 'powershell' for command environment: Not usable outside of PowerShell
[0.421s] [34mcolcon.colcon_core.shell[0m [1;30mDEBUG[0m [32mSkip shell extension 'dsv' for command environment[0m
[0.750s] [34mcolcon.colcon_core.event_handler.log_command[0m [1;30mDEBUG[0m [32mInvoking command in '/Users/aashvibudia/urdf_ws/src/urdf_tutorial_r2d2': CONDA_PROMPT_MODIFIER=(ros_humble) PYTHONPATH=/Users/aashvibudia/urdf_ws/build/urdf_tutorial_r2d2/prefix_override:/Users/aashvibudia/miniconda3/envs/ros_humble/lib/python3.11/site-packages/colcon_core/task/python/colcon_distutils_commands:/Users/aashvibudia/urdf_ws/install/urdf_tutorial_r2d2/lib/python3.11/site-packages:${PYTHONPATH} SHLVL=2 _=/Users/aashvibudia/miniconda3/envs/ros_humble/bin/env __CF_USER_TEXT_ENCODING=0x1F5:0x0:0x0 /Users/aashvibudia/miniconda3/envs/ros_humble/bin/python3.11 -W ignore:setup.py install is deprecated setup.py egg_info --egg-base ../../build/urdf_tutorial_r2d2 build --build-base /Users/aashvibudia/urdf_ws/build/urdf_tutorial_r2d2/build install --record /Users/aashvibudia/urdf_ws/build/urdf_tutorial_r2d2/install.log --single-version-externally-managed install_data[0m
[1.025s] [34mcolcon.colcon_core.event_handler.log_command[0m [1;30mDEBUG[0m [32mInvoked command in '/Users/aashvibudia/urdf_ws/src/urdf_tutorial_r2d2' returned '0': CONDA_PROMPT_MODIFIER=(ros_humble) PYTHONPATH=/Users/aashvibudia/urdf_ws/build/urdf_tutorial_r2d2/prefix_override:/Users/aashvibudia/miniconda3/envs/ros_humble/lib/python3.11/site-packages/colcon_core/task/python/colcon_distutils_commands:/Users/aashvibudia/urdf_ws/install/urdf_tutorial_r2d2/lib/python3.11/site-packages:${PYTHONPATH} SHLVL=2 _=/Users/aashvibudia/miniconda3/envs/ros_humble/bin/env __CF_USER_TEXT_ENCODING=0x1F5:0x0:0x0 /Users/aashvibudia/miniconda3/envs/ros_humble/bin/python3.11 -W ignore:setup.py install is deprecated setup.py egg_info --egg-base ../../build/urdf_tutorial_r2d2 build --build-base /Users/aashvibudia/urdf_ws/build/urdf_tutorial_r2d2/build install --record /Users/aashvibudia/urdf_ws/build/urdf_tutorial_r2d2/install.log --single-version-externally-managed install_data[0m
[1.027s] [34mcolcon.colcon_core.environment[0m [1;30mLevel 1[0m checking '/Users/aashvibudia/urdf_ws/install/urdf_tutorial_r2d2' for CMake module files
[1.027s] [34mcolcon.colcon_core.environment[0m [1;30mLevel 1[0m checking '/Users/aashvibudia/urdf_ws/install/urdf_tutorial_r2d2' for CMake config files
[1.028s] [34mcolcon.colcon_core.environment[0m [1;30mLevel 1[0m checking '/Users/aashvibudia/urdf_ws/install/urdf_tutorial_r2d2/lib'
[1.028s] [34mcolcon.colcon_core.environment[0m [1;30mLevel 1[0m checking '/Users/aashvibudia/urdf_ws/install/urdf_tutorial_r2d2/bin'
[1.028s] [34mcolcon.colcon_core.environment[0m [1;30mLevel 1[0m checking '/Users/aashvibudia/urdf_ws/install/urdf_tutorial_r2d2/lib/pkgconfig/urdf_tutorial_r2d2.pc'
[1.028s] [34mcolcon.colcon_core.environment[0m [1;30mLevel 1[0m checking '/Users/aashvibudia/urdf_ws/install/urdf_tutorial_r2d2/lib/python3.11/site-packages'
[1.028s] [34mcolcon.colcon_core.shell[0m [1;30mLevel 1[0m create_environment_hook('urdf_tutorial_r2d2', 'pythonpath')
[1.028s] [34mcolcon.colcon_core.shell[0m [1;30mINFO[0m Creating environment hook '/Users/aashvibudia/urdf_ws/install/urdf_tutorial_r2d2/share/urdf_tutorial_r2d2/hook/pythonpath.ps1'
[1.029s] [34mcolcon.colcon_core.shell[0m [1;30mINFO[0m Creating environment descriptor '/Users/aashvibudia/urdf_ws/install/urdf_tutorial_r2d2/share/urdf_tutorial_r2d2/hook/pythonpath.dsv'
[1.029s] [34mcolcon.colcon_core.shell[0m [1;30mINFO[0m Creating environment hook '/Users/aashvibudia/urdf_ws/install/urdf_tutorial_r2d2/share/urdf_tutorial_r2d2/hook/pythonpath.sh'
[1.029s] [34mcolcon.colcon_core.environment[0m [1;30mLevel 1[0m checking '/Users/aashvibudia/urdf_ws/install/urdf_tutorial_r2d2/bin'
[1.029s] [34mcolcon.colcon_core.environment[0m [1;30mLevel 1[0m create_environment_scripts_only(urdf_tutorial_r2d2)
[1.029s] [34mcolcon.colcon_core.shell[0m [1;30mINFO[0m Creating package script '/Users/aashvibudia/urdf_ws/install/urdf_tutorial_r2d2/share/urdf_tutorial_r2d2/package.ps1'
[1.030s] [34mcolcon.colcon_core.shell[0m [1;30mINFO[0m Creating package descriptor '/Users/aashvibudia/urdf_ws/install/urdf_tutorial_r2d2/share/urdf_tutorial_r2d2/package.dsv'
[1.030s] [34mcolcon.colcon_core.shell[0m [1;30mINFO[0m Creating package script '/Users/aashvibudia/urdf_ws/install/urdf_tutorial_r2d2/share/urdf_tutorial_r2d2/package.sh'
[1.031s] [34mcolcon.colcon_core.shell[0m [1;30mINFO[0m Creating package script '/Users/aashvibudia/urdf_ws/install/urdf_tutorial_r2d2/share/urdf_tutorial_r2d2/package.bash'
[1.031s] [34mcolcon.colcon_core.shell[0m [1;30mINFO[0m Creating package script '/Users/aashvibudia/urdf_ws/install/urdf_tutorial_r2d2/share/urdf_tutorial_r2d2/package.zsh'
[1.032s] [34mcolcon.colcon_core.environment[0m [1;30mLevel 1[0m create_file_with_runtime_dependencies(/Users/aashvibudia/urdf_ws/install/urdf_tutorial_r2d2/share/colcon-core/packages/urdf_tutorial_r2d2)
[2.824s] [34mcolcon.colcon_core.event_handler.log_command[0m [1;30mDEBUG[0m [32mInvoked command in '/Users/aashvibudia/urdf_ws/build/urdf_launch' returned '0': CMAKE_PREFIX_PATH=${CMAKE_PREFIX_PATH}:/Users/aashvibudia/urdf_ws/install/urdf_tutorial_r2d2 CONDA_PROMPT_MODIFIER=(ros_humble) SHLVL=2 _=/Users/aashvibudia/miniconda3/envs/ros_humble/bin/env __CF_USER_TEXT_ENCODING=0x1F5:0x0:0x0 /Users/aashvibudia/miniconda3/envs/ros_humble/bin/cmake /Users/aashvibudia/urdf_ws/src/urdf_launch -DCMAKE_INSTALL_PREFIX=/Users/aashvibudia/urdf_ws/install/urdf_launch[0m
[2.826s] [34mcolcon.colcon_core.event_handler.log_command[0m [1;30mDEBUG[0m [32mInvoking command in '/Users/aashvibudia/urdf_ws/build/urdf_launch': CMAKE_PREFIX_PATH=${CMAKE_PREFIX_PATH}:/Users/aashvibudia/urdf_ws/install/urdf_tutorial_r2d2 CONDA_PROMPT_MODIFIER=(ros_humble) SHLVL=2 _=/Users/aashvibudia/miniconda3/envs/ros_humble/bin/env __CF_USER_TEXT_ENCODING=0x1F5:0x0:0x0 /Users/aashvibudia/miniconda3/envs/ros_humble/bin/cmake --build /Users/aashvibudia/urdf_ws/build/urdf_launch -- -j8 -l8[0m
[2.877s] [34mcolcon.colcon_core.event_handler.log_command[0m [1;30mDEBUG[0m [32mInvoked command in '/Users/aashvibudia/urdf_ws/build/urdf_launch' returned '0': CMAKE_PREFIX_PATH=${CMAKE_PREFIX_PATH}:/Users/aashvibudia/urdf_ws/install/urdf_tutorial_r2d2 CONDA_PROMPT_MODIFIER=(ros_humble) SHLVL=2 _=/Users/aashvibudia/miniconda3/envs/ros_humble/bin/env __CF_USER_TEXT_ENCODING=0x1F5:0x0:0x0 /Users/aashvibudia/miniconda3/envs/ros_humble/bin/cmake --build /Users/aashvibudia/urdf_ws/build/urdf_launch -- -j8 -l8[0m
[2.963s] [34mcolcon.colcon_core.event_handler.log_command[0m [1;30mDEBUG[0m [32mInvoking command in '/Users/aashvibudia/urdf_ws/build/urdf_launch': CMAKE_PREFIX_PATH=${CMAKE_PREFIX_PATH}:/Users/aashvibudia/urdf_ws/install/urdf_tutorial_r2d2 CONDA_PROMPT_MODIFIER=(ros_humble) SHLVL=2 _=/Users/aashvibudia/miniconda3/envs/ros_humble/bin/env __CF_USER_TEXT_ENCODING=0x1F5:0x0:0x0 /Users/aashvibudia/miniconda3/envs/ros_humble/bin/cmake --install /Users/aashvibudia/urdf_ws/build/urdf_launch[0m
[2.978s] [34mcolcon.colcon_core.environment[0m [1;30mLevel 1[0m create_environment_scripts_only(urdf_launch)
[2.978s] [34mcolcon.colcon_core.environment[0m [1;30mLevel 1[0m checking '/Users/aashvibudia/urdf_ws/install/urdf_launch' for CMake module files
[2.978s] [34mcolcon.colcon_core.event_handler.log_command[0m [1;30mDEBUG[0m [32mInvoked command in '/Users/aashvibudia/urdf_ws/build/urdf_launch' returned '0': CMAKE_PREFIX_PATH=${CMAKE_PREFIX_PATH}:/Users/aashvibudia/urdf_ws/install/urdf_tutorial_r2d2 CONDA_PROMPT_MODIFIER=(ros_humble) SHLVL=2 _=/Users/aashvibudia/miniconda3/envs/ros_humble/bin/env __CF_USER_TEXT_ENCODING=0x1F5:0x0:0x0 /Users/aashvibudia/miniconda3/envs/ros_humble/bin/cmake --install /Users/aashvibudia/urdf_ws/build/urdf_launch[0m
[2.978s] [34mcolcon.colcon_core.environment[0m [1;30mLevel 1[0m checking '/Users/aashvibudia/urdf_ws/install/urdf_launch' for CMake config files
[2.979s] [34mcolcon.colcon_core.shell[0m [1;30mLevel 1[0m create_environment_hook('urdf_launch', 'cmake_prefix_path')
[2.979s] [34mcolcon.colcon_core.shell[0m [1;30mINFO[0m Creating environment hook '/Users/aashvibudia/urdf_ws/install/urdf_launch/share/urdf_launch/hook/cmake_prefix_path.ps1'
[2.979s] [34mcolcon.colcon_core.shell[0m [1;30mINFO[0m Creating environment descriptor '/Users/aashvibudia/urdf_ws/install/urdf_launch/share/urdf_launch/hook/cmake_prefix_path.dsv'
[2.979s] [34mcolcon.colcon_core.shell[0m [1;30mINFO[0m Creating environment hook '/Users/aashvibudia/urdf_ws/install/urdf_launch/share/urdf_launch/hook/cmake_prefix_path.sh'
[2.980s] [34mcolcon.colcon_core.environment[0m [1;30mLevel 1[0m checking '/Users/aashvibudia/urdf_ws/install/urdf_launch/lib'
[2.980s] [34mcolcon.colcon_core.environment[0m [1;30mLevel 1[0m checking '/Users/aashvibudia/urdf_ws/install/urdf_launch/bin'
[2.980s] [34mcolcon.colcon_core.environment[0m [1;30mLevel 1[0m checking '/Users/aashvibudia/urdf_ws/install/urdf_launch/lib/pkgconfig/urdf_launch.pc'
[2.980s] [34mcolcon.colcon_core.environment[0m [1;30mLevel 1[0m checking '/Users/aashvibudia/urdf_ws/install/urdf_launch/lib/python3.11/site-packages'
[2.980s] [34mcolcon.colcon_core.environment[0m [1;30mLevel 1[0m checking '/Users/aashvibudia/urdf_ws/install/urdf_launch/bin'
[2.980s] [34mcolcon.colcon_core.shell[0m [1;30mINFO[0m Creating package script '/Users/aashvibudia/urdf_ws/install/urdf_launch/share/urdf_launch/package.ps1'
[2.980s] [34mcolcon.colcon_core.shell[0m [1;30mINFO[0m Creating package descriptor '/Users/aashvibudia/urdf_ws/install/urdf_launch/share/urdf_launch/package.dsv'
[2.980s] [34mcolcon.colcon_core.shell[0m [1;30mINFO[0m Creating package script '/Users/aashvibudia/urdf_ws/install/urdf_launch/share/urdf_launch/package.sh'
[2.981s] [34mcolcon.colcon_core.shell[0m [1;30mINFO[0m Creating package script '/Users/aashvibudia/urdf_ws/install/urdf_launch/share/urdf_launch/package.bash'
[2.981s] [34mcolcon.colcon_core.shell[0m [1;30mINFO[0m Creating package script '/Users/aashvibudia/urdf_ws/install/urdf_launch/share/urdf_launch/package.zsh'
[2.981s] [34mcolcon.colcon_core.environment[0m [1;30mLevel 1[0m create_file_with_runtime_dependencies(/Users/aashvibudia/urdf_ws/install/urdf_launch/share/colcon-core/packages/urdf_launch)
[3.053s] [34mcolcon.colcon_core.environment[0m [1;30mLevel 1[0m create_environment_scripts_only(urdf_launch)
[3.053s] [34mcolcon.colcon_core.environment[0m [1;30mLevel 1[0m checking '/Users/aashvibudia/urdf_ws/install/urdf_launch' for CMake module files
[3.053s] [34mcolcon.colcon_core.environment[0m [1;30mLevel 1[0m checking '/Users/aashvibudia/urdf_ws/install/urdf_launch' for CMake config files
[3.054s] [34mcolcon.colcon_core.shell[0m [1;30mLevel 1[0m create_environment_hook('urdf_launch', 'cmake_prefix_path')
[3.054s] [34mcolcon.colcon_core.shell[0m [1;30mINFO[0m Creating environment hook '/Users/aashvibudia/urdf_ws/install/urdf_launch/share/urdf_launch/hook/cmake_prefix_path.ps1'
[3.054s] [34mcolcon.colcon_core.shell[0m [1;30mINFO[0m Creating environment descriptor '/Users/aashvibudia/urdf_ws/install/urdf_launch/share/urdf_launch/hook/cmake_prefix_path.dsv'
[3.054s] [34mcolcon.colcon_core.shell[0m [1;30mINFO[0m Creating environment hook '/Users/aashvibudia/urdf_ws/install/urdf_launch/share/urdf_launch/hook/cmake_prefix_path.sh'
[3.054s] [34mcolcon.colcon_core.environment[0m [1;30mLevel 1[0m checking '/Users/aashvibudia/urdf_ws/install/urdf_launch/lib'
[3.054s] [34mcolcon.colcon_core.environment[0m [1;30mLevel 1[0m checking '/Users/aashvibudia/urdf_ws/install/urdf_launch/bin'
[3.054s] [34mcolcon.colcon_core.environment[0m [1;30mLevel 1[0m checking '/Users/aashvibudia/urdf_ws/install/urdf_launch/lib/pkgconfig/urdf_launch.pc'
[3.055s] [34mcolcon.colcon_core.environment[0m [1;30mLevel 1[0m checking '/Users/aashvibudia/urdf_ws/install/urdf_launch/lib/python3.11/site-packages'
[3.055s] [34mcolcon.colcon_core.environment[0m [1;30mLevel 1[0m checking '/Users/aashvibudia/urdf_ws/install/urdf_launch/bin'
[3.055s] [34mcolcon.colcon_core.shell[0m [1;30mINFO[0m Creating package script '/Users/aashvibudia/urdf_ws/install/urdf_launch/share/urdf_launch/package.ps1'
[3.055s] [34mcolcon.colcon_core.shell[0m [1;30mINFO[0m Creating package descriptor '/Users/aashvibudia/urdf_ws/install/urdf_launch/share/urdf_launch/package.dsv'
[3.055s] [34mcolcon.colcon_core.shell[0m [1;30mINFO[0m Creating package script '/Users/aashvibudia/urdf_ws/install/urdf_launch/share/urdf_launch/package.sh'
[3.055s] [34mcolcon.colcon_core.shell[0m [1;30mINFO[0m Creating package script '/Users/aashvibudia/urdf_ws/install/urdf_launch/share/urdf_launch/package.bash'
[3.056s] [34mcolcon.colcon_core.shell[0m [1;30mINFO[0m Creating package script '/Users/aashvibudia/urdf_ws/install/urdf_launch/share/urdf_launch/package.zsh'
[3.056s] [34mcolcon.colcon_core.environment[0m [1;30mLevel 1[0m create_file_with_runtime_dependencies(/Users/aashvibudia/urdf_ws/install/urdf_launch/share/colcon-core/packages/urdf_launch)
[3.056s] [34mcolcon.colcon_ros.task.ament_cmake.build[0m [1;30mINFO[0m Building ROS package in '/Users/aashvibudia/urdf_ws/src/urdf_tutorial' with build type 'ament_cmake'
[3.056s] [34mcolcon.colcon_cmake.task.cmake.build[0m [1;30mINFO[0m Building CMake package in '/Users/aashvibudia/urdf_ws/src/urdf_tutorial'
[3.056s] [34mcolcon.colcon_core.shell[0m [1;30mINFO[0m Skip shell extension 'powershell' for command environment: Not usable outside of PowerShell
[3.056s] [34mcolcon.colcon_core.shell[0m [1;30mDEBUG[0m [32mSkip shell extension 'dsv' for command environment[0m
[3.070s] [34mcolcon.colcon_core.event_handler.log_command[0m [1;30mDEBUG[0m [32mInvoking command in '/Users/aashvibudia/urdf_ws/build/urdf_tutorial': AMENT_PREFIX_PATH=/Users/aashvibudia/urdf_ws/install/urdf_launch:${AMENT_PREFIX_PATH} CMAKE_PREFIX_PATH=/Users/aashvibudia/urdf_ws/install/urdf_launch:/Users/aashvibudia/miniconda3/envs/ros_humble:/Users/aashvibudia/urdf_ws/install/urdf_tutorial_r2d2 CONDA_PROMPT_MODIFIER=(ros_humble) SHLVL=2 _=/Users/aashvibudia/miniconda3/envs/ros_humble/bin/env __CF_USER_TEXT_ENCODING=0x1F5:0x0:0x0 /Users/aashvibudia/miniconda3/envs/ros_humble/bin/cmake /Users/aashvibudia/urdf_ws/src/urdf_tutorial -DCMAKE_INSTALL_PREFIX=/Users/aashvibudia/urdf_ws/install/urdf_tutorial[0m
[4.268s] [34mcolcon.colcon_core.event_handler.log_command[0m [1;30mDEBUG[0m [32mInvoked command in '/Users/aashvibudia/urdf_ws/build/urdf_tutorial' returned '0': AMENT_PREFIX_PATH=/Users/aashvibudia/urdf_ws/install/urdf_launch:${AMENT_PREFIX_PATH} CMAKE_PREFIX_PATH=/Users/aashvibudia/urdf_ws/install/urdf_launch:/Users/aashvibudia/miniconda3/envs/ros_humble:/Users/aashvibudia/urdf_ws/install/urdf_tutorial_r2d2 CONDA_PROMPT_MODIFIER=(ros_humble) SHLVL=2 _=/Users/aashvibudia/miniconda3/envs/ros_humble/bin/env __CF_USER_TEXT_ENCODING=0x1F5:0x0:0x0 /Users/aashvibudia/miniconda3/envs/ros_humble/bin/cmake /Users/aashvibudia/urdf_ws/src/urdf_tutorial -DCMAKE_INSTALL_PREFIX=/Users/aashvibudia/urdf_ws/install/urdf_tutorial[0m
[4.270s] [34mcolcon.colcon_core.event_handler.log_command[0m [1;30mDEBUG[0m [32mInvoking command in '/Users/aashvibudia/urdf_ws/build/urdf_tutorial': AMENT_PREFIX_PATH=/Users/aashvibudia/urdf_ws/install/urdf_launch:${AMENT_PREFIX_PATH} CMAKE_PREFIX_PATH=/Users/aashvibudia/urdf_ws/install/urdf_launch:/Users/aashvibudia/miniconda3/envs/ros_humble:/Users/aashvibudia/urdf_ws/install/urdf_tutorial_r2d2 CONDA_PROMPT_MODIFIER=(ros_humble) SHLVL=2 _=/Users/aashvibudia/miniconda3/envs/ros_humble/bin/env __CF_USER_TEXT_ENCODING=0x1F5:0x0:0x0 /Users/aashvibudia/miniconda3/envs/ros_humble/bin/cmake --build /Users/aashvibudia/urdf_ws/build/urdf_tutorial -- -j8 -l8[0m
[4.320s] [34mcolcon.colcon_core.event_handler.log_command[0m [1;30mDEBUG[0m [32mInvoked command in '/Users/aashvibudia/urdf_ws/build/urdf_tutorial' returned '0': AMENT_PREFIX_PATH=/Users/aashvibudia/urdf_ws/install/urdf_launch:${AMENT_PREFIX_PATH} CMAKE_PREFIX_PATH=/Users/aashvibudia/urdf_ws/install/urdf_launch:/Users/aashvibudia/miniconda3/envs/ros_humble:/Users/aashvibudia/urdf_ws/install/urdf_tutorial_r2d2 CONDA_PROMPT_MODIFIER=(ros_humble) SHLVL=2 _=/Users/aashvibudia/miniconda3/envs/ros_humble/bin/env __CF_USER_TEXT_ENCODING=0x1F5:0x0:0x0 /Users/aashvibudia/miniconda3/envs/ros_humble/bin/cmake --build /Users/aashvibudia/urdf_ws/build/urdf_tutorial -- -j8 -l8[0m
[4.394s] [34mcolcon.colcon_core.event_handler.log_command[0m [1;30mDEBUG[0m [32mInvoking command in '/Users/aashvibudia/urdf_ws/build/urdf_tutorial': AMENT_PREFIX_PATH=/Users/aashvibudia/urdf_ws/install/urdf_launch:${AMENT_PREFIX_PATH} CMAKE_PREFIX_PATH=/Users/aashvibudia/urdf_ws/install/urdf_launch:/Users/aashvibudia/miniconda3/envs/ros_humble:/Users/aashvibudia/urdf_ws/install/urdf_tutorial_r2d2 CONDA_PROMPT_MODIFIER=(ros_humble) SHLVL=2 _=/Users/aashvibudia/miniconda3/envs/ros_humble/bin/env __CF_USER_TEXT_ENCODING=0x1F5:0x0:0x0 /Users/aashvibudia/miniconda3/envs/ros_humble/bin/cmake --install /Users/aashvibudia/urdf_ws/build/urdf_tutorial[0m
[4.412s] [34mcolcon.colcon_core.environment[0m [1;30mLevel 1[0m create_environment_scripts_only(urdf_tutorial)
[4.412s] [34mcolcon.colcon_core.environment[0m [1;30mLevel 1[0m checking '/Users/aashvibudia/urdf_ws/install/urdf_tutorial' for CMake module files
[4.412s] [34mcolcon.colcon_core.event_handler.log_command[0m [1;30mDEBUG[0m [32mInvoked command in '/Users/aashvibudia/urdf_ws/build/urdf_tutorial' returned '0': AMENT_PREFIX_PATH=/Users/aashvibudia/urdf_ws/install/urdf_launch:${AMENT_PREFIX_PATH} CMAKE_PREFIX_PATH=/Users/aashvibudia/urdf_ws/install/urdf_launch:/Users/aashvibudia/miniconda3/envs/ros_humble:/Users/aashvibudia/urdf_ws/install/urdf_tutorial_r2d2 CONDA_PROMPT_MODIFIER=(ros_humble) SHLVL=2 _=/Users/aashvibudia/miniconda3/envs/ros_humble/bin/env __CF_USER_TEXT_ENCODING=0x1F5:0x0:0x0 /Users/aashvibudia/miniconda3/envs/ros_humble/bin/cmake --install /Users/aashvibudia/urdf_ws/build/urdf_tutorial[0m
[4.412s] [34mcolcon.colcon_core.environment[0m [1;30mLevel 1[0m checking '/Users/aashvibudia/urdf_ws/install/urdf_tutorial' for CMake config files
[4.412s] [34mcolcon.colcon_core.shell[0m [1;30mLevel 1[0m create_environment_hook('urdf_tutorial', 'cmake_prefix_path')
[4.413s] [34mcolcon.colcon_core.shell[0m [1;30mINFO[0m Creating environment hook '/Users/aashvibudia/urdf_ws/install/urdf_tutorial/share/urdf_tutorial/hook/cmake_prefix_path.ps1'
[4.413s] [34mcolcon.colcon_core.shell[0m [1;30mINFO[0m Creating environment descriptor '/Users/aashvibudia/urdf_ws/install/urdf_tutorial/share/urdf_tutorial/hook/cmake_prefix_path.dsv'
[4.413s] [34mcolcon.colcon_core.shell[0m [1;30mINFO[0m Creating environment hook '/Users/aashvibudia/urdf_ws/install/urdf_tutorial/share/urdf_tutorial/hook/cmake_prefix_path.sh'
[4.413s] [34mcolcon.colcon_core.environment[0m [1;30mLevel 1[0m checking '/Users/aashvibudia/urdf_ws/install/urdf_tutorial/lib'
[4.413s] [34mcolcon.colcon_core.environment[0m [1;30mLevel 1[0m checking '/Users/aashvibudia/urdf_ws/install/urdf_tutorial/bin'
[4.413s] [34mcolcon.colcon_core.environment[0m [1;30mLevel 1[0m checking '/Users/aashvibudia/urdf_ws/install/urdf_tutorial/lib/pkgconfig/urdf_tutorial.pc'
[4.414s] [34mcolcon.colcon_core.environment[0m [1;30mLevel 1[0m checking '/Users/aashvibudia/urdf_ws/install/urdf_tutorial/lib/python3.11/site-packages'
[4.414s] [34mcolcon.colcon_core.environment[0m [1;30mLevel 1[0m checking '/Users/aashvibudia/urdf_ws/install/urdf_tutorial/bin'
[4.414s] [34mcolcon.colcon_core.shell[0m [1;30mINFO[0m Creating package script '/Users/aashvibudia/urdf_ws/install/urdf_tutorial/share/urdf_tutorial/package.ps1'
[4.414s] [34mcolcon.colcon_core.shell[0m [1;30mINFO[0m Creating package descriptor '/Users/aashvibudia/urdf_ws/install/urdf_tutorial/share/urdf_tutorial/package.dsv'
[4.414s] [34mcolcon.colcon_core.shell[0m [1;30mINFO[0m Creating package script '/Users/aashvibudia/urdf_ws/install/urdf_tutorial/share/urdf_tutorial/package.sh'
[4.414s] [34mcolcon.colcon_core.shell[0m [1;30mINFO[0m Creating package script '/Users/aashvibudia/urdf_ws/install/urdf_tutorial/share/urdf_tutorial/package.bash'
[4.415s] [34mcolcon.colcon_core.shell[0m [1;30mINFO[0m Creating package script '/Users/aashvibudia/urdf_ws/install/urdf_tutorial/share/urdf_tutorial/package.zsh'
[4.415s] [34mcolcon.colcon_core.environment[0m [1;30mLevel 1[0m create_file_with_runtime_dependencies(/Users/aashvibudia/urdf_ws/install/urdf_tutorial/share/colcon-core/packages/urdf_tutorial)
[4.486s] [34mcolcon.colcon_core.environment[0m [1;30mLevel 1[0m create_environment_scripts_only(urdf_tutorial)
[4.486s] [34mcolcon.colcon_core.environment[0m [1;30mLevel 1[0m checking '/Users/aashvibudia/urdf_ws/install/urdf_tutorial' for CMake module files
[4.487s] [34mcolcon.colcon_core.environment[0m [1;30mLevel 1[0m checking '/Users/aashvibudia/urdf_ws/install/urdf_tutorial' for CMake config files
[4.487s] [34mcolcon.colcon_core.shell[0m [1;30mLevel 1[0m create_environment_hook('urdf_tutorial', 'cmake_prefix_path')
[4.487s] [34mcolcon.colcon_core.shell[0m [1;30mINFO[0m Creating environment hook '/Users/aashvibudia/urdf_ws/install/urdf_tutorial/share/urdf_tutorial/hook/cmake_prefix_path.ps1'
[4.487s] [34mcolcon.colcon_core.shell[0m [1;30mINFO[0m Creating environment descriptor '/Users/aashvibudia/urdf_ws/install/urdf_tutorial/share/urdf_tutorial/hook/cmake_prefix_path.dsv'
[4.487s] [34mcolcon.colcon_core.shell[0m [1;30mINFO[0m Creating environment hook '/Users/aashvibudia/urdf_ws/install/urdf_tutorial/share/urdf_tutorial/hook/cmake_prefix_path.sh'
[4.488s] [34mcolcon.colcon_core.environment[0m [1;30mLevel 1[0m checking '/Users/aashvibudia/urdf_ws/install/urdf_tutorial/lib'
[4.488s] [34mcolcon.colcon_core.environment[0m [1;30mLevel 1[0m checking '/Users/aashvibudia/urdf_ws/install/urdf_tutorial/bin'
[4.488s] [34mcolcon.colcon_core.environment[0m [1;30mLevel 1[0m checking '/Users/aashvibudia/urdf_ws/install/urdf_tutorial/lib/pkgconfig/urdf_tutorial.pc'
[4.488s] [34mcolcon.colcon_core.environment[0m [1;30mLevel 1[0m checking '/Users/aashvibudia/urdf_ws/install/urdf_tutorial/lib/python3.11/site-packages'
[4.488s] [34mcolcon.colcon_core.environment[0m [1;30mLevel 1[0m checking '/Users/aashvibudia/urdf_ws/install/urdf_tutorial/bin'
[4.488s] [34mcolcon.colcon_core.shell[0m [1;30mINFO[0m Creating package script '/Users/aashvibudia/urdf_ws/install/urdf_tutorial/share/urdf_tutorial/package.ps1'
[4.488s] [34mcolcon.colcon_core.shell[0m [1;30mINFO[0m Creating package descriptor '/Users/aashvibudia/urdf_ws/install/urdf_tutorial/share/urdf_tutorial/package.dsv'
[4.489s] [34mcolcon.colcon_core.shell[0m [1;30mINFO[0m Creating package script '/Users/aashvibudia/urdf_ws/install/urdf_tutorial/share/urdf_tutorial/package.sh'
[4.489s] [34mcolcon.colcon_core.shell[0m [1;30mINFO[0m Creating package script '/Users/aashvibudia/urdf_ws/install/urdf_tutorial/share/urdf_tutorial/package.bash'
[4.489s] [34mcolcon.colcon_core.shell[0m [1;30mINFO[0m Creating package script '/Users/aashvibudia/urdf_ws/install/urdf_tutorial/share/urdf_tutorial/package.zsh'
[4.489s] [34mcolcon.colcon_core.environment[0m [1;30mLevel 1[0m create_file_with_runtime_dependencies(/Users/aashvibudia/urdf_ws/install/urdf_tutorial/share/colcon-core/packages/urdf_tutorial)
[4.489s] [34mcolcon.colcon_ros.task.ament_cmake.build[0m [1;30mINFO[0m Building ROS package in '/Users/aashvibudia/urdf_ws/src/urdf_sim_tutorial' with build type 'ament_cmake'
[4.490s] [34mcolcon.colcon_cmake.task.cmake.build[0m [1;30mINFO[0m Building CMake package in '/Users/aashvibudia/urdf_ws/src/urdf_sim_tutorial'
[4.490s] [34mcolcon.colcon_core.shell[0m [1;30mINFO[0m Skip shell extension 'powershell' for command environment: Not usable outside of PowerShell
[4.490s] [34mcolcon.colcon_core.shell[0m [1;30mDEBUG[0m [32mSkip shell extension 'dsv' for command environment[0m
[4.504s] [34mcolcon.colcon_core.event_handler.log_command[0m [1;30mDEBUG[0m [32mInvoking command in '/Users/aashvibudia/urdf_ws/build/urdf_sim_tutorial': AMENT_PREFIX_PATH=/Users/aashvibudia/urdf_ws/install/urdf_tutorial:/Users/aashvibudia/urdf_ws/install/urdf_launch:${AMENT_PREFIX_PATH} CMAKE_PREFIX_PATH=/Users/aashvibudia/urdf_ws/install/urdf_tutorial:/Users/aashvibudia/urdf_ws/install/urdf_launch:/Users/aashvibudia/miniconda3/envs/ros_humble:/Users/aashvibudia/urdf_ws/install/urdf_tutorial_r2d2 CONDA_PROMPT_MODIFIER=(ros_humble) SHLVL=2 _=/Users/aashvibudia/miniconda3/envs/ros_humble/bin/env __CF_USER_TEXT_ENCODING=0x1F5:0x0:0x0 /Users/aashvibudia/miniconda3/envs/ros_humble/bin/cmake /Users/aashvibudia/urdf_ws/src/urdf_sim_tutorial -DCMAKE_INSTALL_PREFIX=/Users/aashvibudia/urdf_ws/install/urdf_sim_tutorial[0m
[5.702s] [34mcolcon.colcon_core.event_handler.log_command[0m [1;30mDEBUG[0m [32mInvoked command in '/Users/aashvibudia/urdf_ws/build/urdf_sim_tutorial' returned '0': AMENT_PREFIX_PATH=/Users/aashvibudia/urdf_ws/install/urdf_tutorial:/Users/aashvibudia/urdf_ws/install/urdf_launch:${AMENT_PREFIX_PATH} CMAKE_PREFIX_PATH=/Users/aashvibudia/urdf_ws/install/urdf_tutorial:/Users/aashvibudia/urdf_ws/install/urdf_launch:/Users/aashvibudia/miniconda3/envs/ros_humble:/Users/aashvibudia/urdf_ws/install/urdf_tutorial_r2d2 CONDA_PROMPT_MODIFIER=(ros_humble) SHLVL=2 _=/Users/aashvibudia/miniconda3/envs/ros_humble/bin/env __CF_USER_TEXT_ENCODING=0x1F5:0x0:0x0 /Users/aashvibudia/miniconda3/envs/ros_humble/bin/cmake /Users/aashvibudia/urdf_ws/src/urdf_sim_tutorial -DCMAKE_INSTALL_PREFIX=/Users/aashvibudia/urdf_ws/install/urdf_sim_tutorial[0m
[5.704s] [34mcolcon.colcon_core.event_handler.log_command[0m [1;30mDEBUG[0m [32mInvoking command in '/Users/aashvibudia/urdf_ws/build/urdf_sim_tutorial': AMENT_PREFIX_PATH=/Users/aashvibudia/urdf_ws/install/urdf_tutorial:/Users/aashvibudia/urdf_ws/install/urdf_launch:${AMENT_PREFIX_PATH} CMAKE_PREFIX_PATH=/Users/aashvibudia/urdf_ws/install/urdf_tutorial:/Users/aashvibudia/urdf_ws/install/urdf_launch:/Users/aashvibudia/miniconda3/envs/ros_humble:/Users/aashvibudia/urdf_ws/install/urdf_tutorial_r2d2 CONDA_PROMPT_MODIFIER=(ros_humble) SHLVL=2 _=/Users/aashvibudia/miniconda3/envs/ros_humble/bin/env __CF_USER_TEXT_ENCODING=0x1F5:0x0:0x0 /Users/aashvibudia/miniconda3/envs/ros_humble/bin/cmake --build /Users/aashvibudia/urdf_ws/build/urdf_sim_tutorial -- -j8 -l8[0m
[5.754s] [34mcolcon.colcon_core.event_handler.log_command[0m [1;30mDEBUG[0m [32mInvoked command in '/Users/aashvibudia/urdf_ws/build/urdf_sim_tutorial' returned '0': AMENT_PREFIX_PATH=/Users/aashvibudia/urdf_ws/install/urdf_tutorial:/Users/aashvibudia/urdf_ws/install/urdf_launch:${AMENT_PREFIX_PATH} CMAKE_PREFIX_PATH=/Users/aashvibudia/urdf_ws/install/urdf_tutorial:/Users/aashvibudia/urdf_ws/install/urdf_launch:/Users/aashvibudia/miniconda3/envs/ros_humble:/Users/aashvibudia/urdf_ws/install/urdf_tutorial_r2d2 CONDA_PROMPT_MODIFIER=(ros_humble) SHLVL=2 _=/Users/aashvibudia/miniconda3/envs/ros_humble/bin/env __CF_USER_TEXT_ENCODING=0x1F5:0x0:0x0 /Users/aashvibudia/miniconda3/envs/ros_humble/bin/cmake --build /Users/aashvibudia/urdf_ws/build/urdf_sim_tutorial -- -j8 -l8[0m
[5.827s] [34mcolcon.colcon_core.event_handler.log_command[0m [1;30mDEBUG[0m [32mInvoking command in '/Users/aashvibudia/urdf_ws/build/urdf_sim_tutorial': AMENT_PREFIX_PATH=/Users/aashvibudia/urdf_ws/install/urdf_tutorial:/Users/aashvibudia/urdf_ws/install/urdf_launch:${AMENT_PREFIX_PATH} CMAKE_PREFIX_PATH=/Users/aashvibudia/urdf_ws/install/urdf_tutorial:/Users/aashvibudia/urdf_ws/install/urdf_launch:/Users/aashvibudia/miniconda3/envs/ros_humble:/Users/aashvibudia/urdf_ws/install/urdf_tutorial_r2d2 CONDA_PROMPT_MODIFIER=(ros_humble) SHLVL=2 _=/Users/aashvibudia/miniconda3/envs/ros_humble/bin/env __CF_USER_TEXT_ENCODING=0x1F5:0x0:0x0 /Users/aashvibudia/miniconda3/envs/ros_humble/bin/cmake --install /Users/aashvibudia/urdf_ws/build/urdf_sim_tutorial[0m
[5.846s] [34mcolcon.colcon_core.environment[0m [1;30mLevel 1[0m create_environment_scripts_only(urdf_sim_tutorial)
[5.846s] [34mcolcon.colcon_core.environment[0m [1;30mLevel 1[0m checking '/Users/aashvibudia/urdf_ws/install/urdf_sim_tutorial' for CMake module files
[5.847s] [34mcolcon.colcon_core.event_handler.log_command[0m [1;30mDEBUG[0m [32mInvoked command in '/Users/aashvibudia/urdf_ws/build/urdf_sim_tutorial' returned '0': AMENT_PREFIX_PATH=/Users/aashvibudia/urdf_ws/install/urdf_tutorial:/Users/aashvibudia/urdf_ws/install/urdf_launch:${AMENT_PREFIX_PATH} CMAKE_PREFIX_PATH=/Users/aashvibudia/urdf_ws/install/urdf_tutorial:/Users/aashvibudia/urdf_ws/install/urdf_launch:/Users/aashvibudia/miniconda3/envs/ros_humble:/Users/aashvibudia/urdf_ws/install/urdf_tutorial_r2d2 CONDA_PROMPT_MODIFIER=(ros_humble) SHLVL=2 _=/Users/aashvibudia/miniconda3/envs/ros_humble/bin/env __CF_USER_TEXT_ENCODING=0x1F5:0x0:0x0 /Users/aashvibudia/miniconda3/envs/ros_humble/bin/cmake --install /Users/aashvibudia/urdf_ws/build/urdf_sim_tutorial[0m
[5.847s] [34mcolcon.colcon_core.environment[0m [1;30mLevel 1[0m checking '/Users/aashvibudia/urdf_ws/install/urdf_sim_tutorial' for CMake config files
[5.847s] [34mcolcon.colcon_core.shell[0m [1;30mLevel 1[0m create_environment_hook('urdf_sim_tutorial', 'cmake_prefix_path')
[5.847s] [34mcolcon.colcon_core.shell[0m [1;30mINFO[0m Creating environment hook '/Users/aashvibudia/urdf_ws/install/urdf_sim_tutorial/share/urdf_sim_tutorial/hook/cmake_prefix_path.ps1'
[5.848s] [34mcolcon.colcon_core.shell[0m [1;30mINFO[0m Creating environment descriptor '/Users/aashvibudia/urdf_ws/install/urdf_sim_tutorial/share/urdf_sim_tutorial/hook/cmake_prefix_path.dsv'
[5.848s] [34mcolcon.colcon_core.shell[0m [1;30mINFO[0m Creating environment hook '/Users/aashvibudia/urdf_ws/install/urdf_sim_tutorial/share/urdf_sim_tutorial/hook/cmake_prefix_path.sh'
[5.848s] [34mcolcon.colcon_core.environment[0m [1;30mLevel 1[0m checking '/Users/aashvibudia/urdf_ws/install/urdf_sim_tutorial/lib'
[5.848s] [34mcolcon.colcon_core.environment[0m [1;30mLevel 1[0m checking '/Users/aashvibudia/urdf_ws/install/urdf_sim_tutorial/bin'
[5.848s] [34mcolcon.colcon_core.environment[0m [1;30mLevel 1[0m checking '/Users/aashvibudia/urdf_ws/install/urdf_sim_tutorial/lib/pkgconfig/urdf_sim_tutorial.pc'
[5.848s] [34mcolcon.colcon_core.environment[0m [1;30mLevel 1[0m checking '/Users/aashvibudia/urdf_ws/install/urdf_sim_tutorial/lib/python3.11/site-packages'
[5.849s] [34mcolcon.colcon_core.environment[0m [1;30mLevel 1[0m checking '/Users/aashvibudia/urdf_ws/install/urdf_sim_tutorial/bin'
[5.849s] [34mcolcon.colcon_core.shell[0m [1;30mINFO[0m Creating package script '/Users/aashvibudia/urdf_ws/install/urdf_sim_tutorial/share/urdf_sim_tutorial/package.ps1'
[5.849s] [34mcolcon.colcon_core.shell[0m [1;30mINFO[0m Creating package descriptor '/Users/aashvibudia/urdf_ws/install/urdf_sim_tutorial/share/urdf_sim_tutorial/package.dsv'
[5.849s] [34mcolcon.colcon_core.shell[0m [1;30mINFO[0m Creating package script '/Users/aashvibudia/urdf_ws/install/urdf_sim_tutorial/share/urdf_sim_tutorial/package.sh'
[5.849s] [34mcolcon.colcon_core.shell[0m [1;30mINFO[0m Creating package script '/Users/aashvibudia/urdf_ws/install/urdf_sim_tutorial/share/urdf_sim_tutorial/package.bash'
[5.850s] [34mcolcon.colcon_core.shell[0m [1;30mINFO[0m Creating package script '/Users/aashvibudia/urdf_ws/install/urdf_sim_tutorial/share/urdf_sim_tutorial/package.zsh'
[5.850s] [34mcolcon.colcon_core.environment[0m [1;30mLevel 1[0m create_file_with_runtime_dependencies(/Users/aashvibudia/urdf_ws/install/urdf_sim_tutorial/share/colcon-core/packages/urdf_sim_tutorial)
[5.921s] [34mcolcon.colcon_core.environment[0m [1;30mLevel 1[0m create_environment_scripts_only(urdf_sim_tutorial)
[5.921s] [34mcolcon.colcon_core.environment[0m [1;30mLevel 1[0m checking '/Users/aashvibudia/urdf_ws/install/urdf_sim_tutorial' for CMake module files
[5.922s] [34mcolcon.colcon_core.environment[0m [1;30mLevel 1[0m checking '/Users/aashvibudia/urdf_ws/install/urdf_sim_tutorial' for CMake config files
[5.922s] [34mcolcon.colcon_core.shell[0m [1;30mLevel 1[0m create_environment_hook('urdf_sim_tutorial', 'cmake_prefix_path')
[5.922s] [34mcolcon.colcon_core.shell[0m [1;30mINFO[0m Creating environment hook '/Users/aashvibudia/urdf_ws/install/urdf_sim_tutorial/share/urdf_sim_tutorial/hook/cmake_prefix_path.ps1'
[5.922s] [34mcolcon.colcon_core.shell[0m [1;30mINFO[0m Creating environment descriptor '/Users/aashvibudia/urdf_ws/install/urdf_sim_tutorial/share/urdf_sim_tutorial/hook/cmake_prefix_path.dsv'
[5.922s] [34mcolcon.colcon_core.shell[0m [1;30mINFO[0m Creating environment hook '/Users/aashvibudia/urdf_ws/install/urdf_sim_tutorial/share/urdf_sim_tutorial/hook/cmake_prefix_path.sh'
[5.922s] [34mcolcon.colcon_core.environment[0m [1;30mLevel 1[0m checking '/Users/aashvibudia/urdf_ws/install/urdf_sim_tutorial/lib'
[5.922s] [34mcolcon.colcon_core.environment[0m [1;30mLevel 1[0m checking '/Users/aashvibudia/urdf_ws/install/urdf_sim_tutorial/bin'
[5.923s] [34mcolcon.colcon_core.environment[0m [1;30mLevel 1[0m checking '/Users/aashvibudia/urdf_ws/install/urdf_sim_tutorial/lib/pkgconfig/urdf_sim_tutorial.pc'
[5.923s] [34mcolcon.colcon_core.environment[0m [1;30mLevel 1[0m checking '/Users/aashvibudia/urdf_ws/install/urdf_sim_tutorial/lib/python3.11/site-packages'
[5.923s] [34mcolcon.colcon_core.environment[0m [1;30mLevel 1[0m checking '/Users/aashvibudia/urdf_ws/install/urdf_sim_tutorial/bin'
[5.923s] [34mcolcon.colcon_core.shell[0m [1;30mINFO[0m Creating package script '/Users/aashvibudia/urdf_ws/install/urdf_sim_tutorial/share/urdf_sim_tutorial/package.ps1'
[5.923s] [34mcolcon.colcon_core.shell[0m [1;30mINFO[0m Creating package descriptor '/Users/aashvibudia/urdf_ws/install/urdf_sim_tutorial/share/urdf_sim_tutorial/package.dsv'
[5.923s] [34mcolcon.colcon_core.shell[0m [1;30mINFO[0m Creating package script '/Users/aashvibudia/urdf_ws/install/urdf_sim_tutorial/share/urdf_sim_tutorial/package.sh'
[5.923s] [34mcolcon.colcon_core.shell[0m [1;30mINFO[0m Creating package script '/Users/aashvibudia/urdf_ws/install/urdf_sim_tutorial/share/urdf_sim_tutorial/package.bash'
[5.924s] [34mcolcon.colcon_core.shell[0m [1;30mINFO[0m Creating package script '/Users/aashvibudia/urdf_ws/install/urdf_sim_tutorial/share/urdf_sim_tutorial/package.zsh'
[5.924s] [34mcolcon.colcon_core.environment[0m [1;30mLevel 1[0m create_file_with_runtime_dependencies(/Users/aashvibudia/urdf_ws/install/urdf_sim_tutorial/share/colcon-core/packages/urdf_sim_tutorial)
[5.924s] [34mcolcon.colcon_parallel_executor.executor.parallel[0m [1;30mDEBUG[0m [32mclosing loop[0m
[5.924s] [34mcolcon.colcon_parallel_executor.executor.parallel[0m [1;30mDEBUG[0m [32mloop closed[0m
[5.924s] [34mcolcon.colcon_parallel_executor.executor.parallel[0m [1;30mDEBUG[0m [32mrun_until_complete finished with '0'[0m
[5.924s] [34mcolcon.colcon_core.event_reactor[0m [1;30mDEBUG[0m [32mjoining thread[0m
[5.925s] [34mcolcon.colcon_core.event_reactor[0m [1;30mDEBUG[0m [32mjoined thread[0m
[5.925s] [34mcolcon.colcon_core.shell[0m [1;30mINFO[0m Creating prefix script '/Users/aashvibudia/urdf_ws/install/local_setup.ps1'
[5.926s] [34mcolcon.colcon_core.shell[0m [1;30mINFO[0m Creating prefix util module '/Users/aashvibudia/urdf_ws/install/_local_setup_util_ps1.py'
[5.927s] [34mcolcon.colcon_core.shell[0m [1;30mINFO[0m Creating prefix chain script '/Users/aashvibudia/urdf_ws/install/setup.ps1'
[5.927s] [34mcolcon.colcon_core.shell[0m [1;30mINFO[0m Creating prefix script '/Users/aashvibudia/urdf_ws/install/local_setup.sh'
[5.928s] [34mcolcon.colcon_core.shell[0m [1;30mINFO[0m Creating prefix util module '/Users/aashvibudia/urdf_ws/install/_local_setup_util_sh.py'
[5.928s] [34mcolcon.colcon_core.shell[0m [1;30mINFO[0m Creating prefix chain script '/Users/aashvibudia/urdf_ws/install/setup.sh'
[5.929s] [34mcolcon.colcon_core.shell[0m [1;30mINFO[0m Creating prefix script '/Users/aashvibudia/urdf_ws/install/local_setup.bash'
[5.929s] [34mcolcon.colcon_core.shell[0m [1;30mINFO[0m Creating prefix chain script '/Users/aashvibudia/urdf_ws/install/setup.bash'
[5.930s] [34mcolcon.colcon_core.shell[0m [1;30mINFO[0m Creating prefix script '/Users/aashvibudia/urdf_ws/install/local_setup.zsh'
[5.930s] [34mcolcon.colcon_core.shell[0m [1;30mINFO[0m Creating prefix chain script '/Users/aashvibudia/urdf_ws/install/setup.zsh'
