[0.254s] [34mcolcon[0m [1;30mDEBUG[0m [32mCommand line arguments: ['/Users/aashvibudia/miniconda3/envs/ros_humble/bin/colcon', 'build', '--packages-select', 'urdf_sim_tutorial'][0m
[0.254s] [34mcolcon[0m [1;30mDEBUG[0m [32mParsed command line arguments: Namespace(log_base=None, log_level=None, verb_name='build', build_base='build', install_base='install', merge_install=False, symlink_install=False, test_result_base=None, continue_on_error=False, executor='parallel', parallel_workers=8, event_handlers=None, ignore_user_meta=False, metas=['./colcon.meta'], base_paths=['.'], packages_ignore=None, packages_ignore_regex=None, paths=None, packages_up_to=None, packages_up_to_regex=None, packages_above=None, packages_above_and_dependencies=None, packages_above_depth=None, packages_select_by_dep=None, packages_skip_by_dep=None, packages_skip_up_to=None, packages_select_build_failed=False, packages_skip_build_finished=False, packages_select_test_failures=False, packages_skip_test_passed=False, packages_select=['urdf_sim_tutorial'], packages_skip=None, packages_select_regex=None, packages_skip_regex=None, packages_start=None, packages_end=None, cmake_args=None, cmake_target=None, cmake_target_skip_unavailable=False, cmake_clean_cache=False, cmake_clean_first=False, cmake_force_configure=False, ament_cmake_args=None, catkin_cmake_args=None, catkin_skip_building_tests=False, verb_parser=<colcon_defaults.argument_parser.defaults.DefaultArgumentsDecorator object at 0x105c92310>, verb_extension=<colcon_core.verb.build.BuildVerb object at 0x105c91c50>, main=<bound method BuildVerb.main of <colcon_core.verb.build.BuildVerb object at 0x105c91c50>>)[0m
[0.304s] [34mcolcon.colcon_core.package_discovery[0m [1;30mLevel 1[0m discover_packages(colcon_meta) check parameters
[0.304s] [34mcolcon.colcon_core.package_discovery[0m [1;30mLevel 1[0m discover_packages(recursive) check parameters
[0.304s] [34mcolcon.colcon_core.package_discovery[0m [1;30mLevel 1[0m discover_packages(ignore) check parameters
[0.304s] [34mcolcon.colcon_core.package_discovery[0m [1;30mLevel 1[0m discover_packages(path) check parameters
[0.304s] [34mcolcon.colcon_core.package_discovery[0m [1;30mLevel 1[0m discover_packages(colcon_meta) discover
[0.304s] [34mcolcon.colcon_core.package_discovery[0m [1;30mLevel 1[0m discover_packages(recursive) discover
[0.304s] [34mcolcon.colcon_core.package_discovery[0m [1;30mINFO[0m Crawling recursively for packages in '/Users/aashvibudia/urdf_ws'
[0.304s] [34mcolcon.colcon_core.package_identification[0m [1;30mLevel 1[0m _identify(.) by extensions ['ignore', 'ignore_ament_install']
[0.304s] [34mcolcon.colcon_core.package_identification[0m [1;30mLevel 1[0m _identify(.) by extension 'ignore'
[0.304s] [34mcolcon.colcon_core.package_identification[0m [1;30mLevel 1[0m _identify(.) by extension 'ignore_ament_install'
[0.304s] [34mcolcon.colcon_core.package_identification[0m [1;30mLevel 1[0m _identify(.) by extensions ['colcon_pkg']
[0.304s] [34mcolcon.colcon_core.package_identification[0m [1;30mLevel 1[0m _identify(.) by extension 'colcon_pkg'
[0.304s] [34mcolcon.colcon_core.package_identification[0m [1;30mLevel 1[0m _identify(.) by extensions ['colcon_meta']
[0.304s] [34mcolcon.colcon_core.package_identification[0m [1;30mLevel 1[0m _identify(.) by extension 'colcon_meta'
[0.304s] [34mcolcon.colcon_core.package_identification[0m [1;30mLevel 1[0m _identify(.) by extensions ['ros']
[0.304s] [34mcolcon.colcon_core.package_identification[0m [1;30mLevel 1[0m _identify(.) by extension 'ros'
[0.325s] [34mcolcon.colcon_core.package_identification[0m [1;30mLevel 1[0m _identify(.) by extensions ['cmake', 'python']
[0.325s] [34mcolcon.colcon_core.package_identification[0m [1;30mLevel 1[0m _identify(.) by extension 'cmake'
[0.325s] [34mcolcon.colcon_core.package_identification[0m [1;30mLevel 1[0m _identify(.) by extension 'python'
[0.325s] [34mcolcon.colcon_core.package_identification[0m [1;30mLevel 1[0m _identify(.) by extensions ['python_setup_py']
[0.325s] [34mcolcon.colcon_core.package_identification[0m [1;30mLevel 1[0m _identify(.) by extension 'python_setup_py'
[0.325s] [34mcolcon.colcon_core.package_identification[0m [1;30mLevel 1[0m _identify(build) by extensions ['ignore', 'ignore_ament_install']
[0.325s] [34mcolcon.colcon_core.package_identification[0m [1;30mLevel 1[0m _identify(build) by extension 'ignore'
[0.325s] [34mcolcon.colcon_core.package_identification[0m [1;30mLevel 1[0m _identify(build) ignored
[0.325s] [34mcolcon.colcon_core.package_identification[0m [1;30mLevel 1[0m _identify(install) by extensions ['ignore', 'ignore_ament_install']
[0.325s] [34mcolcon.colcon_core.package_identification[0m [1;30mLevel 1[0m _identify(install) by extension 'ignore'
[0.325s] [34mcolcon.colcon_core.package_identification[0m [1;30mLevel 1[0m _identify(install) ignored
[0.325s] [34mcolcon.colcon_core.package_identification[0m [1;30mLevel 1[0m _identify(log) by extensions ['ignore', 'ignore_ament_install']
[0.325s] [34mcolcon.colcon_core.package_identification[0m [1;30mLevel 1[0m _identify(log) by extension 'ignore'
[0.325s] [34mcolcon.colcon_core.package_identification[0m [1;30mLevel 1[0m _identify(log) ignored
[0.325s] [34mcolcon.colcon_core.package_identification[0m [1;30mLevel 1[0m _identify(src) by extensions ['ignore', 'ignore_ament_install']
[0.325s] [34mcolcon.colcon_core.package_identification[0m [1;30mLevel 1[0m _identify(src) by extension 'ignore'
[0.325s] [34mcolcon.colcon_core.package_identification[0m [1;30mLevel 1[0m _identify(src) by extension 'ignore_ament_install'
[0.325s] [34mcolcon.colcon_core.package_identification[0m [1;30mLevel 1[0m _identify(src) by extensions ['colcon_pkg']
[0.325s] [34mcolcon.colcon_core.package_identification[0m [1;30mLevel 1[0m _identify(src) by extension 'colcon_pkg'
[0.325s] [34mcolcon.colcon_core.package_identification[0m [1;30mLevel 1[0m _identify(src) by extensions ['colcon_meta']
[0.325s] [34mcolcon.colcon_core.package_identification[0m [1;30mLevel 1[0m _identify(src) by extension 'colcon_meta'
[0.325s] [34mcolcon.colcon_core.package_identification[0m [1;30mLevel 1[0m _identify(src) by extensions ['ros']
[0.325s] [34mcolcon.colcon_core.package_identification[0m [1;30mLevel 1[0m _identify(src) by extension 'ros'
[0.325s] [34mcolcon.colcon_core.package_identification[0m [1;30mLevel 1[0m _identify(src) by extensions ['cmake', 'python']
[0.325s] [34mcolcon.colcon_core.package_identification[0m [1;30mLevel 1[0m _identify(src) by extension 'cmake'
[0.325s] [34mcolcon.colcon_core.package_identification[0m [1;30mLevel 1[0m _identify(src) by extension 'python'
[0.325s] [34mcolcon.colcon_core.package_identification[0m [1;30mLevel 1[0m _identify(src) by extensions ['python_setup_py']
[0.325s] [34mcolcon.colcon_core.package_identification[0m [1;30mLevel 1[0m _identify(src) by extension 'python_setup_py'
[0.326s] [34mcolcon.colcon_core.package_identification[0m [1;30mLevel 1[0m _identify(src/urdf_launch) by extensions ['ignore', 'ignore_ament_install']
[0.326s] [34mcolcon.colcon_core.package_identification[0m [1;30mLevel 1[0m _identify(src/urdf_launch) by extension 'ignore'
[0.326s] [34mcolcon.colcon_core.package_identification[0m [1;30mLevel 1[0m _identify(src/urdf_launch) by extension 'ignore_ament_install'
[0.326s] [34mcolcon.colcon_core.package_identification[0m [1;30mLevel 1[0m _identify(src/urdf_launch) by extensions ['colcon_pkg']
[0.326s] [34mcolcon.colcon_core.package_identification[0m [1;30mLevel 1[0m _identify(src/urdf_launch) by extension 'colcon_pkg'
[0.326s] [34mcolcon.colcon_core.package_identification[0m [1;30mLevel 1[0m _identify(src/urdf_launch) by extensions ['colcon_meta']
[0.326s] [34mcolcon.colcon_core.package_identification[0m [1;30mLevel 1[0m _identify(src/urdf_launch) by extension 'colcon_meta'
[0.326s] [34mcolcon.colcon_core.package_identification[0m [1;30mLevel 1[0m _identify(src/urdf_launch) by extensions ['ros']
[0.326s] [34mcolcon.colcon_core.package_identification[0m [1;30mLevel 1[0m _identify(src/urdf_launch) by extension 'ros'
[0.329s] [34mcolcon.colcon_core.package_identification[0m [1;30mDEBUG[0m [32mPackage 'src/urdf_launch' with type 'ros.ament_cmake' and name 'urdf_launch'[0m
[0.329s] [34mcolcon.colcon_core.package_identification[0m [1;30mLevel 1[0m _identify(src/urdf_sim_tutorial) by extensions ['ignore', 'ignore_ament_install']
[0.329s] [34mcolcon.colcon_core.package_identification[0m [1;30mLevel 1[0m _identify(src/urdf_sim_tutorial) by extension 'ignore'
[0.329s] [34mcolcon.colcon_core.package_identification[0m [1;30mLevel 1[0m _identify(src/urdf_sim_tutorial) by extension 'ignore_ament_install'
[0.329s] [34mcolcon.colcon_core.package_identification[0m [1;30mLevel 1[0m _identify(src/urdf_sim_tutorial) by extensions ['colcon_pkg']
[0.329s] [34mcolcon.colcon_core.package_identification[0m [1;30mLevel 1[0m _identify(src/urdf_sim_tutorial) by extension 'colcon_pkg'
[0.329s] [34mcolcon.colcon_core.package_identification[0m [1;30mLevel 1[0m _identify(src/urdf_sim_tutorial) by extensions ['colcon_meta']
[0.329s] [34mcolcon.colcon_core.package_identification[0m [1;30mLevel 1[0m _identify(src/urdf_sim_tutorial) by extension 'colcon_meta'
[0.329s] [34mcolcon.colcon_core.package_identification[0m [1;30mLevel 1[0m _identify(src/urdf_sim_tutorial) by extensions ['ros']
[0.329s] [34mcolcon.colcon_core.package_identification[0m [1;30mLevel 1[0m _identify(src/urdf_sim_tutorial) by extension 'ros'
[0.329s] [34mcolcon.colcon_core.package_identification[0m [1;30mDEBUG[0m [32mPackage 'src/urdf_sim_tutorial' with type 'ros.ament_cmake' and name 'urdf_sim_tutorial'[0m
[0.329s] [34mcolcon.colcon_core.package_identification[0m [1;30mLevel 1[0m _identify(src/urdf_tutorial) by extensions ['ignore', 'ignore_ament_install']
[0.329s] [34mcolcon.colcon_core.package_identification[0m [1;30mLevel 1[0m _identify(src/urdf_tutorial) by extension 'ignore'
[0.329s] [34mcolcon.colcon_core.package_identification[0m [1;30mLevel 1[0m _identify(src/urdf_tutorial) by extension 'ignore_ament_install'
[0.329s] [34mcolcon.colcon_core.package_identification[0m [1;30mLevel 1[0m _identify(src/urdf_tutorial) by extensions ['colcon_pkg']
[0.329s] [34mcolcon.colcon_core.package_identification[0m [1;30mLevel 1[0m _identify(src/urdf_tutorial) by extension 'colcon_pkg'
[0.329s] [34mcolcon.colcon_core.package_identification[0m [1;30mLevel 1[0m _identify(src/urdf_tutorial) by extensions ['colcon_meta']
[0.329s] [34mcolcon.colcon_core.package_identification[0m [1;30mLevel 1[0m _identify(src/urdf_tutorial) by extension 'colcon_meta'
[0.329s] [34mcolcon.colcon_core.package_identification[0m [1;30mLevel 1[0m _identify(src/urdf_tutorial) by extensions ['ros']
[0.329s] [34mcolcon.colcon_core.package_identification[0m [1;30mLevel 1[0m _identify(src/urdf_tutorial) by extension 'ros'
[0.330s] [34mcolcon.colcon_core.package_identification[0m [1;30mDEBUG[0m [32mPackage 'src/urdf_tutorial' with type 'ros.ament_cmake' and name 'urdf_tutorial'[0m
[0.330s] [34mcolcon.colcon_core.package_identification[0m [1;30mLevel 1[0m _identify(src/urdf_tutorial_r2d2) by extensions ['ignore', 'ignore_ament_install']
[0.330s] [34mcolcon.colcon_core.package_identification[0m [1;30mLevel 1[0m _identify(src/urdf_tutorial_r2d2) by extension 'ignore'
[0.330s] [34mcolcon.colcon_core.package_identification[0m [1;30mLevel 1[0m _identify(src/urdf_tutorial_r2d2) by extension 'ignore_ament_install'
[0.330s] [34mcolcon.colcon_core.package_identification[0m [1;30mLevel 1[0m _identify(src/urdf_tutorial_r2d2) by extensions ['colcon_pkg']
[0.330s] [34mcolcon.colcon_core.package_identification[0m [1;30mLevel 1[0m _identify(src/urdf_tutorial_r2d2) by extension 'colcon_pkg'
[0.330s] [34mcolcon.colcon_core.package_identification[0m [1;30mLevel 1[0m _identify(src/urdf_tutorial_r2d2) by extensions ['colcon_meta']
[0.330s] [34mcolcon.colcon_core.package_identification[0m [1;30mLevel 1[0m _identify(src/urdf_tutorial_r2d2) by extension 'colcon_meta'
[0.330s] [34mcolcon.colcon_core.package_identification[0m [1;30mLevel 1[0m _identify(src/urdf_tutorial_r2d2) by extensions ['ros']
[0.330s] [34mcolcon.colcon_core.package_identification[0m [1;30mLevel 1[0m _identify(src/urdf_tutorial_r2d2) by extension 'ros'
[0.331s] [34mcolcon.colcon_core.package_identification[0m [1;30mDEBUG[0m [32mPackage 'src/urdf_tutorial_r2d2' with type 'ros.ament_python' and name 'urdf_tutorial_r2d2'[0m
[0.331s] [34mcolcon.colcon_core.package_discovery[0m [1;30mLevel 1[0m discover_packages(recursive) using defaults
[0.331s] [34mcolcon.colcon_core.package_discovery[0m [1;30mLevel 1[0m discover_packages(ignore) discover
[0.331s] [34mcolcon.colcon_core.package_discovery[0m [1;30mLevel 1[0m discover_packages(ignore) using defaults
[0.331s] [34mcolcon.colcon_core.package_discovery[0m [1;30mLevel 1[0m discover_packages(path) discover
[0.331s] [34mcolcon.colcon_core.package_discovery[0m [1;30mLevel 1[0m discover_packages(path) using defaults
[0.345s] [34mcolcon.colcon_core.package_selection[0m [1;30mINFO[0m Skipping not selected package 'urdf_launch' in 'src/urdf_launch'
[0.345s] [34mcolcon.colcon_core.package_selection[0m [1;30mINFO[0m Skipping not selected package 'urdf_tutorial_r2d2' in 'src/urdf_tutorial_r2d2'
[0.345s] [34mcolcon.colcon_core.package_selection[0m [1;30mINFO[0m Skipping not selected package 'urdf_tutorial' in 'src/urdf_tutorial'
[0.346s] [34mcolcon.colcon_core.verb[0m [1;30mLevel 5[0m set package 'urdf_sim_tutorial' build argument 'cmake_args' from command line to 'None'
[0.346s] [34mcolcon.colcon_core.verb[0m [1;30mLevel 5[0m set package 'urdf_sim_tutorial' build argument 'cmake_target' from command line to 'None'
[0.346s] [34mcolcon.colcon_core.verb[0m [1;30mLevel 5[0m set package 'urdf_sim_tutorial' build argument 'cmake_target_skip_unavailable' from command line to 'False'
[0.346s] [34mcolcon.colcon_core.verb[0m [1;30mLevel 5[0m set package 'urdf_sim_tutorial' build argument 'cmake_clean_cache' from command line to 'False'
[0.346s] [34mcolcon.colcon_core.verb[0m [1;30mLevel 5[0m set package 'urdf_sim_tutorial' build argument 'cmake_clean_first' from command line to 'False'
[0.346s] [34mcolcon.colcon_core.verb[0m [1;30mLevel 5[0m set package 'urdf_sim_tutorial' build argument 'cmake_force_configure' from command line to 'False'
[0.346s] [34mcolcon.colcon_core.verb[0m [1;30mLevel 5[0m set package 'urdf_sim_tutorial' build argument 'ament_cmake_args' from command line to 'None'
[0.346s] [34mcolcon.colcon_core.verb[0m [1;30mLevel 5[0m set package 'urdf_sim_tutorial' build argument 'catkin_cmake_args' from command line to 'None'
[0.346s] [34mcolcon.colcon_core.verb[0m [1;30mLevel 5[0m set package 'urdf_sim_tutorial' build argument 'catkin_skip_building_tests' from command line to 'False'
[0.346s] [34mcolcon.colcon_core.verb[0m [1;30mDEBUG[0m [32mBuilding package 'urdf_sim_tutorial' with the following arguments: {'ament_cmake_args': None, 'build_base': '/Users/aashvibudia/urdf_ws/build/urdf_sim_tutorial', 'catkin_cmake_args': None, 'catkin_skip_building_tests': False, 'cmake_args': None, 'cmake_clean_cache': False, 'cmake_clean_first': False, 'cmake_force_configure': False, 'cmake_target': None, 'cmake_target_skip_unavailable': False, 'install_base': '/Users/aashvibudia/urdf_ws/install/urdf_sim_tutorial', 'merge_install': False, 'path': '/Users/aashvibudia/urdf_ws/src/urdf_sim_tutorial', 'symlink_install': False, 'test_result_base': None}[0m
[0.346s] [34mcolcon.colcon_core.executor[0m [1;30mINFO[0m Executing jobs using 'parallel' executor
[0.346s] [34mcolcon.colcon_parallel_executor.executor.parallel[0m [1;30mDEBUG[0m [32mrun_until_complete[0m
[0.346s] [34mcolcon.colcon_ros.task.ament_cmake.build[0m [1;30mINFO[0m Building ROS package in '/Users/aashvibudia/urdf_ws/src/urdf_sim_tutorial' with build type 'ament_cmake'
[0.346s] [34mcolcon.colcon_cmake.task.cmake.build[0m [1;30mINFO[0m Building CMake package in '/Users/aashvibudia/urdf_ws/src/urdf_sim_tutorial'
[0.349s] [34mcolcon.colcon_core.plugin_system[0m [1;30mINFO[0m Skipping extension 'colcon_core.shell.bat': Not used on non-Windows systems
[0.349s] [34mcolcon.colcon_core.shell[0m [1;30mINFO[0m Skip shell extension 'powershell' for command environment: Not usable outside of PowerShell
[0.349s] [34mcolcon.colcon_core.shell[0m [1;30mDEBUG[0m [32mSkip shell extension 'dsv' for command environment[0m
[0.354s] [34mcolcon.colcon_cmake.task.cmake.build[0m [1;30mERROR[0m [31mFailed to find the following files:
- /Users/aashvibudia/urdf_ws/install/urdf_launch/share/urdf_launch/package.sh
- /Users/aashvibudia/urdf_ws/install/urdf_tutorial/share/urdf_tutorial/package.sh
Check that the following packages have been built:
- urdf_launch
- urdf_tutorial[0m
[0.354s] [34mcolcon.colcon_core.environment[0m [1;30mLevel 1[0m create_environment_scripts_only(urdf_sim_tutorial)
[0.356s] [34mcolcon.colcon_core.environment[0m [1;30mLevel 1[0m checking '/Users/aashvibudia/urdf_ws/install/urdf_sim_tutorial' for CMake module files
[0.357s] [34mcolcon.colcon_core.environment[0m [1;30mLevel 1[0m checking '/Users/aashvibudia/urdf_ws/install/urdf_sim_tutorial' for CMake config files
[0.357s] [34mcolcon.colcon_core.environment[0m [1;30mLevel 1[0m checking '/Users/aashvibudia/urdf_ws/install/urdf_sim_tutorial/lib'
[0.357s] [34mcolcon.colcon_core.environment[0m [1;30mLevel 1[0m checking '/Users/aashvibudia/urdf_ws/install/urdf_sim_tutorial/bin'
[0.357s] [34mcolcon.colcon_core.environment[0m [1;30mLevel 1[0m checking '/Users/aashvibudia/urdf_ws/install/urdf_sim_tutorial/lib/pkgconfig/urdf_sim_tutorial.pc'
[0.357s] [34mcolcon.colcon_core.environment[0m [1;30mLevel 1[0m checking '/Users/aashvibudia/urdf_ws/install/urdf_sim_tutorial/lib/python3.11/site-packages'
[0.357s] [34mcolcon.colcon_core.environment[0m [1;30mLevel 1[0m checking '/Users/aashvibudia/urdf_ws/install/urdf_sim_tutorial/bin'
[0.357s] [34mcolcon.colcon_core.shell[0m [1;30mINFO[0m Creating package script '/Users/aashvibudia/urdf_ws/install/urdf_sim_tutorial/share/urdf_sim_tutorial/package.ps1'
[0.358s] [34mcolcon.colcon_core.shell[0m [1;30mINFO[0m Creating package descriptor '/Users/aashvibudia/urdf_ws/install/urdf_sim_tutorial/share/urdf_sim_tutorial/package.dsv'
[0.358s] [34mcolcon.colcon_core.shell[0m [1;30mINFO[0m Creating package script '/Users/aashvibudia/urdf_ws/install/urdf_sim_tutorial/share/urdf_sim_tutorial/package.sh'
[0.358s] [34mcolcon.colcon_core.shell[0m [1;30mINFO[0m Creating package script '/Users/aashvibudia/urdf_ws/install/urdf_sim_tutorial/share/urdf_sim_tutorial/package.bash'
[0.359s] [34mcolcon.colcon_core.shell[0m [1;30mINFO[0m Creating package script '/Users/aashvibudia/urdf_ws/install/urdf_sim_tutorial/share/urdf_sim_tutorial/package.zsh'
[0.360s] [34mcolcon.colcon_core.environment[0m [1;30mLevel 1[0m create_file_with_runtime_dependencies(/Users/aashvibudia/urdf_ws/install/urdf_sim_tutorial/share/colcon-core/packages/urdf_sim_tutorial)
[0.360s] [34mcolcon.colcon_parallel_executor.executor.parallel[0m [1;30mDEBUG[0m [32mclosing loop[0m
[0.360s] [34mcolcon.colcon_parallel_executor.executor.parallel[0m [1;30mDEBUG[0m [32mloop closed[0m
[0.360s] [34mcolcon.colcon_parallel_executor.executor.parallel[0m [1;30mDEBUG[0m [32mrun_until_complete finished with '1'[0m
[0.360s] [34mcolcon.colcon_core.event_reactor[0m [1;30mDEBUG[0m [32mjoining thread[0m
[0.360s] [34mcolcon.colcon_core.event_reactor[0m [1;30mDEBUG[0m [32mjoined thread[0m
[0.360s] [34mcolcon.colcon_core.shell[0m [1;30mINFO[0m Creating prefix script '/Users/aashvibudia/urdf_ws/install/local_setup.ps1'
[0.361s] [34mcolcon.colcon_core.shell[0m [1;30mINFO[0m Creating prefix util module '/Users/aashvibudia/urdf_ws/install/_local_setup_util_ps1.py'
[0.362s] [34mcolcon.colcon_core.shell[0m [1;30mINFO[0m Creating prefix chain script '/Users/aashvibudia/urdf_ws/install/setup.ps1'
[0.362s] [34mcolcon.colcon_core.shell[0m [1;30mINFO[0m Creating prefix script '/Users/aashvibudia/urdf_ws/install/local_setup.sh'
[0.363s] [34mcolcon.colcon_core.shell[0m [1;30mINFO[0m Creating prefix util module '/Users/aashvibudia/urdf_ws/install/_local_setup_util_sh.py'
[0.363s] [34mcolcon.colcon_core.shell[0m [1;30mINFO[0m Creating prefix chain script '/Users/aashvibudia/urdf_ws/install/setup.sh'
[0.363s] [34mcolcon.colcon_core.shell[0m [1;30mINFO[0m Creating prefix script '/Users/aashvibudia/urdf_ws/install/local_setup.bash'
[0.364s] [34mcolcon.colcon_core.shell[0m [1;30mINFO[0m Creating prefix chain script '/Users/aashvibudia/urdf_ws/install/setup.bash'
[0.364s] [34mcolcon.colcon_core.shell[0m [1;30mINFO[0m Creating prefix script '/Users/aashvibudia/urdf_ws/install/local_setup.zsh'
[0.364s] [34mcolcon.colcon_core.shell[0m [1;30mINFO[0m Creating prefix chain script '/Users/aashvibudia/urdf_ws/install/setup.zsh'
