[0.636s] Invoking command in '/home/aashvi/launch_ws/build/launch_tutorial': PYTHONPATH=/home/aashvi/launch_ws/build/launch_tutorial/prefix_override:/usr/lib/python3/dist-packages/colcon_core/task/python/colcon_distutils_commands:/home/aashvi/launch_ws/install/launch_tutorial/lib/python3.10/site-packages:${PYTHONPATH} /usr/bin/python3 -W ignore:setup.py install is deprecated -W ignore:easy_install command is deprecated setup.py develop --editable --build-directory /home/aashvi/launch_ws/build/launch_tutorial/build --no-deps symlink_data --force
[0.772s] running develop
[0.841s] running egg_info
[0.841s] writing launch_tutorial.egg-info/PKG-INFO
[0.842s] writing dependency_links to launch_tutorial.egg-info/dependency_links.txt
[0.842s] writing entry points to launch_tutorial.egg-info/entry_points.txt
[0.842s] writing requirements to launch_tutorial.egg-info/requires.txt
[0.842s] writing top-level names to launch_tutorial.egg-info/top_level.txt
[0.844s] reading manifest file 'launch_tutorial.egg-info/SOURCES.txt'
[0.844s] writing manifest file 'launch_tutorial.egg-info/SOURCES.txt'
[0.846s] running build_ext
[0.846s] Creating /home/aashvi/launch_ws/install/launch_tutorial/lib/python3.10/site-packages/launch-tutorial.egg-link (link to .)
[0.846s] 
[0.846s] Installed /home/aashvi/launch_ws/build/launch_tutorial
[0.846s] running symlink_data
[0.846s] symbolically linking /home/aashvi/launch_ws/build/launch_tutorial/resource/launch_tutorial -> /home/aashvi/launch_ws/install/launch_tutorial/share/ament_index/resource_index/packages
[0.846s] symbolically linking /home/aashvi/launch_ws/build/launch_tutorial/package.xml -> /home/aashvi/launch_ws/install/launch_tutorial/share/launch_tutorial
[0.846s] symbolically linking /home/aashvi/launch_ws/build/launch_tutorial/launch/broadcaster_listener.launch.py -> /home/aashvi/launch_ws/install/launch_tutorial/share/launch_tutorial/launch
[0.846s] symbolically linking /home/aashvi/launch_ws/build/launch_tutorial/launch/fixer_broadcaster.launch.py -> /home/aashvi/launch_ws/install/launch_tutorial/share/launch_tutorial/launch
[0.846s] symbolically linking /home/aashvi/launch_ws/build/launch_tutorial/launch/turtlesim_world_2.launch.py -> /home/aashvi/launch_ws/install/launch_tutorial/share/launch_tutorial/launch
[0.846s] symbolically linking /home/aashvi/launch_ws/build/launch_tutorial/launch/launch_turtlesim.launch.py -> /home/aashvi/launch_ws/install/launch_tutorial/share/launch_tutorial/launch
[0.846s] symbolically linking /home/aashvi/launch_ws/build/launch_tutorial/launch/mimic.launch.py -> /home/aashvi/launch_ws/install/launch_tutorial/share/launch_tutorial/launch
[0.846s] symbolically linking /home/aashvi/launch_ws/build/launch_tutorial/launch/example_substitutions.launch.py -> /home/aashvi/launch_ws/install/launch_tutorial/share/launch_tutorial/launch
[0.846s] symbolically linking /home/aashvi/launch_ws/build/launch_tutorial/launch/turtlesim_world_3.launch.py -> /home/aashvi/launch_ws/install/launch_tutorial/share/launch_tutorial/launch
[0.846s] symbolically linking /home/aashvi/launch_ws/build/launch_tutorial/launch/turtlesim_rviz.launch.py -> /home/aashvi/launch_ws/install/launch_tutorial/share/launch_tutorial/launch
[0.846s] symbolically linking /home/aashvi/launch_ws/build/launch_tutorial/launch/example_event_handlers.launch.py -> /home/aashvi/launch_ws/install/launch_tutorial/share/launch_tutorial/launch
[0.846s] symbolically linking /home/aashvi/launch_ws/build/launch_tutorial/launch/example_main.launch.py -> /home/aashvi/launch_ws/install/launch_tutorial/share/launch_tutorial/launch
[0.847s] symbolically linking /home/aashvi/launch_ws/build/launch_tutorial/launch/broadcaster_listener.launch.py -> /home/aashvi/launch_ws/install/launch_tutorial/share/launch_tutorial/launch
[0.847s] symbolically linking /home/aashvi/launch_ws/build/launch_tutorial/launch/fixer_broadcaster.launch.py -> /home/aashvi/launch_ws/install/launch_tutorial/share/launch_tutorial/launch
[0.847s] symbolically linking /home/aashvi/launch_ws/build/launch_tutorial/launch/turtlesim_world_2.launch.py -> /home/aashvi/launch_ws/install/launch_tutorial/share/launch_tutorial/launch
[0.847s] symbolically linking /home/aashvi/launch_ws/build/launch_tutorial/launch/launch_turtlesim.launch.py -> /home/aashvi/launch_ws/install/launch_tutorial/share/launch_tutorial/launch
[0.847s] symbolically linking /home/aashvi/launch_ws/build/launch_tutorial/launch/mimic.launch.py -> /home/aashvi/launch_ws/install/launch_tutorial/share/launch_tutorial/launch
[0.847s] symbolically linking /home/aashvi/launch_ws/build/launch_tutorial/launch/example_substitutions.launch.py -> /home/aashvi/launch_ws/install/launch_tutorial/share/launch_tutorial/launch
[0.847s] symbolically linking /home/aashvi/launch_ws/build/launch_tutorial/launch/turtlesim_world_3.launch.py -> /home/aashvi/launch_ws/install/launch_tutorial/share/launch_tutorial/launch
[0.847s] symbolically linking /home/aashvi/launch_ws/build/launch_tutorial/launch/turtlesim_rviz.launch.py -> /home/aashvi/launch_ws/install/launch_tutorial/share/launch_tutorial/launch
[0.847s] symbolically linking /home/aashvi/launch_ws/build/launch_tutorial/launch/example_event_handlers.launch.py -> /home/aashvi/launch_ws/install/launch_tutorial/share/launch_tutorial/launch
[0.847s] symbolically linking /home/aashvi/launch_ws/build/launch_tutorial/launch/example_main.launch.py -> /home/aashvi/launch_ws/install/launch_tutorial/share/launch_tutorial/launch
[0.847s] symbolically linking /home/aashvi/launch_ws/build/launch_tutorial/config/turtlesim.yaml -> /home/aashvi/launch_ws/install/launch_tutorial/share/launch_tutorial/config
[0.865s] Invoked command in '/home/aashvi/launch_ws/build/launch_tutorial' returned '0': PYTHONPATH=/home/aashvi/launch_ws/build/launch_tutorial/prefix_override:/usr/lib/python3/dist-packages/colcon_core/task/python/colcon_distutils_commands:/home/aashvi/launch_ws/install/launch_tutorial/lib/python3.10/site-packages:${PYTHONPATH} /usr/bin/python3 -W ignore:setup.py install is deprecated -W ignore:easy_install command is deprecated setup.py develop --editable --build-directory /home/aashvi/launch_ws/build/launch_tutorial/build --no-deps symlink_data --force
