[0.490s] Invoking command in '/Users/aashvibudia/urdf_ws/src/urdf_tutorial_r2d2': CONDA_PROMPT_MODIFIER=(ros_humble) PYTHONPATH=/Users/aashvibudia/urdf_ws/build/urdf_tutorial_r2d2/prefix_override:/Users/aashvibudia/miniconda3/envs/ros_humble/lib/python3.11/site-packages/colcon_core/task/python/colcon_distutils_commands:/Users/aashvibudia/urdf_ws/install/urdf_tutorial_r2d2/lib/python3.11/site-packages:${PYTHONPATH} SHLVL=2 _=/Users/aashvibudia/miniconda3/envs/ros_humble/bin/env __CF_USER_TEXT_ENCODING=0x1F5:0x0:0x0 /Users/aashvibudia/miniconda3/envs/ros_humble/bin/python3.11 -W ignore:setup.py install is deprecated setup.py egg_info --egg-base ../../build/urdf_tutorial_r2d2 build --build-base /Users/aashvibudia/urdf_ws/build/urdf_tutorial_r2d2/build install --record /Users/aashvibudia/urdf_ws/build/urdf_tutorial_r2d2/install.log --single-version-externally-managed install_data
[0.594s] /Users/aashvibudia/miniconda3/envs/ros_humble/lib/python3.11/site-packages/setuptools/_distutils/dist.py:270: UserWarning: Unknown distribution option: 'tests_require'
[0.594s]   warnings.warn(msg)
[0.642s] running egg_info
[0.649s] writing ../../build/urdf_tutorial_r2d2/urdf_tutorial_r2d2.egg-info/PKG-INFO
[0.650s] writing dependency_links to ../../build/urdf_tutorial_r2d2/urdf_tutorial_r2d2.egg-info/dependency_links.txt
[0.650s] writing entry points to ../../build/urdf_tutorial_r2d2/urdf_tutorial_r2d2.egg-info/entry_points.txt
[0.651s] writing requirements to ../../build/urdf_tutorial_r2d2/urdf_tutorial_r2d2.egg-info/requires.txt
[0.651s] writing top-level names to ../../build/urdf_tutorial_r2d2/urdf_tutorial_r2d2.egg-info/top_level.txt
[0.666s] reading manifest file '../../build/urdf_tutorial_r2d2/urdf_tutorial_r2d2.egg-info/SOURCES.txt'
[0.666s] adding license file 'LICENSE'
[0.667s] writing manifest file '../../build/urdf_tutorial_r2d2/urdf_tutorial_r2d2.egg-info/SOURCES.txt'
[0.667s] running build
[0.667s] running build_py
[0.667s] copying urdf_tutorial_r2d2/__init__.py -> /Users/aashvibudia/urdf_ws/build/urdf_tutorial_r2d2/build/lib/urdf_tutorial_r2d2
[0.667s] copying urdf_tutorial_r2d2/state_publisher.py -> /Users/aashvibudia/urdf_ws/build/urdf_tutorial_r2d2/build/lib/urdf_tutorial_r2d2
[0.668s] running install
[0.671s] running install_lib
[0.679s] running install_data
[0.679s] copying resource/urdf_tutorial_r2d2 -> /Users/aashvibudia/urdf_ws/install/urdf_tutorial_r2d2/share/ament_index/resource_index/packages
[0.679s] copying package.xml -> /Users/aashvibudia/urdf_ws/install/urdf_tutorial_r2d2/share/urdf_tutorial_r2d2
[0.679s] copying launch/demo.launch.py -> /Users/aashvibudia/urdf_ws/install/urdf_tutorial_r2d2/share/urdf_tutorial_r2d2/launch
[0.680s] copying urdf/r2d2.rviz.txt -> /Users/aashvibudia/urdf_ws/install/urdf_tutorial_r2d2/share/urdf_tutorial_r2d2
[0.680s] copying urdf/r2d2.urdf.xml -> /Users/aashvibudia/urdf_ws/install/urdf_tutorial_r2d2/share/urdf_tutorial_r2d2
[0.680s] running install_egg_info
[0.689s] removing '/Users/aashvibudia/urdf_ws/install/urdf_tutorial_r2d2/lib/python3.11/site-packages/urdf_tutorial_r2d2-0.0.0-py3.11.egg-info' (and everything under it)
[0.689s] Copying ../../build/urdf_tutorial_r2d2/urdf_tutorial_r2d2.egg-info to /Users/aashvibudia/urdf_ws/install/urdf_tutorial_r2d2/lib/python3.11/site-packages/urdf_tutorial_r2d2-0.0.0-py3.11.egg-info
[0.691s] running install_scripts
[0.750s] Installing state_publisher script to /Users/aashvibudia/urdf_ws/install/urdf_tutorial_r2d2/lib/urdf_tutorial_r2d2
[0.750s] writing list of installed files to '/Users/aashvibudia/urdf_ws/build/urdf_tutorial_r2d2/install.log'
[0.765s] Invoked command in '/Users/aashvibudia/urdf_ws/src/urdf_tutorial_r2d2' returned '0': CONDA_PROMPT_MODIFIER=(ros_humble) PYTHONPATH=/Users/aashvibudia/urdf_ws/build/urdf_tutorial_r2d2/prefix_override:/Users/aashvibudia/miniconda3/envs/ros_humble/lib/python3.11/site-packages/colcon_core/task/python/colcon_distutils_commands:/Users/aashvibudia/urdf_ws/install/urdf_tutorial_r2d2/lib/python3.11/site-packages:${PYTHONPATH} SHLVL=2 _=/Users/aashvibudia/miniconda3/envs/ros_humble/bin/env __CF_USER_TEXT_ENCODING=0x1F5:0x0:0x0 /Users/aashvibudia/miniconda3/envs/ros_humble/bin/python3.11 -W ignore:setup.py install is deprecated setup.py egg_info --egg-base ../../build/urdf_tutorial_r2d2 build --build-base /Users/aashvibudia/urdf_ws/build/urdf_tutorial_r2d2/build install --record /Users/aashvibudia/urdf_ws/build/urdf_tutorial_r2d2/install.log --single-version-externally-managed install_data
