[0.628s] Invoking command in '/home/aashvi/launch_ws/build/learning_tf2_py': PYTHONPATH=/home/aashvi/launch_ws/build/learning_tf2_py/prefix_override:/usr/lib/python3/dist-packages/colcon_core/task/python/colcon_distutils_commands:/home/aashvi/launch_ws/install/learning_tf2_py/lib/python3.10/site-packages:${PYTHONPATH} /usr/bin/python3 -W ignore:setup.py install is deprecated -W ignore:easy_install command is deprecated setup.py develop --editable --build-directory /home/aashvi/launch_ws/build/learning_tf2_py/build --no-deps symlink_data --force
[0.763s] running develop
[0.831s] running egg_info
[0.831s] writing learning_tf2_py.egg-info/PKG-INFO
[0.832s] writing dependency_links to learning_tf2_py.egg-info/dependency_links.txt
[0.832s] writing entry points to learning_tf2_py.egg-info/entry_points.txt
[0.832s] writing requirements to learning_tf2_py.egg-info/requires.txt
[0.832s] writing top-level names to learning_tf2_py.egg-info/top_level.txt
[0.833s] reading manifest file 'learning_tf2_py.egg-info/SOURCES.txt'
[0.833s] writing manifest file 'learning_tf2_py.egg-info/SOURCES.txt'
[0.835s] running build_ext
[0.835s] Creating /home/aashvi/launch_ws/install/learning_tf2_py/lib/python3.10/site-packages/learning-tf2-py.egg-link (link to .)
[0.835s] Installing static_turtle_tf2_broadcaster script to /home/aashvi/launch_ws/install/learning_tf2_py/lib/learning_tf2_py
[0.835s] Installing turtle_tf2_broadcaster script to /home/aashvi/launch_ws/install/learning_tf2_py/lib/learning_tf2_py
[0.835s] 
[0.836s] Installed /home/aashvi/launch_ws/build/learning_tf2_py
[0.836s] running symlink_data
[0.836s] symbolically linking /home/aashvi/launch_ws/build/learning_tf2_py/resource/learning_tf2_py -> /home/aashvi/launch_ws/install/learning_tf2_py/share/ament_index/resource_index/packages
[0.836s] symbolically linking /home/aashvi/launch_ws/build/learning_tf2_py/package.xml -> /home/aashvi/launch_ws/install/learning_tf2_py/share/learning_tf2_py
[0.836s] symbolically linking /home/aashvi/launch_ws/build/learning_tf2_py/launch/turtle_tf2_demo.launch.py -> /home/aashvi/launch_ws/install/learning_tf2_py/share/learning_tf2_py/launch
[0.859s] Invoked command in '/home/aashvi/launch_ws/build/learning_tf2_py' returned '0': PYTHONPATH=/home/aashvi/launch_ws/build/learning_tf2_py/prefix_override:/usr/lib/python3/dist-packages/colcon_core/task/python/colcon_distutils_commands:/home/aashvi/launch_ws/install/learning_tf2_py/lib/python3.10/site-packages:${PYTHONPATH} /usr/bin/python3 -W ignore:setup.py install is deprecated -W ignore:easy_install command is deprecated setup.py develop --editable --build-directory /home/aashvi/launch_ws/build/learning_tf2_py/build --no-deps symlink_data --force
