[0.514s] Invoking command in '/home/aashvi/service_ws/build/py_srvcli': PYTHONPATH=/home/aashvi/service_ws/build/py_srvcli/prefix_override:/usr/lib/python3/dist-packages/colcon_core/task/python/colcon_distutils_commands:/home/aashvi/service_ws/install/py_srvcli/lib/python3.10/site-packages:${PYTHONPATH} /usr/bin/python3 -W ignore:setup.py install is deprecated -W ignore:easy_install command is deprecated setup.py develop --editable --build-directory /home/aashvi/service_ws/build/py_srvcli/build --no-deps symlink_data --force
[0.662s] running develop
[0.746s] running egg_info
[0.746s] writing py_srvcli.egg-info/PKG-INFO
[0.746s] writing dependency_links to py_srvcli.egg-info/dependency_links.txt
[0.746s] writing entry points to py_srvcli.egg-info/entry_points.txt
[0.747s] writing requirements to py_srvcli.egg-info/requires.txt
[0.747s] writing top-level names to py_srvcli.egg-info/top_level.txt
[0.748s] reading manifest file 'py_srvcli.egg-info/SOURCES.txt'
[0.748s] writing manifest file 'py_srvcli.egg-info/SOURCES.txt'
[0.749s] running build_ext
[0.750s] Creating /home/aashvi/service_ws/install/py_srvcli/lib/python3.10/site-packages/py-srvcli.egg-link (link to .)
[0.750s] Installing client script to /home/aashvi/service_ws/install/py_srvcli/lib/py_srvcli
[0.750s] Installing service script to /home/aashvi/service_ws/install/py_srvcli/lib/py_srvcli
[0.750s] 
[0.750s] Installed /home/aashvi/service_ws/build/py_srvcli
[0.750s] running symlink_data
[0.750s] symbolically linking /home/aashvi/service_ws/build/py_srvcli/resource/py_srvcli -> /home/aashvi/service_ws/install/py_srvcli/share/ament_index/resource_index/packages
[0.750s] symbolically linking /home/aashvi/service_ws/build/py_srvcli/package.xml -> /home/aashvi/service_ws/install/py_srvcli/share/py_srvcli
[0.765s] Invoked command in '/home/aashvi/service_ws/build/py_srvcli' returned '0': PYTHONPATH=/home/aashvi/service_ws/build/py_srvcli/prefix_override:/usr/lib/python3/dist-packages/colcon_core/task/python/colcon_distutils_commands:/home/aashvi/service_ws/install/py_srvcli/lib/python3.10/site-packages:${PYTHONPATH} /usr/bin/python3 -W ignore:setup.py install is deprecated -W ignore:easy_install command is deprecated setup.py develop --editable --build-directory /home/aashvi/service_ws/build/py_srvcli/build --no-deps symlink_data --force
