[0.061s] Invoking command in '/Users/dgawade/ros_rviz/build/rviz_plugin_tutorial': CMAKE_PREFIX_PATH=/Users/dgawade/ros_rviz/install/rviz_plugin_tutorial_msgs:/Users/dgawade/ros_rviz/install/rviz_plugin_tutorial:/Users/dgawade/second_ros2_ws/install/rviz_plugin_tutorial:/Users/dgawade/miniconda3/envs/ros_env:/Users/dgawade/second_ros2_ws/install/rviz_plugin_tutorial_msgs:/Users/dgawade/second_ros2_ws/install CONDA_PROMPT_MODIFIER=(ros_env) SHLVL=2 _=/usr/bin/env /usr/local/bin/cmake --build /Users/dgawade/ros_rviz/build/rviz_plugin_tutorial -- -j4 -l4
[0.199s] CMake Deprecation Warning at CMakeLists.txt:1 (cmake_minimum_required):
[0.199s]   Compatibility with CMake < 3.10 will be removed from a future version of
[0.199s]   CMake.
[0.200s] 
[0.200s]   Update the VERSION argument <min> value.  Or, use the <min>...<max> syntax
[0.200s]   to tell CMake that the project requires at least <min> but has been updated
[0.200s]   to work with policies introduced by <max> or earlier.
[0.200s] 
[0.200s] 
[0.350s] -- Found ament_cmake: 1.3.11 (/Users/dgawade/miniconda3/envs/ros_env/share/ament_cmake/cmake)
[0.926s] -- Found ament_cmake_ros: 0.10.0 (/Users/dgawade/miniconda3/envs/ros_env/share/ament_cmake_ros/cmake)
[0.960s] -- Found pluginlib: 5.1.0 (/Users/dgawade/miniconda3/envs/ros_env/share/pluginlib/cmake)
[1.071s] -- Found TinyXML2 via Config file: /Users/dgawade/miniconda3/envs/ros_env/lib/cmake/tinyxml2
[1.078s] -- Found rviz_common: 11.2.15 (/Users/dgawade/miniconda3/envs/ros_env/share/rviz_common/cmake)
[2.293s] -- Setting assimp_DIR to: '/Users/dgawade/miniconda3/envs/ros_env/share/rviz_assimp_vendor/cmake/../../../opt/rviz_assimp_vendor/lib/cmake/assimp-4.1'
[2.325s] -- Setting OGRE_DIR to: '/Users/dgawade/miniconda3/envs/ros_env/share/rviz_ogre_vendor/cmake/../../../opt/rviz_ogre_vendor/CMake'
[2.338s] -- Found OGRE
[2.339s] --   static     : OFF
[2.339s] --   components : MeshLodGenerator;Overlay;Paging;Property;RTShaderSystem;Terrain;Volume
[2.339s] --   plugins    : Plugin_BSPSceneManager;Plugin_OctreeSceneManager;Plugin_PCZSceneManager;Plugin_ParticleFX;RenderSystem_GL;RenderSystem_GL3Plus;Codec_STBI;Codec_FreeImage
[2.339s] --   media      : /Users/dgawade/miniconda3/envs/ros_env/opt/rviz_ogre_vendor/Media
[2.340s] -- OGRE_LIBRARIES: OgreMeshLodGenerator;OgreOverlay;OgrePaging;OgreProperty;OgreRTShaderSystem;OgreTerrain;OgreVolume;OgreMain
[2.340s] -- OGRE_LIBRARY_DIRS: /Users/dgawade/miniconda3/envs/ros_env/opt/rviz_ogre_vendor/lib
[2.340s] -- OGRE_PLUGINS: Plugin_BSPSceneManager;Plugin_OctreeSceneManager;Plugin_PCZSceneManager;Plugin_ParticleFX;RenderSystem_GL;RenderSystem_GL3Plus;Codec_STBI;Codec_FreeImage
[2.340s] -- OGRE_PLUGIN_DIR: /Users/dgawade/miniconda3/envs/ros_env/opt/rviz_ogre_vendor/lib/OGRE
[2.340s] -- rviz_ogre_vendor::OgreOverlay for IMPORTED_LOCATION_RELEASE: /Users/dgawade/miniconda3/envs/ros_env/opt/rviz_ogre_vendor/lib/libOgreOverlay.dylib
[2.340s] -- rviz_ogre_vendor::OgreOverlay for IMPORTED_LOCATION_DEBUG: /Users/dgawade/miniconda3/envs/ros_env/opt/rviz_ogre_vendor/lib/libOgreOverlay.dylib
[2.340s] -- rviz_ogre_vendor::OgreMain for IMPORTED_LOCATION_RELEASE: /Users/dgawade/miniconda3/envs/ros_env/opt/rviz_ogre_vendor/lib/libOgreMain.dylib
[2.340s] -- rviz_ogre_vendor::OgreMain for IMPORTED_LOCATION_DEBUG: /Users/dgawade/miniconda3/envs/ros_env/opt/rviz_ogre_vendor/lib/libOgreMain.dylib
[2.880s] -- library: /Users/dgawade/miniconda3/envs/ros_env/lib/libcurl.dylib
[3.007s] -- Found rosidl_generator_c: 3.1.6 (/Users/dgawade/miniconda3/envs/ros_env/share/rosidl_generator_c/cmake)
[3.023s] -- Found rosidl_adapter: 3.1.6 (/Users/dgawade/miniconda3/envs/ros_env/share/rosidl_adapter/cmake)
[3.061s] -- Found rosidl_generator_cpp: 3.1.6 (/Users/dgawade/miniconda3/envs/ros_env/share/rosidl_generator_cpp/cmake)
[3.106s] -- Using all available rosidl_typesupport_c: rosidl_typesupport_fastrtps_c;rosidl_typesupport_introspection_c
[3.149s] -- Using all available rosidl_typesupport_cpp: rosidl_typesupport_fastrtps_cpp;rosidl_typesupport_introspection_cpp
[3.755s] -- Found rmw_implementation_cmake: 6.1.2 (/Users/dgawade/miniconda3/envs/ros_env/share/rmw_implementation_cmake/cmake)
[3.767s] -- Found rmw_fastrtps_cpp: 6.2.7 (/Users/dgawade/miniconda3/envs/ros_env/share/rmw_fastrtps_cpp/cmake)
[3.860s] -- Found TinyXML2 via Config file: /Users/dgawade/miniconda3/envs/ros_env/lib/cmake/tinyxml2
[3.967s] -- Found TinyXML2 via Config file: /Users/dgawade/miniconda3/envs/ros_env/lib/cmake/tinyxml2
[4.073s] -- Found TinyXML2 via Config file: /Users/dgawade/miniconda3/envs/ros_env/lib/cmake/tinyxml2
[4.167s] -- Found TinyXML2 via Config file: /Users/dgawade/miniconda3/envs/ros_env/lib/cmake/tinyxml2
[4.269s] -- Using RMW implementation 'rmw_fastrtps_cpp' as default
[4.559s] -- Ensuring Eigen3 include directory is part of orocos-kdl CMake target
[4.960s] -- Found rviz_plugin_tutorial_msgs: 0.0.0 (/Users/dgawade/ros_rviz/install/rviz_plugin_tutorial_msgs/share/rviz_plugin_tutorial_msgs/cmake)
[5.006s] -- Found ament_lint_auto: 0.12.11 (/Users/dgawade/miniconda3/envs/ros_env/share/ament_lint_auto/cmake)
[5.127s] Error parsing '/Users/dgawade/ros_rviz/src/rviz_plugin_tutorial/rviz_plugin_tutorial/package.xml':
[5.127s] Traceback (most recent call last):
[5.128s]   File "/Users/dgawade/miniconda3/envs/ros_env/share/ament_cmake_core/cmake/core/package_xml_2_cmake.py", line 150, in <module>
[5.128s]     main()
[5.128s]   File "/Users/dgawade/miniconda3/envs/ros_env/share/ament_cmake_core/cmake/core/package_xml_2_cmake.py", line 53, in main
[5.128s]     raise e
[5.128s]   File "/Users/dgawade/miniconda3/envs/ros_env/share/ament_cmake_core/cmake/core/package_xml_2_cmake.py", line 49, in main
[5.128s]     package = parse_package_string(
[5.128s]               ^^^^^^^^^^^^^^^^^^^^^
[5.128s]   File "/Users/dgawade/miniconda3/envs/ros_env/lib/python3.11/site-packages/catkin_pkg/package.py", line 786, in parse_package_string
[5.131s]     raise InvalidPackage('Error(s):%s' % (''.join(['\n- %s' % e for e in errors])), filename)
[5.131s] catkin_pkg.package.InvalidPackage: Error(s) in package '/Users/dgawade/ros_rviz/src/rviz_plugin_tutorial/rviz_plugin_tutorial/package.xml':
[5.131s] Error(s):
[5.131s] - The generic dependency on 'pluginlib' is redundant with: build_depend, build_export_depend, exec_depend
[5.131s] - The generic dependency on 'rviz_common' is redundant with: build_depend, build_export_depend, exec_depend
[5.147s] CMake Error at /Users/dgawade/miniconda3/envs/ros_env/share/ament_cmake_core/cmake/core/ament_package_xml.cmake:95 (message):
[5.147s]   execute_process(/Users/dgawade/miniconda3/envs/ros_env/bin/python3
[5.147s]   /Users/dgawade/miniconda3/envs/ros_env/share/ament_cmake_core/cmake/core/package_xml_2_cmake.py
[5.148s]   /Users/dgawade/ros_rviz/src/rviz_plugin_tutorial/rviz_plugin_tutorial/package.xml
[5.148s]   /Users/dgawade/ros_rviz/build/rviz_plugin_tutorial/ament_cmake_core/package.cmake)
[5.148s]   returned error code 1
[5.148s] Call Stack (most recent call first):
[5.148s]   /Users/dgawade/miniconda3/envs/ros_env/share/ament_cmake_core/cmake/core/ament_package_xml.cmake:49 (_ament_package_xml)
[5.148s]   /Users/dgawade/miniconda3/envs/ros_env/share/ament_lint_auto/cmake/ament_lint_auto_find_test_dependencies.cmake:31 (ament_package_xml)
[5.148s]   CMakeLists.txt:83 (ament_lint_auto_find_test_dependencies)
[5.148s] 
[5.148s] 
[5.148s] -- Configuring incomplete, errors occurred!
[5.159s] make: *** [Makefile:349: cmake_check_build_system] Error 1
[5.161s] Invoked command in '/Users/dgawade/ros_rviz/build/rviz_plugin_tutorial' returned '2': CMAKE_PREFIX_PATH=/Users/dgawade/ros_rviz/install/rviz_plugin_tutorial_msgs:/Users/dgawade/ros_rviz/install/rviz_plugin_tutorial:/Users/dgawade/second_ros2_ws/install/rviz_plugin_tutorial:/Users/dgawade/miniconda3/envs/ros_env:/Users/dgawade/second_ros2_ws/install/rviz_plugin_tutorial_msgs:/Users/dgawade/second_ros2_ws/install CONDA_PROMPT_MODIFIER=(ros_env) SHLVL=2 _=/usr/bin/env /usr/local/bin/cmake --build /Users/dgawade/ros_rviz/build/rviz_plugin_tutorial -- -j4 -l4
