[0.019s] Invoking command in '/home/aashvi/service_ws/build/cpp_srvcli': CMAKE_PREFIX_PATH=${CMAKE_PREFIX_PATH}:/home/aashvi/ros2_ws/install/turtle_mover:/home/aashvi/ros2_ws/install/my_robot_controller:/home/aashvi/ros2_ws/install/py_pubsub:/home/aashvi/ros2_ws/install/my_package:/home/aashvi/ros2_ws/install/launch_testing_examples:/home/aashvi/ros2_ws/install/examples_rclpy_pointcloud_publisher:/home/aashvi/ros2_ws/install/examples_rclpy_minimal_subscriber:/home/aashvi/ros2_ws/install/examples_rclpy_minimal_service:/home/aashvi/ros2_ws/install/examples_rclpy_minimal_publisher:/home/aashvi/ros2_ws/install/examples_rclpy_minimal_client:/home/aashvi/ros2_ws/install/examples_rclpy_minimal_action_server:/home/aashvi/ros2_ws/install/examples_rclpy_minimal_action_client:/home/aashvi/ros2_ws/install/examples_rclpy_guard_conditions:/home/aashvi/ros2_ws/install/examples_rclpy_executors:/home/aashvi/ros2_ws/src/install/turtle_mover:/home/aashvi/ros2_ws/src/install/py_pubsub:/opt/ros/humble /usr/bin/cmake /home/aashvi/service_ws/src/cpp_srvcli -DAMENT_CMAKE_SYMLINK_INSTALL=1 -DCMAKE_INSTALL_PREFIX=/home/aashvi/service_ws/install/cpp_srvcli
[0.204s] -- The C compiler identification is GNU 11.4.0
[0.226s] -- The CXX compiler identification is GNU 11.4.0
[0.240s] -- Detecting C compiler ABI info
[0.296s] -- Detecting C compiler ABI info - done
[0.300s] -- Check for working C compiler: /usr/bin/cc - skipped
[0.300s] -- Detecting C compile features
[0.301s] -- Detecting C compile features - done
[0.303s] -- Detecting CXX compiler ABI info
[0.355s] -- Detecting CXX compiler ABI info - done
[0.360s] -- Check for working CXX compiler: /usr/bin/c++ - skipped
[0.360s] -- Detecting CXX compile features
[0.360s] -- Detecting CXX compile features - done
[0.365s] -- Found ament_cmake: 1.3.11 (/opt/ros/humble/share/ament_cmake/cmake)
[0.481s] -- Found Python3: /usr/bin/python3 (found version "3.10.12") found components: Interpreter 
[0.532s] -- Override CMake install command with custom implementation using symlinks instead of copying resources
[0.570s] -- Found rclcpp: 16.0.11 (/opt/ros/humble/share/rclcpp/cmake)
[0.609s] -- Found rosidl_generator_c: 3.1.6 (/opt/ros/humble/share/rosidl_generator_c/cmake)
[0.614s] -- Found rosidl_adapter: 3.1.6 (/opt/ros/humble/share/rosidl_adapter/cmake)
[0.622s] -- Found rosidl_generator_cpp: 3.1.6 (/opt/ros/humble/share/rosidl_generator_cpp/cmake)
[0.632s] -- Using all available rosidl_typesupport_c: rosidl_typesupport_fastrtps_c;rosidl_typesupport_introspection_c
[0.653s] -- Using all available rosidl_typesupport_cpp: rosidl_typesupport_fastrtps_cpp;rosidl_typesupport_introspection_cpp
[0.691s] -- Found rmw_implementation_cmake: 6.1.2 (/opt/ros/humble/share/rmw_implementation_cmake/cmake)
[0.694s] -- Found rmw_fastrtps_cpp: 6.2.7 (/opt/ros/humble/share/rmw_fastrtps_cpp/cmake)
[0.756s] -- Found OpenSSL: /usr/lib/aarch64-linux-gnu/libcrypto.so (found version "3.0.2")  
[0.775s] -- Found FastRTPS: /opt/ros/humble/include  
[0.802s] -- Using RMW implementation 'rmw_fastrtps_cpp' as default
[0.810s] -- Looking for pthread.h
[0.854s] -- Looking for pthread.h - found
[0.855s] -- Performing Test CMAKE_HAVE_LIBC_PTHREAD
[0.889s] -- Performing Test CMAKE_HAVE_LIBC_PTHREAD - Success
[0.892s] -- Found Threads: TRUE  
[0.926s] -- Found example_interfaces: 0.9.3 (/opt/ros/humble/share/example_interfaces/cmake)
[0.962s] -- Found ament_lint_auto: 0.12.11 (/opt/ros/humble/share/ament_lint_auto/cmake)
[1.023s] -- Added test 'cppcheck' to perform static code analysis on C / C++ code
[1.023s] -- Configured cppcheck include dirs: 
[1.023s] -- Configured cppcheck exclude dirs and/or files: 
[1.024s] -- Added test 'lint_cmake' to check CMake code style
[1.025s] -- Added test 'uncrustify' to check C / C++ code style
[1.025s] -- Configured uncrustify additional arguments: 
[1.026s] -- Added test 'xmllint' to check XML markup files
[1.027s] -- Configuring done
[1.030s] -- Generating done
[1.032s] -- Build files have been written to: /home/aashvi/service_ws/build/cpp_srvcli
[1.037s] Invoked command in '/home/aashvi/service_ws/build/cpp_srvcli' returned '0': CMAKE_PREFIX_PATH=${CMAKE_PREFIX_PATH}:/home/aashvi/ros2_ws/install/turtle_mover:/home/aashvi/ros2_ws/install/my_robot_controller:/home/aashvi/ros2_ws/install/py_pubsub:/home/aashvi/ros2_ws/install/my_package:/home/aashvi/ros2_ws/install/launch_testing_examples:/home/aashvi/ros2_ws/install/examples_rclpy_pointcloud_publisher:/home/aashvi/ros2_ws/install/examples_rclpy_minimal_subscriber:/home/aashvi/ros2_ws/install/examples_rclpy_minimal_service:/home/aashvi/ros2_ws/install/examples_rclpy_minimal_publisher:/home/aashvi/ros2_ws/install/examples_rclpy_minimal_client:/home/aashvi/ros2_ws/install/examples_rclpy_minimal_action_server:/home/aashvi/ros2_ws/install/examples_rclpy_minimal_action_client:/home/aashvi/ros2_ws/install/examples_rclpy_guard_conditions:/home/aashvi/ros2_ws/install/examples_rclpy_executors:/home/aashvi/ros2_ws/src/install/turtle_mover:/home/aashvi/ros2_ws/src/install/py_pubsub:/opt/ros/humble /usr/bin/cmake /home/aashvi/service_ws/src/cpp_srvcli -DAMENT_CMAKE_SYMLINK_INSTALL=1 -DCMAKE_INSTALL_PREFIX=/home/aashvi/service_ws/install/cpp_srvcli
[1.037s] Invoking command in '/home/aashvi/service_ws/build/cpp_srvcli': CMAKE_PREFIX_PATH=${CMAKE_PREFIX_PATH}:/home/aashvi/ros2_ws/install/turtle_mover:/home/aashvi/ros2_ws/install/my_robot_controller:/home/aashvi/ros2_ws/install/py_pubsub:/home/aashvi/ros2_ws/install/my_package:/home/aashvi/ros2_ws/install/launch_testing_examples:/home/aashvi/ros2_ws/install/examples_rclpy_pointcloud_publisher:/home/aashvi/ros2_ws/install/examples_rclpy_minimal_subscriber:/home/aashvi/ros2_ws/install/examples_rclpy_minimal_service:/home/aashvi/ros2_ws/install/examples_rclpy_minimal_publisher:/home/aashvi/ros2_ws/install/examples_rclpy_minimal_client:/home/aashvi/ros2_ws/install/examples_rclpy_minimal_action_server:/home/aashvi/ros2_ws/install/examples_rclpy_minimal_action_client:/home/aashvi/ros2_ws/install/examples_rclpy_guard_conditions:/home/aashvi/ros2_ws/install/examples_rclpy_executors:/home/aashvi/ros2_ws/src/install/turtle_mover:/home/aashvi/ros2_ws/src/install/py_pubsub:/opt/ros/humble /usr/bin/cmake --build /home/aashvi/service_ws/build/cpp_srvcli -- -j8 -l8
[1.061s] Invoked command in '/home/aashvi/service_ws/build/cpp_srvcli' returned '0': CMAKE_PREFIX_PATH=${CMAKE_PREFIX_PATH}:/home/aashvi/ros2_ws/install/turtle_mover:/home/aashvi/ros2_ws/install/my_robot_controller:/home/aashvi/ros2_ws/install/py_pubsub:/home/aashvi/ros2_ws/install/my_package:/home/aashvi/ros2_ws/install/launch_testing_examples:/home/aashvi/ros2_ws/install/examples_rclpy_pointcloud_publisher:/home/aashvi/ros2_ws/install/examples_rclpy_minimal_subscriber:/home/aashvi/ros2_ws/install/examples_rclpy_minimal_service:/home/aashvi/ros2_ws/install/examples_rclpy_minimal_publisher:/home/aashvi/ros2_ws/install/examples_rclpy_minimal_client:/home/aashvi/ros2_ws/install/examples_rclpy_minimal_action_server:/home/aashvi/ros2_ws/install/examples_rclpy_minimal_action_client:/home/aashvi/ros2_ws/install/examples_rclpy_guard_conditions:/home/aashvi/ros2_ws/install/examples_rclpy_executors:/home/aashvi/ros2_ws/src/install/turtle_mover:/home/aashvi/ros2_ws/src/install/py_pubsub:/opt/ros/humble /usr/bin/cmake --build /home/aashvi/service_ws/build/cpp_srvcli -- -j8 -l8
[1.066s] Invoking command in '/home/aashvi/service_ws/build/cpp_srvcli': CMAKE_PREFIX_PATH=${CMAKE_PREFIX_PATH}:/home/aashvi/ros2_ws/install/turtle_mover:/home/aashvi/ros2_ws/install/my_robot_controller:/home/aashvi/ros2_ws/install/py_pubsub:/home/aashvi/ros2_ws/install/my_package:/home/aashvi/ros2_ws/install/launch_testing_examples:/home/aashvi/ros2_ws/install/examples_rclpy_pointcloud_publisher:/home/aashvi/ros2_ws/install/examples_rclpy_minimal_subscriber:/home/aashvi/ros2_ws/install/examples_rclpy_minimal_service:/home/aashvi/ros2_ws/install/examples_rclpy_minimal_publisher:/home/aashvi/ros2_ws/install/examples_rclpy_minimal_client:/home/aashvi/ros2_ws/install/examples_rclpy_minimal_action_server:/home/aashvi/ros2_ws/install/examples_rclpy_minimal_action_client:/home/aashvi/ros2_ws/install/examples_rclpy_guard_conditions:/home/aashvi/ros2_ws/install/examples_rclpy_executors:/home/aashvi/ros2_ws/src/install/turtle_mover:/home/aashvi/ros2_ws/src/install/py_pubsub:/opt/ros/humble /usr/bin/cmake --install /home/aashvi/service_ws/build/cpp_srvcli
[1.068s] -- Install configuration: ""
[1.068s] -- Execute custom install script
[1.069s] -- Symlinking: /home/aashvi/service_ws/install/cpp_srvcli/share/ament_index/resource_index/package_run_dependencies/cpp_srvcli
[1.072s] -- Symlinking: /home/aashvi/service_ws/install/cpp_srvcli/share/ament_index/resource_index/parent_prefix_path/cpp_srvcli
[1.076s] -- Symlinking: /home/aashvi/service_ws/install/cpp_srvcli/share/cpp_srvcli/environment/ament_prefix_path.sh
[1.079s] -- Symlinking: /home/aashvi/service_ws/install/cpp_srvcli/share/cpp_srvcli/environment/ament_prefix_path.dsv
[1.082s] -- Symlinking: /home/aashvi/service_ws/install/cpp_srvcli/share/cpp_srvcli/environment/path.sh
[1.085s] -- Symlinking: /home/aashvi/service_ws/install/cpp_srvcli/share/cpp_srvcli/environment/path.dsv
[1.088s] -- Symlinking: /home/aashvi/service_ws/install/cpp_srvcli/share/cpp_srvcli/local_setup.bash
[1.092s] -- Symlinking: /home/aashvi/service_ws/install/cpp_srvcli/share/cpp_srvcli/local_setup.sh
[1.095s] -- Symlinking: /home/aashvi/service_ws/install/cpp_srvcli/share/cpp_srvcli/local_setup.zsh
[1.098s] -- Symlinking: /home/aashvi/service_ws/install/cpp_srvcli/share/cpp_srvcli/local_setup.dsv
[1.101s] -- Symlinking: /home/aashvi/service_ws/install/cpp_srvcli/share/cpp_srvcli/package.dsv
[1.105s] -- Symlinking: /home/aashvi/service_ws/install/cpp_srvcli/share/ament_index/resource_index/packages/cpp_srvcli
[1.108s] -- Symlinking: /home/aashvi/service_ws/install/cpp_srvcli/share/cpp_srvcli/cmake/cpp_srvcliConfig.cmake
[1.111s] -- Symlinking: /home/aashvi/service_ws/install/cpp_srvcli/share/cpp_srvcli/cmake/cpp_srvcliConfig-version.cmake
[1.114s] -- Symlinking: /home/aashvi/service_ws/install/cpp_srvcli/share/cpp_srvcli/package.xml
[1.118s] Invoked command in '/home/aashvi/service_ws/build/cpp_srvcli' returned '0': CMAKE_PREFIX_PATH=${CMAKE_PREFIX_PATH}:/home/aashvi/ros2_ws/install/turtle_mover:/home/aashvi/ros2_ws/install/my_robot_controller:/home/aashvi/ros2_ws/install/py_pubsub:/home/aashvi/ros2_ws/install/my_package:/home/aashvi/ros2_ws/install/launch_testing_examples:/home/aashvi/ros2_ws/install/examples_rclpy_pointcloud_publisher:/home/aashvi/ros2_ws/install/examples_rclpy_minimal_subscriber:/home/aashvi/ros2_ws/install/examples_rclpy_minimal_service:/home/aashvi/ros2_ws/install/examples_rclpy_minimal_publisher:/home/aashvi/ros2_ws/install/examples_rclpy_minimal_client:/home/aashvi/ros2_ws/install/examples_rclpy_minimal_action_server:/home/aashvi/ros2_ws/install/examples_rclpy_minimal_action_client:/home/aashvi/ros2_ws/install/examples_rclpy_guard_conditions:/home/aashvi/ros2_ws/install/examples_rclpy_executors:/home/aashvi/ros2_ws/src/install/turtle_mover:/home/aashvi/ros2_ws/src/install/py_pubsub:/opt/ros/humble /usr/bin/cmake --install /home/aashvi/service_ws/build/cpp_srvcli
