[0.083s] Invoking command in '/Users/dgawade/ros_rviz/build/rviz_plugin_tutorial_msgs': CMAKE_PREFIX_PATH=${CMAKE_PREFIX_PATH}:/Users/dgawade/second_ros2_ws/install/urdf_tutorial_r2d2 CONDA_PROMPT_MODIFIER=(ros_env) SHLVL=2 _=/usr/bin/env /usr/local/bin/cmake --build /Users/dgawade/ros_rviz/build/rviz_plugin_tutorial_msgs -- -j4 -l4
[0.461s] [  3%] Built target rviz_plugin_tutorial_msgs__cpp
[0.517s] [ 12%] Built target rviz_plugin_tutorial_msgs__rosidl_generator_c
[0.556s] [ 12%] Built target ament_cmake_python_copy_rviz_plugin_tutorial_msgs
[0.685s] [ 22%] Built target rviz_plugin_tutorial_msgs__rosidl_typesupport_cpp
[0.729s] [ 32%] Built target rviz_plugin_tutorial_msgs__rosidl_typesupport_fastrtps_cpp
[0.731s] [ 41%] Built target rviz_plugin_tutorial_msgs__rosidl_typesupport_introspection_cpp
[0.757s] [ 51%] Built target rviz_plugin_tutorial_msgs__rosidl_typesupport_fastrtps_c
[0.870s] [ 61%] Built target rviz_plugin_tutorial_msgs__rosidl_typesupport_introspection_c
[0.904s] [ 70%] Built target rviz_plugin_tutorial_msgs__rosidl_typesupport_c
[1.086s] [ 70%] Built target rviz_plugin_tutorial_msgs
[1.228s] [ 74%] Built target rviz_plugin_tutorial_msgs__py
[1.387s] [ 80%] Built target rviz_plugin_tutorial_msgs__rosidl_generator_py
[1.393s] running egg_info
[1.437s] writing rviz_plugin_tutorial_msgs.egg-info/PKG-INFO
[1.438s] writing dependency_links to rviz_plugin_tutorial_msgs.egg-info/dependency_links.txt
[1.444s] writing top-level names to rviz_plugin_tutorial_msgs.egg-info/top_level.txt
[1.571s] [ 87%] Built target rviz_plugin_tutorial_msgs__rosidl_typesupport_fastrtps_c__pyext
[1.576s] [ 93%] Built target rviz_plugin_tutorial_msgs__rosidl_typesupport_introspection_c__pyext
[1.580s] [100%] Built target rviz_plugin_tutorial_msgs__rosidl_typesupport_c__pyext
[1.627s] reading manifest file 'rviz_plugin_tutorial_msgs.egg-info/SOURCES.txt'
[1.630s] writing manifest file 'rviz_plugin_tutorial_msgs.egg-info/SOURCES.txt'
[1.730s] [100%] Built target ament_cmake_python_build_rviz_plugin_tutorial_msgs_egg
[1.761s] Invoked command in '/Users/dgawade/ros_rviz/build/rviz_plugin_tutorial_msgs' returned '0': CMAKE_PREFIX_PATH=${CMAKE_PREFIX_PATH}:/Users/dgawade/second_ros2_ws/install/urdf_tutorial_r2d2 CONDA_PROMPT_MODIFIER=(ros_env) SHLVL=2 _=/usr/bin/env /usr/local/bin/cmake --build /Users/dgawade/ros_rviz/build/rviz_plugin_tutorial_msgs -- -j4 -l4
[3.035s] Invoking command in '/Users/dgawade/ros_rviz/build/rviz_plugin_tutorial_msgs': CMAKE_PREFIX_PATH=${CMAKE_PREFIX_PATH}:/Users/dgawade/second_ros2_ws/install/urdf_tutorial_r2d2 CONDA_PROMPT_MODIFIER=(ros_env) SHLVL=2 _=/usr/bin/env /usr/local/bin/cmake --install /Users/dgawade/ros_rviz/build/rviz_plugin_tutorial_msgs
[3.077s] -- Install configuration: ""
[3.078s] -- Up-to-date: /Users/dgawade/ros_rviz/install/rviz_plugin_tutorial_msgs/share/ament_index/resource_index/rosidl_interfaces/rviz_plugin_tutorial_msgs
[3.078s] -- Up-to-date: /Users/dgawade/ros_rviz/install/rviz_plugin_tutorial_msgs/include/rviz_plugin_tutorial_msgs/rviz_plugin_tutorial_msgs
[3.078s] -- Up-to-date: /Users/dgawade/ros_rviz/install/rviz_plugin_tutorial_msgs/include/rviz_plugin_tutorial_msgs/rviz_plugin_tutorial_msgs/msg
[3.078s] -- Up-to-date: /Users/dgawade/ros_rviz/install/rviz_plugin_tutorial_msgs/include/rviz_plugin_tutorial_msgs/rviz_plugin_tutorial_msgs/msg/rosidl_generator_c__visibility_control.h
[3.079s] -- Up-to-date: /Users/dgawade/ros_rviz/install/rviz_plugin_tutorial_msgs/include/rviz_plugin_tutorial_msgs/rviz_plugin_tutorial_msgs/msg/detail
[3.079s] -- Up-to-date: /Users/dgawade/ros_rviz/install/rviz_plugin_tutorial_msgs/include/rviz_plugin_tutorial_msgs/rviz_plugin_tutorial_msgs/msg/detail/point2_d__functions.h
[3.079s] -- Up-to-date: /Users/dgawade/ros_rviz/install/rviz_plugin_tutorial_msgs/include/rviz_plugin_tutorial_msgs/rviz_plugin_tutorial_msgs/msg/detail/point2_d__type_support.h
[3.079s] -- Up-to-date: /Users/dgawade/ros_rviz/install/rviz_plugin_tutorial_msgs/include/rviz_plugin_tutorial_msgs/rviz_plugin_tutorial_msgs/msg/detail/point2_d__functions.c
[3.080s] -- Up-to-date: /Users/dgawade/ros_rviz/install/rviz_plugin_tutorial_msgs/include/rviz_plugin_tutorial_msgs/rviz_plugin_tutorial_msgs/msg/detail/point2_d__struct.h
[3.080s] -- Up-to-date: /Users/dgawade/ros_rviz/install/rviz_plugin_tutorial_msgs/include/rviz_plugin_tutorial_msgs/rviz_plugin_tutorial_msgs/msg/point2_d.h
[3.081s] -- Up-to-date: /Users/dgawade/ros_rviz/install/rviz_plugin_tutorial_msgs/lib/librviz_plugin_tutorial_msgs__rosidl_generator_c.dylib
[3.081s] -- Up-to-date: /Users/dgawade/ros_rviz/install/rviz_plugin_tutorial_msgs/include/rviz_plugin_tutorial_msgs/rviz_plugin_tutorial_msgs
[3.081s] -- Up-to-date: /Users/dgawade/ros_rviz/install/rviz_plugin_tutorial_msgs/include/rviz_plugin_tutorial_msgs/rviz_plugin_tutorial_msgs/msg
[3.081s] -- Up-to-date: /Users/dgawade/ros_rviz/install/rviz_plugin_tutorial_msgs/include/rviz_plugin_tutorial_msgs/rviz_plugin_tutorial_msgs/msg/detail
[3.081s] -- Up-to-date: /Users/dgawade/ros_rviz/install/rviz_plugin_tutorial_msgs/include/rviz_plugin_tutorial_msgs/rviz_plugin_tutorial_msgs/msg/detail/point2_d__rosidl_typesupport_fastrtps_c.h
[3.082s] -- Up-to-date: /Users/dgawade/ros_rviz/install/rviz_plugin_tutorial_msgs/include/rviz_plugin_tutorial_msgs/rviz_plugin_tutorial_msgs/msg/rosidl_typesupport_fastrtps_c__visibility_control.h
[3.082s] -- Installing: /Users/dgawade/ros_rviz/install/rviz_plugin_tutorial_msgs/lib/librviz_plugin_tutorial_msgs__rosidl_typesupport_fastrtps_c.dylib
[3.111s] -- Up-to-date: /Users/dgawade/ros_rviz/install/rviz_plugin_tutorial_msgs/include/rviz_plugin_tutorial_msgs/rviz_plugin_tutorial_msgs
[3.112s] -- Up-to-date: /Users/dgawade/ros_rviz/install/rviz_plugin_tutorial_msgs/include/rviz_plugin_tutorial_msgs/rviz_plugin_tutorial_msgs/msg
[3.113s] -- Up-to-date: /Users/dgawade/ros_rviz/install/rviz_plugin_tutorial_msgs/include/rviz_plugin_tutorial_msgs/rviz_plugin_tutorial_msgs/msg/detail
[3.113s] -- Up-to-date: /Users/dgawade/ros_rviz/install/rviz_plugin_tutorial_msgs/include/rviz_plugin_tutorial_msgs/rviz_plugin_tutorial_msgs/msg/detail/point2_d__rosidl_typesupport_introspection_c.h
[3.113s] -- Up-to-date: /Users/dgawade/ros_rviz/install/rviz_plugin_tutorial_msgs/include/rviz_plugin_tutorial_msgs/rviz_plugin_tutorial_msgs/msg/detail/point2_d__type_support.c
[3.114s] -- Up-to-date: /Users/dgawade/ros_rviz/install/rviz_plugin_tutorial_msgs/include/rviz_plugin_tutorial_msgs/rviz_plugin_tutorial_msgs/msg/rosidl_typesupport_introspection_c__visibility_control.h
[3.114s] -- Installing: /Users/dgawade/ros_rviz/install/rviz_plugin_tutorial_msgs/lib/librviz_plugin_tutorial_msgs__rosidl_typesupport_introspection_c.dylib
[3.132s] -- Installing: /Users/dgawade/ros_rviz/install/rviz_plugin_tutorial_msgs/lib/librviz_plugin_tutorial_msgs__rosidl_typesupport_c.dylib
[3.147s] -- Up-to-date: /Users/dgawade/ros_rviz/install/rviz_plugin_tutorial_msgs/include/rviz_plugin_tutorial_msgs/rviz_plugin_tutorial_msgs
[3.147s] -- Up-to-date: /Users/dgawade/ros_rviz/install/rviz_plugin_tutorial_msgs/include/rviz_plugin_tutorial_msgs/rviz_plugin_tutorial_msgs/msg
[3.147s] -- Up-to-date: /Users/dgawade/ros_rviz/install/rviz_plugin_tutorial_msgs/include/rviz_plugin_tutorial_msgs/rviz_plugin_tutorial_msgs/msg/detail
[3.148s] -- Up-to-date: /Users/dgawade/ros_rviz/install/rviz_plugin_tutorial_msgs/include/rviz_plugin_tutorial_msgs/rviz_plugin_tutorial_msgs/msg/detail/point2_d__traits.hpp
[3.148s] -- Up-to-date: /Users/dgawade/ros_rviz/install/rviz_plugin_tutorial_msgs/include/rviz_plugin_tutorial_msgs/rviz_plugin_tutorial_msgs/msg/detail/point2_d__type_support.hpp
[3.148s] -- Up-to-date: /Users/dgawade/ros_rviz/install/rviz_plugin_tutorial_msgs/include/rviz_plugin_tutorial_msgs/rviz_plugin_tutorial_msgs/msg/detail/point2_d__struct.hpp
[3.148s] -- Up-to-date: /Users/dgawade/ros_rviz/install/rviz_plugin_tutorial_msgs/include/rviz_plugin_tutorial_msgs/rviz_plugin_tutorial_msgs/msg/detail/point2_d__builder.hpp
[3.148s] -- Up-to-date: /Users/dgawade/ros_rviz/install/rviz_plugin_tutorial_msgs/include/rviz_plugin_tutorial_msgs/rviz_plugin_tutorial_msgs/msg/rosidl_generator_cpp__visibility_control.hpp
[3.148s] -- Up-to-date: /Users/dgawade/ros_rviz/install/rviz_plugin_tutorial_msgs/include/rviz_plugin_tutorial_msgs/rviz_plugin_tutorial_msgs/msg/point2_d.hpp
[3.149s] -- Up-to-date: /Users/dgawade/ros_rviz/install/rviz_plugin_tutorial_msgs/include/rviz_plugin_tutorial_msgs/rviz_plugin_tutorial_msgs
[3.149s] -- Up-to-date: /Users/dgawade/ros_rviz/install/rviz_plugin_tutorial_msgs/include/rviz_plugin_tutorial_msgs/rviz_plugin_tutorial_msgs/msg
[3.149s] -- Up-to-date: /Users/dgawade/ros_rviz/install/rviz_plugin_tutorial_msgs/include/rviz_plugin_tutorial_msgs/rviz_plugin_tutorial_msgs/msg/rosidl_typesupport_fastrtps_cpp__visibility_control.h
[3.150s] -- Up-to-date: /Users/dgawade/ros_rviz/install/rviz_plugin_tutorial_msgs/include/rviz_plugin_tutorial_msgs/rviz_plugin_tutorial_msgs/msg/detail
[3.150s] -- Up-to-date: /Users/dgawade/ros_rviz/install/rviz_plugin_tutorial_msgs/include/rviz_plugin_tutorial_msgs/rviz_plugin_tutorial_msgs/msg/detail/point2_d__rosidl_typesupport_fastrtps_cpp.hpp
[3.150s] -- Up-to-date: /Users/dgawade/ros_rviz/install/rviz_plugin_tutorial_msgs/include/rviz_plugin_tutorial_msgs/rviz_plugin_tutorial_msgs/msg/detail/dds_fastrtps
[3.150s] -- Up-to-date: /Users/dgawade/ros_rviz/install/rviz_plugin_tutorial_msgs/lib/librviz_plugin_tutorial_msgs__rosidl_typesupport_fastrtps_cpp.dylib
[3.151s] -- Up-to-date: /Users/dgawade/ros_rviz/install/rviz_plugin_tutorial_msgs/include/rviz_plugin_tutorial_msgs/rviz_plugin_tutorial_msgs
[3.151s] -- Up-to-date: /Users/dgawade/ros_rviz/install/rviz_plugin_tutorial_msgs/include/rviz_plugin_tutorial_msgs/rviz_plugin_tutorial_msgs/msg
[3.151s] -- Up-to-date: /Users/dgawade/ros_rviz/install/rviz_plugin_tutorial_msgs/include/rviz_plugin_tutorial_msgs/rviz_plugin_tutorial_msgs/msg/detail
[3.151s] -- Up-to-date: /Users/dgawade/ros_rviz/install/rviz_plugin_tutorial_msgs/include/rviz_plugin_tutorial_msgs/rviz_plugin_tutorial_msgs/msg/detail/point2_d__type_support.cpp
[3.151s] -- Up-to-date: /Users/dgawade/ros_rviz/install/rviz_plugin_tutorial_msgs/include/rviz_plugin_tutorial_msgs/rviz_plugin_tutorial_msgs/msg/detail/point2_d__rosidl_typesupport_introspection_cpp.hpp
[3.152s] -- Up-to-date: /Users/dgawade/ros_rviz/install/rviz_plugin_tutorial_msgs/lib/librviz_plugin_tutorial_msgs__rosidl_typesupport_introspection_cpp.dylib
[3.152s] -- Up-to-date: /Users/dgawade/ros_rviz/install/rviz_plugin_tutorial_msgs/lib/librviz_plugin_tutorial_msgs__rosidl_typesupport_cpp.dylib
[3.152s] -- Up-to-date: /Users/dgawade/ros_rviz/install/rviz_plugin_tutorial_msgs/share/rviz_plugin_tutorial_msgs/environment/pythonpath.sh
[3.153s] -- Up-to-date: /Users/dgawade/ros_rviz/install/rviz_plugin_tutorial_msgs/share/rviz_plugin_tutorial_msgs/environment/pythonpath.dsv
[3.153s] -- Up-to-date: /Users/dgawade/ros_rviz/install/rviz_plugin_tutorial_msgs/lib/python3.11/site-packages/rviz_plugin_tutorial_msgs-0.0.0-py3.11.egg-info
[3.153s] -- Installing: /Users/dgawade/ros_rviz/install/rviz_plugin_tutorial_msgs/lib/python3.11/site-packages/rviz_plugin_tutorial_msgs-0.0.0-py3.11.egg-info/PKG-INFO
[3.155s] -- Installing: /Users/dgawade/ros_rviz/install/rviz_plugin_tutorial_msgs/lib/python3.11/site-packages/rviz_plugin_tutorial_msgs-0.0.0-py3.11.egg-info/SOURCES.txt
[3.155s] -- Installing: /Users/dgawade/ros_rviz/install/rviz_plugin_tutorial_msgs/lib/python3.11/site-packages/rviz_plugin_tutorial_msgs-0.0.0-py3.11.egg-info/top_level.txt
[3.156s] -- Installing: /Users/dgawade/ros_rviz/install/rviz_plugin_tutorial_msgs/lib/python3.11/site-packages/rviz_plugin_tutorial_msgs-0.0.0-py3.11.egg-info/dependency_links.txt
[3.158s] -- Up-to-date: /Users/dgawade/ros_rviz/install/rviz_plugin_tutorial_msgs/lib/python3.11/site-packages/rviz_plugin_tutorial_msgs
[3.159s] -- Installing: /Users/dgawade/ros_rviz/install/rviz_plugin_tutorial_msgs/lib/python3.11/site-packages/rviz_plugin_tutorial_msgs/rviz_plugin_tutorial_msgs_s__rosidl_typesupport_introspection_c.cpython-311-darwin.so
[3.160s] -- Up-to-date: /Users/dgawade/ros_rviz/install/rviz_plugin_tutorial_msgs/lib/python3.11/site-packages/rviz_plugin_tutorial_msgs/_rviz_plugin_tutorial_msgs_s.ep.rosidl_typesupport_c.c
[3.160s] -- Up-to-date: /Users/dgawade/ros_rviz/install/rviz_plugin_tutorial_msgs/lib/python3.11/site-packages/rviz_plugin_tutorial_msgs/librviz_plugin_tutorial_msgs__rosidl_generator_py.dylib
[3.160s] -- Up-to-date: /Users/dgawade/ros_rviz/install/rviz_plugin_tutorial_msgs/lib/python3.11/site-packages/rviz_plugin_tutorial_msgs/msg
[3.161s] -- Up-to-date: /Users/dgawade/ros_rviz/install/rviz_plugin_tutorial_msgs/lib/python3.11/site-packages/rviz_plugin_tutorial_msgs/msg/__init__.py
[3.161s] -- Up-to-date: /Users/dgawade/ros_rviz/install/rviz_plugin_tutorial_msgs/lib/python3.11/site-packages/rviz_plugin_tutorial_msgs/msg/_point2_d_s.c
[3.161s] -- Up-to-date: /Users/dgawade/ros_rviz/install/rviz_plugin_tutorial_msgs/lib/python3.11/site-packages/rviz_plugin_tutorial_msgs/msg/_point2_d.py
[3.161s] -- Installing: /Users/dgawade/ros_rviz/install/rviz_plugin_tutorial_msgs/lib/python3.11/site-packages/rviz_plugin_tutorial_msgs/rviz_plugin_tutorial_msgs_s__rosidl_typesupport_fastrtps_c.cpython-311-darwin.so
[3.163s] -- Up-to-date: /Users/dgawade/ros_rviz/install/rviz_plugin_tutorial_msgs/lib/python3.11/site-packages/rviz_plugin_tutorial_msgs/__init__.py
[3.163s] -- Up-to-date: /Users/dgawade/ros_rviz/install/rviz_plugin_tutorial_msgs/lib/python3.11/site-packages/rviz_plugin_tutorial_msgs/_rviz_plugin_tutorial_msgs_s.ep.rosidl_typesupport_fastrtps_c.c
[3.164s] -- Installing: /Users/dgawade/ros_rviz/install/rviz_plugin_tutorial_msgs/lib/python3.11/site-packages/rviz_plugin_tutorial_msgs/rviz_plugin_tutorial_msgs_s__rosidl_typesupport_c.cpython-311-darwin.so
[3.165s] -- Up-to-date: /Users/dgawade/ros_rviz/install/rviz_plugin_tutorial_msgs/lib/python3.11/site-packages/rviz_plugin_tutorial_msgs/_rviz_plugin_tutorial_msgs_s.ep.rosidl_typesupport_introspection_c.c
[3.301s] Listing 'lib/python3.11/site-packages/rviz_plugin_tutorial_msgs'...
[3.301s] Can't list 'lib/python3.11/site-packages/rviz_plugin_tutorial_msgs'
[3.311s] -- Up-to-date: /Users/dgawade/ros_rviz/install/rviz_plugin_tutorial_msgs/lib/python3.11/site-packages/rviz_plugin_tutorial_msgs/rviz_plugin_tutorial_msgs_s__rosidl_typesupport_fastrtps_c.cpython-311-darwin.so
[3.332s] -- Up-to-date: /Users/dgawade/ros_rviz/install/rviz_plugin_tutorial_msgs/lib/python3.11/site-packages/rviz_plugin_tutorial_msgs/rviz_plugin_tutorial_msgs_s__rosidl_typesupport_introspection_c.cpython-311-darwin.so
[3.350s] -- Up-to-date: /Users/dgawade/ros_rviz/install/rviz_plugin_tutorial_msgs/lib/python3.11/site-packages/rviz_plugin_tutorial_msgs/rviz_plugin_tutorial_msgs_s__rosidl_typesupport_c.cpython-311-darwin.so
[3.367s] -- Installing: /Users/dgawade/ros_rviz/install/rviz_plugin_tutorial_msgs/lib/librviz_plugin_tutorial_msgs__rosidl_generator_py.dylib
[3.383s] -- Up-to-date: /Users/dgawade/ros_rviz/install/rviz_plugin_tutorial_msgs/share/rviz_plugin_tutorial_msgs/msg/Point2D.idl
[3.384s] -- Up-to-date: /Users/dgawade/ros_rviz/install/rviz_plugin_tutorial_msgs/share/rviz_plugin_tutorial_msgs/msg/Point2D.msg
[3.384s] -- Up-to-date: /Users/dgawade/ros_rviz/install/rviz_plugin_tutorial_msgs/share/ament_index/resource_index/package_run_dependencies/rviz_plugin_tutorial_msgs
[3.384s] -- Up-to-date: /Users/dgawade/ros_rviz/install/rviz_plugin_tutorial_msgs/share/ament_index/resource_index/parent_prefix_path/rviz_plugin_tutorial_msgs
[3.385s] -- Up-to-date: /Users/dgawade/ros_rviz/install/rviz_plugin_tutorial_msgs/share/rviz_plugin_tutorial_msgs/environment/ament_prefix_path.sh
[3.385s] -- Up-to-date: /Users/dgawade/ros_rviz/install/rviz_plugin_tutorial_msgs/share/rviz_plugin_tutorial_msgs/environment/ament_prefix_path.dsv
[3.385s] -- Up-to-date: /Users/dgawade/ros_rviz/install/rviz_plugin_tutorial_msgs/share/rviz_plugin_tutorial_msgs/environment/path.sh
[3.386s] -- Up-to-date: /Users/dgawade/ros_rviz/install/rviz_plugin_tutorial_msgs/share/rviz_plugin_tutorial_msgs/environment/path.dsv
[3.387s] -- Up-to-date: /Users/dgawade/ros_rviz/install/rviz_plugin_tutorial_msgs/share/rviz_plugin_tutorial_msgs/local_setup.bash
[3.387s] -- Up-to-date: /Users/dgawade/ros_rviz/install/rviz_plugin_tutorial_msgs/share/rviz_plugin_tutorial_msgs/local_setup.sh
[3.387s] -- Up-to-date: /Users/dgawade/ros_rviz/install/rviz_plugin_tutorial_msgs/share/rviz_plugin_tutorial_msgs/local_setup.zsh
[3.387s] -- Up-to-date: /Users/dgawade/ros_rviz/install/rviz_plugin_tutorial_msgs/share/rviz_plugin_tutorial_msgs/local_setup.dsv
[3.387s] -- Installing: /Users/dgawade/ros_rviz/install/rviz_plugin_tutorial_msgs/share/rviz_plugin_tutorial_msgs/package.dsv
[3.390s] -- Up-to-date: /Users/dgawade/ros_rviz/install/rviz_plugin_tutorial_msgs/share/ament_index/resource_index/packages/rviz_plugin_tutorial_msgs
[3.392s] -- Up-to-date: /Users/dgawade/ros_rviz/install/rviz_plugin_tutorial_msgs/share/rviz_plugin_tutorial_msgs/cmake/export_rviz_plugin_tutorial_msgs__rosidl_generator_cExport.cmake
[3.393s] -- Up-to-date: /Users/dgawade/ros_rviz/install/rviz_plugin_tutorial_msgs/share/rviz_plugin_tutorial_msgs/cmake/export_rviz_plugin_tutorial_msgs__rosidl_generator_cExport-noconfig.cmake
[3.395s] -- Up-to-date: /Users/dgawade/ros_rviz/install/rviz_plugin_tutorial_msgs/share/rviz_plugin_tutorial_msgs/cmake/export_rviz_plugin_tutorial_msgs__rosidl_typesupport_fastrtps_cExport.cmake
[3.395s] -- Up-to-date: /Users/dgawade/ros_rviz/install/rviz_plugin_tutorial_msgs/share/rviz_plugin_tutorial_msgs/cmake/export_rviz_plugin_tutorial_msgs__rosidl_typesupport_fastrtps_cExport-noconfig.cmake
[3.398s] -- Up-to-date: /Users/dgawade/ros_rviz/install/rviz_plugin_tutorial_msgs/share/rviz_plugin_tutorial_msgs/cmake/rviz_plugin_tutorial_msgs__rosidl_typesupport_introspection_cExport.cmake
[3.398s] -- Up-to-date: /Users/dgawade/ros_rviz/install/rviz_plugin_tutorial_msgs/share/rviz_plugin_tutorial_msgs/cmake/rviz_plugin_tutorial_msgs__rosidl_typesupport_introspection_cExport-noconfig.cmake
[3.400s] -- Up-to-date: /Users/dgawade/ros_rviz/install/rviz_plugin_tutorial_msgs/share/rviz_plugin_tutorial_msgs/cmake/rviz_plugin_tutorial_msgs__rosidl_typesupport_cExport.cmake
[3.401s] -- Up-to-date: /Users/dgawade/ros_rviz/install/rviz_plugin_tutorial_msgs/share/rviz_plugin_tutorial_msgs/cmake/rviz_plugin_tutorial_msgs__rosidl_typesupport_cExport-noconfig.cmake
[3.402s] -- Up-to-date: /Users/dgawade/ros_rviz/install/rviz_plugin_tutorial_msgs/share/rviz_plugin_tutorial_msgs/cmake/export_rviz_plugin_tutorial_msgs__rosidl_generator_cppExport.cmake
[3.405s] -- Up-to-date: /Users/dgawade/ros_rviz/install/rviz_plugin_tutorial_msgs/share/rviz_plugin_tutorial_msgs/cmake/export_rviz_plugin_tutorial_msgs__rosidl_typesupport_fastrtps_cppExport.cmake
[3.405s] -- Up-to-date: /Users/dgawade/ros_rviz/install/rviz_plugin_tutorial_msgs/share/rviz_plugin_tutorial_msgs/cmake/export_rviz_plugin_tutorial_msgs__rosidl_typesupport_fastrtps_cppExport-noconfig.cmake
[3.407s] -- Up-to-date: /Users/dgawade/ros_rviz/install/rviz_plugin_tutorial_msgs/share/rviz_plugin_tutorial_msgs/cmake/rviz_plugin_tutorial_msgs__rosidl_typesupport_introspection_cppExport.cmake
[3.407s] -- Up-to-date: /Users/dgawade/ros_rviz/install/rviz_plugin_tutorial_msgs/share/rviz_plugin_tutorial_msgs/cmake/rviz_plugin_tutorial_msgs__rosidl_typesupport_introspection_cppExport-noconfig.cmake
[3.410s] -- Up-to-date: /Users/dgawade/ros_rviz/install/rviz_plugin_tutorial_msgs/share/rviz_plugin_tutorial_msgs/cmake/rviz_plugin_tutorial_msgs__rosidl_typesupport_cppExport.cmake
[3.410s] -- Up-to-date: /Users/dgawade/ros_rviz/install/rviz_plugin_tutorial_msgs/share/rviz_plugin_tutorial_msgs/cmake/rviz_plugin_tutorial_msgs__rosidl_typesupport_cppExport-noconfig.cmake
[3.413s] -- Up-to-date: /Users/dgawade/ros_rviz/install/rviz_plugin_tutorial_msgs/share/rviz_plugin_tutorial_msgs/cmake/export_rviz_plugin_tutorial_msgs__rosidl_generator_pyExport.cmake
[3.414s] -- Up-to-date: /Users/dgawade/ros_rviz/install/rviz_plugin_tutorial_msgs/share/rviz_plugin_tutorial_msgs/cmake/export_rviz_plugin_tutorial_msgs__rosidl_generator_pyExport-noconfig.cmake
[3.414s] -- Up-to-date: /Users/dgawade/ros_rviz/install/rviz_plugin_tutorial_msgs/share/rviz_plugin_tutorial_msgs/cmake/rosidl_cmake-extras.cmake
[3.415s] -- Up-to-date: /Users/dgawade/ros_rviz/install/rviz_plugin_tutorial_msgs/share/rviz_plugin_tutorial_msgs/cmake/ament_cmake_export_dependencies-extras.cmake
[3.415s] -- Up-to-date: /Users/dgawade/ros_rviz/install/rviz_plugin_tutorial_msgs/share/rviz_plugin_tutorial_msgs/cmake/ament_cmake_export_include_directories-extras.cmake
[3.416s] -- Up-to-date: /Users/dgawade/ros_rviz/install/rviz_plugin_tutorial_msgs/share/rviz_plugin_tutorial_msgs/cmake/ament_cmake_export_libraries-extras.cmake
[3.416s] -- Up-to-date: /Users/dgawade/ros_rviz/install/rviz_plugin_tutorial_msgs/share/rviz_plugin_tutorial_msgs/cmake/ament_cmake_export_targets-extras.cmake
[3.416s] -- Up-to-date: /Users/dgawade/ros_rviz/install/rviz_plugin_tutorial_msgs/share/rviz_plugin_tutorial_msgs/cmake/rosidl_cmake_export_typesupport_targets-extras.cmake
[3.416s] -- Up-to-date: /Users/dgawade/ros_rviz/install/rviz_plugin_tutorial_msgs/share/rviz_plugin_tutorial_msgs/cmake/rosidl_cmake_export_typesupport_libraries-extras.cmake
[3.416s] -- Up-to-date: /Users/dgawade/ros_rviz/install/rviz_plugin_tutorial_msgs/share/rviz_plugin_tutorial_msgs/cmake/rviz_plugin_tutorial_msgsConfig.cmake
[3.417s] -- Up-to-date: /Users/dgawade/ros_rviz/install/rviz_plugin_tutorial_msgs/share/rviz_plugin_tutorial_msgs/cmake/rviz_plugin_tutorial_msgsConfig-version.cmake
[3.417s] -- Up-to-date: /Users/dgawade/ros_rviz/install/rviz_plugin_tutorial_msgs/share/rviz_plugin_tutorial_msgs/package.xml
[3.421s] Invoked command in '/Users/dgawade/ros_rviz/build/rviz_plugin_tutorial_msgs' returned '0': CMAKE_PREFIX_PATH=${CMAKE_PREFIX_PATH}:/Users/dgawade/second_ros2_ws/install/urdf_tutorial_r2d2 CONDA_PROMPT_MODIFIER=(ros_env) SHLVL=2 _=/usr/bin/env /usr/local/bin/cmake --install /Users/dgawade/ros_rviz/build/rviz_plugin_tutorial_msgs
