[0.096s] DEBUG:colcon:Command line arguments: ['/usr/bin/colcon', 'build', '--packages-select', 'polygon_pkg_cpp']
[0.096s] DEBUG:colcon:Parsed command line arguments: Namespace(log_base=None, log_level=None, verb_name='build', build_base='build', install_base='install', merge_install=False, symlink_install=False, test_result_base=None, continue_on_error=False, executor='parallel', parallel_workers=8, event_handlers=None, ignore_user_meta=False, metas=['./colcon.meta'], base_paths=['.'], packages_ignore=None, packages_ignore_regex=None, paths=None, packages_up_to=None, packages_up_to_regex=None, packages_above=None, packages_above_and_dependencies=None, packages_above_depth=None, packages_select_by_dep=None, packages_skip_by_dep=None, packages_skip_up_to=None, packages_select_build_failed=False, packages_skip_build_finished=False, packages_select_test_failures=False, packages_skip_test_passed=False, packages_select=['polygon_pkg_cpp'], packages_skip=None, packages_select_regex=None, packages_skip_regex=None, packages_start=None, packages_end=None, allow_overriding=[], cmake_args=None, cmake_target=None, cmake_target_skip_unavailable=False, cmake_clean_cache=False, cmake_clean_first=False, cmake_force_configure=False, ament_cmake_args=None, catkin_cmake_args=None, catkin_skip_building_tests=False, verb_parser=<colcon_defaults.argument_parser.defaults.DefaultArgumentsDecorator object at 0xffff94159d20>, verb_extension=<colcon_core.verb.build.BuildVerb object at 0xffff94159750>, main=<bound method BuildVerb.main of <colcon_core.verb.build.BuildVerb object at 0xffff94159750>>)
[0.380s] Level 1:colcon.colcon_core.package_discovery:discover_packages(colcon_meta) check parameters
[0.380s] Level 1:colcon.colcon_core.package_discovery:discover_packages(recursive) check parameters
[0.380s] Level 1:colcon.colcon_core.package_discovery:discover_packages(ignore) check parameters
[0.380s] Level 1:colcon.colcon_core.package_discovery:discover_packages(path) check parameters
[0.380s] Level 1:colcon.colcon_core.package_discovery:discover_packages(colcon_meta) discover
[0.380s] Level 1:colcon.colcon_core.package_discovery:discover_packages(recursive) discover
[0.380s] INFO:colcon.colcon_core.package_discovery:Crawling recursively for packages in '/home/aashvi/polygon_ws'
[0.380s] Level 1:colcon.colcon_core.package_identification:_identify(.) by extensions ['ignore', 'ignore_ament_install']
[0.380s] Level 1:colcon.colcon_core.package_identification:_identify(.) by extension 'ignore'
[0.380s] Level 1:colcon.colcon_core.package_identification:_identify(.) by extension 'ignore_ament_install'
[0.380s] Level 1:colcon.colcon_core.package_identification:_identify(.) by extensions ['colcon_pkg']
[0.380s] Level 1:colcon.colcon_core.package_identification:_identify(.) by extension 'colcon_pkg'
[0.380s] Level 1:colcon.colcon_core.package_identification:_identify(.) by extensions ['colcon_meta']
[0.380s] Level 1:colcon.colcon_core.package_identification:_identify(.) by extension 'colcon_meta'
[0.380s] Level 1:colcon.colcon_core.package_identification:_identify(.) by extensions ['ros']
[0.380s] Level 1:colcon.colcon_core.package_identification:_identify(.) by extension 'ros'
[0.389s] Level 1:colcon.colcon_core.package_identification:_identify(.) by extensions ['cmake', 'python']
[0.389s] Level 1:colcon.colcon_core.package_identification:_identify(.) by extension 'cmake'
[0.389s] Level 1:colcon.colcon_core.package_identification:_identify(.) by extension 'python'
[0.389s] Level 1:colcon.colcon_core.package_identification:_identify(.) by extensions ['python_setup_py']
[0.389s] Level 1:colcon.colcon_core.package_identification:_identify(.) by extension 'python_setup_py'
[0.390s] Level 1:colcon.colcon_core.package_identification:_identify(build) by extensions ['ignore', 'ignore_ament_install']
[0.390s] Level 1:colcon.colcon_core.package_identification:_identify(build) by extension 'ignore'
[0.390s] Level 1:colcon.colcon_core.package_identification:_identify(build) ignored
[0.390s] Level 1:colcon.colcon_core.package_identification:_identify(install) by extensions ['ignore', 'ignore_ament_install']
[0.390s] Level 1:colcon.colcon_core.package_identification:_identify(install) by extension 'ignore'
[0.390s] Level 1:colcon.colcon_core.package_identification:_identify(install) ignored
[0.390s] Level 1:colcon.colcon_core.package_identification:_identify(log) by extensions ['ignore', 'ignore_ament_install']
[0.390s] Level 1:colcon.colcon_core.package_identification:_identify(log) by extension 'ignore'
[0.390s] Level 1:colcon.colcon_core.package_identification:_identify(log) ignored
[0.390s] Level 1:colcon.colcon_core.package_identification:_identify(src) by extensions ['ignore', 'ignore_ament_install']
[0.390s] Level 1:colcon.colcon_core.package_identification:_identify(src) by extension 'ignore'
[0.390s] Level 1:colcon.colcon_core.package_identification:_identify(src) by extension 'ignore_ament_install'
[0.391s] Level 1:colcon.colcon_core.package_identification:_identify(src) by extensions ['colcon_pkg']
[0.391s] Level 1:colcon.colcon_core.package_identification:_identify(src) by extension 'colcon_pkg'
[0.391s] Level 1:colcon.colcon_core.package_identification:_identify(src) by extensions ['colcon_meta']
[0.391s] Level 1:colcon.colcon_core.package_identification:_identify(src) by extension 'colcon_meta'
[0.391s] Level 1:colcon.colcon_core.package_identification:_identify(src) by extensions ['ros']
[0.391s] Level 1:colcon.colcon_core.package_identification:_identify(src) by extension 'ros'
[0.391s] Level 1:colcon.colcon_core.package_identification:_identify(src) by extensions ['cmake', 'python']
[0.391s] Level 1:colcon.colcon_core.package_identification:_identify(src) by extension 'cmake'
[0.391s] Level 1:colcon.colcon_core.package_identification:_identify(src) by extension 'python'
[0.391s] Level 1:colcon.colcon_core.package_identification:_identify(src) by extensions ['python_setup_py']
[0.391s] Level 1:colcon.colcon_core.package_identification:_identify(src) by extension 'python_setup_py'
[0.391s] Level 1:colcon.colcon_core.package_identification:_identify(src/polygon_pkg) by extensions ['ignore', 'ignore_ament_install']
[0.391s] Level 1:colcon.colcon_core.package_identification:_identify(src/polygon_pkg) by extension 'ignore'
[0.391s] Level 1:colcon.colcon_core.package_identification:_identify(src/polygon_pkg) by extension 'ignore_ament_install'
[0.391s] Level 1:colcon.colcon_core.package_identification:_identify(src/polygon_pkg) by extensions ['colcon_pkg']
[0.391s] Level 1:colcon.colcon_core.package_identification:_identify(src/polygon_pkg) by extension 'colcon_pkg'
[0.391s] Level 1:colcon.colcon_core.package_identification:_identify(src/polygon_pkg) by extensions ['colcon_meta']
[0.391s] Level 1:colcon.colcon_core.package_identification:_identify(src/polygon_pkg) by extension 'colcon_meta'
[0.391s] Level 1:colcon.colcon_core.package_identification:_identify(src/polygon_pkg) by extensions ['ros']
[0.391s] Level 1:colcon.colcon_core.package_identification:_identify(src/polygon_pkg) by extension 'ros'
[0.393s] DEBUG:colcon.colcon_core.package_identification:Package 'src/polygon_pkg' with type 'ros.ament_python' and name 'polygon_pkg'
[0.393s] Level 1:colcon.colcon_core.package_identification:_identify(src/polygon_pkg_cpp) by extensions ['ignore', 'ignore_ament_install']
[0.393s] Level 1:colcon.colcon_core.package_identification:_identify(src/polygon_pkg_cpp) by extension 'ignore'
[0.393s] Level 1:colcon.colcon_core.package_identification:_identify(src/polygon_pkg_cpp) by extension 'ignore_ament_install'
[0.393s] Level 1:colcon.colcon_core.package_identification:_identify(src/polygon_pkg_cpp) by extensions ['colcon_pkg']
[0.393s] Level 1:colcon.colcon_core.package_identification:_identify(src/polygon_pkg_cpp) by extension 'colcon_pkg'
[0.393s] Level 1:colcon.colcon_core.package_identification:_identify(src/polygon_pkg_cpp) by extensions ['colcon_meta']
[0.393s] Level 1:colcon.colcon_core.package_identification:_identify(src/polygon_pkg_cpp) by extension 'colcon_meta'
[0.393s] Level 1:colcon.colcon_core.package_identification:_identify(src/polygon_pkg_cpp) by extensions ['ros']
[0.393s] Level 1:colcon.colcon_core.package_identification:_identify(src/polygon_pkg_cpp) by extension 'ros'
[0.393s] DEBUG:colcon.colcon_core.package_identification:Package 'src/polygon_pkg_cpp' with type 'ros.ament_cmake' and name 'polygon_pkg_cpp'
[0.393s] Level 1:colcon.colcon_core.package_identification:_identify(src/ros_tutorials) by extensions ['ignore', 'ignore_ament_install']
[0.393s] Level 1:colcon.colcon_core.package_identification:_identify(src/ros_tutorials) by extension 'ignore'
[0.393s] Level 1:colcon.colcon_core.package_identification:_identify(src/ros_tutorials) by extension 'ignore_ament_install'
[0.393s] Level 1:colcon.colcon_core.package_identification:_identify(src/ros_tutorials) by extensions ['colcon_pkg']
[0.393s] Level 1:colcon.colcon_core.package_identification:_identify(src/ros_tutorials) by extension 'colcon_pkg'
[0.393s] Level 1:colcon.colcon_core.package_identification:_identify(src/ros_tutorials) by extensions ['colcon_meta']
[0.394s] Level 1:colcon.colcon_core.package_identification:_identify(src/ros_tutorials) by extension 'colcon_meta'
[0.394s] Level 1:colcon.colcon_core.package_identification:_identify(src/ros_tutorials) by extensions ['ros']
[0.394s] Level 1:colcon.colcon_core.package_identification:_identify(src/ros_tutorials) by extension 'ros'
[0.394s] Level 1:colcon.colcon_core.package_identification:_identify(src/ros_tutorials) by extensions ['cmake', 'python']
[0.394s] Level 1:colcon.colcon_core.package_identification:_identify(src/ros_tutorials) by extension 'cmake'
[0.394s] Level 1:colcon.colcon_core.package_identification:_identify(src/ros_tutorials) by extension 'python'
[0.394s] Level 1:colcon.colcon_core.package_identification:_identify(src/ros_tutorials) by extensions ['python_setup_py']
[0.394s] Level 1:colcon.colcon_core.package_identification:_identify(src/ros_tutorials) by extension 'python_setup_py'
[0.394s] Level 1:colcon.colcon_core.package_identification:_identify(src/ros_tutorials/ros_tutorials) by extensions ['ignore', 'ignore_ament_install']
[0.394s] Level 1:colcon.colcon_core.package_identification:_identify(src/ros_tutorials/ros_tutorials) by extension 'ignore'
[0.394s] Level 1:colcon.colcon_core.package_identification:_identify(src/ros_tutorials/ros_tutorials) ignored
[0.394s] Level 1:colcon.colcon_core.package_identification:_identify(src/ros_tutorials/roscpp_tutorials) by extensions ['ignore', 'ignore_ament_install']
[0.394s] Level 1:colcon.colcon_core.package_identification:_identify(src/ros_tutorials/roscpp_tutorials) by extension 'ignore'
[0.394s] Level 1:colcon.colcon_core.package_identification:_identify(src/ros_tutorials/roscpp_tutorials) ignored
[0.394s] Level 1:colcon.colcon_core.package_identification:_identify(src/ros_tutorials/rospy_tutorials) by extensions ['ignore', 'ignore_ament_install']
[0.394s] Level 1:colcon.colcon_core.package_identification:_identify(src/ros_tutorials/rospy_tutorials) by extension 'ignore'
[0.395s] Level 1:colcon.colcon_core.package_identification:_identify(src/ros_tutorials/rospy_tutorials) ignored
[0.395s] Level 1:colcon.colcon_core.package_identification:_identify(src/ros_tutorials/turtlesim) by extensions ['ignore', 'ignore_ament_install']
[0.395s] Level 1:colcon.colcon_core.package_identification:_identify(src/ros_tutorials/turtlesim) by extension 'ignore'
[0.395s] Level 1:colcon.colcon_core.package_identification:_identify(src/ros_tutorials/turtlesim) by extension 'ignore_ament_install'
[0.395s] Level 1:colcon.colcon_core.package_identification:_identify(src/ros_tutorials/turtlesim) by extensions ['colcon_pkg']
[0.395s] Level 1:colcon.colcon_core.package_identification:_identify(src/ros_tutorials/turtlesim) by extension 'colcon_pkg'
[0.395s] Level 1:colcon.colcon_core.package_identification:_identify(src/ros_tutorials/turtlesim) by extensions ['colcon_meta']
[0.395s] Level 1:colcon.colcon_core.package_identification:_identify(src/ros_tutorials/turtlesim) by extension 'colcon_meta'
[0.395s] Level 1:colcon.colcon_core.package_identification:_identify(src/ros_tutorials/turtlesim) by extensions ['ros']
[0.395s] Level 1:colcon.colcon_core.package_identification:_identify(src/ros_tutorials/turtlesim) by extension 'ros'
[0.395s] DEBUG:colcon.colcon_core.package_identification:Package 'src/ros_tutorials/turtlesim' with type 'ros.ament_cmake' and name 'turtlesim'
[0.396s] Level 1:colcon.colcon_core.package_identification:_identify(src/tutorial_interfaces) by extensions ['ignore', 'ignore_ament_install']
[0.396s] Level 1:colcon.colcon_core.package_identification:_identify(src/tutorial_interfaces) by extension 'ignore'
[0.396s] Level 1:colcon.colcon_core.package_identification:_identify(src/tutorial_interfaces) by extension 'ignore_ament_install'
[0.396s] Level 1:colcon.colcon_core.package_identification:_identify(src/tutorial_interfaces) by extensions ['colcon_pkg']
[0.396s] Level 1:colcon.colcon_core.package_identification:_identify(src/tutorial_interfaces) by extension 'colcon_pkg'
[0.396s] Level 1:colcon.colcon_core.package_identification:_identify(src/tutorial_interfaces) by extensions ['colcon_meta']
[0.396s] Level 1:colcon.colcon_core.package_identification:_identify(src/tutorial_interfaces) by extension 'colcon_meta'
[0.396s] Level 1:colcon.colcon_core.package_identification:_identify(src/tutorial_interfaces) by extensions ['ros']
[0.396s] Level 1:colcon.colcon_core.package_identification:_identify(src/tutorial_interfaces) by extension 'ros'
[0.396s] DEBUG:colcon.colcon_core.package_identification:Package 'src/tutorial_interfaces' with type 'ros.ament_cmake' and name 'tutorial_interfaces'
[0.396s] Level 1:colcon.colcon_core.package_discovery:discover_packages(recursive) using defaults
[0.396s] Level 1:colcon.colcon_core.package_discovery:discover_packages(ignore) discover
[0.396s] Level 1:colcon.colcon_core.package_discovery:discover_packages(ignore) using defaults
[0.396s] Level 1:colcon.colcon_core.package_discovery:discover_packages(path) discover
[0.396s] Level 1:colcon.colcon_core.package_discovery:discover_packages(path) using defaults
[0.421s] INFO:colcon.colcon_core.package_selection:Skipping not selected package 'polygon_pkg' in 'src/polygon_pkg'
[0.421s] INFO:colcon.colcon_core.package_selection:Skipping not selected package 'turtlesim' in 'src/ros_tutorials/turtlesim'
[0.421s] INFO:colcon.colcon_core.package_selection:Skipping not selected package 'tutorial_interfaces' in 'src/tutorial_interfaces'
[0.421s] Level 1:colcon.colcon_core.package_discovery:discover_packages(prefix_path) check parameters
[0.421s] Level 1:colcon.colcon_core.package_discovery:discover_packages(prefix_path) discover
[0.423s] DEBUG:colcon.colcon_installed_package_information.package_discovery:Found 4 installed packages in /home/aashvi/polygon_ws/install
[0.424s] DEBUG:colcon.colcon_installed_package_information.package_discovery:Found 10 installed packages in /home/aashvi/ros2_ws/install
[0.424s] DEBUG:colcon.colcon_installed_package_information.package_discovery:Found 1 installed packages in /home/aashvi/install
[0.425s] DEBUG:colcon.colcon_installed_package_information.package_discovery:Found 294 installed packages in /opt/ros/humble
[0.426s] Level 1:colcon.colcon_core.package_discovery:discover_packages(prefix_path) using defaults
[0.454s] Level 5:colcon.colcon_core.verb:set package 'polygon_pkg_cpp' build argument 'cmake_args' from command line to 'None'
[0.454s] Level 5:colcon.colcon_core.verb:set package 'polygon_pkg_cpp' build argument 'cmake_target' from command line to 'None'
[0.454s] Level 5:colcon.colcon_core.verb:set package 'polygon_pkg_cpp' build argument 'cmake_target_skip_unavailable' from command line to 'False'
[0.454s] Level 5:colcon.colcon_core.verb:set package 'polygon_pkg_cpp' build argument 'cmake_clean_cache' from command line to 'False'
[0.454s] Level 5:colcon.colcon_core.verb:set package 'polygon_pkg_cpp' build argument 'cmake_clean_first' from command line to 'False'
[0.454s] Level 5:colcon.colcon_core.verb:set package 'polygon_pkg_cpp' build argument 'cmake_force_configure' from command line to 'False'
[0.454s] Level 5:colcon.colcon_core.verb:set package 'polygon_pkg_cpp' build argument 'ament_cmake_args' from command line to 'None'
[0.454s] Level 5:colcon.colcon_core.verb:set package 'polygon_pkg_cpp' build argument 'catkin_cmake_args' from command line to 'None'
[0.454s] Level 5:colcon.colcon_core.verb:set package 'polygon_pkg_cpp' build argument 'catkin_skip_building_tests' from command line to 'False'
[0.454s] DEBUG:colcon.colcon_core.verb:Building package 'polygon_pkg_cpp' with the following arguments: {'ament_cmake_args': None, 'build_base': '/home/aashvi/polygon_ws/build/polygon_pkg_cpp', 'catkin_cmake_args': None, 'catkin_skip_building_tests': False, 'cmake_args': None, 'cmake_clean_cache': False, 'cmake_clean_first': False, 'cmake_force_configure': False, 'cmake_target': None, 'cmake_target_skip_unavailable': False, 'install_base': '/home/aashvi/polygon_ws/install/polygon_pkg_cpp', 'merge_install': False, 'path': '/home/aashvi/polygon_ws/src/polygon_pkg_cpp', 'symlink_install': False, 'test_result_base': None}
[0.454s] INFO:colcon.colcon_core.executor:Executing jobs using 'parallel' executor
[0.455s] DEBUG:colcon.colcon_parallel_executor.executor.parallel:run_until_complete
[0.455s] INFO:colcon.colcon_ros.task.ament_cmake.build:Building ROS package in '/home/aashvi/polygon_ws/src/polygon_pkg_cpp' with build type 'ament_cmake'
[0.455s] INFO:colcon.colcon_cmake.task.cmake.build:Building CMake package in '/home/aashvi/polygon_ws/src/polygon_pkg_cpp'
[0.456s] INFO:colcon.colcon_core.plugin_system:Skipping extension 'colcon_core.shell.bat': Not used on non-Windows systems
[0.456s] INFO:colcon.colcon_core.shell:Skip shell extension 'powershell' for command environment: Not usable outside of PowerShell
[0.456s] DEBUG:colcon.colcon_core.shell:Skip shell extension 'dsv' for command environment
[0.473s] DEBUG:colcon.colcon_core.event_handler.log_command:Invoking command in '/home/aashvi/polygon_ws/build/polygon_pkg_cpp': CMAKE_PREFIX_PATH=/home/aashvi/polygon_ws/install/tutorial_interfaces:/home/aashvi/polygon_ws/install/turtlesim:/home/aashvi/polygon_ws/install/polygon_pkg_cpp:/home/aashvi/ros2_ws/install/turtle_controller:/home/aashvi/ros2_ws/install/draw_d_cpp:/home/aashvi/ros2_ws/install/draw_circle_cpp:/home/aashvi/ros2_ws/install/turtlesim:/home/aashvi/ros2_ws/install/chat_pkg:/home/aashvi/install/draw_circle_cpp:/home/aashvi/polygon_ws/install/polygon_pkg:/home/aashvi/ros2_ws/install/turtle_mover:/home/aashvi/ros2_ws/install/my_robot_controller:/home/aashvi/ros2_ws/install/py_pubsub:/home/aashvi/ros2_ws/install/my_package:/opt/ros/humble /usr/bin/cmake /home/aashvi/polygon_ws/src/polygon_pkg_cpp -DCMAKE_INSTALL_PREFIX=/home/aashvi/polygon_ws/install/polygon_pkg_cpp
[0.898s] DEBUG:colcon.colcon_core.event_handler.log_command:Invoked command in '/home/aashvi/polygon_ws/build/polygon_pkg_cpp' returned '0': CMAKE_PREFIX_PATH=/home/aashvi/polygon_ws/install/tutorial_interfaces:/home/aashvi/polygon_ws/install/turtlesim:/home/aashvi/polygon_ws/install/polygon_pkg_cpp:/home/aashvi/ros2_ws/install/turtle_controller:/home/aashvi/ros2_ws/install/draw_d_cpp:/home/aashvi/ros2_ws/install/draw_circle_cpp:/home/aashvi/ros2_ws/install/turtlesim:/home/aashvi/ros2_ws/install/chat_pkg:/home/aashvi/install/draw_circle_cpp:/home/aashvi/polygon_ws/install/polygon_pkg:/home/aashvi/ros2_ws/install/turtle_mover:/home/aashvi/ros2_ws/install/my_robot_controller:/home/aashvi/ros2_ws/install/py_pubsub:/home/aashvi/ros2_ws/install/my_package:/opt/ros/humble /usr/bin/cmake /home/aashvi/polygon_ws/src/polygon_pkg_cpp -DCMAKE_INSTALL_PREFIX=/home/aashvi/polygon_ws/install/polygon_pkg_cpp
[0.900s] DEBUG:colcon.colcon_core.event_handler.log_command:Invoking command in '/home/aashvi/polygon_ws/build/polygon_pkg_cpp': CMAKE_PREFIX_PATH=/home/aashvi/polygon_ws/install/tutorial_interfaces:/home/aashvi/polygon_ws/install/turtlesim:/home/aashvi/polygon_ws/install/polygon_pkg_cpp:/home/aashvi/ros2_ws/install/turtle_controller:/home/aashvi/ros2_ws/install/draw_d_cpp:/home/aashvi/ros2_ws/install/draw_circle_cpp:/home/aashvi/ros2_ws/install/turtlesim:/home/aashvi/ros2_ws/install/chat_pkg:/home/aashvi/install/draw_circle_cpp:/home/aashvi/polygon_ws/install/polygon_pkg:/home/aashvi/ros2_ws/install/turtle_mover:/home/aashvi/ros2_ws/install/my_robot_controller:/home/aashvi/ros2_ws/install/py_pubsub:/home/aashvi/ros2_ws/install/my_package:/opt/ros/humble /usr/bin/cmake --build /home/aashvi/polygon_ws/build/polygon_pkg_cpp -- -j8 -l8
[4.125s] DEBUG:colcon.colcon_core.event_handler.log_command:Invoked command in '/home/aashvi/polygon_ws/build/polygon_pkg_cpp' returned '0': CMAKE_PREFIX_PATH=/home/aashvi/polygon_ws/install/tutorial_interfaces:/home/aashvi/polygon_ws/install/turtlesim:/home/aashvi/polygon_ws/install/polygon_pkg_cpp:/home/aashvi/ros2_ws/install/turtle_controller:/home/aashvi/ros2_ws/install/draw_d_cpp:/home/aashvi/ros2_ws/install/draw_circle_cpp:/home/aashvi/ros2_ws/install/turtlesim:/home/aashvi/ros2_ws/install/chat_pkg:/home/aashvi/install/draw_circle_cpp:/home/aashvi/polygon_ws/install/polygon_pkg:/home/aashvi/ros2_ws/install/turtle_mover:/home/aashvi/ros2_ws/install/my_robot_controller:/home/aashvi/ros2_ws/install/py_pubsub:/home/aashvi/ros2_ws/install/my_package:/opt/ros/humble /usr/bin/cmake --build /home/aashvi/polygon_ws/build/polygon_pkg_cpp -- -j8 -l8
[4.138s] DEBUG:colcon.colcon_core.event_handler.log_command:Invoking command in '/home/aashvi/polygon_ws/build/polygon_pkg_cpp': CMAKE_PREFIX_PATH=/home/aashvi/polygon_ws/install/tutorial_interfaces:/home/aashvi/polygon_ws/install/turtlesim:/home/aashvi/polygon_ws/install/polygon_pkg_cpp:/home/aashvi/ros2_ws/install/turtle_controller:/home/aashvi/ros2_ws/install/draw_d_cpp:/home/aashvi/ros2_ws/install/draw_circle_cpp:/home/aashvi/ros2_ws/install/turtlesim:/home/aashvi/ros2_ws/install/chat_pkg:/home/aashvi/install/draw_circle_cpp:/home/aashvi/polygon_ws/install/polygon_pkg:/home/aashvi/ros2_ws/install/turtle_mover:/home/aashvi/ros2_ws/install/my_robot_controller:/home/aashvi/ros2_ws/install/py_pubsub:/home/aashvi/ros2_ws/install/my_package:/opt/ros/humble /usr/bin/cmake --install /home/aashvi/polygon_ws/build/polygon_pkg_cpp
[4.147s] Level 1:colcon.colcon_core.environment:create_environment_scripts_only(polygon_pkg_cpp)
[4.148s] DEBUG:colcon.colcon_core.event_handler.log_command:Invoked command in '/home/aashvi/polygon_ws/build/polygon_pkg_cpp' returned '0': CMAKE_PREFIX_PATH=/home/aashvi/polygon_ws/install/tutorial_interfaces:/home/aashvi/polygon_ws/install/turtlesim:/home/aashvi/polygon_ws/install/polygon_pkg_cpp:/home/aashvi/ros2_ws/install/turtle_controller:/home/aashvi/ros2_ws/install/draw_d_cpp:/home/aashvi/ros2_ws/install/draw_circle_cpp:/home/aashvi/ros2_ws/install/turtlesim:/home/aashvi/ros2_ws/install/chat_pkg:/home/aashvi/install/draw_circle_cpp:/home/aashvi/polygon_ws/install/polygon_pkg:/home/aashvi/ros2_ws/install/turtle_mover:/home/aashvi/ros2_ws/install/my_robot_controller:/home/aashvi/ros2_ws/install/py_pubsub:/home/aashvi/ros2_ws/install/my_package:/opt/ros/humble /usr/bin/cmake --install /home/aashvi/polygon_ws/build/polygon_pkg_cpp
[4.150s] Level 1:colcon.colcon_core.environment:checking '/home/aashvi/polygon_ws/install/polygon_pkg_cpp' for CMake module files
[4.150s] Level 1:colcon.colcon_core.environment:checking '/home/aashvi/polygon_ws/install/polygon_pkg_cpp' for CMake config files
[4.150s] Level 1:colcon.colcon_core.shell:create_environment_hook('polygon_pkg_cpp', 'cmake_prefix_path')
[4.150s] INFO:colcon.colcon_core.shell:Creating environment hook '/home/aashvi/polygon_ws/install/polygon_pkg_cpp/share/polygon_pkg_cpp/hook/cmake_prefix_path.ps1'
[4.150s] INFO:colcon.colcon_core.shell:Creating environment descriptor '/home/aashvi/polygon_ws/install/polygon_pkg_cpp/share/polygon_pkg_cpp/hook/cmake_prefix_path.dsv'
[4.151s] INFO:colcon.colcon_core.shell:Creating environment hook '/home/aashvi/polygon_ws/install/polygon_pkg_cpp/share/polygon_pkg_cpp/hook/cmake_prefix_path.sh'
[4.151s] Level 1:colcon.colcon_core.environment:checking '/home/aashvi/polygon_ws/install/polygon_pkg_cpp/lib'
[4.151s] Level 1:colcon.colcon_core.environment:checking '/home/aashvi/polygon_ws/install/polygon_pkg_cpp/bin'
[4.151s] Level 1:colcon.colcon_core.environment:checking '/home/aashvi/polygon_ws/install/polygon_pkg_cpp/lib/pkgconfig/polygon_pkg_cpp.pc'
[4.152s] Level 1:colcon.colcon_core.environment:checking '/home/aashvi/polygon_ws/install/polygon_pkg_cpp/lib/python3.10/site-packages'
[4.152s] Level 1:colcon.colcon_core.environment:checking '/home/aashvi/polygon_ws/install/polygon_pkg_cpp/bin'
[4.152s] INFO:colcon.colcon_core.shell:Creating package script '/home/aashvi/polygon_ws/install/polygon_pkg_cpp/share/polygon_pkg_cpp/package.ps1'
[4.152s] INFO:colcon.colcon_core.shell:Creating package descriptor '/home/aashvi/polygon_ws/install/polygon_pkg_cpp/share/polygon_pkg_cpp/package.dsv'
[4.153s] INFO:colcon.colcon_core.shell:Creating package script '/home/aashvi/polygon_ws/install/polygon_pkg_cpp/share/polygon_pkg_cpp/package.sh'
[4.153s] INFO:colcon.colcon_core.shell:Creating package script '/home/aashvi/polygon_ws/install/polygon_pkg_cpp/share/polygon_pkg_cpp/package.bash'
[4.154s] INFO:colcon.colcon_core.shell:Creating package script '/home/aashvi/polygon_ws/install/polygon_pkg_cpp/share/polygon_pkg_cpp/package.zsh'
[4.154s] Level 1:colcon.colcon_core.environment:create_file_with_runtime_dependencies(/home/aashvi/polygon_ws/install/polygon_pkg_cpp/share/colcon-core/packages/polygon_pkg_cpp)
[4.154s] Level 1:colcon.colcon_core.environment:create_environment_scripts_only(polygon_pkg_cpp)
[4.154s] Level 1:colcon.colcon_core.environment:checking '/home/aashvi/polygon_ws/install/polygon_pkg_cpp' for CMake module files
[4.155s] Level 1:colcon.colcon_core.environment:checking '/home/aashvi/polygon_ws/install/polygon_pkg_cpp' for CMake config files
[4.155s] Level 1:colcon.colcon_core.shell:create_environment_hook('polygon_pkg_cpp', 'cmake_prefix_path')
[4.155s] INFO:colcon.colcon_core.shell:Creating environment hook '/home/aashvi/polygon_ws/install/polygon_pkg_cpp/share/polygon_pkg_cpp/hook/cmake_prefix_path.ps1'
[4.155s] INFO:colcon.colcon_core.shell:Creating environment descriptor '/home/aashvi/polygon_ws/install/polygon_pkg_cpp/share/polygon_pkg_cpp/hook/cmake_prefix_path.dsv'
[4.155s] INFO:colcon.colcon_core.shell:Creating environment hook '/home/aashvi/polygon_ws/install/polygon_pkg_cpp/share/polygon_pkg_cpp/hook/cmake_prefix_path.sh'
[4.156s] Level 1:colcon.colcon_core.environment:checking '/home/aashvi/polygon_ws/install/polygon_pkg_cpp/lib'
[4.156s] Level 1:colcon.colcon_core.environment:checking '/home/aashvi/polygon_ws/install/polygon_pkg_cpp/bin'
[4.156s] Level 1:colcon.colcon_core.environment:checking '/home/aashvi/polygon_ws/install/polygon_pkg_cpp/lib/pkgconfig/polygon_pkg_cpp.pc'
[4.156s] Level 1:colcon.colcon_core.environment:checking '/home/aashvi/polygon_ws/install/polygon_pkg_cpp/lib/python3.10/site-packages'
[4.156s] Level 1:colcon.colcon_core.environment:checking '/home/aashvi/polygon_ws/install/polygon_pkg_cpp/bin'
[4.156s] INFO:colcon.colcon_core.shell:Creating package script '/home/aashvi/polygon_ws/install/polygon_pkg_cpp/share/polygon_pkg_cpp/package.ps1'
[4.156s] INFO:colcon.colcon_core.shell:Creating package descriptor '/home/aashvi/polygon_ws/install/polygon_pkg_cpp/share/polygon_pkg_cpp/package.dsv'
[4.156s] INFO:colcon.colcon_core.shell:Creating package script '/home/aashvi/polygon_ws/install/polygon_pkg_cpp/share/polygon_pkg_cpp/package.sh'
[4.157s] INFO:colcon.colcon_core.shell:Creating package script '/home/aashvi/polygon_ws/install/polygon_pkg_cpp/share/polygon_pkg_cpp/package.bash'
[4.157s] INFO:colcon.colcon_core.shell:Creating package script '/home/aashvi/polygon_ws/install/polygon_pkg_cpp/share/polygon_pkg_cpp/package.zsh'
[4.157s] Level 1:colcon.colcon_core.environment:create_file_with_runtime_dependencies(/home/aashvi/polygon_ws/install/polygon_pkg_cpp/share/colcon-core/packages/polygon_pkg_cpp)
[4.159s] DEBUG:colcon.colcon_parallel_executor.executor.parallel:closing loop
[4.160s] DEBUG:colcon.colcon_parallel_executor.executor.parallel:loop closed
[4.161s] DEBUG:colcon.colcon_parallel_executor.executor.parallel:run_until_complete finished with '0'
[4.161s] DEBUG:colcon.colcon_core.event_reactor:joining thread
[4.165s] INFO:colcon.colcon_core.plugin_system:Skipping extension 'colcon_notification.desktop_notification.terminal_notifier': Not used on non-Darwin systems
[4.165s] INFO:colcon.colcon_core.plugin_system:Skipping extension 'colcon_notification.desktop_notification.win32': Not used on non-Windows systems
[4.165s] INFO:colcon.colcon_notification.desktop_notification:Sending desktop notification using 'notify2'
[4.194s] DEBUG:colcon.colcon_core.event_reactor:joined thread
[4.194s] INFO:colcon.colcon_core.shell:Creating prefix script '/home/aashvi/polygon_ws/install/local_setup.ps1'
[4.195s] INFO:colcon.colcon_core.shell:Creating prefix util module '/home/aashvi/polygon_ws/install/_local_setup_util_ps1.py'
[4.206s] INFO:colcon.colcon_core.shell:Creating prefix chain script '/home/aashvi/polygon_ws/install/setup.ps1'
[4.208s] INFO:colcon.colcon_core.shell:Creating prefix script '/home/aashvi/polygon_ws/install/local_setup.sh'
[4.209s] INFO:colcon.colcon_core.shell:Creating prefix util module '/home/aashvi/polygon_ws/install/_local_setup_util_sh.py'
[4.209s] INFO:colcon.colcon_core.shell:Creating prefix chain script '/home/aashvi/polygon_ws/install/setup.sh'
[4.212s] INFO:colcon.colcon_core.shell:Creating prefix script '/home/aashvi/polygon_ws/install/local_setup.bash'
[4.212s] INFO:colcon.colcon_core.shell:Creating prefix chain script '/home/aashvi/polygon_ws/install/setup.bash'
[4.213s] INFO:colcon.colcon_core.shell:Creating prefix script '/home/aashvi/polygon_ws/install/local_setup.zsh'
[4.213s] INFO:colcon.colcon_core.shell:Creating prefix chain script '/home/aashvi/polygon_ws/install/setup.zsh'
