[0.344s] Invoking command in '/home/aashvi/polygon_srv/src/polygon_turtle': AMENT_PREFIX_PATH=/home/aashvi/polygon_srv/install/tutorial_interfaces:${AMENT_PREFIX_PATH} CMAKE_PREFIX_PATH=/home/aashvi/polygon_srv/install/tutorial_interfaces:${CMAKE_PREFIX_PATH} LD_LIBRARY_PATH=/home/aashvi/polygon_srv/install/tutorial_interfaces/lib:${LD_LIBRARY_PATH} PYTHONPATH=/home/aashvi/polygon_srv/build/polygon_turtle/prefix_override:/usr/lib/python3/dist-packages/colcon_core/task/python/colcon_distutils_commands:/home/aashvi/polygon_srv/install/polygon_turtle/lib/python3.10/site-packages:/home/aashvi/polygon_srv/install/tutorial_interfaces/local/lib/python3.10/dist-packages:${PYTHONPATH} /usr/bin/python3 -W ignore:setup.py install is deprecated -W ignore:easy_install command is deprecated setup.py egg_info --egg-base ../../build/polygon_turtle build --build-base /home/aashvi/polygon_srv/build/polygon_turtle/build install --record /home/aashvi/polygon_srv/build/polygon_turtle/install.log --single-version-externally-managed install_data
[0.462s] running egg_info
[0.462s] creating ../../build/polygon_turtle/polygon_turtle.egg-info
[0.462s] writing ../../build/polygon_turtle/polygon_turtle.egg-info/PKG-INFO
[0.463s] writing dependency_links to ../../build/polygon_turtle/polygon_turtle.egg-info/dependency_links.txt
[0.463s] writing entry points to ../../build/polygon_turtle/polygon_turtle.egg-info/entry_points.txt
[0.463s] writing requirements to ../../build/polygon_turtle/polygon_turtle.egg-info/requires.txt
[0.463s] writing top-level names to ../../build/polygon_turtle/polygon_turtle.egg-info/top_level.txt
[0.463s] writing manifest file '../../build/polygon_turtle/polygon_turtle.egg-info/SOURCES.txt'
[0.464s] reading manifest file '../../build/polygon_turtle/polygon_turtle.egg-info/SOURCES.txt'
[0.464s] adding license file 'LICENSE'
[0.464s] writing manifest file '../../build/polygon_turtle/polygon_turtle.egg-info/SOURCES.txt'
[0.464s] running build
[0.465s] running build_py
[0.465s] creating /home/aashvi/polygon_srv/build/polygon_turtle/build
[0.465s] creating /home/aashvi/polygon_srv/build/polygon_turtle/build/lib
[0.465s] creating /home/aashvi/polygon_srv/build/polygon_turtle/build/lib/polygon_turtle
[0.465s] copying polygon_turtle/__init__.py -> /home/aashvi/polygon_srv/build/polygon_turtle/build/lib/polygon_turtle
[0.465s] copying polygon_turtle/polygon_draw.py -> /home/aashvi/polygon_srv/build/polygon_turtle/build/lib/polygon_turtle
[0.465s] running install
[0.465s] running install_lib
[0.465s] creating /home/aashvi/polygon_srv/install/polygon_turtle/lib/python3.10/site-packages/polygon_turtle
[0.466s] copying /home/aashvi/polygon_srv/build/polygon_turtle/build/lib/polygon_turtle/__init__.py -> /home/aashvi/polygon_srv/install/polygon_turtle/lib/python3.10/site-packages/polygon_turtle
[0.466s] copying /home/aashvi/polygon_srv/build/polygon_turtle/build/lib/polygon_turtle/polygon_draw.py -> /home/aashvi/polygon_srv/install/polygon_turtle/lib/python3.10/site-packages/polygon_turtle
[0.466s] byte-compiling /home/aashvi/polygon_srv/install/polygon_turtle/lib/python3.10/site-packages/polygon_turtle/__init__.py to __init__.cpython-310.pyc
[0.467s] byte-compiling /home/aashvi/polygon_srv/install/polygon_turtle/lib/python3.10/site-packages/polygon_turtle/polygon_draw.py to polygon_draw.cpython-310.pyc
[0.467s] running install_data
[0.467s] creating /home/aashvi/polygon_srv/install/polygon_turtle/share/ament_index
[0.467s] creating /home/aashvi/polygon_srv/install/polygon_turtle/share/ament_index/resource_index
[0.467s] creating /home/aashvi/polygon_srv/install/polygon_turtle/share/ament_index/resource_index/packages
[0.467s] copying resource/polygon_turtle -> /home/aashvi/polygon_srv/install/polygon_turtle/share/ament_index/resource_index/packages
[0.467s] copying package.xml -> /home/aashvi/polygon_srv/install/polygon_turtle/share/polygon_turtle
[0.467s] running install_egg_info
[0.468s] Copying ../../build/polygon_turtle/polygon_turtle.egg-info to /home/aashvi/polygon_srv/install/polygon_turtle/lib/python3.10/site-packages/polygon_turtle-0.0.0-py3.10.egg-info
[0.468s] running install_scripts
[0.478s] Installing poly script to /home/aashvi/polygon_srv/install/polygon_turtle/lib/polygon_turtle
[0.478s] writing list of installed files to '/home/aashvi/polygon_srv/build/polygon_turtle/install.log'
[0.489s] Invoked command in '/home/aashvi/polygon_srv/src/polygon_turtle' returned '0': AMENT_PREFIX_PATH=/home/aashvi/polygon_srv/install/tutorial_interfaces:${AMENT_PREFIX_PATH} CMAKE_PREFIX_PATH=/home/aashvi/polygon_srv/install/tutorial_interfaces:${CMAKE_PREFIX_PATH} LD_LIBRARY_PATH=/home/aashvi/polygon_srv/install/tutorial_interfaces/lib:${LD_LIBRARY_PATH} PYTHONPATH=/home/aashvi/polygon_srv/build/polygon_turtle/prefix_override:/usr/lib/python3/dist-packages/colcon_core/task/python/colcon_distutils_commands:/home/aashvi/polygon_srv/install/polygon_turtle/lib/python3.10/site-packages:/home/aashvi/polygon_srv/install/tutorial_interfaces/local/lib/python3.10/dist-packages:${PYTHONPATH} /usr/bin/python3 -W ignore:setup.py install is deprecated -W ignore:easy_install command is deprecated setup.py egg_info --egg-base ../../build/polygon_turtle build --build-base /home/aashvi/polygon_srv/build/polygon_turtle/build install --record /home/aashvi/polygon_srv/build/polygon_turtle/install.log --single-version-externally-managed install_data
