[0.013s] Invoking command in '/Users/aashvibudia/urdf_ws/build/urdf_tutorial': AMENT_PREFIX_PATH=/Users/aashvibudia/urdf_ws/install/urdf_launch:${AMENT_PREFIX_PATH} CMAKE_PREFIX_PATH=/Users/aashvibudia/urdf_ws/install/urdf_launch:/Users/aashvibudia/miniconda3/envs/ros_humble:/Users/aashvibudia/urdf_ws/install/urdf_tutorial_r2d2 CONDA_PROMPT_MODIFIER=(ros_humble) SHLVL=2 _=/Users/aashvibudia/miniconda3/envs/ros_humble/bin/env __CF_USER_TEXT_ENCODING=0x1F5:0x0:0x0 /Users/aashvibudia/miniconda3/envs/ros_humble/bin/cmake /Users/aashvibudia/urdf_ws/src/urdf_tutorial -DCMAKE_INSTALL_PREFIX=/Users/aashvibudia/urdf_ws/install/urdf_tutorial
[0.113s] -- The C compiler identification is Clang 18.1.7
[0.187s] -- The CXX compiler identification is Clang 18.1.7
[0.216s] -- Detecting C compiler ABI info
[0.376s] -- Detecting C compiler ABI info - done
[0.380s] -- Check for working C compiler: /Users/aashvibudia/miniconda3/envs/ros_humble/bin/arm64-apple-darwin20.0.0-clang - skipped
[0.380s] -- Detecting C compile features
[0.380s] -- Detecting C compile features - done
[0.407s] -- Detecting CXX compiler ABI info
[0.574s] -- Detecting CXX compiler ABI info - done
[0.577s] -- Check for working CXX compiler: /Users/aashvibudia/miniconda3/envs/ros_humble/bin/arm64-apple-darwin20.0.0-clang++ - skipped
[0.578s] -- Detecting CXX compile features
[0.578s] -- Detecting CXX compile features - done
[0.586s] -- Found ament_cmake: 1.3.7 (/Users/aashvibudia/miniconda3/envs/ros_humble/share/ament_cmake/cmake)
[0.989s] -- Found Python3: /Library/Frameworks/Python.framework/Versions/3.12/bin/python3.12 (found version "3.12.6") found components: Interpreter 
[1.139s] -- Found ament_lint_auto: 0.12.10 (/Users/aashvibudia/miniconda3/envs/ros_humble/share/ament_lint_auto/cmake)
[1.196s] -- Configuring done (1.2s)
[1.207s] -- Generating done (0.0s)
[1.209s] -- Build files have been written to: /Users/aashvibudia/urdf_ws/build/urdf_tutorial
[1.211s] Invoked command in '/Users/aashvibudia/urdf_ws/build/urdf_tutorial' returned '0': AMENT_PREFIX_PATH=/Users/aashvibudia/urdf_ws/install/urdf_launch:${AMENT_PREFIX_PATH} CMAKE_PREFIX_PATH=/Users/aashvibudia/urdf_ws/install/urdf_launch:/Users/aashvibudia/miniconda3/envs/ros_humble:/Users/aashvibudia/urdf_ws/install/urdf_tutorial_r2d2 CONDA_PROMPT_MODIFIER=(ros_humble) SHLVL=2 _=/Users/aashvibudia/miniconda3/envs/ros_humble/bin/env __CF_USER_TEXT_ENCODING=0x1F5:0x0:0x0 /Users/aashvibudia/miniconda3/envs/ros_humble/bin/cmake /Users/aashvibudia/urdf_ws/src/urdf_tutorial -DCMAKE_INSTALL_PREFIX=/Users/aashvibudia/urdf_ws/install/urdf_tutorial
[1.213s] Invoking command in '/Users/aashvibudia/urdf_ws/build/urdf_tutorial': AMENT_PREFIX_PATH=/Users/aashvibudia/urdf_ws/install/urdf_launch:${AMENT_PREFIX_PATH} CMAKE_PREFIX_PATH=/Users/aashvibudia/urdf_ws/install/urdf_launch:/Users/aashvibudia/miniconda3/envs/ros_humble:/Users/aashvibudia/urdf_ws/install/urdf_tutorial_r2d2 CONDA_PROMPT_MODIFIER=(ros_humble) SHLVL=2 _=/Users/aashvibudia/miniconda3/envs/ros_humble/bin/env __CF_USER_TEXT_ENCODING=0x1F5:0x0:0x0 /Users/aashvibudia/miniconda3/envs/ros_humble/bin/cmake --build /Users/aashvibudia/urdf_ws/build/urdf_tutorial -- -j8 -l8
[1.263s] Invoked command in '/Users/aashvibudia/urdf_ws/build/urdf_tutorial' returned '0': AMENT_PREFIX_PATH=/Users/aashvibudia/urdf_ws/install/urdf_launch:${AMENT_PREFIX_PATH} CMAKE_PREFIX_PATH=/Users/aashvibudia/urdf_ws/install/urdf_launch:/Users/aashvibudia/miniconda3/envs/ros_humble:/Users/aashvibudia/urdf_ws/install/urdf_tutorial_r2d2 CONDA_PROMPT_MODIFIER=(ros_humble) SHLVL=2 _=/Users/aashvibudia/miniconda3/envs/ros_humble/bin/env __CF_USER_TEXT_ENCODING=0x1F5:0x0:0x0 /Users/aashvibudia/miniconda3/envs/ros_humble/bin/cmake --build /Users/aashvibudia/urdf_ws/build/urdf_tutorial -- -j8 -l8
[1.337s] Invoking command in '/Users/aashvibudia/urdf_ws/build/urdf_tutorial': AMENT_PREFIX_PATH=/Users/aashvibudia/urdf_ws/install/urdf_launch:${AMENT_PREFIX_PATH} CMAKE_PREFIX_PATH=/Users/aashvibudia/urdf_ws/install/urdf_launch:/Users/aashvibudia/miniconda3/envs/ros_humble:/Users/aashvibudia/urdf_ws/install/urdf_tutorial_r2d2 CONDA_PROMPT_MODIFIER=(ros_humble) SHLVL=2 _=/Users/aashvibudia/miniconda3/envs/ros_humble/bin/env __CF_USER_TEXT_ENCODING=0x1F5:0x0:0x0 /Users/aashvibudia/miniconda3/envs/ros_humble/bin/cmake --install /Users/aashvibudia/urdf_ws/build/urdf_tutorial
[1.347s] -- Install configuration: ""
[1.347s] -- Installing: /Users/aashvibudia/urdf_ws/install/urdf_tutorial/share/urdf_tutorial/images
[1.347s] -- Installing: /Users/aashvibudia/urdf_ws/install/urdf_tutorial/share/urdf_tutorial/images/origins.png
[1.347s] -- Installing: /Users/aashvibudia/urdf_ws/install/urdf_tutorial/share/urdf_tutorial/images/myfirst.png
[1.348s] -- Installing: /Users/aashvibudia/urdf_ws/install/urdf_tutorial/share/urdf_tutorial/images/visual.png
[1.348s] -- Installing: /Users/aashvibudia/urdf_ws/install/urdf_tutorial/share/urdf_tutorial/images/multipleshapes.png
[1.348s] -- Installing: /Users/aashvibudia/urdf_ws/install/urdf_tutorial/share/urdf_tutorial/images/flexible.png
[1.348s] -- Installing: /Users/aashvibudia/urdf_ws/install/urdf_tutorial/share/urdf_tutorial/images/materials.png
[1.348s] -- Installing: /Users/aashvibudia/urdf_ws/install/urdf_tutorial/share/urdf_tutorial/launch
[1.348s] -- Installing: /Users/aashvibudia/urdf_ws/install/urdf_tutorial/share/urdf_tutorial/launch/display.launch.py
[1.349s] -- Installing: /Users/aashvibudia/urdf_ws/install/urdf_tutorial/share/urdf_tutorial/meshes
[1.349s] -- Installing: /Users/aashvibudia/urdf_ws/install/urdf_tutorial/share/urdf_tutorial/meshes/l_finger_tip_color.png
[1.349s] -- Installing: /Users/aashvibudia/urdf_ws/install/urdf_tutorial/share/urdf_tutorial/meshes/l_finger_tip.dae
[1.349s] -- Installing: /Users/aashvibudia/urdf_ws/install/urdf_tutorial/share/urdf_tutorial/meshes/l_finger_color.png
[1.349s] -- Installing: /Users/aashvibudia/urdf_ws/install/urdf_tutorial/share/urdf_tutorial/meshes/l_finger.dae
[1.349s] -- Installing: /Users/aashvibudia/urdf_ws/install/urdf_tutorial/share/urdf_tutorial/rviz
[1.350s] -- Installing: /Users/aashvibudia/urdf_ws/install/urdf_tutorial/share/urdf_tutorial/rviz/urdf.rviz
[1.350s] -- Installing: /Users/aashvibudia/urdf_ws/install/urdf_tutorial/share/urdf_tutorial/urdf
[1.350s] -- Installing: /Users/aashvibudia/urdf_ws/install/urdf_tutorial/share/urdf_tutorial/urdf/07-physics.urdf
[1.350s] -- Installing: /Users/aashvibudia/urdf_ws/install/urdf_tutorial/share/urdf_tutorial/urdf/08-macroed.urdf.xacro
[1.350s] -- Installing: /Users/aashvibudia/urdf_ws/install/urdf_tutorial/share/urdf_tutorial/urdf/05-visual.urdf
[1.350s] -- Installing: /Users/aashvibudia/urdf_ws/install/urdf_tutorial/share/urdf_tutorial/urdf/01-myfirst.urdf
[1.351s] -- Installing: /Users/aashvibudia/urdf_ws/install/urdf_tutorial/share/urdf_tutorial/urdf/02-multipleshapes.urdf
[1.351s] -- Installing: /Users/aashvibudia/urdf_ws/install/urdf_tutorial/share/urdf_tutorial/urdf/06-flexible.urdf
[1.351s] -- Installing: /Users/aashvibudia/urdf_ws/install/urdf_tutorial/share/urdf_tutorial/urdf/04-materials.urdf
[1.351s] -- Installing: /Users/aashvibudia/urdf_ws/install/urdf_tutorial/share/urdf_tutorial/urdf/03-origins.urdf
[1.351s] -- Installing: /Users/aashvibudia/urdf_ws/install/urdf_tutorial/share/ament_index/resource_index/package_run_dependencies/urdf_tutorial
[1.352s] -- Installing: /Users/aashvibudia/urdf_ws/install/urdf_tutorial/share/ament_index/resource_index/parent_prefix_path/urdf_tutorial
[1.352s] -- Installing: /Users/aashvibudia/urdf_ws/install/urdf_tutorial/share/urdf_tutorial/environment/ament_prefix_path.sh
[1.352s] -- Installing: /Users/aashvibudia/urdf_ws/install/urdf_tutorial/share/urdf_tutorial/environment/ament_prefix_path.dsv
[1.352s] -- Installing: /Users/aashvibudia/urdf_ws/install/urdf_tutorial/share/urdf_tutorial/environment/path.sh
[1.353s] -- Installing: /Users/aashvibudia/urdf_ws/install/urdf_tutorial/share/urdf_tutorial/environment/path.dsv
[1.353s] -- Installing: /Users/aashvibudia/urdf_ws/install/urdf_tutorial/share/urdf_tutorial/local_setup.bash
[1.353s] -- Installing: /Users/aashvibudia/urdf_ws/install/urdf_tutorial/share/urdf_tutorial/local_setup.sh
[1.353s] -- Installing: /Users/aashvibudia/urdf_ws/install/urdf_tutorial/share/urdf_tutorial/local_setup.zsh
[1.353s] -- Installing: /Users/aashvibudia/urdf_ws/install/urdf_tutorial/share/urdf_tutorial/local_setup.dsv
[1.353s] -- Installing: /Users/aashvibudia/urdf_ws/install/urdf_tutorial/share/urdf_tutorial/package.dsv
[1.354s] -- Installing: /Users/aashvibudia/urdf_ws/install/urdf_tutorial/share/ament_index/resource_index/packages/urdf_tutorial
[1.354s] -- Installing: /Users/aashvibudia/urdf_ws/install/urdf_tutorial/share/urdf_tutorial/cmake/urdf_tutorialConfig.cmake
[1.354s] -- Installing: /Users/aashvibudia/urdf_ws/install/urdf_tutorial/share/urdf_tutorial/cmake/urdf_tutorialConfig-version.cmake
[1.354s] -- Installing: /Users/aashvibudia/urdf_ws/install/urdf_tutorial/share/urdf_tutorial/package.xml
[1.355s] Invoked command in '/Users/aashvibudia/urdf_ws/build/urdf_tutorial' returned '0': AMENT_PREFIX_PATH=/Users/aashvibudia/urdf_ws/install/urdf_launch:${AMENT_PREFIX_PATH} CMAKE_PREFIX_PATH=/Users/aashvibudia/urdf_ws/install/urdf_launch:/Users/aashvibudia/miniconda3/envs/ros_humble:/Users/aashvibudia/urdf_ws/install/urdf_tutorial_r2d2 CONDA_PROMPT_MODIFIER=(ros_humble) SHLVL=2 _=/Users/aashvibudia/miniconda3/envs/ros_humble/bin/env __CF_USER_TEXT_ENCODING=0x1F5:0x0:0x0 /Users/aashvibudia/miniconda3/envs/ros_humble/bin/cmake --install /Users/aashvibudia/urdf_ws/build/urdf_tutorial
