[0.430s] Invoking command in '/Users/aashvibudia/urdf_ws/src/urdf_tutorial_r2d2': CONDA_PROMPT_MODIFIER=(ros_humble) PYTHONPATH=/Users/aashvibudia/urdf_ws/build/urdf_tutorial_r2d2/prefix_override:/Users/aashvibudia/miniconda3/envs/ros_humble/lib/python3.11/site-packages/colcon_core/task/python/colcon_distutils_commands:/Users/aashvibudia/urdf_ws/install/urdf_tutorial_r2d2/lib/python3.11/site-packages:${PYTHONPATH} SHLVL=2 _=/Users/aashvibudia/miniconda3/envs/ros_humble/bin/env __CF_USER_TEXT_ENCODING=0x1F5:0x0:0x0 /Users/aashvibudia/miniconda3/envs/ros_humble/bin/python3.11 -W ignore:setup.py install is deprecated setup.py egg_info --egg-base ../../build/urdf_tutorial_r2d2 build --build-base /Users/aashvibudia/urdf_ws/build/urdf_tutorial_r2d2/build install --record /Users/aashvibudia/urdf_ws/build/urdf_tutorial_r2d2/install.log --single-version-externally-managed install_data
[0.519s] /Users/aashvibudia/miniconda3/envs/ros_humble/lib/python3.11/site-packages/setuptools/_distutils/dist.py:270: UserWarning: Unknown distribution option: 'tests_require'
[0.519s]   warnings.warn(msg)
[0.562s] running egg_info
[0.569s] creating ../../build/urdf_tutorial_r2d2/urdf_tutorial_r2d2.egg-info
[0.569s] writing ../../build/urdf_tutorial_r2d2/urdf_tutorial_r2d2.egg-info/PKG-INFO
[0.570s] writing dependency_links to ../../build/urdf_tutorial_r2d2/urdf_tutorial_r2d2.egg-info/dependency_links.txt
[0.570s] writing entry points to ../../build/urdf_tutorial_r2d2/urdf_tutorial_r2d2.egg-info/entry_points.txt
[0.570s] writing requirements to ../../build/urdf_tutorial_r2d2/urdf_tutorial_r2d2.egg-info/requires.txt
[0.570s] writing top-level names to ../../build/urdf_tutorial_r2d2/urdf_tutorial_r2d2.egg-info/top_level.txt
[0.570s] writing manifest file '../../build/urdf_tutorial_r2d2/urdf_tutorial_r2d2.egg-info/SOURCES.txt'
[0.585s] reading manifest file '../../build/urdf_tutorial_r2d2/urdf_tutorial_r2d2.egg-info/SOURCES.txt'
[0.585s] adding license file 'LICENSE'
[0.585s] writing manifest file '../../build/urdf_tutorial_r2d2/urdf_tutorial_r2d2.egg-info/SOURCES.txt'
[0.585s] running build
[0.585s] running build_py
[0.585s] creating /Users/aashvibudia/urdf_ws/build/urdf_tutorial_r2d2/build/lib/urdf_tutorial_r2d2
[0.585s] copying urdf_tutorial_r2d2/__init__.py -> /Users/aashvibudia/urdf_ws/build/urdf_tutorial_r2d2/build/lib/urdf_tutorial_r2d2
[0.585s] copying urdf_tutorial_r2d2/state_publisher.py -> /Users/aashvibudia/urdf_ws/build/urdf_tutorial_r2d2/build/lib/urdf_tutorial_r2d2
[0.586s] running install
[0.589s] running install_lib
[0.596s] creating /Users/aashvibudia/urdf_ws/install/urdf_tutorial_r2d2/lib/python3.11/site-packages/urdf_tutorial_r2d2
[0.596s] copying /Users/aashvibudia/urdf_ws/build/urdf_tutorial_r2d2/build/lib/urdf_tutorial_r2d2/__init__.py -> /Users/aashvibudia/urdf_ws/install/urdf_tutorial_r2d2/lib/python3.11/site-packages/urdf_tutorial_r2d2
[0.596s] copying /Users/aashvibudia/urdf_ws/build/urdf_tutorial_r2d2/build/lib/urdf_tutorial_r2d2/state_publisher.py -> /Users/aashvibudia/urdf_ws/install/urdf_tutorial_r2d2/lib/python3.11/site-packages/urdf_tutorial_r2d2
[0.596s] byte-compiling /Users/aashvibudia/urdf_ws/install/urdf_tutorial_r2d2/lib/python3.11/site-packages/urdf_tutorial_r2d2/__init__.py to __init__.cpython-311.pyc
[0.597s] byte-compiling /Users/aashvibudia/urdf_ws/install/urdf_tutorial_r2d2/lib/python3.11/site-packages/urdf_tutorial_r2d2/state_publisher.py to state_publisher.cpython-311.pyc
[0.597s] running install_data
[0.597s] creating /Users/aashvibudia/urdf_ws/install/urdf_tutorial_r2d2/share/ament_index/resource_index/packages
[0.598s] copying resource/urdf_tutorial_r2d2 -> /Users/aashvibudia/urdf_ws/install/urdf_tutorial_r2d2/share/ament_index/resource_index/packages
[0.598s] copying package.xml -> /Users/aashvibudia/urdf_ws/install/urdf_tutorial_r2d2/share/urdf_tutorial_r2d2
[0.598s] creating /Users/aashvibudia/urdf_ws/install/urdf_tutorial_r2d2/share/urdf_tutorial_r2d2/launch
[0.598s] copying launch/demo.launch.py -> /Users/aashvibudia/urdf_ws/install/urdf_tutorial_r2d2/share/urdf_tutorial_r2d2/launch
[0.598s] copying urdf/r2d2.rviz.txt -> /Users/aashvibudia/urdf_ws/install/urdf_tutorial_r2d2/share/urdf_tutorial_r2d2
[0.598s] copying urdf/r2d2.urdf.xml -> /Users/aashvibudia/urdf_ws/install/urdf_tutorial_r2d2/share/urdf_tutorial_r2d2
[0.599s] running install_egg_info
[0.607s] Copying ../../build/urdf_tutorial_r2d2/urdf_tutorial_r2d2.egg-info to /Users/aashvibudia/urdf_ws/install/urdf_tutorial_r2d2/lib/python3.11/site-packages/urdf_tutorial_r2d2-0.0.0-py3.11.egg-info
[0.608s] running install_scripts
[0.659s] Installing state_publisher script to /Users/aashvibudia/urdf_ws/install/urdf_tutorial_r2d2/lib/urdf_tutorial_r2d2
[0.660s] writing list of installed files to '/Users/aashvibudia/urdf_ws/build/urdf_tutorial_r2d2/install.log'
[0.673s] Invoked command in '/Users/aashvibudia/urdf_ws/src/urdf_tutorial_r2d2' returned '0': CONDA_PROMPT_MODIFIER=(ros_humble) PYTHONPATH=/Users/aashvibudia/urdf_ws/build/urdf_tutorial_r2d2/prefix_override:/Users/aashvibudia/miniconda3/envs/ros_humble/lib/python3.11/site-packages/colcon_core/task/python/colcon_distutils_commands:/Users/aashvibudia/urdf_ws/install/urdf_tutorial_r2d2/lib/python3.11/site-packages:${PYTHONPATH} SHLVL=2 _=/Users/aashvibudia/miniconda3/envs/ros_humble/bin/env __CF_USER_TEXT_ENCODING=0x1F5:0x0:0x0 /Users/aashvibudia/miniconda3/envs/ros_humble/bin/python3.11 -W ignore:setup.py install is deprecated setup.py egg_info --egg-base ../../build/urdf_tutorial_r2d2 build --build-base /Users/aashvibudia/urdf_ws/build/urdf_tutorial_r2d2/build install --record /Users/aashvibudia/urdf_ws/build/urdf_tutorial_r2d2/install.log --single-version-externally-managed install_data
