[0.040s] Invoking command in '/Users/aashvibudia/urdf_ws/build/urdf_launch': CMAKE_PREFIX_PATH=${CMAKE_PREFIX_PATH}:/Users/aashvibudia/urdf_ws/install/urdf_tutorial_r2d2 CONDA_PROMPT_MODIFIER=(ros_humble) SHLVL=2 _=/Users/aashvibudia/miniconda3/envs/ros_humble/bin/env __CF_USER_TEXT_ENCODING=0x1F5:0x0:0x0 /Users/aashvibudia/miniconda3/envs/ros_humble/bin/cmake /Users/aashvibudia/urdf_ws/src/urdf_launch -DCMAKE_INSTALL_PREFIX=/Users/aashvibudia/urdf_ws/install/urdf_launch
[0.703s] -- The C compiler identification is Clang 18.1.7
[0.801s] -- The CXX compiler identification is Clang 18.1.7
[0.837s] -- Detecting C compiler ABI info
[1.020s] -- Detecting C compiler ABI info - done
[1.024s] -- Check for working C compiler: /Users/aashvibudia/miniconda3/envs/ros_humble/bin/arm64-apple-darwin20.0.0-clang - skipped
[1.024s] -- Detecting C compile features
[1.024s] -- Detecting C compile features - done
[1.052s] -- Detecting CXX compiler ABI info
[1.213s] -- Detecting CXX compiler ABI info - done
[1.216s] -- Check for working CXX compiler: /Users/aashvibudia/miniconda3/envs/ros_humble/bin/arm64-apple-darwin20.0.0-clang++ - skipped
[1.217s] -- Detecting CXX compile features
[1.217s] -- Detecting CXX compile features - done
[1.232s] -- Found ament_cmake: 1.3.7 (/Users/aashvibudia/miniconda3/envs/ros_humble/share/ament_cmake/cmake)
[1.981s] -- Found Python3: /Library/Frameworks/Python.framework/Versions/3.12/bin/python3.12 (found version "3.12.6") found components: Interpreter 
[2.557s] -- Configuring done (2.4s)
[2.568s] -- Generating done (0.0s)
[2.570s] -- Build files have been written to: /Users/aashvibudia/urdf_ws/build/urdf_launch
[2.572s] Invoked command in '/Users/aashvibudia/urdf_ws/build/urdf_launch' returned '0': CMAKE_PREFIX_PATH=${CMAKE_PREFIX_PATH}:/Users/aashvibudia/urdf_ws/install/urdf_tutorial_r2d2 CONDA_PROMPT_MODIFIER=(ros_humble) SHLVL=2 _=/Users/aashvibudia/miniconda3/envs/ros_humble/bin/env __CF_USER_TEXT_ENCODING=0x1F5:0x0:0x0 /Users/aashvibudia/miniconda3/envs/ros_humble/bin/cmake /Users/aashvibudia/urdf_ws/src/urdf_launch -DCMAKE_INSTALL_PREFIX=/Users/aashvibudia/urdf_ws/install/urdf_launch
[2.574s] Invoking command in '/Users/aashvibudia/urdf_ws/build/urdf_launch': CMAKE_PREFIX_PATH=${CMAKE_PREFIX_PATH}:/Users/aashvibudia/urdf_ws/install/urdf_tutorial_r2d2 CONDA_PROMPT_MODIFIER=(ros_humble) SHLVL=2 _=/Users/aashvibudia/miniconda3/envs/ros_humble/bin/env __CF_USER_TEXT_ENCODING=0x1F5:0x0:0x0 /Users/aashvibudia/miniconda3/envs/ros_humble/bin/cmake --build /Users/aashvibudia/urdf_ws/build/urdf_launch -- -j8 -l8
[2.625s] Invoked command in '/Users/aashvibudia/urdf_ws/build/urdf_launch' returned '0': CMAKE_PREFIX_PATH=${CMAKE_PREFIX_PATH}:/Users/aashvibudia/urdf_ws/install/urdf_tutorial_r2d2 CONDA_PROMPT_MODIFIER=(ros_humble) SHLVL=2 _=/Users/aashvibudia/miniconda3/envs/ros_humble/bin/env __CF_USER_TEXT_ENCODING=0x1F5:0x0:0x0 /Users/aashvibudia/miniconda3/envs/ros_humble/bin/cmake --build /Users/aashvibudia/urdf_ws/build/urdf_launch -- -j8 -l8
[2.711s] Invoking command in '/Users/aashvibudia/urdf_ws/build/urdf_launch': CMAKE_PREFIX_PATH=${CMAKE_PREFIX_PATH}:/Users/aashvibudia/urdf_ws/install/urdf_tutorial_r2d2 CONDA_PROMPT_MODIFIER=(ros_humble) SHLVL=2 _=/Users/aashvibudia/miniconda3/envs/ros_humble/bin/env __CF_USER_TEXT_ENCODING=0x1F5:0x0:0x0 /Users/aashvibudia/miniconda3/envs/ros_humble/bin/cmake --install /Users/aashvibudia/urdf_ws/build/urdf_launch
[2.721s] -- Install configuration: ""
[2.722s] -- Installing: /Users/aashvibudia/urdf_ws/install/urdf_launch/share/urdf_launch/config
[2.722s] -- Installing: /Users/aashvibudia/urdf_ws/install/urdf_launch/share/urdf_launch/config/urdf.rviz
[2.722s] -- Installing: /Users/aashvibudia/urdf_ws/install/urdf_launch/share/urdf_launch/launch
[2.722s] -- Installing: /Users/aashvibudia/urdf_ws/install/urdf_launch/share/urdf_launch/launch/description.launch.py
[2.722s] -- Installing: /Users/aashvibudia/urdf_ws/install/urdf_launch/share/urdf_launch/launch/display.launch.py
[2.723s] -- Installing: /Users/aashvibudia/urdf_ws/install/urdf_launch/share/ament_index/resource_index/package_run_dependencies/urdf_launch
[2.723s] -- Installing: /Users/aashvibudia/urdf_ws/install/urdf_launch/share/ament_index/resource_index/parent_prefix_path/urdf_launch
[2.723s] -- Installing: /Users/aashvibudia/urdf_ws/install/urdf_launch/share/urdf_launch/environment/ament_prefix_path.sh
[2.723s] -- Installing: /Users/aashvibudia/urdf_ws/install/urdf_launch/share/urdf_launch/environment/ament_prefix_path.dsv
[2.723s] -- Installing: /Users/aashvibudia/urdf_ws/install/urdf_launch/share/urdf_launch/environment/path.sh
[2.724s] -- Installing: /Users/aashvibudia/urdf_ws/install/urdf_launch/share/urdf_launch/environment/path.dsv
[2.724s] -- Installing: /Users/aashvibudia/urdf_ws/install/urdf_launch/share/urdf_launch/local_setup.bash
[2.724s] -- Installing: /Users/aashvibudia/urdf_ws/install/urdf_launch/share/urdf_launch/local_setup.sh
[2.724s] -- Installing: /Users/aashvibudia/urdf_ws/install/urdf_launch/share/urdf_launch/local_setup.zsh
[2.724s] -- Installing: /Users/aashvibudia/urdf_ws/install/urdf_launch/share/urdf_launch/local_setup.dsv
[2.725s] -- Installing: /Users/aashvibudia/urdf_ws/install/urdf_launch/share/urdf_launch/package.dsv
[2.725s] -- Installing: /Users/aashvibudia/urdf_ws/install/urdf_launch/share/ament_index/resource_index/packages/urdf_launch
[2.725s] -- Installing: /Users/aashvibudia/urdf_ws/install/urdf_launch/share/urdf_launch/cmake/urdf_launchConfig.cmake
[2.725s] -- Installing: /Users/aashvibudia/urdf_ws/install/urdf_launch/share/urdf_launch/cmake/urdf_launchConfig-version.cmake
[2.725s] -- Installing: /Users/aashvibudia/urdf_ws/install/urdf_launch/share/urdf_launch/package.xml
[2.726s] Invoked command in '/Users/aashvibudia/urdf_ws/build/urdf_launch' returned '0': CMAKE_PREFIX_PATH=${CMAKE_PREFIX_PATH}:/Users/aashvibudia/urdf_ws/install/urdf_tutorial_r2d2 CONDA_PROMPT_MODIFIER=(ros_humble) SHLVL=2 _=/Users/aashvibudia/miniconda3/envs/ros_humble/bin/env __CF_USER_TEXT_ENCODING=0x1F5:0x0:0x0 /Users/aashvibudia/miniconda3/envs/ros_humble/bin/cmake --install /Users/aashvibudia/urdf_ws/build/urdf_launch
